# JRE version: OpenJDK Runtime Environment (8.0_212-b04) (build 1.8.0_212-release-1586-b04)
# Java VM: OpenJDK Server VM (25.212-b04 mixed mode windows-x86 )
Heap:
 PSYoungGen      total 156928K, used 106927K [0x3c2c0000, 0x466c0000, 0x51800000)
  eden space 145920K, 72% used [0x3c2c0000,0x429ca0e8,0x45140000)
  from space 11008K, 12% used [0x45140000,0x452a1b80,0x45c00000)
  to   space 9472K, 0% used [0x45d80000,0x45d80000,0x466c0000)
 ParOldGen       total 34816K, used 34685K [0x11800000, 0x13a00000, 0x3c2c0000)
  object space 34816K, 99% used [0x11800000,0x139df790,0x13a00000)
 Metaspace       used 41676K, capacity 42857K, committed 42880K, reserved 43392K
GC Heap History (10 events):
Event: 35.723 GC heap before
{Heap before GC invocations=14 (full 1):
 PSYoungGen      total 155392K, used 19579K [0x3c2c0000, 0x466c0000, 0x51800000)
  eden space 145920K, 7% used [0x3c2c0000,0x3cd57198,0x45140000)
  from space 9472K, 92% used [0x45d80000,0x46607d60,0x466c0000)
  to   space 11008K, 0% used [0x45140000,0x45140000,0x45c00000)
 ParOldGen       total 21760K, used 10968K [0x11800000, 0x12d40000, 0x3c2c0000)
  object space 21760K, 50% used [0x11800000,0x122b6020,0x12d40000)
 Metaspace       used 26717K, capacity 27299K, committed 27308K, reserved 28032K
Event: 35.764 GC heap after
Heap after GC invocations=14 (full 1):
 PSYoungGen      total 156928K, used 1219K [0x3c2c0000, 0x466c0000, 0x51800000)
  eden space 145920K, 0% used [0x3c2c0000,0x3c2c0000,0x45140000)
  from space 11008K, 11% used [0x45140000,0x45270ca8,0x45c00000)
  to   space 9472K, 0% used [0x45d80000,0x45d80000,0x466c0000)
 ParOldGen       total 21760K, used 14784K [0x11800000, 0x12d40000, 0x3c2c0000)
  object space 21760K, 67% used [0x11800000,0x126703c8,0x12d40000)
 Metaspace       used 26717K, capacity 27299K, committed 27308K, reserved 28032K
}
Event: 35.764 GC heap before
{Heap before GC invocations=15 (full 2):
 PSYoungGen      total 156928K, used 1219K [0x3c2c0000, 0x466c0000, 0x51800000)
  eden space 145920K, 0% used [0x3c2c0000,0x3c2c0000,0x45140000)
  from space 11008K, 11% used [0x45140000,0x45270ca8,0x45c00000)
  to   space 9472K, 0% used [0x45d80000,0x45d80000,0x466c0000)
 ParOldGen       total 21760K, used 14784K [0x11800000, 0x12d40000, 0x3c2c0000)
  object space 21760K, 67% used [0x11800000,0x126703c8,0x12d40000)
 Metaspace       used 26717K, capacity 27299K, committed 27308K, reserved 28032K
Event: 35.952 GC heap after
Heap after GC invocations=15 (full 2):
 PSYoungGen      total 156928K, used 0K [0x3c2c0000, 0x466c0000, 0x51800000)
  eden space 145920K, 0% used [0x3c2c0000,0x3c2c0000,0x45140000)
  from space 11008K, 0% used [0x45140000,0x45140000,0x45c00000)
  to   space 9472K, 0% used [0x45d80000,0x45d80000,0x466c0000)
 ParOldGen       total 33280K, used 15292K [0x11800000, 0x13880000, 0x3c2c0000)
  object space 33280K, 45% used [0x11800000,0x126ef1e0,0x13880000)
 Metaspace       used 26715K, capacity 27294K, committed 27308K, reserved 28032K
}
Event: 48.582 GC heap before
{Heap before GC invocations=16 (full 2):
 PSYoungGen      total 156928K, used 145920K [0x3c2c0000, 0x466c0000, 0x51800000)
  eden space 145920K, 100% used [0x3c2c0000,0x45140000,0x45140000)
  from space 11008K, 0% used [0x45140000,0x45140000,0x45c00000)
  to   space 9472K, 0% used [0x45d80000,0x45d80000,0x466c0000)
 ParOldGen       total 33280K, used 15292K [0x11800000, 0x13880000, 0x3c2c0000)
  object space 33280K, 45% used [0x11800000,0x126ef1e0,0x13880000)
 Metaspace       used 35310K, capacity 36255K, committed 36352K, reserved 37248K
Event: 48.637 GC heap after
Heap after GC invocations=16 (full 2):
 PSYoungGen      total 155392K, used 9467K [0x3c2c0000, 0x466c0000, 0x51800000)
  eden space 145920K, 0% used [0x3c2c0000,0x3c2c0000,0x45140000)
  from space 9472K, 99% used [0x45d80000,0x466beeb0,0x466c0000)
  to   space 11008K, 0% used [0x45140000,0x45140000,0x45c00000)
 ParOldGen       total 33280K, used 23175K [0x11800000, 0x13880000, 0x3c2c0000)
  object space 33280K, 69% used [0x11800000,0x12ea1c90,0x13880000)
 Metaspace       used 35310K, capacity 36255K, committed 36352K, reserved 37248K
}
Event: 72.515 GC heap before
{Heap before GC invocations=17 (full 2):
 PSYoungGen      total 155392K, used 155387K [0x3c2c0000, 0x466c0000, 0x51800000)
  eden space 145920K, 100% used [0x3c2c0000,0x45140000,0x45140000)
  from space 9472K, 99% used [0x45d80000,0x466beeb0,0x466c0000)
  to   space 11008K, 0% used [0x45140000,0x45140000,0x45c00000)
 ParOldGen       total 33280K, used 23175K [0x11800000, 0x13880000, 0x3c2c0000)
  object space 33280K, 69% used [0x11800000,0x12ea1c90,0x13880000)
 Metaspace       used 39668K, capacity 40750K, committed 40832K, reserved 41344K
Event: 72.606 GC heap after
Heap after GC invocations=17 (full 2):
 PSYoungGen      total 156928K, used 11006K [0x3c2c0000, 0x466c0000, 0x51800000)
  eden space 145920K, 0% used [0x3c2c0000,0x3c2c0000,0x45140000)
  from space 11008K, 99% used [0x45140000,0x45bff9b0,0x45c00000)
  to   space 9472K, 0% used [0x45d80000,0x45d80000,0x466c0000)
 ParOldGen       total 34816K, used 34750K [0x11800000, 0x13a00000, 0x3c2c0000)
  object space 34816K, 99% used [0x11800000,0x139efac8,0x13a00000)
 Metaspace       used 39668K, capacity 40750K, committed 40832K, reserved 41344K
}
Event: 72.606 GC heap before
{Heap before GC invocations=18 (full 3):
 PSYoungGen      total 156928K, used 11006K [0x3c2c0000, 0x466c0000, 0x51800000)
  eden space 145920K, 0% used [0x3c2c0000,0x3c2c0000,0x45140000)
  from space 11008K, 99% used [0x45140000,0x45bff9b0,0x45c00000)
  to   space 9472K, 0% used [0x45d80000,0x45d80000,0x466c0000)
 ParOldGen       total 34816K, used 34750K [0x11800000, 0x13a00000, 0x3c2c0000)
  object space 34816K, 99% used [0x11800000,0x139efac8,0x13a00000)
 Metaspace       used 39668K, capacity 40750K, committed 40832K, reserved 41344K
Event: 73.037 GC heap after
Heap after GC invocations=18 (full 3):
 PSYoungGen      total 156928K, used 1414K [0x3c2c0000, 0x466c0000, 0x51800000)
  eden space 145920K, 0% used [0x3c2c0000,0x3c2c0000,0x45140000)
  from space 11008K, 12% used [0x45140000,0x452a1b80,0x45c00000)
  to   space 9472K, 0% used [0x45d80000,0x45d80000,0x466c0000)
 ParOldGen       total 34816K, used 34685K [0x11800000, 0x13a00000, 0x3c2c0000)
  object space 34816K, 99% used [0x11800000,0x139df790,0x13a00000)
 Metaspace       used 39657K, capacity 40725K, committed 40832K, reserved 41344K
}

