# JRE version: OpenJDK Runtime Environment (8.0_212-b04) (build 1.8.0_212-release-1586-b04)
# Java VM: OpenJDK Server VM (25.212-b04 mixed mode windows-x86 )
Heap:
 PSYoungGen      total 86016K, used 77115K [0x3b8c0000, 0x42400000, 0x50e00000)
  eden space 78080K, 98% used [0x3b8c0000,0x4040ed20,0x40500000)
  from space 7936K, 0% used [0x40500000,0x40500000,0x40cc0000)
  to   space 7936K, 0% used [0x41c40000,0x41c40000,0x42400000)
 ParOldGen       total 26368K, used 15089K [0x10e00000, 0x127c0000, 0x3b8c0000)
  object space 26368K, 57% used [0x10e00000,0x11cbc7b8,0x127c0000)
 Metaspace       used 31073K, capacity 31808K, committed 31872K, reserved 32128K
GC Heap History (10 events):
Event: 17.456 GC heap before
{Heap before GC invocations=13 (full 1):
 PSYoungGen      total 56064K, used 50432K [0x3b8c0000, 0x416c0000, 0x50e00000)
  eden space 50432K, 100% used [0x3b8c0000,0x3ea00000,0x3ea00000)
  from space 5632K, 0% used [0x3ea00000,0x3ea00000,0x3ef80000)
  to   space 7680K, 0% used [0x40f40000,0x40f40000,0x416c0000)
 ParOldGen       total 26368K, used 11646K [0x10e00000, 0x127c0000, 0x3b8c0000)
  object space 26368K, 44% used [0x10e00000,0x1195f930,0x127c0000)
 Metaspace       used 19462K, capacity 19784K, committed 19840K, reserved 19840K
Event: 17.476 GC heap after
Heap after GC invocations=13 (full 1):
 PSYoungGen      total 73984K, used 5246K [0x3b8c0000, 0x41480000, 0x50e00000)
  eden space 68608K, 0% used [0x3b8c0000,0x3b8c0000,0x3fbc0000)
  from space 5376K, 97% used [0x40f40000,0x4145fb98,0x41480000)
  to   space 7936K, 0% used [0x40500000,0x40500000,0x40cc0000)
 ParOldGen       total 26368K, used 11650K [0x10e00000, 0x127c0000, 0x3b8c0000)
  object space 26368K, 44% used [0x10e00000,0x11960930,0x127c0000)
 Metaspace       used 19462K, capacity 19784K, committed 19840K, reserved 19840K
}
Event: 19.598 GC heap before
{Heap before GC invocations=14 (full 1):
 PSYoungGen      total 73984K, used 73854K [0x3b8c0000, 0x41480000, 0x50e00000)
  eden space 68608K, 100% used [0x3b8c0000,0x3fbc0000,0x3fbc0000)
  from space 5376K, 97% used [0x40f40000,0x4145fb98,0x41480000)
  to   space 7936K, 0% used [0x40500000,0x40500000,0x40cc0000)
 ParOldGen       total 26368K, used 11650K [0x10e00000, 0x127c0000, 0x3b8c0000)
  object space 26368K, 44% used [0x10e00000,0x11960930,0x127c0000)
 Metaspace       used 21954K, capacity 22292K, committed 22400K, reserved 22912K
Event: 19.631 GC heap after
Heap after GC invocations=14 (full 1):
 PSYoungGen      total 86016K, used 4946K [0x3b8c0000, 0x42400000, 0x50e00000)
  eden space 78080K, 0% used [0x3b8c0000,0x3b8c0000,0x40500000)
  from space 7936K, 62% used [0x40500000,0x409d4ae8,0x40cc0000)
  to   space 7936K, 0% used [0x41c40000,0x41c40000,0x42400000)
 ParOldGen       total 26368K, used 13266K [0x10e00000, 0x127c0000, 0x3b8c0000)
  object space 26368K, 50% used [0x10e00000,0x11af4980,0x127c0000)
 Metaspace       used 21954K, capacity 22292K, committed 22400K, reserved 22912K
}
Event: 29.712 GC heap before
{Heap before GC invocations=15 (full 1):
 PSYoungGen      total 86016K, used 83026K [0x3b8c0000, 0x42400000, 0x50e00000)
  eden space 78080K, 100% used [0x3b8c0000,0x40500000,0x40500000)
  from space 7936K, 62% used [0x40500000,0x409d4ae8,0x40cc0000)
  to   space 7936K, 0% used [0x41c40000,0x41c40000,0x42400000)
 ParOldGen       total 26368K, used 13266K [0x10e00000, 0x127c0000, 0x3b8c0000)
  object space 26368K, 50% used [0x10e00000,0x11af4980,0x127c0000)
 Metaspace       used 25787K, capacity 26380K, committed 26496K, reserved 27008K
Event: 29.783 GC heap after
Heap after GC invocations=15 (full 1):
 PSYoungGen      total 86016K, used 7109K [0x3b8c0000, 0x42400000, 0x50e00000)
  eden space 78080K, 0% used [0x3b8c0000,0x3b8c0000,0x40500000)
  from space 7936K, 89% used [0x41c40000,0x423316e8,0x42400000)
  to   space 7936K, 0% used [0x40500000,0x40500000,0x40cc0000)
 ParOldGen       total 26368K, used 15093K [0x10e00000, 0x127c0000, 0x3b8c0000)
  object space 26368K, 57% used [0x10e00000,0x11cbd5d0,0x127c0000)
 Metaspace       used 25787K, capacity 26380K, committed 26496K, reserved 27008K
}
Event: 30.633 GC heap before
{Heap before GC invocations=16 (full 1):
 PSYoungGen      total 86016K, used 16009K [0x3b8c0000, 0x42400000, 0x50e00000)
  eden space 78080K, 11% used [0x3b8c0000,0x3c1710c0,0x40500000)
  from space 7936K, 89% used [0x41c40000,0x423316e8,0x42400000)
  to   space 7936K, 0% used [0x40500000,0x40500000,0x40cc0000)
 ParOldGen       total 26368K, used 15093K [0x10e00000, 0x127c0000, 0x3b8c0000)
  object space 26368K, 57% used [0x10e00000,0x11cbd5d0,0x127c0000)
 Metaspace       used 26634K, capacity 27244K, committed 27308K, reserved 28032K
Event: 30.690 GC heap after
Heap after GC invocations=16 (full 1):
 PSYoungGen      total 86016K, used 1167K [0x3b8c0000, 0x42400000, 0x50e00000)
  eden space 78080K, 0% used [0x3b8c0000,0x3b8c0000,0x40500000)
  from space 7936K, 14% used [0x40500000,0x40623c20,0x40cc0000)
  to   space 7936K, 0% used [0x41c40000,0x41c40000,0x42400000)
 ParOldGen       total 26368K, used 18174K [0x10e00000, 0x127c0000, 0x3b8c0000)
  object space 26368K, 68% used [0x10e00000,0x11fbfad0,0x127c0000)
 Metaspace       used 26634K, capacity 27244K, committed 27308K, reserved 28032K
}
Event: 30.690 GC heap before
{Heap before GC invocations=17 (full 2):
 PSYoungGen      total 86016K, used 1167K [0x3b8c0000, 0x42400000, 0x50e00000)
  eden space 78080K, 0% used [0x3b8c0000,0x3b8c0000,0x40500000)
  from space 7936K, 14% used [0x40500000,0x40623c20,0x40cc0000)
  to   space 7936K, 0% used [0x41c40000,0x41c40000,0x42400000)
 ParOldGen       total 26368K, used 18174K [0x10e00000, 0x127c0000, 0x3b8c0000)
  object space 26368K, 68% used [0x10e00000,0x11fbfad0,0x127c0000)
 Metaspace       used 26634K, capacity 27244K, committed 27308K, reserved 28032K
Event: 30.851 GC heap after
Heap after GC invocations=17 (full 2):
 PSYoungGen      total 86016K, used 0K [0x3b8c0000, 0x42400000, 0x50e00000)
  eden space 78080K, 0% used [0x3b8c0000,0x3b8c0000,0x40500000)
  from space 7936K, 0% used [0x40500000,0x40500000,0x40cc0000)
  to   space 7936K, 0% used [0x41c40000,0x41c40000,0x42400000)
 ParOldGen       total 26368K, used 15089K [0x10e00000, 0x127c0000, 0x3b8c0000)
  object space 26368K, 57% used [0x10e00000,0x11cbc7b8,0x127c0000)
 Metaspace       used 26634K, capacity 27244K, committed 27308K, reserved 28032K
}

