# JRE version: OpenJDK Runtime Environment (8.0_212-b04) (build 1.8.0_212-release-1586-b04)
# Java VM: OpenJDK Server VM (25.212-b04 mixed mode windows-x86 )
Heap:
 PSYoungGen      total 226816K, used 163812K [0x3bec0000, 0x51280000, 0x51400000)
  eden space 211456K, 74% used [0x3bec0000,0x45848d58,0x48d40000)
  from space 15360K, 42% used [0x48d40000,0x493b0420,0x49c40000)
  to   space 26368K, 0% used [0x4f8c0000,0x4f8c0000,0x51280000)
 ParOldGen       total 76288K, used 45375K [0x11400000, 0x15e80000, 0x3bec0000)
  object space 76288K, 59% used [0x11400000,0x1404fc78,0x15e80000)
 Metaspace       used 43680K, capacity 44859K, committed 44928K, reserved 45440K
GC Heap History (10 events):
Event: 37.180 GC heap before
{Heap before GC invocations=14 (full 1):
 PSYoungGen      total 160512K, used 20465K [0x3bec0000, 0x46780000, 0x51400000)
  eden space 150784K, 7% used [0x3bec0000,0x3ca03730,0x45200000)
  from space 9728K, 91% used [0x45dc0000,0x46678d80,0x46740000)
  to   space 11008K, 0% used [0x45200000,0x45200000,0x45cc0000)
 ParOldGen       total 22016K, used 11545K [0x11400000, 0x12980000, 0x3bec0000)
  object space 22016K, 52% used [0x11400000,0x11f46760,0x12980000)
 Metaspace       used 26677K, capacity 27251K, committed 27308K, reserved 28032K
Event: 37.199 GC heap after
Heap after GC invocations=14 (full 1):
 PSYoungGen      total 161792K, used 1315K [0x3bec0000, 0x4ab40000, 0x51400000)
  eden space 150784K, 0% used [0x3bec0000,0x3bec0000,0x45200000)
  from space 11008K, 11% used [0x45200000,0x45348d80,0x45cc0000)
  to   space 11008K, 0% used [0x4a080000,0x4a080000,0x4ab40000)
 ParOldGen       total 22016K, used 15772K [0x11400000, 0x12980000, 0x3bec0000)
  object space 22016K, 71% used [0x11400000,0x12367328,0x12980000)
 Metaspace       used 26677K, capacity 27251K, committed 27308K, reserved 28032K
}
Event: 37.199 GC heap before
{Heap before GC invocations=15 (full 2):
 PSYoungGen      total 161792K, used 1315K [0x3bec0000, 0x4ab40000, 0x51400000)
  eden space 150784K, 0% used [0x3bec0000,0x3bec0000,0x45200000)
  from space 11008K, 11% used [0x45200000,0x45348d80,0x45cc0000)
  to   space 11008K, 0% used [0x4a080000,0x4a080000,0x4ab40000)
 ParOldGen       total 22016K, used 15772K [0x11400000, 0x12980000, 0x3bec0000)
  object space 22016K, 71% used [0x11400000,0x12367328,0x12980000)
 Metaspace       used 26677K, capacity 27251K, committed 27308K, reserved 28032K
Event: 37.418 GC heap after
Heap after GC invocations=15 (full 2):
 PSYoungGen      total 161792K, used 0K [0x3bec0000, 0x4ab40000, 0x51400000)
  eden space 150784K, 0% used [0x3bec0000,0x3bec0000,0x45200000)
  from space 11008K, 0% used [0x45200000,0x45200000,0x45cc0000)
  to   space 11008K, 0% used [0x4a080000,0x4a080000,0x4ab40000)
 ParOldGen       total 33792K, used 15842K [0x11400000, 0x13500000, 0x3bec0000)
  object space 33792K, 46% used [0x11400000,0x12378990,0x13500000)
 Metaspace       used 26676K, capacity 27248K, committed 27308K, reserved 28032K
}
Event: 50.715 GC heap before
{Heap before GC invocations=16 (full 2):
 PSYoungGen      total 161792K, used 150784K [0x3bec0000, 0x4ab40000, 0x51400000)
  eden space 150784K, 100% used [0x3bec0000,0x45200000,0x45200000)
  from space 11008K, 0% used [0x45200000,0x45200000,0x45cc0000)
  to   space 11008K, 0% used [0x4a080000,0x4a080000,0x4ab40000)
 ParOldGen       total 33792K, used 15842K [0x11400000, 0x13500000, 0x3bec0000)
  object space 33792K, 46% used [0x11400000,0x12378990,0x13500000)
 Metaspace       used 35151K, capacity 36103K, committed 36224K, reserved 36224K
Event: 50.787 GC heap after
Heap after GC invocations=16 (full 2):
 PSYoungGen      total 222208K, used 10999K [0x3bec0000, 0x4ab40000, 0x51400000)
  eden space 211200K, 0% used [0x3bec0000,0x3bec0000,0x48d00000)
  from space 11008K, 99% used [0x4a080000,0x4ab3dee8,0x4ab40000)
  to   space 15360K, 0% used [0x48d40000,0x48d40000,0x49c40000)
 ParOldGen       total 33792K, used 22642K [0x11400000, 0x13500000, 0x3bec0000)
  object space 33792K, 67% used [0x11400000,0x12a1c9d8,0x13500000)
 Metaspace       used 35151K, capacity 36103K, committed 36224K, reserved 36224K
}
Event: 73.808 GC heap before
{Heap before GC invocations=17 (full 2):
 PSYoungGen      total 222208K, used 222199K [0x3bec0000, 0x4ab40000, 0x51400000)
  eden space 211200K, 100% used [0x3bec0000,0x48d00000,0x48d00000)
  from space 11008K, 99% used [0x4a080000,0x4ab3dee8,0x4ab40000)
  to   space 15360K, 0% used [0x48d40000,0x48d40000,0x49c40000)
 ParOldGen       total 33792K, used 22642K [0x11400000, 0x13500000, 0x3bec0000)
  object space 33792K, 67% used [0x11400000,0x12a1c9d8,0x13500000)
 Metaspace       used 40523K, capacity 41655K, committed 41728K, reserved 42368K
Event: 74.230 GC heap after
Heap after GC invocations=17 (full 2):
 PSYoungGen      total 226816K, used 15356K [0x3bec0000, 0x51280000, 0x51400000)
  eden space 211456K, 0% used [0x3bec0000,0x3bec0000,0x48d40000)
  from space 15360K, 99% used [0x48d40000,0x49c3f1f8,0x49c40000)
  to   space 26368K, 0% used [0x4f8c0000,0x4f8c0000,0x51280000)
 ParOldGen       total 45568K, used 45451K [0x11400000, 0x14080000, 0x3bec0000)
  object space 45568K, 99% used [0x11400000,0x14062ec0,0x14080000)
 Metaspace       used 40523K, capacity 41655K, committed 41728K, reserved 42368K
}
Event: 74.230 GC heap before
{Heap before GC invocations=18 (full 3):
 PSYoungGen      total 226816K, used 15356K [0x3bec0000, 0x51280000, 0x51400000)
  eden space 211456K, 0% used [0x3bec0000,0x3bec0000,0x48d40000)
  from space 15360K, 99% used [0x48d40000,0x49c3f1f8,0x49c40000)
  to   space 26368K, 0% used [0x4f8c0000,0x4f8c0000,0x51280000)
 ParOldGen       total 45568K, used 45451K [0x11400000, 0x14080000, 0x3bec0000)
  object space 45568K, 99% used [0x11400000,0x14062ec0,0x14080000)
 Metaspace       used 40523K, capacity 41655K, committed 41728K, reserved 42368K
Event: 76.055 GC heap after
Heap after GC invocations=18 (full 3):
 PSYoungGen      total 226816K, used 6593K [0x3bec0000, 0x51280000, 0x51400000)
  eden space 211456K, 0% used [0x3bec0000,0x3bec0000,0x48d40000)
  from space 15360K, 42% used [0x48d40000,0x493b0420,0x49c40000)
  to   space 26368K, 0% used [0x4f8c0000,0x4f8c0000,0x51280000)
 ParOldGen       total 76288K, used 45375K [0x11400000, 0x15e80000, 0x3bec0000)
  object space 76288K, 59% used [0x11400000,0x1404fc78,0x15e80000)
 Metaspace       used 40509K, capacity 41622K, committed 41728K, reserved 42368K
}

