# JRE version: OpenJDK Runtime Environment (8.0_212-b04) (build 1.8.0_212-release-1586-b04)
# Java VM: OpenJDK Server VM (25.212-b04 mixed mode windows-x86 )
Heap:
 PSYoungGen      total 41728K, used 16766K [0x3b8c0000, 0x3f0c0000, 0x50e00000)
  eden space 35328K, 35% used [0x3b8c0000,0x3c4fe388,0x3db40000)
  from space 6400K, 66% used [0x3db40000,0x3df617b8,0x3e180000)
  to   space 6656K, 0% used [0x3ea40000,0x3ea40000,0x3f0c0000)
 ParOldGen       total 28672K, used 17983K [0x10e00000, 0x12a00000, 0x3b8c0000)
  object space 28672K, 62% used [0x10e00000,0x11f8feb0,0x12a00000)
 Metaspace       used 32962K, capacity 33752K, committed 33792K, reserved 34176K
GC Heap History (10 events):
Event: 70.285 GC heap before
{Heap before GC invocations=21 (full 1):
 PSYoungGen      total 25088K, used 4819K [0x3b8c0000, 0x3e100000, 0x50e00000)
  eden space 21760K, 7% used [0x3b8c0000,0x3ba64c20,0x3ce00000)
  from space 3328K, 94% used [0x3d740000,0x3da50248,0x3da80000)
  to   space 6144K, 0% used [0x3db00000,0x3db00000,0x3e100000)
 ParOldGen       total 19968K, used 13734K [0x10e00000, 0x12180000, 0x3b8c0000)
  object space 19968K, 68% used [0x10e00000,0x11b69a08,0x12180000)
 Metaspace       used 26698K, capacity 27264K, committed 27308K, reserved 28032K
Event: 70.292 GC heap after
Heap after GC invocations=21 (full 1):
 PSYoungGen      total 34560K, used 224K [0x3b8c0000, 0x3e0c0000, 0x50e00000)
  eden space 28672K, 0% used [0x3b8c0000,0x3b8c0000,0x3d4c0000)
  from space 5888K, 3% used [0x3db00000,0x3db38360,0x3e0c0000)
  to   space 6144K, 0% used [0x3d4c0000,0x3d4c0000,0x3dac0000)
 ParOldGen       total 19968K, used 14541K [0x10e00000, 0x12180000, 0x3b8c0000)
  object space 19968K, 72% used [0x10e00000,0x11c33728,0x12180000)
 Metaspace       used 26698K, capacity 27264K, committed 27308K, reserved 28032K
}
Event: 70.292 GC heap before
{Heap before GC invocations=22 (full 2):
 PSYoungGen      total 34560K, used 224K [0x3b8c0000, 0x3e0c0000, 0x50e00000)
  eden space 28672K, 0% used [0x3b8c0000,0x3b8c0000,0x3d4c0000)
  from space 5888K, 3% used [0x3db00000,0x3db38360,0x3e0c0000)
  to   space 6144K, 0% used [0x3d4c0000,0x3d4c0000,0x3dac0000)
 ParOldGen       total 19968K, used 14541K [0x10e00000, 0x12180000, 0x3b8c0000)
  object space 19968K, 72% used [0x10e00000,0x11c33728,0x12180000)
 Metaspace       used 26698K, capacity 27264K, committed 27308K, reserved 28032K
Event: 70.537 GC heap after
Heap after GC invocations=22 (full 2):
 PSYoungGen      total 34560K, used 0K [0x3b8c0000, 0x3e0c0000, 0x50e00000)
  eden space 28672K, 0% used [0x3b8c0000,0x3b8c0000,0x3d4c0000)
  from space 5888K, 0% used [0x3db00000,0x3db00000,0x3e0c0000)
  to   space 6144K, 0% used [0x3d4c0000,0x3d4c0000,0x3dac0000)
 ParOldGen       total 28672K, used 14181K [0x10e00000, 0x12a00000, 0x3b8c0000)
  object space 28672K, 49% used [0x10e00000,0x11bd9740,0x12a00000)
 Metaspace       used 26697K, capacity 27262K, committed 27308K, reserved 28032K
}
Event: 72.808 GC heap before
{Heap before GC invocations=23 (full 2):
 PSYoungGen      total 34560K, used 28672K [0x3b8c0000, 0x3e0c0000, 0x50e00000)
  eden space 28672K, 100% used [0x3b8c0000,0x3d4c0000,0x3d4c0000)
  from space 5888K, 0% used [0x3db00000,0x3db00000,0x3e0c0000)
  to   space 6144K, 0% used [0x3d4c0000,0x3d4c0000,0x3dac0000)
 ParOldGen       total 28672K, used 14181K [0x10e00000, 0x12a00000, 0x3b8c0000)
  object space 28672K, 49% used [0x10e00000,0x11bd9740,0x12a00000)
 Metaspace       used 28588K, capacity 29242K, committed 29312K, reserved 30080K
Event: 72.817 GC heap after
Heap after GC invocations=23 (full 2):
 PSYoungGen      total 34816K, used 3836K [0x3b8c0000, 0x3e7c0000, 0x50e00000)
  eden space 28672K, 0% used [0x3b8c0000,0x3b8c0000,0x3d4c0000)
  from space 6144K, 62% used [0x3d4c0000,0x3d87f3c0,0x3dac0000)
  to   space 6400K, 0% used [0x3e180000,0x3e180000,0x3e7c0000)
 ParOldGen       total 28672K, used 14185K [0x10e00000, 0x12a00000, 0x3b8c0000)
  object space 28672K, 49% used [0x10e00000,0x11bda740,0x12a00000)
 Metaspace       used 28588K, capacity 29242K, committed 29312K, reserved 30080K
}
Event: 74.896 GC heap before
{Heap before GC invocations=24 (full 2):
 PSYoungGen      total 34816K, used 32508K [0x3b8c0000, 0x3e7c0000, 0x50e00000)
  eden space 28672K, 100% used [0x3b8c0000,0x3d4c0000,0x3d4c0000)
  from space 6144K, 62% used [0x3d4c0000,0x3d87f3c0,0x3dac0000)
  to   space 6400K, 0% used [0x3e180000,0x3e180000,0x3e7c0000)
 ParOldGen       total 28672K, used 14185K [0x10e00000, 0x12a00000, 0x3b8c0000)
  object space 28672K, 49% used [0x10e00000,0x11bda740,0x12a00000)
 Metaspace       used 30041K, capacity 30700K, committed 30848K, reserved 31104K
Event: 74.924 GC heap after
Heap after GC invocations=24 (full 2):
 PSYoungGen      total 41728K, used 4031K [0x3b8c0000, 0x3e840000, 0x50e00000)
  eden space 35328K, 0% used [0x3b8c0000,0x3b8c0000,0x3db40000)
  from space 6400K, 62% used [0x3e180000,0x3e56feb8,0x3e7c0000)
  to   space 6400K, 0% used [0x3db40000,0x3db40000,0x3e180000)
 ParOldGen       total 28672K, used 15266K [0x10e00000, 0x12a00000, 0x3b8c0000)
  object space 28672K, 53% used [0x10e00000,0x11ce8bb0,0x12a00000)
 Metaspace       used 30041K, capacity 30700K, committed 30848K, reserved 31104K
}
Event: 78.063 GC heap before
{Heap before GC invocations=25 (full 2):
 PSYoungGen      total 41728K, used 39359K [0x3b8c0000, 0x3e840000, 0x50e00000)
  eden space 35328K, 100% used [0x3b8c0000,0x3db40000,0x3db40000)
  from space 6400K, 62% used [0x3e180000,0x3e56feb8,0x3e7c0000)
  to   space 6400K, 0% used [0x3db40000,0x3db40000,0x3e180000)
 ParOldGen       total 28672K, used 15266K [0x10e00000, 0x12a00000, 0x3b8c0000)
  object space 28672K, 53% used [0x10e00000,0x11ce8bb0,0x12a00000)
 Metaspace       used 32244K, capacity 32977K, committed 33024K, reserved 33152K
Event: 78.087 GC heap after
Heap after GC invocations=25 (full 2):
 PSYoungGen      total 41728K, used 4229K [0x3b8c0000, 0x3f0c0000, 0x50e00000)
  eden space 35328K, 0% used [0x3b8c0000,0x3b8c0000,0x3db40000)
  from space 6400K, 66% used [0x3db40000,0x3df617b8,0x3e180000)
  to   space 6656K, 0% used [0x3ea40000,0x3ea40000,0x3f0c0000)
 ParOldGen       total 28672K, used 17983K [0x10e00000, 0x12a00000, 0x3b8c0000)
  object space 28672K, 62% used [0x10e00000,0x11f8feb0,0x12a00000)
 Metaspace       used 32244K, capacity 32977K, committed 33024K, reserved 33152K
}

