# JRE version: OpenJDK Runtime Environment (8.0_212-b04) (build 1.8.0_212-release-1586-b04)
# Java VM: OpenJDK Server VM (25.212-b04 mixed mode windows-x86 )
Heap:
 PSYoungGen      total 40704K, used 10437K [0x3bcc0000, 0x3eec0000, 0x51200000)
  eden space 32768K, 14% used [0x3bcc0000,0x3c175cd0,0x3dcc0000)
  from space 7936K, 70% used [0x3e700000,0x3ec7b988,0x3eec0000)
  to   space 9216K, 0% used [0x3dcc0000,0x3dcc0000,0x3e5c0000)
 ParOldGen       total 48640K, used 31484K [0x11200000, 0x14180000, 0x3bcc0000)
  object space 48640K, 64% used [0x11200000,0x130bf2b8,0x14180000)
 Metaspace       used 40488K, capacity 41593K, committed 41728K, reserved 42368K
GC Heap History (10 events):
Event: 145.690 GC heap before
{Heap before GC invocations=22 (full 2):
 PSYoungGen      total 42752K, used 42705K [0x3bcc0000, 0x3f2c0000, 0x51200000)
  eden space 38912K, 100% used [0x3bcc0000,0x3e2c0000,0x3e2c0000)
  from space 3840K, 98% used [0x3e440000,0x3e7f44b0,0x3e800000)
  to   space 8192K, 0% used [0x3eac0000,0x3eac0000,0x3f2c0000)
 ParOldGen       total 30720K, used 23693K [0x11200000, 0x13000000, 0x3bcc0000)
  object space 30720K, 77% used [0x11200000,0x129234e8,0x13000000)
 Metaspace       used 38049K, capacity 39066K, committed 39168K, reserved 39296K
Event: 145.714 GC heap after
Heap after GC invocations=22 (full 2):
 PSYoungGen      total 44032K, used 4262K [0x3bcc0000, 0x3f100000, 0x51200000)
  eden space 37632K, 0% used [0x3bcc0000,0x3bcc0000,0x3e180000)
  from space 6400K, 66% used [0x3eac0000,0x3eee9840,0x3f100000)
  to   space 7936K, 0% used [0x3e180000,0x3e180000,0x3e940000)
 ParOldGen       total 30720K, used 25264K [0x11200000, 0x13000000, 0x3bcc0000)
  object space 30720K, 82% used [0x11200000,0x12aac228,0x13000000)
 Metaspace       used 38049K, capacity 39066K, committed 39168K, reserved 39296K
}
Event: 169.826 GC heap before
{Heap before GC invocations=23 (full 2):
 PSYoungGen      total 44032K, used 41894K [0x3bcc0000, 0x3f100000, 0x51200000)
  eden space 37632K, 100% used [0x3bcc0000,0x3e180000,0x3e180000)
  from space 6400K, 66% used [0x3eac0000,0x3eee9840,0x3f100000)
  to   space 7936K, 0% used [0x3e180000,0x3e180000,0x3e940000)
 ParOldGen       total 30720K, used 25264K [0x11200000, 0x13000000, 0x3bcc0000)
  object space 30720K, 82% used [0x11200000,0x12aac228,0x13000000)
 Metaspace       used 39025K, capacity 40087K, committed 40192K, reserved 40320K
Event: 169.850 GC heap after
Heap after GC invocations=23 (full 2):
 PSYoungGen      total 43008K, used 6500K [0x3bcc0000, 0x3f0c0000, 0x51200000)
  eden space 36352K, 0% used [0x3bcc0000,0x3bcc0000,0x3e040000)
  from space 6656K, 97% used [0x3e180000,0x3e7d9388,0x3e800000)
  to   space 8448K, 0% used [0x3e880000,0x3e880000,0x3f0c0000)
 ParOldGen       total 30720K, used 25268K [0x11200000, 0x13000000, 0x3bcc0000)
  object space 30720K, 82% used [0x11200000,0x12aad228,0x13000000)
 Metaspace       used 39025K, capacity 40087K, committed 40192K, reserved 40320K
}
Event: 209.810 GC heap before
{Heap before GC invocations=24 (full 2):
 PSYoungGen      total 43008K, used 42852K [0x3bcc0000, 0x3f0c0000, 0x51200000)
  eden space 36352K, 100% used [0x3bcc0000,0x3e040000,0x3e040000)
  from space 6656K, 97% used [0x3e180000,0x3e7d9388,0x3e800000)
  to   space 8448K, 0% used [0x3e880000,0x3e880000,0x3f0c0000)
 ParOldGen       total 30720K, used 25268K [0x11200000, 0x13000000, 0x3bcc0000)
  object space 30720K, 82% used [0x11200000,0x12aad228,0x13000000)
 Metaspace       used 39464K, capacity 40558K, committed 40576K, reserved 41344K
Event: 209.845 GC heap after
Heap after GC invocations=24 (full 2):
 PSYoungGen      total 43520K, used 8447K [0x3bcc0000, 0x3f200000, 0x51200000)
  eden space 35072K, 0% used [0x3bcc0000,0x3bcc0000,0x3df00000)
  from space 8448K, 99% used [0x3e880000,0x3f0bfc00,0x3f0c0000)
  to   space 9728K, 0% used [0x3df00000,0x3df00000,0x3e880000)
 ParOldGen       total 30720K, used 25628K [0x11200000, 0x13000000, 0x3bcc0000)
  object space 30720K, 83% used [0x11200000,0x12b07228,0x13000000)
 Metaspace       used 39464K, capacity 40558K, committed 40576K, reserved 41344K
}
Event: 226.699 GC heap before
{Heap before GC invocations=25 (full 2):
 PSYoungGen      total 43520K, used 43519K [0x3bcc0000, 0x3f200000, 0x51200000)
  eden space 35072K, 100% used [0x3bcc0000,0x3df00000,0x3df00000)
  from space 8448K, 99% used [0x3e880000,0x3f0bfc00,0x3f0c0000)
  to   space 9728K, 0% used [0x3df00000,0x3df00000,0x3e880000)
 ParOldGen       total 30720K, used 25628K [0x11200000, 0x13000000, 0x3bcc0000)
  object space 30720K, 83% used [0x11200000,0x12b07228,0x13000000)
 Metaspace       used 39766K, capacity 40869K, committed 40960K, reserved 41344K
Event: 226.752 GC heap after
Heap after GC invocations=25 (full 2):
 PSYoungGen      total 39424K, used 5437K [0x3bcc0000, 0x3f040000, 0x51200000)
  eden space 33792K, 0% used [0x3bcc0000,0x3bcc0000,0x3ddc0000)
  from space 5632K, 96% used [0x3df00000,0x3e44f5d8,0x3e480000)
  to   space 9472K, 0% used [0x3e700000,0x3e700000,0x3f040000)
 ParOldGen       total 31488K, used 31261K [0x11200000, 0x130c0000, 0x3bcc0000)
  object space 31488K, 99% used [0x11200000,0x130874d0,0x130c0000)
 Metaspace       used 39766K, capacity 40869K, committed 40960K, reserved 41344K
}
Event: 226.812 GC heap before
{Heap before GC invocations=26 (full 3):
 PSYoungGen      total 39424K, used 5437K [0x3bcc0000, 0x3f040000, 0x51200000)
  eden space 33792K, 0% used [0x3bcc0000,0x3bcc0000,0x3ddc0000)
  from space 5632K, 96% used [0x3df00000,0x3e44f5d8,0x3e480000)
  to   space 9472K, 0% used [0x3e700000,0x3e700000,0x3f040000)
 ParOldGen       total 31488K, used 31261K [0x11200000, 0x130c0000, 0x3bcc0000)
  object space 31488K, 99% used [0x11200000,0x130874d0,0x130c0000)
 Metaspace       used 39766K, capacity 40869K, committed 40960K, reserved 41344K
Event: 227.432 GC heap after
Heap after GC invocations=26 (full 3):
 PSYoungGen      total 39424K, used 3319K [0x3bcc0000, 0x3f040000, 0x51200000)
  eden space 33792K, 0% used [0x3bcc0000,0x3bcc0000,0x3ddc0000)
  from space 5632K, 58% used [0x3df00000,0x3e23dda8,0x3e480000)
  to   space 9472K, 0% used [0x3e700000,0x3e700000,0x3f040000)
 ParOldGen       total 48640K, used 31480K [0x11200000, 0x14180000, 0x3bcc0000)
  object space 48640K, 64% used [0x11200000,0x130be2b8,0x14180000)
 Metaspace       used 39755K, capacity 40844K, committed 40960K, reserved 41344K
}

