# JRE version: OpenJDK Runtime Environment (8.0_212-b04) (build 1.8.0_212-release-1586-b04)
# Java VM: OpenJDK Server VM (25.212-b04 mixed mode windows-x86 )
Heap:
 PSYoungGen      total 111872K, used 33093K [0x3bec0000, 0x46e40000, 0x51400000)
  eden space 75776K, 19% used [0x3bec0000,0x3cce0008,0x408c0000)
  from space 36096K, 51% used [0x408c0000,0x41af15a0,0x42c00000)
  to   space 45312K, 0% used [0x44200000,0x44200000,0x46e40000)
 ParOldGen       total 116480K, used 74759K [0x11400000, 0x185c0000, 0x3bec0000)
  object space 116480K, 64% used [0x11400000,0x15d01ed8,0x185c0000)
 Metaspace       used 56260K, capacity 57800K, committed 57856K, reserved 58752K
GC Heap History (10 events):
Event: 195.966 GC heap before
{Heap before GC invocations=65 (full 5):
 PSYoungGen      total 96512K, used 83078K [0x3bec0000, 0x43900000, 0x51400000)
  eden space 71680K, 100% used [0x3bec0000,0x404c0000,0x404c0000)
  from space 24832K, 45% used [0x404c0000,0x40fe1810,0x41d00000)
  to   space 23808K, 0% used [0x421c0000,0x421c0000,0x43900000)
 ParOldGen       total 75008K, used 36996K [0x11400000, 0x15d40000, 0x3bec0000)
  object space 75008K, 49% used [0x11400000,0x13821388,0x15d40000)
 Metaspace       used 55632K, capacity 57173K, committed 57216K, reserved 57728K
Event: 196.070 GC heap after
Heap after GC invocations=65 (full 5):
 PSYoungGen      total 99328K, used 19326K [0x3bec0000, 0x43fc0000, 0x51400000)
  eden space 75520K, 0% used [0x3bec0000,0x3bec0000,0x40880000)
  from space 23808K, 81% used [0x421c0000,0x4349fab0,0x43900000)
  to   space 25856K, 0% used [0x40880000,0x40880000,0x421c0000)
 ParOldGen       total 75008K, used 36996K [0x11400000, 0x15d40000, 0x3bec0000)
  object space 75008K, 49% used [0x11400000,0x13821388,0x15d40000)
 Metaspace       used 55632K, capacity 57173K, committed 57216K, reserved 57728K
}
Event: 198.981 GC heap before
{Heap before GC invocations=66 (full 5):
 PSYoungGen      total 99328K, used 94792K [0x3bec0000, 0x43fc0000, 0x51400000)
  eden space 75520K, 99% used [0x3bec0000,0x408728d8,0x40880000)
  from space 23808K, 81% used [0x421c0000,0x4349fab0,0x43900000)
  to   space 25856K, 0% used [0x40880000,0x40880000,0x421c0000)
 ParOldGen       total 75008K, used 36996K [0x11400000, 0x15d40000, 0x3bec0000)
  object space 75008K, 49% used [0x11400000,0x13821388,0x15d40000)
 Metaspace       used 56163K, capacity 57731K, committed 57856K, reserved 58752K
Event: 199.045 GC heap after
Heap after GC invocations=66 (full 5):
 PSYoungGen      total 101376K, used 18422K [0x3bec0000, 0x44680000, 0x51400000)
  eden space 75520K, 0% used [0x3bec0000,0x3bec0000,0x40880000)
  from space 25856K, 71% used [0x40880000,0x41a7da70,0x421c0000)
  to   space 27136K, 0% used [0x42c00000,0x42c00000,0x44680000)
 ParOldGen       total 75008K, used 39403K [0x11400000, 0x15d40000, 0x3bec0000)
  object space 75008K, 52% used [0x11400000,0x13a7aef0,0x15d40000)
 Metaspace       used 56163K, capacity 57731K, committed 57856K, reserved 58752K
}
Event: 200.583 GC heap before
{Heap before GC invocations=67 (full 5):
 PSYoungGen      total 101376K, used 93942K [0x3bec0000, 0x44680000, 0x51400000)
  eden space 75520K, 100% used [0x3bec0000,0x40880000,0x40880000)
  from space 25856K, 71% used [0x40880000,0x41a7da70,0x421c0000)
  to   space 27136K, 0% used [0x42c00000,0x42c00000,0x44680000)
 ParOldGen       total 75008K, used 39403K [0x11400000, 0x15d40000, 0x3bec0000)
  object space 75008K, 52% used [0x11400000,0x13a7aef0,0x15d40000)
 Metaspace       used 56207K, capacity 57763K, committed 57856K, reserved 58752K
Event: 200.822 GC heap after
Heap after GC invocations=67 (full 5):
 PSYoungGen      total 102912K, used 27131K [0x3bec0000, 0x45a80000, 0x51400000)
  eden space 75776K, 0% used [0x3bec0000,0x3bec0000,0x408c0000)
  from space 27136K, 99% used [0x42c00000,0x4467ed78,0x44680000)
  to   space 36096K, 0% used [0x408c0000,0x408c0000,0x42c00000)
 ParOldGen       total 75008K, used 52388K [0x11400000, 0x15d40000, 0x3bec0000)
  object space 75008K, 69% used [0x11400000,0x14729060,0x15d40000)
 Metaspace       used 56207K, capacity 57763K, committed 57856K, reserved 58752K
}
Event: 202.208 GC heap before
{Heap before GC invocations=68 (full 5):
 PSYoungGen      total 102912K, used 102907K [0x3bec0000, 0x45a80000, 0x51400000)
  eden space 75776K, 100% used [0x3bec0000,0x408c0000,0x408c0000)
  from space 27136K, 99% used [0x42c00000,0x4467ed78,0x44680000)
  to   space 36096K, 0% used [0x408c0000,0x408c0000,0x42c00000)
 ParOldGen       total 75008K, used 52388K [0x11400000, 0x15d40000, 0x3bec0000)
  object space 75008K, 69% used [0x11400000,0x14729060,0x15d40000)
 Metaspace       used 56260K, capacity 57800K, committed 57856K, reserved 58752K
Event: 202.555 GC heap after
Heap after GC invocations=68 (full 5):
 PSYoungGen      total 111872K, used 36092K [0x3bec0000, 0x46e40000, 0x51400000)
  eden space 75776K, 0% used [0x3bec0000,0x3bec0000,0x408c0000)
  from space 36096K, 99% used [0x408c0000,0x42bff1c0,0x42c00000)
  to   space 45312K, 0% used [0x44200000,0x44200000,0x46e40000)
 ParOldGen       total 75008K, used 61780K [0x11400000, 0x15d40000, 0x3bec0000)
  object space 75008K, 82% used [0x11400000,0x15055128,0x15d40000)
 Metaspace       used 56260K, capacity 57800K, committed 57856K, reserved 58752K
}
Event: 202.556 GC heap before
{Heap before GC invocations=69 (full 6):
 PSYoungGen      total 111872K, used 36092K [0x3bec0000, 0x46e40000, 0x51400000)
  eden space 75776K, 0% used [0x3bec0000,0x3bec0000,0x408c0000)
  from space 36096K, 99% used [0x408c0000,0x42bff1c0,0x42c00000)
  to   space 45312K, 0% used [0x44200000,0x44200000,0x46e40000)
 ParOldGen       total 75008K, used 61780K [0x11400000, 0x15d40000, 0x3bec0000)
  object space 75008K, 82% used [0x11400000,0x15055128,0x15d40000)
 Metaspace       used 56260K, capacity 57800K, committed 57856K, reserved 58752K
Event: 204.028 GC heap after
Heap after GC invocations=69 (full 6):
 PSYoungGen      total 111872K, used 18629K [0x3bec0000, 0x46e40000, 0x51400000)
  eden space 75776K, 0% used [0x3bec0000,0x3bec0000,0x408c0000)
  from space 36096K, 51% used [0x408c0000,0x41af15a0,0x42c00000)
  to   space 45312K, 0% used [0x44200000,0x44200000,0x46e40000)
 ParOldGen       total 116480K, used 74759K [0x11400000, 0x185c0000, 0x3bec0000)
  object space 116480K, 64% used [0x11400000,0x15d01ed8,0x185c0000)
 Metaspace       used 56260K, capacity 57800K, committed 57856K, reserved 58752K
}

