# JRE version: OpenJDK Runtime Environment (8.0_212-b04) (build 1.8.0_212-release-1586-b04)
# Java VM: OpenJDK Server VM (25.212-b04 mixed mode windows-x86 )
Heap:
 PSYoungGen      total 30464K, used 1785K [0x3bac0000, 0x3e040000, 0x51000000)
  eden space 24064K, 7% used [0x3bac0000,0x3bc7e790,0x3d240000)
  from space 6400K, 0% used [0x3da00000,0x3da00000,0x3e040000)
  to   space 4608K, 0% used [0x3d240000,0x3d240000,0x3d6c0000)
 ParOldGen       total 49664K, used 48131K [0x11000000, 0x14080000, 0x3bac0000)
  object space 49664K, 96% used [0x11000000,0x13f00e10,0x14080000)
 Metaspace       used 40816K, capacity 41936K, committed 41984K, reserved 42368K
GC Heap History (10 events):
Event: 213.203 GC heap before
{Heap before GC invocations=75 (full 4):
 PSYoungGen      total 26368K, used 3831K [0x3bac0000, 0x3dbc0000, 0x51000000)
  eden space 22528K, 0% used [0x3bac0000,0x3bac0000,0x3d0c0000)
  from space 3840K, 99% used [0x3d0c0000,0x3d47df20,0x3d480000)
  to   space 4864K, 0% used [0x3d700000,0x3d700000,0x3dbc0000)
 ParOldGen       total 33280K, used 31337K [0x11000000, 0x13080000, 0x3bac0000)
  object space 33280K, 94% used [0x11000000,0x12e9a518,0x13080000)
 Metaspace       used 39622K, capacity 40724K, committed 40832K, reserved 41344K
Event: 213.703 GC heap after
Heap after GC invocations=75 (full 4):
 PSYoungGen      total 26368K, used 748K [0x3bac0000, 0x3dbc0000, 0x51000000)
  eden space 22528K, 0% used [0x3bac0000,0x3bac0000,0x3d0c0000)
  from space 3840K, 19% used [0x3d0c0000,0x3d17b170,0x3d480000)
  to   space 4864K, 0% used [0x3d700000,0x3d700000,0x3dbc0000)
 ParOldGen       total 49664K, used 33267K [0x11000000, 0x14080000, 0x3bac0000)
  object space 49664K, 66% used [0x11000000,0x1307ce48,0x14080000)
 Metaspace       used 39609K, capacity 40694K, committed 40832K, reserved 41344K
}
Event: 223.328 GC heap before
{Heap before GC invocations=76 (full 4):
 PSYoungGen      total 26368K, used 23276K [0x3bac0000, 0x3dbc0000, 0x51000000)
  eden space 22528K, 100% used [0x3bac0000,0x3d0c0000,0x3d0c0000)
  from space 3840K, 19% used [0x3d0c0000,0x3d17b170,0x3d480000)
  to   space 4864K, 0% used [0x3d700000,0x3d700000,0x3dbc0000)
 ParOldGen       total 49664K, used 33267K [0x11000000, 0x14080000, 0x3bac0000)
  object space 49664K, 66% used [0x11000000,0x1307ce48,0x14080000)
 Metaspace       used 39688K, capacity 40738K, committed 40832K, reserved 41344K
Event: 223.364 GC heap after
Heap after GC invocations=76 (full 4):
 PSYoungGen      total 28416K, used 2153K [0x3bac0000, 0x3db40000, 0x51000000)
  eden space 24064K, 0% used [0x3bac0000,0x3bac0000,0x3d240000)
  from space 4352K, 49% used [0x3d700000,0x3d91a4e0,0x3db40000)
  to   space 4608K, 0% used [0x3d240000,0x3d240000,0x3d6c0000)
 ParOldGen       total 49664K, used 33715K [0x11000000, 0x14080000, 0x3bac0000)
  object space 49664K, 67% used [0x11000000,0x130ece58,0x14080000)
 Metaspace       used 39688K, capacity 40738K, committed 40832K, reserved 41344K
}
Event: 240.819 GC heap before
{Heap before GC invocations=77 (full 4):
 PSYoungGen      total 28416K, used 26217K [0x3bac0000, 0x3db40000, 0x51000000)
  eden space 24064K, 100% used [0x3bac0000,0x3d240000,0x3d240000)
  from space 4352K, 49% used [0x3d700000,0x3d91a4e0,0x3db40000)
  to   space 4608K, 0% used [0x3d240000,0x3d240000,0x3d6c0000)
 ParOldGen       total 49664K, used 33715K [0x11000000, 0x14080000, 0x3bac0000)
  object space 49664K, 67% used [0x11000000,0x130ece58,0x14080000)
 Metaspace       used 39998K, capacity 41125K, committed 41216K, reserved 41344K
Event: 240.844 GC heap after
Heap after GC invocations=77 (full 4):
 PSYoungGen      total 28672K, used 4594K [0x3bac0000, 0x3e040000, 0x51000000)
  eden space 24064K, 0% used [0x3bac0000,0x3bac0000,0x3d240000)
  from space 4608K, 99% used [0x3d240000,0x3d6bcbd8,0x3d6c0000)
  to   space 6400K, 0% used [0x3da00000,0x3da00000,0x3e040000)
 ParOldGen       total 49664K, used 36914K [0x11000000, 0x14080000, 0x3bac0000)
  object space 49664K, 74% used [0x11000000,0x1340c888,0x14080000)
 Metaspace       used 39998K, capacity 41125K, committed 41216K, reserved 41344K
}
Event: 243.863 GC heap before
{Heap before GC invocations=78 (full 4):
 PSYoungGen      total 28672K, used 28658K [0x3bac0000, 0x3e040000, 0x51000000)
  eden space 24064K, 100% used [0x3bac0000,0x3d240000,0x3d240000)
  from space 4608K, 99% used [0x3d240000,0x3d6bcbd8,0x3d6c0000)
  to   space 6400K, 0% used [0x3da00000,0x3da00000,0x3e040000)
 ParOldGen       total 49664K, used 36914K [0x11000000, 0x14080000, 0x3bac0000)
  object space 49664K, 74% used [0x11000000,0x1340c888,0x14080000)
 Metaspace       used 40548K, capacity 41694K, committed 41728K, reserved 42368K
Event: 243.914 GC heap after
Heap after GC invocations=78 (full 4):
 PSYoungGen      total 30464K, used 6398K [0x3bac0000, 0x3e040000, 0x51000000)
  eden space 24064K, 0% used [0x3bac0000,0x3bac0000,0x3d240000)
  from space 6400K, 99% used [0x3da00000,0x3e03fb88,0x3e040000)
  to   space 4608K, 0% used [0x3d240000,0x3d240000,0x3d6c0000)
 ParOldGen       total 49664K, used 44650K [0x11000000, 0x14080000, 0x3bac0000)
  object space 49664K, 89% used [0x11000000,0x13b9aaf8,0x14080000)
 Metaspace       used 40548K, capacity 41694K, committed 41728K, reserved 42368K
}
Event: 243.914 GC heap before
{Heap before GC invocations=79 (full 5):
 PSYoungGen      total 30464K, used 6398K [0x3bac0000, 0x3e040000, 0x51000000)
  eden space 24064K, 0% used [0x3bac0000,0x3bac0000,0x3d240000)
  from space 6400K, 99% used [0x3da00000,0x3e03fb88,0x3e040000)
  to   space 4608K, 0% used [0x3d240000,0x3d240000,0x3d6c0000)
 ParOldGen       total 49664K, used 44650K [0x11000000, 0x14080000, 0x3bac0000)
  object space 49664K, 89% used [0x11000000,0x13b9aaf8,0x14080000)
 Metaspace       used 40548K, capacity 41694K, committed 41728K, reserved 42368K
Event: 244.265 GC heap after
Heap after GC invocations=79 (full 5):
 PSYoungGen      total 30464K, used 0K [0x3bac0000, 0x3e040000, 0x51000000)
  eden space 24064K, 0% used [0x3bac0000,0x3bac0000,0x3d240000)
  from space 6400K, 0% used [0x3da00000,0x3da00000,0x3e040000)
  to   space 4608K, 0% used [0x3d240000,0x3d240000,0x3d6c0000)
 ParOldGen       total 49664K, used 47954K [0x11000000, 0x14080000, 0x3bac0000)
  object space 49664K, 96% used [0x11000000,0x13ed4a50,0x14080000)
 Metaspace       used 40548K, capacity 41694K, committed 41728K, reserved 42368K
}

