# JRE version: OpenJDK Runtime Environment (8.0_212-b04) (build 1.8.0_212-release-1586-b04)
# Java VM: OpenJDK Server VM (25.212-b04 mixed mode windows-x86 )
Heap:
 PSYoungGen      total 28672K, used 4733K [0x3b6c0000, 0x3d840000, 0x50c00000)
  eden space 23040K, 10% used [0x3b6c0000,0x3b92b1d8,0x3cd40000)
  from space 5632K, 40% used [0x3d2c0000,0x3d4f44d8,0x3d840000)
  to   space 5632K, 0% used [0x3cd40000,0x3cd40000,0x3d2c0000)
 ParOldGen       total 37376K, used 24887K [0x10c00000, 0x13080000, 0x3b6c0000)
  object space 37376K, 66% used [0x10c00000,0x1244dd30,0x13080000)
 Metaspace       used 37017K, capacity 37977K, committed 38016K, reserved 38272K
GC Heap History (10 events):
Event: 119.682 GC heap after
Heap after GC invocations=28 (full 2):
 PSYoungGen      total 24320K, used 1785K [0x3b6c0000, 0x3d8c0000, 0x50c00000)
  eden space 18432K, 0% used [0x3b6c0000,0x3b6c0000,0x3c8c0000)
  from space 5888K, 30% used [0x3ce80000,0x3d03e5a8,0x3d440000)
  to   space 5888K, 0% used [0x3c8c0000,0x3c8c0000,0x3ce80000)
 ParOldGen       total 26624K, used 22089K [0x10c00000, 0x12600000, 0x3b6c0000)
  object space 26624K, 82% used [0x10c00000,0x12192548,0x12600000)
 Metaspace       used 32396K, capacity 33144K, committed 33280K, reserved 34176K
}
Event: 122.112 GC heap before
{Heap before GC invocations=29 (full 2):
 PSYoungGen      total 24320K, used 20217K [0x3b6c0000, 0x3d8c0000, 0x50c00000)
  eden space 18432K, 100% used [0x3b6c0000,0x3c8c0000,0x3c8c0000)
  from space 5888K, 30% used [0x3ce80000,0x3d03e5a8,0x3d440000)
  to   space 5888K, 0% used [0x3c8c0000,0x3c8c0000,0x3ce80000)
 ParOldGen       total 26624K, used 22089K [0x10c00000, 0x12600000, 0x3b6c0000)
  object space 26624K, 82% used [0x10c00000,0x12192548,0x12600000)
 Metaspace       used 33987K, capacity 34918K, committed 34944K, reserved 35200K
Event: 122.124 GC heap after
Heap after GC invocations=29 (full 2):
 PSYoungGen      total 24320K, used 2678K [0x3b6c0000, 0x3d840000, 0x50c00000)
  eden space 18432K, 0% used [0x3b6c0000,0x3b6c0000,0x3c8c0000)
  from space 5888K, 45% used [0x3c8c0000,0x3cb5db40,0x3ce80000)
  to   space 5632K, 0% used [0x3d2c0000,0x3d2c0000,0x3d840000)
 ParOldGen       total 26624K, used 23525K [0x10c00000, 0x12600000, 0x3b6c0000)
  object space 26624K, 88% used [0x10c00000,0x122f9588,0x12600000)
 Metaspace       used 33987K, capacity 34918K, committed 34944K, reserved 35200K
}
Event: 123.444 GC heap before
{Heap before GC invocations=30 (full 2):
 PSYoungGen      total 24320K, used 21110K [0x3b6c0000, 0x3d840000, 0x50c00000)
  eden space 18432K, 100% used [0x3b6c0000,0x3c8c0000,0x3c8c0000)
  from space 5888K, 45% used [0x3c8c0000,0x3cb5db40,0x3ce80000)
  to   space 5632K, 0% used [0x3d2c0000,0x3d2c0000,0x3d840000)
 ParOldGen       total 26624K, used 23525K [0x10c00000, 0x12600000, 0x3b6c0000)
  object space 26624K, 88% used [0x10c00000,0x122f9588,0x12600000)
 Metaspace       used 34809K, capacity 35783K, committed 35840K, reserved 36224K
Event: 123.456 GC heap after
Heap after GC invocations=30 (full 2):
 PSYoungGen      total 28672K, used 2068K [0x3b6c0000, 0x3d840000, 0x50c00000)
  eden space 23040K, 0% used [0x3b6c0000,0x3b6c0000,0x3cd40000)
  from space 5632K, 36% used [0x3d2c0000,0x3d4c5020,0x3d840000)
  to   space 5632K, 0% used [0x3cd40000,0x3cd40000,0x3d2c0000)
 ParOldGen       total 26624K, used 24385K [0x10c00000, 0x12600000, 0x3b6c0000)
  object space 26624K, 91% used [0x10c00000,0x123d05a8,0x12600000)
 Metaspace       used 34809K, capacity 35783K, committed 35840K, reserved 36224K
}
Event: 123.456 GC heap before
{Heap before GC invocations=31 (full 3):
 PSYoungGen      total 28672K, used 2068K [0x3b6c0000, 0x3d840000, 0x50c00000)
  eden space 23040K, 0% used [0x3b6c0000,0x3b6c0000,0x3cd40000)
  from space 5632K, 36% used [0x3d2c0000,0x3d4c5020,0x3d840000)
  to   space 5632K, 0% used [0x3cd40000,0x3cd40000,0x3d2c0000)
 ParOldGen       total 26624K, used 24385K [0x10c00000, 0x12600000, 0x3b6c0000)
  object space 26624K, 91% used [0x10c00000,0x123d05a8,0x12600000)
 Metaspace       used 34809K, capacity 35783K, committed 35840K, reserved 36224K
Event: 123.793 GC heap after
Heap after GC invocations=31 (full 3):
 PSYoungGen      total 28672K, used 0K [0x3b6c0000, 0x3d840000, 0x50c00000)
  eden space 23040K, 0% used [0x3b6c0000,0x3b6c0000,0x3cd40000)
  from space 5632K, 0% used [0x3d2c0000,0x3d2c0000,0x3d840000)
  to   space 5632K, 0% used [0x3cd40000,0x3cd40000,0x3d2c0000)
 ParOldGen       total 37376K, used 23757K [0x10c00000, 0x13080000, 0x3b6c0000)
  object space 37376K, 63% used [0x10c00000,0x12333728,0x13080000)
 Metaspace       used 34809K, capacity 35783K, committed 35840K, reserved 36224K
}
Event: 125.453 GC heap before
{Heap before GC invocations=32 (full 3):
 PSYoungGen      total 28672K, used 23040K [0x3b6c0000, 0x3d840000, 0x50c00000)
  eden space 23040K, 100% used [0x3b6c0000,0x3cd40000,0x3cd40000)
  from space 5632K, 0% used [0x3d2c0000,0x3d2c0000,0x3d840000)
  to   space 5632K, 0% used [0x3cd40000,0x3cd40000,0x3d2c0000)
 ParOldGen       total 37376K, used 23757K [0x10c00000, 0x13080000, 0x3b6c0000)
  object space 37376K, 63% used [0x10c00000,0x12333728,0x13080000)
 Metaspace       used 35603K, capacity 36558K, committed 36608K, reserved 37248K
Event: 125.476 GC heap after
Heap after GC invocations=32 (full 3):
 PSYoungGen      total 28672K, used 2280K [0x3b6c0000, 0x3d840000, 0x50c00000)
  eden space 23040K, 0% used [0x3b6c0000,0x3b6c0000,0x3cd40000)
  from space 5632K, 40% used [0x3cd40000,0x3cf7a208,0x3d2c0000)
  to   space 5632K, 0% used [0x3d2c0000,0x3d2c0000,0x3d840000)
 ParOldGen       total 37376K, used 23757K [0x10c00000, 0x13080000, 0x3b6c0000)
  object space 37376K, 63% used [0x10c00000,0x12333728,0x13080000)
 Metaspace       used 35603K, capacity 36558K, committed 36608K, reserved 37248K
}
Event: 126.762 GC heap before
{Heap before GC invocations=33 (full 3):
 PSYoungGen      total 28672K, used 25320K [0x3b6c0000, 0x3d840000, 0x50c00000)
  eden space 23040K, 100% used [0x3b6c0000,0x3cd40000,0x3cd40000)
  from space 5632K, 40% used [0x3cd40000,0x3cf7a208,0x3d2c0000)
  to   space 5632K, 0% used [0x3d2c0000,0x3d2c0000,0x3d840000)
 ParOldGen       total 37376K, used 23757K [0x10c00000, 0x13080000, 0x3b6c0000)
  object space 37376K, 63% used [0x10c00000,0x12333728,0x13080000)
 Metaspace       used 36917K, capacity 37881K, committed 37888K, reserved 38272K

