# JRE version: OpenJDK Runtime Environment (8.0_212-b04) (build 1.8.0_212-release-1586-b04)
# Java VM: OpenJDK Server VM (25.212-b04 mixed mode windows-x86 )
Heap:
 PSYoungGen      total 231680K, used 80895K [0x3bec0000, 0x508c0000, 0x51400000)
  eden space 216320K, 34% used [0x3bec0000,0x4077c1c8,0x49200000)
  from space 15360K, 41% used [0x49200000,0x49843a38,0x4a100000)
  to   space 22528K, 0% used [0x4f2c0000,0x4f2c0000,0x508c0000)
 ParOldGen       total 35328K, used 35157K [0x11400000, 0x13680000, 0x3bec0000)
  object space 35328K, 99% used [0x11400000,0x136555d0,0x13680000)
 Metaspace       used 43161K, capacity 44325K, committed 44416K, reserved 44416K
GC Heap History (10 events):
Event: 35.516 GC heap before
{Heap before GC invocations=14 (full 1):
 PSYoungGen      total 161536K, used 20269K [0x3bec0000, 0x46880000, 0x51400000)
  eden space 151808K, 7% used [0x3bec0000,0x3c9c7390,0x45300000)
  from space 9728K, 92% used [0x45ec0000,0x467842b8,0x46840000)
  to   space 11008K, 0% used [0x45300000,0x45300000,0x45dc0000)
 ParOldGen       total 21248K, used 11063K [0x11400000, 0x128c0000, 0x3bec0000)
  object space 21248K, 52% used [0x11400000,0x11ecdd98,0x128c0000)
 Metaspace       used 26700K, capacity 27248K, committed 27308K, reserved 28032K
Event: 35.547 GC heap after
Heap after GC invocations=14 (full 1):
 PSYoungGen      total 162816K, used 1308K [0x3bec0000, 0x4b000000, 0x51400000)
  eden space 151808K, 0% used [0x3bec0000,0x3bec0000,0x45300000)
  from space 11008K, 11% used [0x45300000,0x45447280,0x45dc0000)
  to   space 11008K, 0% used [0x4a540000,0x4a540000,0x4b000000)
 ParOldGen       total 21248K, used 15355K [0x11400000, 0x128c0000, 0x3bec0000)
  object space 21248K, 72% used [0x11400000,0x122fed60,0x128c0000)
 Metaspace       used 26700K, capacity 27248K, committed 27308K, reserved 28032K
}
Event: 35.547 GC heap before
{Heap before GC invocations=15 (full 2):
 PSYoungGen      total 162816K, used 1308K [0x3bec0000, 0x4b000000, 0x51400000)
  eden space 151808K, 0% used [0x3bec0000,0x3bec0000,0x45300000)
  from space 11008K, 11% used [0x45300000,0x45447280,0x45dc0000)
  to   space 11008K, 0% used [0x4a540000,0x4a540000,0x4b000000)
 ParOldGen       total 21248K, used 15355K [0x11400000, 0x128c0000, 0x3bec0000)
  object space 21248K, 72% used [0x11400000,0x122fed60,0x128c0000)
 Metaspace       used 26700K, capacity 27248K, committed 27308K, reserved 28032K
Event: 35.803 GC heap after
Heap after GC invocations=15 (full 2):
 PSYoungGen      total 162816K, used 0K [0x3bec0000, 0x4b000000, 0x51400000)
  eden space 151808K, 0% used [0x3bec0000,0x3bec0000,0x45300000)
  from space 11008K, 0% used [0x45300000,0x45300000,0x45dc0000)
  to   space 11008K, 0% used [0x4a540000,0x4a540000,0x4b000000)
 ParOldGen       total 33280K, used 15843K [0x11400000, 0x13480000, 0x3bec0000)
  object space 33280K, 47% used [0x11400000,0x12378e90,0x13480000)
 Metaspace       used 26700K, capacity 27248K, committed 27308K, reserved 28032K
}
Event: 47.176 GC heap before
{Heap before GC invocations=16 (full 2):
 PSYoungGen      total 162816K, used 151808K [0x3bec0000, 0x4b000000, 0x51400000)
  eden space 151808K, 100% used [0x3bec0000,0x45300000,0x45300000)
  from space 11008K, 0% used [0x45300000,0x45300000,0x45dc0000)
  to   space 11008K, 0% used [0x4a540000,0x4a540000,0x4b000000)
 ParOldGen       total 33280K, used 15843K [0x11400000, 0x13480000, 0x3bec0000)
  object space 33280K, 47% used [0x11400000,0x12378e90,0x13480000)
 Metaspace       used 35243K, capacity 36167K, committed 36224K, reserved 36224K
Event: 47.243 GC heap after
Heap after GC invocations=16 (full 2):
 PSYoungGen      total 223232K, used 11004K [0x3bec0000, 0x4b000000, 0x51400000)
  eden space 212224K, 0% used [0x3bec0000,0x3bec0000,0x48e00000)
  from space 11008K, 99% used [0x4a540000,0x4afff330,0x4b000000)
  to   space 15360K, 0% used [0x49200000,0x49200000,0x4a100000)
 ParOldGen       total 33280K, used 22796K [0x11400000, 0x13480000, 0x3bec0000)
  object space 33280K, 68% used [0x11400000,0x12a430d0,0x13480000)
 Metaspace       used 35243K, capacity 36167K, committed 36224K, reserved 36224K
}
Event: 63.367 GC heap before
{Heap before GC invocations=17 (full 2):
 PSYoungGen      total 223232K, used 223228K [0x3bec0000, 0x4b000000, 0x51400000)
  eden space 212224K, 100% used [0x3bec0000,0x48e00000,0x48e00000)
  from space 11008K, 99% used [0x4a540000,0x4afff330,0x4b000000)
  to   space 15360K, 0% used [0x49200000,0x49200000,0x4a100000)
 ParOldGen       total 33280K, used 22796K [0x11400000, 0x13480000, 0x3bec0000)
  object space 33280K, 68% used [0x11400000,0x12a430d0,0x13480000)
 Metaspace       used 40722K, capacity 41847K, committed 41856K, reserved 42368K
Event: 63.530 GC heap after
Heap after GC invocations=17 (full 2):
 PSYoungGen      total 231680K, used 15347K [0x3bec0000, 0x508c0000, 0x51400000)
  eden space 216320K, 0% used [0x3bec0000,0x3bec0000,0x49200000)
  from space 15360K, 99% used [0x49200000,0x4a0fcde8,0x4a100000)
  to   space 22528K, 0% used [0x4f2c0000,0x4f2c0000,0x508c0000)
 ParOldGen       total 35328K, used 35170K [0x11400000, 0x13680000, 0x3bec0000)
  object space 35328K, 99% used [0x11400000,0x13658ad0,0x13680000)
 Metaspace       used 40722K, capacity 41847K, committed 41856K, reserved 42368K
}
Event: 63.530 GC heap before
{Heap before GC invocations=18 (full 3):
 PSYoungGen      total 231680K, used 15347K [0x3bec0000, 0x508c0000, 0x51400000)
  eden space 216320K, 0% used [0x3bec0000,0x3bec0000,0x49200000)
  from space 15360K, 99% used [0x49200000,0x4a0fcde8,0x4a100000)
  to   space 22528K, 0% used [0x4f2c0000,0x4f2c0000,0x508c0000)
 ParOldGen       total 35328K, used 35170K [0x11400000, 0x13680000, 0x3bec0000)
  object space 35328K, 99% used [0x11400000,0x13658ad0,0x13680000)
 Metaspace       used 40722K, capacity 41847K, committed 41856K, reserved 42368K
Event: 64.255 GC heap after
Heap after GC invocations=18 (full 3):
 PSYoungGen      total 231680K, used 6414K [0x3bec0000, 0x508c0000, 0x51400000)
  eden space 216320K, 0% used [0x3bec0000,0x3bec0000,0x49200000)
  from space 15360K, 41% used [0x49200000,0x49843a38,0x4a100000)
  to   space 22528K, 0% used [0x4f2c0000,0x4f2c0000,0x508c0000)
 ParOldGen       total 35328K, used 35157K [0x11400000, 0x13680000, 0x3bec0000)
  object space 35328K, 99% used [0x11400000,0x136555d0,0x13680000)
 Metaspace       used 40696K, capacity 41790K, committed 41856K, reserved 42368K
}

