# JRE version: OpenJDK Runtime Environment (8.0_212-b04) (build 1.8.0_212-release-1586-b04)
# Java VM: OpenJDK Server VM (25.212-b04 mixed mode windows-x86 )
Heap:
 PSYoungGen      total 94720K, used 53793K [0x3b8c0000, 0x41d80000, 0x50e00000)
  eden space 86272K, 62% used [0x3b8c0000,0x3ed48530,0x40d00000)
  from space 8448K, 0% used [0x40d00000,0x40d00000,0x41540000)
  to   space 7680K, 23% used [0x41600000,0x417c41b0,0x41d80000)
 ParOldGen       total 38912K, used 24167K [0x10e00000, 0x13400000, 0x3b8c0000)
  object space 38912K, 62% used [0x10e00000,0x12599de0,0x13400000)
 Metaspace       used 37166K, capacity 38132K, committed 38144K, reserved 41344K
GC Heap History (10 events):
Event: 61.751 GC heap before
{Heap before GC invocations=14 (full 1):
 PSYoungGen      total 93952K, used 86739K [0x3b8c0000, 0x41d80000, 0x50e00000)
  eden space 86272K, 95% used [0x3b8c0000,0x409560e8,0x40d00000)
  from space 7680K, 54% used [0x41600000,0x41a1ef10,0x41d80000)
  to   space 8448K, 0% used [0x40d00000,0x40d00000,0x41540000)
 ParOldGen       total 22528K, used 9698K [0x10e00000, 0x12400000, 0x3b8c0000)
  object space 22528K, 43% used [0x10e00000,0x117788a0,0x12400000)
 Metaspace       used 26672K, capacity 27244K, committed 27308K, reserved 28032K
Event: 61.792 GC heap after
Heap after GC invocations=14 (full 1):
 PSYoungGen      total 94720K, used 8025K [0x3b8c0000, 0x41d80000, 0x50e00000)
  eden space 86272K, 0% used [0x3b8c0000,0x3b8c0000,0x40d00000)
  from space 8448K, 94% used [0x40d00000,0x414d64f0,0x41540000)
  to   space 7680K, 0% used [0x41600000,0x41600000,0x41d80000)
 ParOldGen       total 22528K, used 11158K [0x10e00000, 0x12400000, 0x3b8c0000)
  object space 22528K, 49% used [0x10e00000,0x118e5868,0x12400000)
 Metaspace       used 26672K, capacity 27244K, committed 27308K, reserved 28032K
}
Event: 61.792 GC heap before
{Heap before GC invocations=15 (full 2):
 PSYoungGen      total 94720K, used 8025K [0x3b8c0000, 0x41d80000, 0x50e00000)
  eden space 86272K, 0% used [0x3b8c0000,0x3b8c0000,0x40d00000)
  from space 8448K, 94% used [0x40d00000,0x414d64f0,0x41540000)
  to   space 7680K, 0% used [0x41600000,0x41600000,0x41d80000)
 ParOldGen       total 22528K, used 11158K [0x10e00000, 0x12400000, 0x3b8c0000)
  object space 22528K, 49% used [0x10e00000,0x118e5868,0x12400000)
 Metaspace       used 26672K, capacity 27244K, committed 27308K, reserved 28032K
Event: 62.037 GC heap after
Heap after GC invocations=15 (full 2):
 PSYoungGen      total 94720K, used 0K [0x3b8c0000, 0x41d80000, 0x50e00000)
  eden space 86272K, 0% used [0x3b8c0000,0x3b8c0000,0x40d00000)
  from space 8448K, 0% used [0x40d00000,0x40d00000,0x41540000)
  to   space 7680K, 0% used [0x41600000,0x41600000,0x41d80000)
 ParOldGen       total 38912K, used 18590K [0x10e00000, 0x13400000, 0x3b8c0000)
  object space 38912K, 47% used [0x10e00000,0x12027b18,0x13400000)
 Metaspace       used 26672K, capacity 27244K, committed 27308K, reserved 28032K
}
Event: 67.448 GC heap before
{Heap before GC invocations=16 (full 2):
 PSYoungGen      total 94720K, used 86272K [0x3b8c0000, 0x41d80000, 0x50e00000)
  eden space 86272K, 100% used [0x3b8c0000,0x40d00000,0x40d00000)
  from space 8448K, 0% used [0x40d00000,0x40d00000,0x41540000)
  to   space 7680K, 0% used [0x41600000,0x41600000,0x41d80000)
 ParOldGen       total 38912K, used 18590K [0x10e00000, 0x13400000, 0x3b8c0000)
  object space 38912K, 47% used [0x10e00000,0x12027b18,0x13400000)
 Metaspace       used 32224K, capacity 32945K, committed 33024K, reserved 33152K
Event: 67.484 GC heap after
Heap after GC invocations=16 (full 2):
 PSYoungGen      total 93952K, used 7670K [0x3b8c0000, 0x41d80000, 0x50e00000)
  eden space 86272K, 0% used [0x3b8c0000,0x3b8c0000,0x40d00000)
  from space 7680K, 99% used [0x41600000,0x41d7dae0,0x41d80000)
  to   space 8448K, 0% used [0x40d00000,0x40d00000,0x41540000)
 ParOldGen       total 38912K, used 22049K [0x10e00000, 0x13400000, 0x3b8c0000)
  object space 38912K, 56% used [0x10e00000,0x12388750,0x13400000)
 Metaspace       used 32224K, capacity 32945K, committed 33024K, reserved 33152K
}
Event: 70.579 GC heap before
{Heap before GC invocations=17 (full 2):
 PSYoungGen      total 93952K, used 47752K [0x3b8c0000, 0x41d80000, 0x50e00000)
  eden space 86272K, 46% used [0x3b8c0000,0x3dfe45e0,0x40d00000)
  from space 7680K, 99% used [0x41600000,0x41d7dae0,0x41d80000)
  to   space 8448K, 0% used [0x40d00000,0x40d00000,0x41540000)
 ParOldGen       total 38912K, used 22049K [0x10e00000, 0x13400000, 0x3b8c0000)
  object space 38912K, 56% used [0x10e00000,0x12388750,0x13400000)
 Metaspace       used 34535K, capacity 35454K, committed 35456K, reserved 38272K
Event: 70.616 GC heap after
Heap after GC invocations=17 (full 2):
 PSYoungGen      total 94720K, used 4782K [0x3b8c0000, 0x41d80000, 0x50e00000)
  eden space 86272K, 0% used [0x3b8c0000,0x3b8c0000,0x40d00000)
  from space 8448K, 56% used [0x40d00000,0x411aba60,0x41540000)
  to   space 7680K, 0% used [0x41600000,0x41600000,0x41d80000)
 ParOldGen       total 38912K, used 27924K [0x10e00000, 0x13400000, 0x3b8c0000)
  object space 38912K, 71% used [0x10e00000,0x129453f0,0x13400000)
 Metaspace       used 34535K, capacity 35454K, committed 35456K, reserved 38272K
}
Event: 70.616 GC heap before
{Heap before GC invocations=18 (full 3):
 PSYoungGen      total 94720K, used 4782K [0x3b8c0000, 0x41d80000, 0x50e00000)
  eden space 86272K, 0% used [0x3b8c0000,0x3b8c0000,0x40d00000)
  from space 8448K, 56% used [0x40d00000,0x411aba60,0x41540000)
  to   space 7680K, 0% used [0x41600000,0x41600000,0x41d80000)
 ParOldGen       total 38912K, used 27924K [0x10e00000, 0x13400000, 0x3b8c0000)
  object space 38912K, 71% used [0x10e00000,0x129453f0,0x13400000)
 Metaspace       used 34535K, capacity 35454K, committed 35456K, reserved 38272K
Event: 71.075 GC heap after
Heap after GC invocations=18 (full 3):
 PSYoungGen      total 94720K, used 0K [0x3b8c0000, 0x41d80000, 0x50e00000)
  eden space 86272K, 0% used [0x3b8c0000,0x3b8c0000,0x40d00000)
  from space 8448K, 0% used [0x40d00000,0x40d00000,0x41540000)
  to   space 7680K, 0% used [0x41600000,0x41600000,0x41d80000)
 ParOldGen       total 38912K, used 24163K [0x10e00000, 0x13400000, 0x3b8c0000)
  object space 38912K, 62% used [0x10e00000,0x12598de0,0x13400000)
 Metaspace       used 34535K, capacity 35454K, committed 35456K, reserved 37248K
}

