# JRE version: OpenJDK Runtime Environment (8.0_212-b04) (build 1.8.0_212-release-1586-b04)
# Java VM: OpenJDK Server VM (25.212-b04 mixed mode windows-x86 )
Heap:
 PSYoungGen      total 134144K, used 108992K [0x3bec0000, 0x44b80000, 0x51400000)
  eden space 125696K, 79% used [0x3bec0000,0x420f2da8,0x43980000)
  from space 8448K, 99% used [0x44340000,0x44b7d550,0x44b80000)
  to   space 9216K, 0% used [0x43980000,0x43980000,0x44280000)
 ParOldGen       total 31744K, used 24984K [0x11400000, 0x13300000, 0x3bec0000)
  object space 31744K, 78% used [0x11400000,0x12c662b0,0x13300000)
 Metaspace       used 38569K, capacity 39611K, committed 39680K, reserved 40320K
GC Heap History (10 events):
Event: 29.375 GC heap before
{Heap before GC invocations=14 (full 1):
 PSYoungGen      total 88832K, used 81152K [0x3bec0000, 0x41d00000, 0x51400000)
  eden space 81152K, 100% used [0x3bec0000,0x40e00000,0x40e00000)
  from space 7680K, 0% used [0x41580000,0x41580000,0x41d00000)
  to   space 7680K, 0% used [0x40e00000,0x40e00000,0x41580000)
 ParOldGen       total 19968K, used 7643K [0x11400000, 0x12780000, 0x3bec0000)
  object space 19968K, 38% used [0x11400000,0x11b76e50,0x12780000)
 Metaspace       used 20661K, capacity 21012K, committed 21120K, reserved 21888K
Event: 29.403 GC heap after
Heap after GC invocations=14 (full 1):
 PSYoungGen      total 88832K, used 7230K [0x3bec0000, 0x44c00000, 0x51400000)
  eden space 81152K, 0% used [0x3bec0000,0x3bec0000,0x40e00000)
  from space 7680K, 94% used [0x40e00000,0x4150f978,0x41580000)
  to   space 8960K, 0% used [0x44340000,0x44340000,0x44c00000)
 ParOldGen       total 19968K, used 7647K [0x11400000, 0x12780000, 0x3bec0000)
  object space 19968K, 38% used [0x11400000,0x11b77e50,0x12780000)
 Metaspace       used 20661K, capacity 21012K, committed 21120K, reserved 21888K
}
Event: 35.009 GC heap before
{Heap before GC invocations=15 (full 1):
 PSYoungGen      total 88832K, used 88382K [0x3bec0000, 0x44c00000, 0x51400000)
  eden space 81152K, 100% used [0x3bec0000,0x40e00000,0x40e00000)
  from space 7680K, 94% used [0x40e00000,0x4150f978,0x41580000)
  to   space 8960K, 0% used [0x44340000,0x44340000,0x44c00000)
 ParOldGen       total 19968K, used 7647K [0x11400000, 0x12780000, 0x3bec0000)
  object space 19968K, 38% used [0x11400000,0x11b77e50,0x12780000)
 Metaspace       used 23356K, capacity 23779K, committed 23808K, reserved 23936K
Event: 35.038 GC heap after
Heap after GC invocations=15 (full 1):
 PSYoungGen      total 134144K, used 5483K [0x3bec0000, 0x44b80000, 0x51400000)
  eden space 125696K, 0% used [0x3bec0000,0x3bec0000,0x43980000)
  from space 8448K, 64% used [0x44340000,0x4489aeb8,0x44b80000)
  to   space 9216K, 0% used [0x43980000,0x43980000,0x44280000)
 ParOldGen       total 19968K, used 10310K [0x11400000, 0x12780000, 0x3bec0000)
  object space 19968K, 51% used [0x11400000,0x11e11958,0x12780000)
 Metaspace       used 23356K, capacity 23779K, committed 23808K, reserved 23936K
}
Event: 47.918 GC heap before
{Heap before GC invocations=16 (full 1):
 PSYoungGen      total 134144K, used 61430K [0x3bec0000, 0x44b80000, 0x51400000)
  eden space 125696K, 44% used [0x3bec0000,0x3f5629d0,0x43980000)
  from space 8448K, 64% used [0x44340000,0x4489aeb8,0x44b80000)
  to   space 9216K, 0% used [0x43980000,0x43980000,0x44280000)
 ParOldGen       total 19968K, used 10310K [0x11400000, 0x12780000, 0x3bec0000)
  object space 19968K, 51% used [0x11400000,0x11e11958,0x12780000)
 Metaspace       used 26682K, capacity 27248K, committed 27308K, reserved 28032K
Event: 47.955 GC heap after
Heap after GC invocations=16 (full 1):
 PSYoungGen      total 134912K, used 6268K [0x3bec0000, 0x44b80000, 0x51400000)
  eden space 125696K, 0% used [0x3bec0000,0x3bec0000,0x43980000)
  from space 9216K, 68% used [0x43980000,0x43f9f130,0x44280000)
  to   space 8448K, 0% used [0x44340000,0x44340000,0x44b80000)
 ParOldGen       total 19968K, used 11891K [0x11400000, 0x12780000, 0x3bec0000)
  object space 19968K, 59% used [0x11400000,0x11f9cfd0,0x12780000)
 Metaspace       used 26682K, capacity 27248K, committed 27308K, reserved 28032K
}
Event: 47.955 GC heap before
{Heap before GC invocations=17 (full 2):
 PSYoungGen      total 134912K, used 6268K [0x3bec0000, 0x44b80000, 0x51400000)
  eden space 125696K, 0% used [0x3bec0000,0x3bec0000,0x43980000)
  from space 9216K, 68% used [0x43980000,0x43f9f130,0x44280000)
  to   space 8448K, 0% used [0x44340000,0x44340000,0x44b80000)
 ParOldGen       total 19968K, used 11891K [0x11400000, 0x12780000, 0x3bec0000)
  object space 19968K, 59% used [0x11400000,0x11f9cfd0,0x12780000)
 Metaspace       used 26682K, capacity 27248K, committed 27308K, reserved 28032K
Event: 48.216 GC heap after
Heap after GC invocations=17 (full 2):
 PSYoungGen      total 134912K, used 0K [0x3bec0000, 0x44b80000, 0x51400000)
  eden space 125696K, 0% used [0x3bec0000,0x3bec0000,0x43980000)
  from space 9216K, 0% used [0x43980000,0x43980000,0x44280000)
  to   space 8448K, 0% used [0x44340000,0x44340000,0x44b80000)
 ParOldGen       total 31744K, used 17724K [0x11400000, 0x13300000, 0x3bec0000)
  object space 31744K, 55% used [0x11400000,0x1254f378,0x13300000)
 Metaspace       used 26682K, capacity 27248K, committed 27308K, reserved 28032K
}
Event: 62.507 GC heap before
{Heap before GC invocations=18 (full 2):
 PSYoungGen      total 134912K, used 125696K [0x3bec0000, 0x44b80000, 0x51400000)
  eden space 125696K, 100% used [0x3bec0000,0x43980000,0x43980000)
  from space 9216K, 0% used [0x43980000,0x43980000,0x44280000)
  to   space 8448K, 0% used [0x44340000,0x44340000,0x44b80000)
 ParOldGen       total 31744K, used 17724K [0x11400000, 0x13300000, 0x3bec0000)
  object space 31744K, 55% used [0x11400000,0x1254f378,0x13300000)
 Metaspace       used 34584K, capacity 35532K, committed 35584K, reserved 36224K
Event: 62.564 GC heap after
Heap after GC invocations=18 (full 2):
 PSYoungGen      total 134144K, used 8437K [0x3bec0000, 0x44b80000, 0x51400000)
  eden space 125696K, 0% used [0x3bec0000,0x3bec0000,0x43980000)
  from space 8448K, 99% used [0x44340000,0x44b7d550,0x44b80000)
  to   space 9216K, 0% used [0x43980000,0x43980000,0x44280000)
 ParOldGen       total 31744K, used 24984K [0x11400000, 0x13300000, 0x3bec0000)
  object space 31744K, 78% used [0x11400000,0x12c662b0,0x13300000)
 Metaspace       used 34584K, capacity 35532K, committed 35584K, reserved 36224K
}

