# JRE version: OpenJDK Runtime Environment (8.0_212-b04) (build 1.8.0_212-release-1586-b04)
# Java VM: OpenJDK Server VM (25.212-b04 mixed mode windows-x86 )
Heap:
 PSYoungGen      total 161536K, used 61285K [0x3bcc0000, 0x4ab00000, 0x51200000)
  eden space 150528K, 33% used [0x3bcc0000,0x3edda430,0x44fc0000)
  from space 11008K, 99% used [0x4a040000,0x4aaff1b0,0x4ab00000)
  to   space 11008K, 0% used [0x44fc0000,0x44fc0000,0x45a80000)
 ParOldGen       total 33280K, used 22652K [0x11200000, 0x13280000, 0x3bcc0000)
  object space 33280K, 68% used [0x11200000,0x1281f2e8,0x13280000)
 Metaspace       used 37587K, capacity 38593K, committed 38656K, reserved 39296K
GC Heap History (10 events):
Event: 31.047 GC heap before
{Heap before GC invocations=12 (full 1):
 PSYoungGen      total 110848K, used 102912K [0x3bcc0000, 0x431c0000, 0x51200000)
  eden space 102912K, 100% used [0x3bcc0000,0x42140000,0x42140000)
  from space 7936K, 0% used [0x42a00000,0x42a00000,0x431c0000)
  to   space 8448K, 0% used [0x42140000,0x42140000,0x42980000)
 ParOldGen       total 21504K, used 7766K [0x11200000, 0x12700000, 0x3bcc0000)
  object space 21504K, 36% used [0x11200000,0x11995ba0,0x12700000)
 Metaspace       used 21340K, capacity 21684K, committed 21760K, reserved 21888K
Event: 31.100 GC heap after
Heap after GC invocations=12 (full 1):
 PSYoungGen      total 111360K, used 8447K [0x3bcc0000, 0x46540000, 0x51200000)
  eden space 102912K, 0% used [0x3bcc0000,0x3bcc0000,0x42140000)
  from space 8448K, 99% used [0x42140000,0x4297fe00,0x42980000)
  to   space 9728K, 0% used [0x45bc0000,0x45bc0000,0x46540000)
 ParOldGen       total 21504K, used 7996K [0x11200000, 0x12700000, 0x3bcc0000)
  object space 21504K, 37% used [0x11200000,0x119cf098,0x12700000)
 Metaspace       used 21340K, capacity 21684K, committed 21760K, reserved 21888K
}
Event: 46.708 GC heap before
{Heap before GC invocations=13 (full 1):
 PSYoungGen      total 111360K, used 111359K [0x3bcc0000, 0x46540000, 0x51200000)
  eden space 102912K, 100% used [0x3bcc0000,0x42140000,0x42140000)
  from space 8448K, 99% used [0x42140000,0x4297fe00,0x42980000)
  to   space 9728K, 0% used [0x45bc0000,0x45bc0000,0x46540000)
 ParOldGen       total 21504K, used 7996K [0x11200000, 0x12700000, 0x3bcc0000)
  object space 21504K, 37% used [0x11200000,0x119cf098,0x12700000)
 Metaspace       used 25729K, capacity 26323K, committed 26368K, reserved 27008K
Event: 46.753 GC heap after
Heap after GC invocations=13 (full 1):
 PSYoungGen      total 160256K, used 8947K [0x3bcc0000, 0x46540000, 0x51200000)
  eden space 150528K, 0% used [0x3bcc0000,0x3bcc0000,0x44fc0000)
  from space 9728K, 91% used [0x45bc0000,0x4647ceb0,0x46540000)
  to   space 11008K, 0% used [0x44fc0000,0x44fc0000,0x45a80000)
 ParOldGen       total 21504K, used 10960K [0x11200000, 0x12700000, 0x3bcc0000)
  object space 21504K, 50% used [0x11200000,0x11cb4168,0x12700000)
 Metaspace       used 25729K, capacity 26323K, committed 26368K, reserved 27008K
}
Event: 47.779 GC heap before
{Heap before GC invocations=14 (full 1):
 PSYoungGen      total 160256K, used 20162K [0x3bcc0000, 0x46540000, 0x51200000)
  eden space 150528K, 7% used [0x3bcc0000,0x3c7b3aa8,0x44fc0000)
  from space 9728K, 91% used [0x45bc0000,0x4647ceb0,0x46540000)
  to   space 11008K, 0% used [0x44fc0000,0x44fc0000,0x45a80000)
 ParOldGen       total 21504K, used 10960K [0x11200000, 0x12700000, 0x3bcc0000)
  object space 21504K, 50% used [0x11200000,0x11cb4168,0x12700000)
 Metaspace       used 26693K, capacity 27251K, committed 27308K, reserved 28032K
Event: 47.810 GC heap after
Heap after GC invocations=14 (full 1):
 PSYoungGen      total 161536K, used 1373K [0x3bcc0000, 0x4ab00000, 0x51200000)
  eden space 150528K, 0% used [0x3bcc0000,0x3bcc0000,0x44fc0000)
  from space 11008K, 12% used [0x44fc0000,0x45117790,0x45a80000)
  to   space 11008K, 0% used [0x4a040000,0x4a040000,0x4ab00000)
 ParOldGen       total 21504K, used 15174K [0x11200000, 0x12700000, 0x3bcc0000)
  object space 21504K, 70% used [0x11200000,0x120d1880,0x12700000)
 Metaspace       used 26693K, capacity 27251K, committed 27308K, reserved 28032K
}
Event: 47.810 GC heap before
{Heap before GC invocations=15 (full 2):
 PSYoungGen      total 161536K, used 1373K [0x3bcc0000, 0x4ab00000, 0x51200000)
  eden space 150528K, 0% used [0x3bcc0000,0x3bcc0000,0x44fc0000)
  from space 11008K, 12% used [0x44fc0000,0x45117790,0x45a80000)
  to   space 11008K, 0% used [0x4a040000,0x4a040000,0x4ab00000)
 ParOldGen       total 21504K, used 15174K [0x11200000, 0x12700000, 0x3bcc0000)
  object space 21504K, 70% used [0x11200000,0x120d1880,0x12700000)
 Metaspace       used 26693K, capacity 27251K, committed 27308K, reserved 28032K
Event: 48.015 GC heap after
Heap after GC invocations=15 (full 2):
 PSYoungGen      total 161536K, used 0K [0x3bcc0000, 0x4ab00000, 0x51200000)
  eden space 150528K, 0% used [0x3bcc0000,0x3bcc0000,0x44fc0000)
  from space 11008K, 0% used [0x44fc0000,0x44fc0000,0x45a80000)
  to   space 11008K, 0% used [0x4a040000,0x4a040000,0x4ab00000)
 ParOldGen       total 33280K, used 15860K [0x11200000, 0x13280000, 0x3bcc0000)
  object space 33280K, 47% used [0x11200000,0x1217d098,0x13280000)
 Metaspace       used 26692K, capacity 27248K, committed 27308K, reserved 28032K
}
Event: 60.308 GC heap before
{Heap before GC invocations=16 (full 2):
 PSYoungGen      total 161536K, used 150528K [0x3bcc0000, 0x4ab00000, 0x51200000)
  eden space 150528K, 100% used [0x3bcc0000,0x44fc0000,0x44fc0000)
  from space 11008K, 0% used [0x44fc0000,0x44fc0000,0x45a80000)
  to   space 11008K, 0% used [0x4a040000,0x4a040000,0x4ab00000)
 ParOldGen       total 33280K, used 15860K [0x11200000, 0x13280000, 0x3bcc0000)
  object space 33280K, 47% used [0x11200000,0x1217d098,0x13280000)
 Metaspace       used 35148K, capacity 36071K, committed 36096K, reserved 36224K
Event: 60.783 GC heap after
Heap after GC invocations=16 (full 2):
 PSYoungGen      total 161536K, used 11004K [0x3bcc0000, 0x4ab00000, 0x51200000)
  eden space 150528K, 0% used [0x3bcc0000,0x3bcc0000,0x44fc0000)
  from space 11008K, 99% used [0x4a040000,0x4aaff1b0,0x4ab00000)
  to   space 11008K, 0% used [0x44fc0000,0x44fc0000,0x45a80000)
 ParOldGen       total 33280K, used 22652K [0x11200000, 0x13280000, 0x3bcc0000)
  object space 33280K, 68% used [0x11200000,0x1281f2e8,0x13280000)
 Metaspace       used 35148K, capacity 36071K, committed 36096K, reserved 36224K
}

