# JRE version: OpenJDK Runtime Environment (8.0_212-b04) (build 1.8.0_212-release-1586-b04)
# Java VM: OpenJDK Server VM (25.212-b04 mixed mode windows-x86 )
Heap:
 PSYoungGen      total 306176K, used 270170K [0x3c4c0000, 0x515c0000, 0x51a00000)
  eden space 284928K, 91% used [0x3c4c0000,0x4c41a360,0x4db00000)
  from space 21248K, 40% used [0x4eec0000,0x4f73c788,0x50380000)
  to   space 20224K, 0% used [0x4db00000,0x4db00000,0x4eec0000)
 ParOldGen       total 75264K, used 48839K [0x11a00000, 0x16380000, 0x3c4c0000)
  object space 75264K, 64% used [0x11a00000,0x149b1d98,0x16380000)
 Metaspace       used 55030K, capacity 56511K, committed 56576K, reserved 56704K
GC Heap History (10 events):
Event: 193.302 GC heap before
{Heap before GC invocations=26 (full 3):
 PSYoungGen      total 217600K, used 207616K [0x3c4c0000, 0x4f580000, 0x51a00000)
  eden space 207616K, 100% used [0x3c4c0000,0x48f80000,0x48f80000)
  from space 9984K, 0% used [0x4ebc0000,0x4ebc0000,0x4f580000)
  to   space 12800K, 0% used [0x4dc80000,0x4dc80000,0x4e900000)
 ParOldGen       total 52736K, used 31334K [0x11a00000, 0x14d80000, 0x3c4c0000)
  object space 52736K, 59% used [0x11a00000,0x13899ac0,0x14d80000)
 Metaspace       used 44855K, capacity 46044K, committed 46080K, reserved 46464K
Event: 193.381 GC heap after
Heap after GC invocations=26 (full 3):
 PSYoungGen      total 273152K, used 12789K [0x3c4c0000, 0x4ec00000, 0x51a00000)
  eden space 260352K, 0% used [0x3c4c0000,0x3c4c0000,0x4c300000)
  from space 12800K, 99% used [0x4dc80000,0x4e8fd450,0x4e900000)
  to   space 3072K, 0% used [0x4e900000,0x4e900000,0x4ec00000)
 ParOldGen       total 52736K, used 37471K [0x11a00000, 0x14d80000, 0x3c4c0000)
  object space 52736K, 71% used [0x11a00000,0x13e97c78,0x14d80000)
 Metaspace       used 44855K, capacity 46044K, committed 46080K, reserved 46464K
}
Event: 217.346 GC heap before
{Heap before GC invocations=27 (full 3):
 PSYoungGen      total 273152K, used 273141K [0x3c4c0000, 0x4ec00000, 0x51a00000)
  eden space 260352K, 100% used [0x3c4c0000,0x4c300000,0x4c300000)
  from space 12800K, 99% used [0x4dc80000,0x4e8fd450,0x4e900000)
  to   space 3072K, 0% used [0x4e900000,0x4e900000,0x4ec00000)
 ParOldGen       total 52736K, used 37471K [0x11a00000, 0x14d80000, 0x3c4c0000)
  object space 52736K, 71% used [0x11a00000,0x13e97c78,0x14d80000)
 Metaspace       used 47815K, capacity 49059K, committed 49152K, reserved 49536K
Event: 217.425 GC heap after
Heap after GC invocations=27 (full 3):
 PSYoungGen      total 251392K, used 3067K [0x3c4c0000, 0x4ec00000, 0x51a00000)
  eden space 248320K, 0% used [0x3c4c0000,0x3c4c0000,0x4b740000)
  from space 3072K, 99% used [0x4e900000,0x4ebfec58,0x4ec00000)
  to   space 21504K, 0% used [0x4c200000,0x4c200000,0x4d700000)
 ParOldGen       total 54272K, used 54019K [0x11a00000, 0x14f00000, 0x3c4c0000)
  object space 54272K, 99% used [0x11a00000,0x14ec0ed0,0x14f00000)
 Metaspace       used 47815K, capacity 49059K, committed 49152K, reserved 49536K
}
Event: 217.425 GC heap before
{Heap before GC invocations=28 (full 4):
 PSYoungGen      total 251392K, used 3067K [0x3c4c0000, 0x4ec00000, 0x51a00000)
  eden space 248320K, 0% used [0x3c4c0000,0x3c4c0000,0x4b740000)
  from space 3072K, 99% used [0x4e900000,0x4ebfec58,0x4ec00000)
  to   space 21504K, 0% used [0x4c200000,0x4c200000,0x4d700000)
 ParOldGen       total 54272K, used 54019K [0x11a00000, 0x14f00000, 0x3c4c0000)
  object space 54272K, 99% used [0x11a00000,0x14ec0ed0,0x14f00000)
 Metaspace       used 47815K, capacity 49059K, committed 49152K, reserved 49536K
Event: 217.769 GC heap after
Heap after GC invocations=28 (full 4):
 PSYoungGen      total 251392K, used 0K [0x3c4c0000, 0x4ec00000, 0x51a00000)
  eden space 248320K, 0% used [0x3c4c0000,0x3c4c0000,0x4b740000)
  from space 3072K, 0% used [0x4e900000,0x4e900000,0x4ec00000)
  to   space 21504K, 0% used [0x4c200000,0x4c200000,0x4d700000)
 ParOldGen       total 75264K, used 42789K [0x11a00000, 0x16380000, 0x3c4c0000)
  object space 75264K, 56% used [0x11a00000,0x143c9790,0x16380000)
 Metaspace       used 47806K, capacity 49036K, committed 49152K, reserved 49536K
}
Event: 237.446 GC heap before
{Heap before GC invocations=29 (full 4):
 PSYoungGen      total 251392K, used 248320K [0x3c4c0000, 0x4ec00000, 0x51a00000)
  eden space 248320K, 100% used [0x3c4c0000,0x4b740000,0x4b740000)
  from space 3072K, 0% used [0x4e900000,0x4e900000,0x4ec00000)
  to   space 21504K, 0% used [0x4c200000,0x4c200000,0x4d700000)
 ParOldGen       total 75264K, used 42793K [0x11a00000, 0x16380000, 0x3c4c0000)
  object space 75264K, 56% used [0x11a00000,0x143ca7a0,0x16380000)
 Metaspace       used 50907K, capacity 52206K, committed 52224K, reserved 52608K
Event: 237.491 GC heap after
Heap after GC invocations=29 (full 4):
 PSYoungGen      total 280832K, used 10561K [0x3c4c0000, 0x50380000, 0x51a00000)
  eden space 259328K, 0% used [0x3c4c0000,0x3c4c0000,0x4c200000)
  from space 21504K, 49% used [0x4c200000,0x4cc50540,0x4d700000)
  to   space 21248K, 0% used [0x4eec0000,0x4eec0000,0x50380000)
 ParOldGen       total 75264K, used 42797K [0x11a00000, 0x16380000, 0x3c4c0000)
  object space 75264K, 56% used [0x11a00000,0x143cb7a0,0x16380000)
 Metaspace       used 50907K, capacity 52206K, committed 52224K, reserved 52608K
}
Event: 243.299 GC heap before
{Heap before GC invocations=30 (full 4):
 PSYoungGen      total 280832K, used 269889K [0x3c4c0000, 0x50380000, 0x51a00000)
  eden space 259328K, 100% used [0x3c4c0000,0x4c200000,0x4c200000)
  from space 21504K, 49% used [0x4c200000,0x4cc50540,0x4d700000)
  to   space 21248K, 0% used [0x4eec0000,0x4eec0000,0x50380000)
 ParOldGen       total 75264K, used 42806K [0x11a00000, 0x16380000, 0x3c4c0000)
  object space 75264K, 56% used [0x11a00000,0x143cdae8,0x16380000)
 Metaspace       used 51184K, capacity 52467K, committed 52480K, reserved 52608K
Event: 243.388 GC heap after
Heap after GC invocations=30 (full 4):
 PSYoungGen      total 306176K, used 8689K [0x3c4c0000, 0x515c0000, 0x51a00000)
  eden space 284928K, 0% used [0x3c4c0000,0x3c4c0000,0x4db00000)
  from space 21248K, 40% used [0x4eec0000,0x4f73c788,0x50380000)
  to   space 20224K, 0% used [0x4db00000,0x4db00000,0x4eec0000)
 ParOldGen       total 75264K, used 48839K [0x11a00000, 0x16380000, 0x3c4c0000)
  object space 75264K, 64% used [0x11a00000,0x149b1d98,0x16380000)
 Metaspace       used 51184K, capacity 52467K, committed 52480K, reserved 52608K
}

