# JRE version: OpenJDK Runtime Environment (8.0_212-b04) (build 1.8.0_212-release-1586-b04)
# Java VM: OpenJDK Server VM (25.212-b04 mixed mode windows-x86 )
Heap:
 PSYoungGen      total 111360K, used 13947K [0x3bcc0000, 0x431c0000, 0x51200000)
  eden space 102912K, 5% used [0x3bcc0000,0x3c221158,0x42140000)
  from space 8448K, 99% used [0x42140000,0x4297de20,0x42980000)
  to   space 7936K, 0% used [0x42a00000,0x42a00000,0x431c0000)
 ParOldGen       total 22784K, used 9006K [0x11200000, 0x12840000, 0x3bcc0000)
  object space 22784K, 39% used [0x11200000,0x11acbb48,0x12840000)
 Metaspace       used 21495K, capacity 21876K, committed 22016K, reserved 22912K
GC Heap History (10 events):
Event: 4.803 GC heap before
{Heap before GC invocations=7 (full 0):
 PSYoungGen      total 35584K, used 35093K [0x3bcc0000, 0x3e240000, 0x51200000)
  eden space 32768K, 100% used [0x3bcc0000,0x3dcc0000,0x3dcc0000)
  from space 2816K, 82% used [0x3df80000,0x3e1c5660,0x3e240000)
  to   space 2816K, 0% used [0x3dcc0000,0x3dcc0000,0x3df80000)
 ParOldGen       total 22016K, used 2746K [0x11200000, 0x12780000, 0x3bcc0000)
  object space 22016K, 12% used [0x11200000,0x114ae8a0,0x12780000)
 Metaspace       used 8386K, capacity 8667K, committed 8704K, reserved 9600K
Event: 4.827 GC heap after
Heap after GC invocations=7 (full 0):
 PSYoungGen      total 35584K, used 2803K [0x3bcc0000, 0x405c0000, 0x51200000)
  eden space 32768K, 0% used [0x3bcc0000,0x3bcc0000,0x3dcc0000)
  from space 2816K, 99% used [0x3dcc0000,0x3df7cef8,0x3df80000)
  to   space 4608K, 0% used [0x40140000,0x40140000,0x405c0000)
 ParOldGen       total 22016K, used 5485K [0x11200000, 0x12780000, 0x3bcc0000)
  object space 22016K, 24% used [0x11200000,0x1175b768,0x12780000)
 Metaspace       used 8386K, capacity 8667K, committed 8704K, reserved 9600K
}
Event: 5.520 GC heap before
{Heap before GC invocations=8 (full 0):
 PSYoungGen      total 35584K, used 35571K [0x3bcc0000, 0x405c0000, 0x51200000)
  eden space 32768K, 100% used [0x3bcc0000,0x3dcc0000,0x3dcc0000)
  from space 2816K, 99% used [0x3dcc0000,0x3df7cef8,0x3df80000)
  to   space 4608K, 0% used [0x40140000,0x40140000,0x405c0000)
 ParOldGen       total 22016K, used 5485K [0x11200000, 0x12780000, 0x3bcc0000)
  object space 22016K, 24% used [0x11200000,0x1175b768,0x12780000)
 Metaspace       used 9967K, capacity 10250K, committed 10368K, reserved 10624K
Event: 5.547 GC heap after
Heap after GC invocations=8 (full 0):
 PSYoungGen      total 68864K, used 4603K [0x3bcc0000, 0x40840000, 0x51200000)
  eden space 64256K, 0% used [0x3bcc0000,0x3bcc0000,0x3fb80000)
  from space 4608K, 99% used [0x40140000,0x405bec78,0x405c0000)
  to   space 5888K, 0% used [0x3fb80000,0x3fb80000,0x40140000)
 ParOldGen       total 22016K, used 6521K [0x11200000, 0x12780000, 0x3bcc0000)
  object space 22016K, 29% used [0x11200000,0x1185e4e0,0x12780000)
 Metaspace       used 9967K, capacity 10250K, committed 10368K, reserved 10624K
}
Event: 12.464 GC heap before
{Heap before GC invocations=9 (full 0):
 PSYoungGen      total 68864K, used 68859K [0x3bcc0000, 0x40840000, 0x51200000)
  eden space 64256K, 100% used [0x3bcc0000,0x3fb80000,0x3fb80000)
  from space 4608K, 99% used [0x40140000,0x405bec78,0x405c0000)
  to   space 5888K, 0% used [0x3fb80000,0x3fb80000,0x40140000)
 ParOldGen       total 22016K, used 6521K [0x11200000, 0x12780000, 0x3bcc0000)
  object space 22016K, 29% used [0x11200000,0x1185e4e0,0x12780000)
 Metaspace       used 15908K, capacity 16208K, committed 16256K, reserved 16768K
Event: 12.509 GC heap after
Heap after GC invocations=9 (full 0):
 PSYoungGen      total 70144K, used 5879K [0x3bcc0000, 0x432c0000, 0x51200000)
  eden space 64256K, 0% used [0x3bcc0000,0x3bcc0000,0x3fb80000)
  from space 5888K, 99% used [0x3fb80000,0x4013dd28,0x40140000)
  to   space 8960K, 0% used [0x42a00000,0x42a00000,0x432c0000)
 ParOldGen       total 22016K, used 12157K [0x11200000, 0x12780000, 0x3bcc0000)
  object space 22016K, 55% used [0x11200000,0x11ddf6b0,0x12780000)
 Metaspace       used 15908K, capacity 16208K, committed 16256K, reserved 16768K
}
Event: 12.676 GC heap before
{Heap before GC invocations=10 (full 0):
 PSYoungGen      total 70144K, used 8093K [0x3bcc0000, 0x432c0000, 0x51200000)
  eden space 64256K, 3% used [0x3bcc0000,0x3bee99e0,0x3fb80000)
  from space 5888K, 99% used [0x3fb80000,0x4013dd28,0x40140000)
  to   space 8960K, 0% used [0x42a00000,0x42a00000,0x432c0000)
 ParOldGen       total 22016K, used 12157K [0x11200000, 0x12780000, 0x3bcc0000)
  object space 22016K, 55% used [0x11200000,0x11ddf6b0,0x12780000)
 Metaspace       used 16067K, capacity 16368K, committed 16384K, reserved 16768K
Event: 12.699 GC heap after
Heap after GC invocations=10 (full 0):
 PSYoungGen      total 110848K, used 3516K [0x3bcc0000, 0x431c0000, 0x51200000)
  eden space 102912K, 0% used [0x3bcc0000,0x3bcc0000,0x42140000)
  from space 7936K, 44% used [0x42a00000,0x42d6f1b8,0x431c0000)
  to   space 8448K, 0% used [0x42140000,0x42140000,0x42980000)
 ParOldGen       total 22016K, used 14242K [0x11200000, 0x12780000, 0x3bcc0000)
  object space 22016K, 64% used [0x11200000,0x11fe8868,0x12780000)
 Metaspace       used 16067K, capacity 16368K, committed 16384K, reserved 16768K
}
Event: 12.699 GC heap before
{Heap before GC invocations=11 (full 1):
 PSYoungGen      total 110848K, used 3516K [0x3bcc0000, 0x431c0000, 0x51200000)
  eden space 102912K, 0% used [0x3bcc0000,0x3bcc0000,0x42140000)
  from space 7936K, 44% used [0x42a00000,0x42d6f1b8,0x431c0000)
  to   space 8448K, 0% used [0x42140000,0x42140000,0x42980000)
 ParOldGen       total 22016K, used 14242K [0x11200000, 0x12780000, 0x3bcc0000)
  object space 22016K, 64% used [0x11200000,0x11fe8868,0x12780000)
 Metaspace       used 16067K, capacity 16368K, committed 16384K, reserved 16768K
Event: 12.839 GC heap after
Heap after GC invocations=11 (full 1):
 PSYoungGen      total 110848K, used 0K [0x3bcc0000, 0x431c0000, 0x51200000)
  eden space 102912K, 0% used [0x3bcc0000,0x3bcc0000,0x42140000)
  from space 7936K, 0% used [0x42a00000,0x42a00000,0x431c0000)
  to   space 8448K, 0% used [0x42140000,0x42140000,0x42980000)
 ParOldGen       total 22784K, used 8717K [0x11200000, 0x12840000, 0x3bcc0000)
  object space 22784K, 38% used [0x11200000,0x11a83698,0x12840000)
 Metaspace       used 16067K, capacity 16368K, committed 16384K, reserved 16768K
}

