# JRE version: OpenJDK Runtime Environment (8.0_212-b04) (build 1.8.0_212-release-1586-b04)
# Java VM: OpenJDK Server VM (25.212-b04 mixed mode windows-x86 )
Heap:
 PSYoungGen      total 17408K, used 16639K [0x3c2c0000, 0x3d580000, 0x51800000)
  eden space 15616K, 100% used [0x3c2c0000,0x3d200000,0x3d200000)
  from space 1792K, 57% used [0x3d200000,0x3d2ffcc8,0x3d3c0000)
  to   space 1792K, 0% used [0x3d3c0000,0x3d3c0000,0x3d580000)
 ParOldGen       total 17408K, used 11571K [0x11800000, 0x12900000, 0x3c2c0000)
  object space 17408K, 66% used [0x11800000,0x1234ccf8,0x12900000)
 Metaspace       used 22826K, capacity 23234K, committed 23296K, reserved 23936K
GC Heap History (10 events):
Event: 47.708 GC heap before
{Heap before GC invocations=34 (full 1):
 PSYoungGen      total 12032K, used 11246K [0x3c2c0000, 0x3d080000, 0x51800000)
  eden space 10496K, 100% used [0x3c2c0000,0x3cd00000,0x3cd00000)
  from space 1536K, 48% used [0x3cf00000,0x3cfbbb90,0x3d080000)
  to   space 1792K, 0% used [0x3cd00000,0x3cd00000,0x3cec0000)
 ParOldGen       total 17408K, used 10071K [0x11800000, 0x12900000, 0x3c2c0000)
  object space 17408K, 57% used [0x11800000,0x121d5ff0,0x12900000)
 Metaspace       used 20554K, capacity 20916K, committed 20992K, reserved 21888K
Event: 47.713 GC heap after
Heap after GC invocations=34 (full 1):
 PSYoungGen      total 12288K, used 707K [0x3c2c0000, 0x3d2c0000, 0x51800000)
  eden space 10496K, 0% used [0x3c2c0000,0x3c2c0000,0x3cd00000)
  from space 1792K, 39% used [0x3cd00000,0x3cdb0ff8,0x3cec0000)
  to   space 1792K, 0% used [0x3d100000,0x3d100000,0x3d2c0000)
 ParOldGen       total 17408K, used 10458K [0x11800000, 0x12900000, 0x3c2c0000)
  object space 17408K, 60% used [0x11800000,0x12236980,0x12900000)
 Metaspace       used 20554K, capacity 20916K, committed 20992K, reserved 21888K
}
Event: 48.329 GC heap before
{Heap before GC invocations=35 (full 1):
 PSYoungGen      total 12288K, used 11203K [0x3c2c0000, 0x3d2c0000, 0x51800000)
  eden space 10496K, 100% used [0x3c2c0000,0x3cd00000,0x3cd00000)
  from space 1792K, 39% used [0x3cd00000,0x3cdb0ff8,0x3cec0000)
  to   space 1792K, 0% used [0x3d100000,0x3d100000,0x3d2c0000)
 ParOldGen       total 17408K, used 10458K [0x11800000, 0x12900000, 0x3c2c0000)
  object space 17408K, 60% used [0x11800000,0x12236980,0x12900000)
 Metaspace       used 20831K, capacity 21172K, committed 21248K, reserved 21888K
Event: 48.333 GC heap after
Heap after GC invocations=35 (full 1):
 PSYoungGen      total 14592K, used 645K [0x3c2c0000, 0x3d2c0000, 0x51800000)
  eden space 12800K, 0% used [0x3c2c0000,0x3c2c0000,0x3cf40000)
  from space 1792K, 35% used [0x3d100000,0x3d1a1410,0x3d2c0000)
  to   space 1792K, 0% used [0x3cf40000,0x3cf40000,0x3d100000)
 ParOldGen       total 17408K, used 10813K [0x11800000, 0x12900000, 0x3c2c0000)
  object space 17408K, 62% used [0x11800000,0x1228f540,0x12900000)
 Metaspace       used 20831K, capacity 21172K, committed 21248K, reserved 21888K
}
Event: 49.141 GC heap before
{Heap before GC invocations=36 (full 1):
 PSYoungGen      total 14592K, used 13445K [0x3c2c0000, 0x3d2c0000, 0x51800000)
  eden space 12800K, 100% used [0x3c2c0000,0x3cf40000,0x3cf40000)
  from space 1792K, 35% used [0x3d100000,0x3d1a1410,0x3d2c0000)
  to   space 1792K, 0% used [0x3cf40000,0x3cf40000,0x3d100000)
 ParOldGen       total 17408K, used 10813K [0x11800000, 0x12900000, 0x3c2c0000)
  object space 17408K, 62% used [0x11800000,0x1228f540,0x12900000)
 Metaspace       used 21313K, capacity 21684K, committed 21760K, reserved 21888K
Event: 49.149 GC heap after
Heap after GC invocations=36 (full 1):
 PSYoungGen      total 14592K, used 1034K [0x3c2c0000, 0x3d580000, 0x51800000)
  eden space 12800K, 0% used [0x3c2c0000,0x3c2c0000,0x3cf40000)
  from space 1792K, 57% used [0x3cf40000,0x3d042bf8,0x3d100000)
  to   space 1792K, 0% used [0x3d3c0000,0x3d3c0000,0x3d580000)
 ParOldGen       total 17408K, used 10935K [0x11800000, 0x12900000, 0x3c2c0000)
  object space 17408K, 62% used [0x11800000,0x122add30,0x12900000)
 Metaspace       used 21313K, capacity 21684K, committed 21760K, reserved 21888K
}
Event: 49.597 GC heap before
{Heap before GC invocations=37 (full 1):
 PSYoungGen      total 14592K, used 13834K [0x3c2c0000, 0x3d580000, 0x51800000)
  eden space 12800K, 100% used [0x3c2c0000,0x3cf40000,0x3cf40000)
  from space 1792K, 57% used [0x3cf40000,0x3d042bf8,0x3d100000)
  to   space 1792K, 0% used [0x3d3c0000,0x3d3c0000,0x3d580000)
 ParOldGen       total 17408K, used 10935K [0x11800000, 0x12900000, 0x3c2c0000)
  object space 17408K, 62% used [0x11800000,0x122add30,0x12900000)
 Metaspace       used 21773K, capacity 22100K, committed 22144K, reserved 22912K
Event: 49.608 GC heap after
Heap after GC invocations=37 (full 1):
 PSYoungGen      total 17408K, used 985K [0x3c2c0000, 0x3d580000, 0x51800000)
  eden space 15616K, 0% used [0x3c2c0000,0x3c2c0000,0x3d200000)
  from space 1792K, 55% used [0x3d3c0000,0x3d4b67e8,0x3d580000)
  to   space 1792K, 0% used [0x3d200000,0x3d200000,0x3d3c0000)
 ParOldGen       total 17408K, used 11176K [0x11800000, 0x12900000, 0x3c2c0000)
  object space 17408K, 64% used [0x11800000,0x122ea270,0x12900000)
 Metaspace       used 21773K, capacity 22100K, committed 22144K, reserved 22912K
}
Event: 50.215 GC heap before
{Heap before GC invocations=38 (full 1):
 PSYoungGen      total 17408K, used 16601K [0x3c2c0000, 0x3d580000, 0x51800000)
  eden space 15616K, 100% used [0x3c2c0000,0x3d200000,0x3d200000)
  from space 1792K, 55% used [0x3d3c0000,0x3d4b67e8,0x3d580000)
  to   space 1792K, 0% used [0x3d200000,0x3d200000,0x3d3c0000)
 ParOldGen       total 17408K, used 11176K [0x11800000, 0x12900000, 0x3c2c0000)
  object space 17408K, 64% used [0x11800000,0x122ea270,0x12900000)
 Metaspace       used 22222K, capacity 22548K, committed 22656K, reserved 22912K
Event: 50.221 GC heap after
Heap after GC invocations=38 (full 1):
 PSYoungGen      total 17408K, used 1023K [0x3c2c0000, 0x3d580000, 0x51800000)
  eden space 15616K, 0% used [0x3c2c0000,0x3c2c0000,0x3d200000)
  from space 1792K, 57% used [0x3d200000,0x3d2ffcc8,0x3d3c0000)
  to   space 1792K, 0% used [0x3d3c0000,0x3d3c0000,0x3d580000)
 ParOldGen       total 17408K, used 11571K [0x11800000, 0x12900000, 0x3c2c0000)
  object space 17408K, 66% used [0x11800000,0x1234ccf8,0x12900000)
 Metaspace       used 22222K, capacity 22548K, committed 22656K, reserved 22912K
}

