# JRE version: OpenJDK Runtime Environment (8.0_212-b04) (build 1.8.0_212-release-1586-b04)
# Java VM: OpenJDK Server VM (25.212-b04 mixed mode windows-x86 )
Heap:
 PSYoungGen      total 66816K, used 20485K [0x3bcc0000, 0x40900000, 0x51200000)
  eden space 58112K, 28% used [0x3bcc0000,0x3ccdbd58,0x3f580000)
  from space 8704K, 45% used [0x40080000,0x40465738,0x40900000)
  to   space 9984K, 0% used [0x3f580000,0x3f580000,0x3ff40000)
 ParOldGen       total 77568K, used 55595K [0x11200000, 0x15dc0000, 0x3bcc0000)
  object space 77568K, 71% used [0x11200000,0x1484af98,0x15dc0000)
 Metaspace       used 57406K, capacity 58908K, committed 59008K, reserved 59776K
GC Heap History (10 events):
Event: 3170.424 GC heap before
{Heap before GC invocations=73 (full 4):
 PSYoungGen      total 56064K, used 51679K [0x3bcc0000, 0x3fe00000, 0x51200000)
  eden space 46336K, 100% used [0x3bcc0000,0x3ea00000,0x3ea00000)
  from space 9728K, 54% used [0x3f480000,0x3f9b7e80,0x3fe00000)
  to   space 10240K, 0% used [0x3ea00000,0x3ea00000,0x3f400000)
 ParOldGen       total 52480K, used 42740K [0x11200000, 0x14540000, 0x3bcc0000)
  object space 52480K, 81% used [0x11200000,0x13bbd390,0x14540000)
 Metaspace       used 56052K, capacity 57541K, committed 57600K, reserved 57728K
Event: 3170.463 GC heap after
Heap after GC invocations=73 (full 4):
 PSYoungGen      total 56576K, used 6838K [0x3bcc0000, 0x40400000, 0x51200000)
  eden space 46336K, 0% used [0x3bcc0000,0x3bcc0000,0x3ea00000)
  from space 10240K, 66% used [0x3ea00000,0x3f0ad850,0x3f400000)
  to   space 10240K, 0% used [0x3fa00000,0x3fa00000,0x40400000)
 ParOldGen       total 52480K, used 46445K [0x11200000, 0x14540000, 0x3bcc0000)
  object space 52480K, 88% used [0x11200000,0x13f5b620,0x14540000)
 Metaspace       used 56052K, capacity 57541K, committed 57600K, reserved 57728K
}
Event: 3174.636 GC heap before
{Heap before GC invocations=74 (full 4):
 PSYoungGen      total 56576K, used 53174K [0x3bcc0000, 0x40400000, 0x51200000)
  eden space 46336K, 100% used [0x3bcc0000,0x3ea00000,0x3ea00000)
  from space 10240K, 66% used [0x3ea00000,0x3f0ad850,0x3f400000)
  to   space 10240K, 0% used [0x3fa00000,0x3fa00000,0x40400000)
 ParOldGen       total 52480K, used 46445K [0x11200000, 0x14540000, 0x3bcc0000)
  object space 52480K, 88% used [0x11200000,0x13f5b620,0x14540000)
 Metaspace       used 56353K, capacity 57844K, committed 57984K, reserved 58752K
Event: 3174.688 GC heap after
Heap after GC invocations=74 (full 4):
 PSYoungGen      total 62208K, used 7228K [0x3bcc0000, 0x40500000, 0x51200000)
  eden space 51968K, 0% used [0x3bcc0000,0x3bcc0000,0x3ef80000)
  from space 10240K, 70% used [0x3fa00000,0x4010f140,0x40400000)
  to   space 10752K, 0% used [0x3ef80000,0x3ef80000,0x3fa00000)
 ParOldGen       total 52736K, used 52678K [0x11200000, 0x14580000, 0x3bcc0000)
  object space 52736K, 99% used [0x11200000,0x145719e0,0x14580000)
 Metaspace       used 56353K, capacity 57844K, committed 57984K, reserved 58752K
}
Event: 3174.688 GC heap before
{Heap before GC invocations=75 (full 5):
 PSYoungGen      total 62208K, used 7228K [0x3bcc0000, 0x40500000, 0x51200000)
  eden space 51968K, 0% used [0x3bcc0000,0x3bcc0000,0x3ef80000)
  from space 10240K, 70% used [0x3fa00000,0x4010f140,0x40400000)
  to   space 10752K, 0% used [0x3ef80000,0x3ef80000,0x3fa00000)
 ParOldGen       total 52736K, used 52678K [0x11200000, 0x14580000, 0x3bcc0000)
  object space 52736K, 99% used [0x11200000,0x145719e0,0x14580000)
 Metaspace       used 56353K, capacity 57844K, committed 57984K, reserved 58752K
Event: 3175.449 GC heap after
Heap after GC invocations=75 (full 5):
 PSYoungGen      total 62208K, used 0K [0x3bcc0000, 0x40500000, 0x51200000)
  eden space 51968K, 0% used [0x3bcc0000,0x3bcc0000,0x3ef80000)
  from space 10240K, 0% used [0x3fa00000,0x3fa00000,0x40400000)
  to   space 10752K, 0% used [0x3ef80000,0x3ef80000,0x3fa00000)
 ParOldGen       total 77568K, used 52591K [0x11200000, 0x15dc0000, 0x3bcc0000)
  object space 77568K, 67% used [0x11200000,0x1455bd00,0x15dc0000)
 Metaspace       used 56334K, capacity 57806K, committed 57984K, reserved 58752K
}
Event: 3181.527 GC heap before
{Heap before GC invocations=76 (full 5):
 PSYoungGen      total 62208K, used 51968K [0x3bcc0000, 0x40500000, 0x51200000)
  eden space 51968K, 100% used [0x3bcc0000,0x3ef80000,0x3ef80000)
  from space 10240K, 0% used [0x3fa00000,0x3fa00000,0x40400000)
  to   space 10752K, 0% used [0x3ef80000,0x3ef80000,0x3fa00000)
 ParOldGen       total 77568K, used 52591K [0x11200000, 0x15dc0000, 0x3bcc0000)
  object space 77568K, 67% used [0x11200000,0x1455bd00,0x15dc0000)
 Metaspace       used 56573K, capacity 58065K, committed 58112K, reserved 58752K
Event: 3181.544 GC heap after
Heap after GC invocations=76 (full 5):
 PSYoungGen      total 62720K, used 3481K [0x3bcc0000, 0x40ac0000, 0x51200000)
  eden space 51968K, 0% used [0x3bcc0000,0x3bcc0000,0x3ef80000)
  from space 10752K, 32% used [0x3ef80000,0x3f2e6740,0x3fa00000)
  to   space 10496K, 0% used [0x40080000,0x40080000,0x40ac0000)
 ParOldGen       total 77568K, used 52595K [0x11200000, 0x15dc0000, 0x3bcc0000)
  object space 77568K, 67% used [0x11200000,0x1455cd00,0x15dc0000)
 Metaspace       used 56573K, capacity 58065K, committed 58112K, reserved 58752K
}
Event: 3216.044 GC heap before
{Heap before GC invocations=77 (full 5):
 PSYoungGen      total 62720K, used 55449K [0x3bcc0000, 0x40ac0000, 0x51200000)
  eden space 51968K, 100% used [0x3bcc0000,0x3ef80000,0x3ef80000)
  from space 10752K, 32% used [0x3ef80000,0x3f2e6740,0x3fa00000)
  to   space 10496K, 0% used [0x40080000,0x40080000,0x40ac0000)
 ParOldGen       total 77568K, used 52595K [0x11200000, 0x15dc0000, 0x3bcc0000)
  object space 77568K, 67% used [0x11200000,0x1455cd00,0x15dc0000)
 Metaspace       used 57322K, capacity 58827K, committed 58880K, reserved 59776K
Event: 3216.080 GC heap after
Heap after GC invocations=77 (full 5):
 PSYoungGen      total 66816K, used 3989K [0x3bcc0000, 0x40900000, 0x51200000)
  eden space 58112K, 0% used [0x3bcc0000,0x3bcc0000,0x3f580000)
  from space 8704K, 45% used [0x40080000,0x40465738,0x40900000)
  to   space 9984K, 0% used [0x3f580000,0x3f580000,0x3ff40000)
 ParOldGen       total 77568K, used 55595K [0x11200000, 0x15dc0000, 0x3bcc0000)
  object space 77568K, 71% used [0x11200000,0x1484af98,0x15dc0000)
 Metaspace       used 57322K, capacity 58827K, committed 58880K, reserved 59776K
}

