# JRE version: OpenJDK Runtime Environment (8.0_212-b04) (build 1.8.0_212-release-1586-b04)
# Java VM: OpenJDK Server VM (25.212-b04 mixed mode windows-x86 )
Heap:
 PSYoungGen      total 327424K, used 246446K [0x3b8c0000, 0x50e00000, 0x50e00000)
  eden space 305408K, 73% used [0x3b8c0000,0x493ed408,0x4e300000)
  from space 22016K, 99% used [0x4e300000,0x4f87e7a8,0x4f880000)
  to   space 22016K, 0% used [0x4f880000,0x4f880000,0x50e00000)
 ParOldGen       total 77312K, used 53206K [0x10e00000, 0x15980000, 0x3b8c0000)
  object space 77312K, 68% used [0x10e00000,0x141f5938,0x15980000)
 Metaspace       used 57632K, capacity 59147K, committed 59264K, reserved 59776K
GC Heap History (10 events):
Event: 178.992 GC heap before
{Heap before GC invocations=23 (full 3):
 PSYoungGen      total 337408K, used 337405K [0x3b8c0000, 0x50e00000, 0x50e00000)
  eden space 325376K, 100% used [0x3b8c0000,0x4f680000,0x4f680000)
  from space 12032K, 99% used [0x4f680000,0x5023f638,0x50240000)
  to   space 12032K, 0% used [0x50240000,0x50240000,0x50e00000)
 ParOldGen       total 42752K, used 22185K [0x10e00000, 0x137c0000, 0x3b8c0000)
  object space 42752K, 51% used [0x10e00000,0x123aa490,0x137c0000)
 Metaspace       used 45072K, capacity 46279K, committed 46336K, reserved 46464K
Event: 179.082 GC heap after
Heap after GC invocations=23 (full 3):
 PSYoungGen      total 320512K, used 12026K [0x3b8c0000, 0x50e00000, 0x50e00000)
  eden space 308480K, 0% used [0x3b8c0000,0x3b8c0000,0x4e600000)
  from space 12032K, 99% used [0x50240000,0x50dfe868,0x50e00000)
  to   space 20480K, 0% used [0x4e600000,0x4e600000,0x4fa00000)
 ParOldGen       total 42752K, used 32643K [0x10e00000, 0x137c0000, 0x3b8c0000)
  object space 42752K, 76% used [0x10e00000,0x12de0c98,0x137c0000)
 Metaspace       used 45072K, capacity 46279K, committed 46336K, reserved 46464K
}
Event: 229.506 GC heap before
{Heap before GC invocations=24 (full 3):
 PSYoungGen      total 320512K, used 320506K [0x3b8c0000, 0x50e00000, 0x50e00000)
  eden space 308480K, 100% used [0x3b8c0000,0x4e600000,0x4e600000)
  from space 12032K, 99% used [0x50240000,0x50dfe868,0x50e00000)
  to   space 20480K, 0% used [0x4e600000,0x4e600000,0x4fa00000)
 ParOldGen       total 42752K, used 32643K [0x10e00000, 0x137c0000, 0x3b8c0000)
  object space 42752K, 76% used [0x10e00000,0x12de0c98,0x137c0000)
 Metaspace       used 49012K, capacity 50386K, committed 50432K, reserved 50560K
Event: 229.744 GC heap after
Heap after GC invocations=24 (full 3):
 PSYoungGen      total 321536K, used 12804K [0x3b8c0000, 0x50e00000, 0x50e00000)
  eden space 308480K, 0% used [0x3b8c0000,0x3b8c0000,0x4e600000)
  from space 13056K, 98% used [0x4e600000,0x4f281018,0x4f2c0000)
  to   space 21248K, 0% used [0x4f940000,0x4f940000,0x50e00000)
 ParOldGen       total 42752K, used 42572K [0x10e00000, 0x137c0000, 0x3b8c0000)
  object space 42752K, 99% used [0x10e00000,0x13793038,0x137c0000)
 Metaspace       used 49012K, capacity 50386K, committed 50432K, reserved 50560K
}
Event: 229.779 GC heap before
{Heap before GC invocations=25 (full 4):
 PSYoungGen      total 321536K, used 12804K [0x3b8c0000, 0x50e00000, 0x50e00000)
  eden space 308480K, 0% used [0x3b8c0000,0x3b8c0000,0x4e600000)
  from space 13056K, 98% used [0x4e600000,0x4f281018,0x4f2c0000)
  to   space 21248K, 0% used [0x4f940000,0x4f940000,0x50e00000)
 ParOldGen       total 42752K, used 42572K [0x10e00000, 0x137c0000, 0x3b8c0000)
  object space 42752K, 99% used [0x10e00000,0x13793038,0x137c0000)
 Metaspace       used 49012K, capacity 50386K, committed 50432K, reserved 50560K
Event: 235.040 GC heap after
Heap after GC invocations=25 (full 4):
 PSYoungGen      total 321536K, used 3609K [0x3b8c0000, 0x50e00000, 0x50e00000)
  eden space 308480K, 0% used [0x3b8c0000,0x3b8c0000,0x4e600000)
  from space 13056K, 27% used [0x4e600000,0x4e986640,0x4f2c0000)
  to   space 21248K, 0% used [0x4f940000,0x4f940000,0x50e00000)
 ParOldGen       total 77312K, used 42694K [0x10e00000, 0x15980000, 0x3b8c0000)
  object space 77312K, 55% used [0x10e00000,0x137b1838,0x15980000)
 Metaspace       used 48959K, capacity 50249K, committed 50432K, reserved 50560K
}
Event: 272.464 GC heap before
{Heap before GC invocations=26 (full 4):
 PSYoungGen      total 321536K, used 312089K [0x3b8c0000, 0x50e00000, 0x50e00000)
  eden space 308480K, 100% used [0x3b8c0000,0x4e600000,0x4e600000)
  from space 13056K, 27% used [0x4e600000,0x4e986640,0x4f2c0000)
  to   space 21248K, 0% used [0x4f940000,0x4f940000,0x50e00000)
 ParOldGen       total 77312K, used 42694K [0x10e00000, 0x15980000, 0x3b8c0000)
  object space 77312K, 55% used [0x10e00000,0x137b1838,0x15980000)
 Metaspace       used 49588K, capacity 50882K, committed 50944K, reserved 51584K
Event: 273.379 GC heap after
Heap after GC invocations=26 (full 4):
 PSYoungGen      total 326656K, used 13756K [0x3b8c0000, 0x50e00000, 0x50e00000)
  eden space 305408K, 0% used [0x3b8c0000,0x3b8c0000,0x4e300000)
  from space 21248K, 64% used [0x4f940000,0x506af0d8,0x50e00000)
  to   space 22016K, 0% used [0x4e300000,0x4e300000,0x4f880000)
 ParOldGen       total 77312K, used 42698K [0x10e00000, 0x15980000, 0x3b8c0000)
  object space 77312K, 55% used [0x10e00000,0x137b2838,0x15980000)
 Metaspace       used 49588K, capacity 50882K, committed 50944K, reserved 51584K
}
Event: 446.761 GC heap before
{Heap before GC invocations=27 (full 4):
 PSYoungGen      total 326656K, used 319164K [0x3b8c0000, 0x50e00000, 0x50e00000)
  eden space 305408K, 100% used [0x3b8c0000,0x4e300000,0x4e300000)
  from space 21248K, 64% used [0x4f940000,0x506af0d8,0x50e00000)
  to   space 22016K, 0% used [0x4e300000,0x4e300000,0x4f880000)
 ParOldGen       total 77312K, used 42698K [0x10e00000, 0x15980000, 0x3b8c0000)
  object space 77312K, 55% used [0x10e00000,0x137b2838,0x15980000)
 Metaspace       used 54203K, capacity 55656K, committed 55680K, reserved 55680K
Event: 447.216 GC heap after
Heap after GC invocations=27 (full 4):
 PSYoungGen      total 327424K, used 22009K [0x3b8c0000, 0x50e00000, 0x50e00000)
  eden space 305408K, 0% used [0x3b8c0000,0x3b8c0000,0x4e300000)
  from space 22016K, 99% used [0x4e300000,0x4f87e7a8,0x4f880000)
  to   space 22016K, 0% used [0x4f880000,0x4f880000,0x50e00000)
 ParOldGen       total 77312K, used 53206K [0x10e00000, 0x15980000, 0x3b8c0000)
  object space 77312K, 68% used [0x10e00000,0x141f5938,0x15980000)
 Metaspace       used 54203K, capacity 55656K, committed 55680K, reserved 55680K
}

