# JRE version: OpenJDK Runtime Environment (8.0_212-b04) (build 1.8.0_212-release-1586-b04)
# Java VM: OpenJDK Server VM (25.212-b04 mixed mode windows-x86 )
Heap:
 PSYoungGen      total 295168K, used 61167K [0x3b8c0000, 0x50700000, 0x50e00000)
  eden space 257792K, 17% used [0x3b8c0000,0x3e3cd340,0x4b480000)
  from space 37376K, 45% used [0x4e280000,0x4f32e930,0x50700000)
  to   space 42240K, 0% used [0x4b480000,0x4b480000,0x4ddc0000)
 ParOldGen       total 147456K, used 106819K [0x10e00000, 0x19e00000, 0x3b8c0000)
  object space 147456K, 72% used [0x10e00000,0x17650fb8,0x19e00000)
 Metaspace       used 60193K, capacity 61937K, committed 61952K, reserved 62848K
GC Heap History (10 events):
Event: 393.261 GC heap before
{Heap before GC invocations=26 (full 5):
 PSYoungGen      total 222976K, used 19952K [0x3b8c0000, 0x4f080000, 0x50e00000)
  eden space 203008K, 0% used [0x3b8c0000,0x3b8c0000,0x47f00000)
  from space 19968K, 99% used [0x47f00000,0x4927c138,0x49280000)
  to   space 34304K, 0% used [0x4cf00000,0x4cf00000,0x4f080000)
 ParOldGen       total 75264K, used 75121K [0x10e00000, 0x15780000, 0x3b8c0000)
  object space 75264K, 99% used [0x10e00000,0x1575c440,0x15780000)
 Metaspace       used 50949K, capacity 52247K, committed 52352K, reserved 52608K
Event: 394.180 GC heap after
Heap after GC invocations=26 (full 5):
 PSYoungGen      total 222976K, used 6943K [0x3b8c0000, 0x4f080000, 0x50e00000)
  eden space 203008K, 0% used [0x3b8c0000,0x3b8c0000,0x47f00000)
  from space 19968K, 34% used [0x47f00000,0x485c7f18,0x49280000)
  to   space 34304K, 0% used [0x4cf00000,0x4cf00000,0x4f080000)
 ParOldGen       total 108288K, used 75202K [0x10e00000, 0x177c0000, 0x3b8c0000)
  object space 108288K, 69% used [0x10e00000,0x15770a50,0x177c0000)
 Metaspace       used 50946K, capacity 52240K, committed 52352K, reserved 52608K
}
Event: 400.614 GC heap before
{Heap before GC invocations=27 (full 5):
 PSYoungGen      total 222976K, used 209951K [0x3b8c0000, 0x4f080000, 0x50e00000)
  eden space 203008K, 100% used [0x3b8c0000,0x47f00000,0x47f00000)
  from space 19968K, 34% used [0x47f00000,0x485c7f18,0x49280000)
  to   space 34304K, 0% used [0x4cf00000,0x4cf00000,0x4f080000)
 ParOldGen       total 108288K, used 75202K [0x10e00000, 0x177c0000, 0x3b8c0000)
  object space 108288K, 69% used [0x10e00000,0x15770a50,0x177c0000)
 Metaspace       used 52261K, capacity 53645K, committed 53760K, reserved 54656K
Event: 400.862 GC heap after
Heap after GC invocations=27 (full 5):
 PSYoungGen      total 272128K, used 34293K [0x3b8c0000, 0x50b80000, 0x50e00000)
  eden space 237824K, 0% used [0x3b8c0000,0x3b8c0000,0x4a100000)
  from space 34304K, 99% used [0x4cf00000,0x4f07d738,0x4f080000)
  to   space 47104K, 0% used [0x4a100000,0x4a100000,0x4cf00000)
 ParOldGen       total 108288K, used 92824K [0x10e00000, 0x177c0000, 0x3b8c0000)
  object space 108288K, 85% used [0x10e00000,0x168a6150,0x177c0000)
 Metaspace       used 52261K, capacity 53645K, committed 53760K, reserved 54656K
}
Event: 400.862 GC heap before
{Heap before GC invocations=28 (full 6):
 PSYoungGen      total 272128K, used 34293K [0x3b8c0000, 0x50b80000, 0x50e00000)
  eden space 237824K, 0% used [0x3b8c0000,0x3b8c0000,0x4a100000)
  from space 34304K, 99% used [0x4cf00000,0x4f07d738,0x4f080000)
  to   space 47104K, 0% used [0x4a100000,0x4a100000,0x4cf00000)
 ParOldGen       total 108288K, used 92824K [0x10e00000, 0x177c0000, 0x3b8c0000)
  object space 108288K, 85% used [0x10e00000,0x168a6150,0x177c0000)
 Metaspace       used 52261K, capacity 53645K, committed 53760K, reserved 54656K
Event: 401.893 GC heap after
Heap after GC invocations=28 (full 6):
 PSYoungGen      total 272128K, used 0K [0x3b8c0000, 0x50b80000, 0x50e00000)
  eden space 237824K, 0% used [0x3b8c0000,0x3b8c0000,0x4a100000)
  from space 34304K, 0% used [0x4cf00000,0x4cf00000,0x4f080000)
  to   space 47104K, 0% used [0x4a100000,0x4a100000,0x4cf00000)
 ParOldGen       total 147456K, used 106811K [0x10e00000, 0x19e00000, 0x3b8c0000)
  object space 147456K, 72% used [0x10e00000,0x1764efb8,0x19e00000)
 Metaspace       used 52260K, capacity 53643K, committed 53760K, reserved 54656K
}
Event: 425.825 GC heap before
{Heap before GC invocations=29 (full 6):
 PSYoungGen      total 272128K, used 237824K [0x3b8c0000, 0x50b80000, 0x50e00000)
  eden space 237824K, 100% used [0x3b8c0000,0x4a100000,0x4a100000)
  from space 34304K, 0% used [0x4cf00000,0x4cf00000,0x4f080000)
  to   space 47104K, 0% used [0x4a100000,0x4a100000,0x4cf00000)
 ParOldGen       total 147456K, used 106811K [0x10e00000, 0x19e00000, 0x3b8c0000)
  object space 147456K, 72% used [0x10e00000,0x1764efb8,0x19e00000)
 Metaspace       used 55660K, capacity 57304K, committed 57344K, reserved 57728K
Event: 425.878 GC heap after
Heap after GC invocations=29 (full 6):
 PSYoungGen      total 284928K, used 12022K [0x3b8c0000, 0x50e00000, 0x50e00000)
  eden space 237824K, 0% used [0x3b8c0000,0x3b8c0000,0x4a100000)
  from space 47104K, 25% used [0x4a100000,0x4acbd938,0x4cf00000)
  to   space 44544K, 0% used [0x4e280000,0x4e280000,0x50e00000)
 ParOldGen       total 147456K, used 106815K [0x10e00000, 0x19e00000, 0x3b8c0000)
  object space 147456K, 72% used [0x10e00000,0x1764ffb8,0x19e00000)
 Metaspace       used 55660K, capacity 57304K, committed 57344K, reserved 57728K
}
Event: 1300.790 GC heap before
{Heap before GC invocations=30 (full 6):
 PSYoungGen      total 284928K, used 249846K [0x3b8c0000, 0x50e00000, 0x50e00000)
  eden space 237824K, 100% used [0x3b8c0000,0x4a100000,0x4a100000)
  from space 47104K, 25% used [0x4a100000,0x4acbd938,0x4cf00000)
  to   space 44544K, 0% used [0x4e280000,0x4e280000,0x50e00000)
 ParOldGen       total 147456K, used 106815K [0x10e00000, 0x19e00000, 0x3b8c0000)
  object space 147456K, 72% used [0x10e00000,0x1764ffb8,0x19e00000)
 Metaspace       used 60174K, capacity 61905K, committed 61952K, reserved 62848K
Event: 1307.828 GC heap after
Heap after GC invocations=30 (full 6):
 PSYoungGen      total 295168K, used 17082K [0x3b8c0000, 0x50700000, 0x50e00000)
  eden space 257792K, 0% used [0x3b8c0000,0x3b8c0000,0x4b480000)
  from space 37376K, 45% used [0x4e280000,0x4f32e930,0x50700000)
  to   space 42240K, 0% used [0x4b480000,0x4b480000,0x4ddc0000)
 ParOldGen       total 147456K, used 106819K [0x10e00000, 0x19e00000, 0x3b8c0000)
  object space 147456K, 72% used [0x10e00000,0x17650fb8,0x19e00000)
 Metaspace       used 60174K, capacity 61905K, committed 61952K, reserved 62848K
}

