# JRE version: OpenJDK Runtime Environment (8.0_212-b04) (build 1.8.0_212-release-1586-b04)
# Java VM: OpenJDK Server VM (25.212-b04 mixed mode windows-x86 )
Heap:
 PSYoungGen      total 285952K, used 279788K [0x3bac0000, 0x500c0000, 0x51000000)
  eden space 272896K, 97% used [0x3bac0000,0x4bf41f98,0x4c540000)
  from space 13056K, 99% used [0x4d200000,0x4deb92f0,0x4dec0000)
  to   space 30464K, 0% used [0x4e300000,0x4e300000,0x500c0000)
 ParOldGen       total 79872K, used 61758K [0x11000000, 0x15e00000, 0x3bac0000)
  object space 79872K, 77% used [0x11000000,0x14c4f9e8,0x15e00000)
 Metaspace       used 58668K, capacity 60210K, committed 60288K, reserved 60800K
GC Heap History (10 events):
Event: 198.270 GC heap before
{Heap before GC invocations=31 (full 4):
 PSYoungGen      total 266496K, used 18161K [0x3bac0000, 0x4f640000, 0x51000000)
  eden space 248320K, 0% used [0x3bac0000,0x3bac0000,0x4ad40000)
  from space 18176K, 99% used [0x4ad40000,0x4befc438,0x4bf00000)
  to   space 23552K, 0% used [0x4df40000,0x4df40000,0x4f640000)
 ParOldGen       total 46080K, used 38329K [0x11000000, 0x13d00000, 0x3bac0000)
  object space 46080K, 83% used [0x11000000,0x1356e508,0x13d00000)
 Metaspace       used 48015K, capacity 49349K, committed 49408K, reserved 49536K
Event: 198.933 GC heap after
Heap after GC invocations=31 (full 4):
 PSYoungGen      total 266496K, used 3367K [0x3bac0000, 0x4f640000, 0x51000000)
  eden space 248320K, 0% used [0x3bac0000,0x3bac0000,0x4ad40000)
  from space 18176K, 18% used [0x4ad40000,0x4b089d18,0x4bf00000)
  to   space 23552K, 0% used [0x4df40000,0x4df40000,0x4f640000)
 ParOldGen       total 79872K, used 46004K [0x11000000, 0x15e00000, 0x3bac0000)
  object space 79872K, 57% used [0x11000000,0x13ced278,0x15e00000)
 Metaspace       used 47961K, capacity 49209K, committed 49408K, reserved 49536K
}
Event: 235.319 GC heap before
{Heap before GC invocations=32 (full 4):
 PSYoungGen      total 266496K, used 251687K [0x3bac0000, 0x4f640000, 0x51000000)
  eden space 248320K, 100% used [0x3bac0000,0x4ad40000,0x4ad40000)
  from space 18176K, 18% used [0x4ad40000,0x4b089d18,0x4bf00000)
  to   space 23552K, 0% used [0x4df40000,0x4df40000,0x4f640000)
 ParOldGen       total 79872K, used 46004K [0x11000000, 0x15e00000, 0x3bac0000)
  object space 79872K, 57% used [0x11000000,0x13ced278,0x15e00000)
 Metaspace       used 50889K, capacity 52196K, committed 52352K, reserved 52608K
Event: 235.388 GC heap after
Heap after GC invocations=32 (full 4):
 PSYoungGen      total 292864K, used 9998K [0x3bac0000, 0x4f240000, 0x51000000)
  eden space 273408K, 0% used [0x3bac0000,0x3bac0000,0x4c5c0000)
  from space 19456K, 51% used [0x4df40000,0x4e903b68,0x4f240000)
  to   space 22784K, 0% used [0x4c5c0000,0x4c5c0000,0x4dc00000)
 ParOldGen       total 79872K, used 46633K [0x11000000, 0x15e00000, 0x3bac0000)
  object space 79872K, 58% used [0x11000000,0x13d8a5f0,0x15e00000)
 Metaspace       used 50889K, capacity 52196K, committed 52352K, reserved 52608K
}
Event: 248.561 GC heap before
{Heap before GC invocations=33 (full 4):
 PSYoungGen      total 292864K, used 283406K [0x3bac0000, 0x4f240000, 0x51000000)
  eden space 273408K, 100% used [0x3bac0000,0x4c5c0000,0x4c5c0000)
  from space 19456K, 51% used [0x4df40000,0x4e903b68,0x4f240000)
  to   space 22784K, 0% used [0x4c5c0000,0x4c5c0000,0x4dc00000)
 ParOldGen       total 79872K, used 46633K [0x11000000, 0x15e00000, 0x3bac0000)
  object space 79872K, 58% used [0x11000000,0x13d8a5f0,0x15e00000)
 Metaspace       used 51143K, capacity 52425K, committed 52480K, reserved 52608K
Event: 248.637 GC heap after
Heap after GC invocations=33 (full 4):
 PSYoungGen      total 296192K, used 15617K [0x3bac0000, 0x51000000, 0x51000000)
  eden space 273408K, 0% used [0x3bac0000,0x3bac0000,0x4c5c0000)
  from space 22784K, 68% used [0x4c5c0000,0x4d5006a8,0x4dc00000)
  to   space 24064K, 0% used [0x4f880000,0x4f880000,0x51000000)
 ParOldGen       total 79872K, used 46633K [0x11000000, 0x15e00000, 0x3bac0000)
  object space 79872K, 58% used [0x11000000,0x13d8a5f0,0x15e00000)
 Metaspace       used 51143K, capacity 52425K, committed 52480K, reserved 52608K
}
Event: 440.168 GC heap before
{Heap before GC invocations=34 (full 4):
 PSYoungGen      total 296192K, used 289025K [0x3bac0000, 0x51000000, 0x51000000)
  eden space 273408K, 100% used [0x3bac0000,0x4c5c0000,0x4c5c0000)
  from space 22784K, 68% used [0x4c5c0000,0x4d5006a8,0x4dc00000)
  to   space 24064K, 0% used [0x4f880000,0x4f880000,0x51000000)
 ParOldGen       total 79872K, used 46633K [0x11000000, 0x15e00000, 0x3bac0000)
  object space 79872K, 58% used [0x11000000,0x13d8a5f0,0x15e00000)
 Metaspace       used 55753K, capacity 57169K, committed 57216K, reserved 57728K
Event: 440.531 GC heap after
Heap after GC invocations=34 (full 4):
 PSYoungGen      total 310016K, used 24049K [0x3bac0000, 0x51000000, 0x51000000)
  eden space 285952K, 0% used [0x3bac0000,0x3bac0000,0x4d200000)
  from space 24064K, 99% used [0x4f880000,0x50ffc798,0x51000000)
  to   space 31744K, 0% used [0x4d200000,0x4d200000,0x4f100000)
 ParOldGen       total 79872K, used 56358K [0x11000000, 0x15e00000, 0x3bac0000)
  object space 79872K, 70% used [0x11000000,0x14709950,0x15e00000)
 Metaspace       used 55753K, capacity 57169K, committed 57216K, reserved 57728K
}
Event: 645.736 GC heap before
{Heap before GC invocations=35 (full 4):
 PSYoungGen      total 310016K, used 310001K [0x3bac0000, 0x51000000, 0x51000000)
  eden space 285952K, 100% used [0x3bac0000,0x4d200000,0x4d200000)
  from space 24064K, 99% used [0x4f880000,0x50ffc798,0x51000000)
  to   space 31744K, 0% used [0x4d200000,0x4d200000,0x4f100000)
 ParOldGen       total 79872K, used 56358K [0x11000000, 0x15e00000, 0x3bac0000)
  object space 79872K, 70% used [0x11000000,0x14709950,0x15e00000)
 Metaspace       used 58271K, capacity 59806K, committed 59904K, reserved 60800K
Event: 646.009 GC heap after
Heap after GC invocations=35 (full 4):
 PSYoungGen      total 285952K, used 13028K [0x3bac0000, 0x500c0000, 0x51000000)
  eden space 272896K, 0% used [0x3bac0000,0x3bac0000,0x4c540000)
  from space 13056K, 99% used [0x4d200000,0x4deb92f0,0x4dec0000)
  to   space 30464K, 0% used [0x4e300000,0x4e300000,0x500c0000)
 ParOldGen       total 79872K, used 61758K [0x11000000, 0x15e00000, 0x3bac0000)
  object space 79872K, 77% used [0x11000000,0x14c4f9e8,0x15e00000)
 Metaspace       used 58271K, capacity 59806K, committed 59904K, reserved 60800K
}

