# JRE version: OpenJDK Runtime Environment (8.0_212-b04) (build 1.8.0_212-release-1586-b04)
# Java VM: OpenJDK Server VM (25.212-b04 mixed mode windows-x86 )
Heap:
 PSYoungGen      total 70144K, used 12145K [0x3c4c0000, 0x40fc0000, 0x51a00000)
  eden space 64512K, 18% used [0x3c4c0000,0x3d09c7f8,0x403c0000)
  from space 5632K, 0% used [0x403c0000,0x403c0000,0x40940000)
  to   space 4608K, 0% used [0x40940000,0x40940000,0x40dc0000)
 ParOldGen       total 22016K, used 12929K [0x11a00000, 0x12f80000, 0x3c4c0000)
  object space 22016K, 58% used [0x11a00000,0x126a04b8,0x12f80000)
 Metaspace       used 16465K, capacity 16735K, committed 16768K, reserved 16768K
GC Heap History (10 events):
Event: 2.641 GC heap before
{Heap before GC invocations=6 (full 0):
 PSYoungGen      total 17664K, used 17648K [0x3c4c0000, 0x3ea40000, 0x51a00000)
  eden space 16384K, 100% used [0x3c4c0000,0x3d4c0000,0x3d4c0000)
  from space 1280K, 98% used [0x3d4c0000,0x3d5fc070,0x3d600000)
  to   space 2816K, 0% used [0x3e780000,0x3e780000,0x3ea40000)
 ParOldGen       total 22016K, used 2696K [0x11a00000, 0x12f80000, 0x3c4c0000)
  object space 22016K, 12% used [0x11a00000,0x11ca2098,0x12f80000)
 Metaspace       used 4801K, capacity 4916K, committed 4992K, reserved 5504K
Event: 2.649 GC heap after
Heap after GC invocations=6 (full 0):
 PSYoungGen      total 35584K, used 2352K [0x3c4c0000, 0x3ea40000, 0x51a00000)
  eden space 32768K, 0% used [0x3c4c0000,0x3c4c0000,0x3e4c0000)
  from space 2816K, 83% used [0x3e780000,0x3e9cc0d0,0x3ea40000)
  to   space 2816K, 0% used [0x3e4c0000,0x3e4c0000,0x3e780000)
 ParOldGen       total 22016K, used 2700K [0x11a00000, 0x12f80000, 0x3c4c0000)
  object space 22016K, 12% used [0x11a00000,0x11ca3098,0x12f80000)
 Metaspace       used 4801K, capacity 4916K, committed 4992K, reserved 5504K
}
Event: 4.400 GC heap before
{Heap before GC invocations=7 (full 0):
 PSYoungGen      total 35584K, used 35120K [0x3c4c0000, 0x3ea40000, 0x51a00000)
  eden space 32768K, 100% used [0x3c4c0000,0x3e4c0000,0x3e4c0000)
  from space 2816K, 83% used [0x3e780000,0x3e9cc0d0,0x3ea40000)
  to   space 2816K, 0% used [0x3e4c0000,0x3e4c0000,0x3e780000)
 ParOldGen       total 22016K, used 2700K [0x11a00000, 0x12f80000, 0x3c4c0000)
  object space 22016K, 12% used [0x11a00000,0x11ca3098,0x12f80000)
 Metaspace       used 8354K, capacity 8610K, committed 8704K, reserved 9600K
Event: 4.420 GC heap after
Heap after GC invocations=7 (full 0):
 PSYoungGen      total 35584K, used 2802K [0x3c4c0000, 0x40dc0000, 0x51a00000)
  eden space 32768K, 0% used [0x3c4c0000,0x3c4c0000,0x3e4c0000)
  from space 2816K, 99% used [0x3e4c0000,0x3e77cb08,0x3e780000)
  to   space 4608K, 0% used [0x40940000,0x40940000,0x40dc0000)
 ParOldGen       total 22016K, used 5354K [0x11a00000, 0x12f80000, 0x3c4c0000)
  object space 22016K, 24% used [0x11a00000,0x11f3a8c0,0x12f80000)
 Metaspace       used 8354K, capacity 8610K, committed 8704K, reserved 9600K
}
Event: 5.070 GC heap before
{Heap before GC invocations=8 (full 0):
 PSYoungGen      total 35584K, used 35570K [0x3c4c0000, 0x40dc0000, 0x51a00000)
  eden space 32768K, 100% used [0x3c4c0000,0x3e4c0000,0x3e4c0000)
  from space 2816K, 99% used [0x3e4c0000,0x3e77cb08,0x3e780000)
  to   space 4608K, 0% used [0x40940000,0x40940000,0x40dc0000)
 ParOldGen       total 22016K, used 5354K [0x11a00000, 0x12f80000, 0x3c4c0000)
  object space 22016K, 24% used [0x11a00000,0x11f3a8c0,0x12f80000)
 Metaspace       used 9933K, capacity 10193K, committed 10240K, reserved 10624K
Event: 5.097 GC heap after
Heap after GC invocations=8 (full 0):
 PSYoungGen      total 69120K, used 4601K [0x3c4c0000, 0x40fc0000, 0x51a00000)
  eden space 64512K, 0% used [0x3c4c0000,0x3c4c0000,0x403c0000)
  from space 4608K, 99% used [0x40940000,0x40dbe670,0x40dc0000)
  to   space 5632K, 0% used [0x403c0000,0x403c0000,0x40940000)
 ParOldGen       total 22016K, used 6306K [0x11a00000, 0x12f80000, 0x3c4c0000)
  object space 22016K, 28% used [0x11a00000,0x12028b78,0x12f80000)
 Metaspace       used 9933K, capacity 10193K, committed 10240K, reserved 10624K
}
Event: 6.896 GC heap before
{Heap before GC invocations=9 (full 0):
 PSYoungGen      total 69120K, used 68539K [0x3c4c0000, 0x40fc0000, 0x51a00000)
  eden space 64512K, 99% used [0x3c4c0000,0x403306a8,0x403c0000)
  from space 4608K, 99% used [0x40940000,0x40dbe670,0x40dc0000)
  to   space 5632K, 0% used [0x403c0000,0x403c0000,0x40940000)
 ParOldGen       total 22016K, used 6306K [0x11a00000, 0x12f80000, 0x3c4c0000)
  object space 22016K, 28% used [0x11a00000,0x12028b78,0x12f80000)
 Metaspace       used 16095K, capacity 16347K, committed 16384K, reserved 16768K
Event: 6.937 GC heap after
Heap after GC invocations=9 (full 0):
 PSYoungGen      total 70144K, used 5624K [0x3c4c0000, 0x40fc0000, 0x51a00000)
  eden space 64512K, 0% used [0x3c4c0000,0x3c4c0000,0x403c0000)
  from space 5632K, 99% used [0x403c0000,0x4093e248,0x40940000)
  to   space 4608K, 0% used [0x40940000,0x40940000,0x40dc0000)
 ParOldGen       total 22016K, used 12348K [0x11a00000, 0x12f80000, 0x3c4c0000)
  object space 22016K, 56% used [0x11a00000,0x1260f2e8,0x12f80000)
 Metaspace       used 16095K, capacity 16347K, committed 16384K, reserved 16768K
}
Event: 6.937 GC heap before
{Heap before GC invocations=10 (full 1):
 PSYoungGen      total 70144K, used 5624K [0x3c4c0000, 0x40fc0000, 0x51a00000)
  eden space 64512K, 0% used [0x3c4c0000,0x3c4c0000,0x403c0000)
  from space 5632K, 99% used [0x403c0000,0x4093e248,0x40940000)
  to   space 4608K, 0% used [0x40940000,0x40940000,0x40dc0000)
 ParOldGen       total 22016K, used 12348K [0x11a00000, 0x12f80000, 0x3c4c0000)
  object space 22016K, 56% used [0x11a00000,0x1260f2e8,0x12f80000)
 Metaspace       used 16095K, capacity 16347K, committed 16384K, reserved 16768K
Event: 7.042 GC heap after
Heap after GC invocations=10 (full 1):
 PSYoungGen      total 70144K, used 0K [0x3c4c0000, 0x40fc0000, 0x51a00000)
  eden space 64512K, 0% used [0x3c4c0000,0x3c4c0000,0x403c0000)
  from space 5632K, 0% used [0x403c0000,0x403c0000,0x40940000)
  to   space 4608K, 0% used [0x40940000,0x40940000,0x40dc0000)
 ParOldGen       total 22016K, used 12929K [0x11a00000, 0x12f80000, 0x3c4c0000)
  object space 22016K, 58% used [0x11a00000,0x126a04b8,0x12f80000)
 Metaspace       used 16095K, capacity 16347K, committed 16384K, reserved 16768K
}

