# JRE version: OpenJDK Runtime Environment (8.0_212-b04) (build 1.8.0_212-release-1586-b04)
# Java VM: OpenJDK Server VM (25.212-b04 mixed mode windows-x86 )
Heap:
 PSYoungGen      total 317696K, used 24775K [0x3b8c0000, 0x50e00000, 0x50e00000)
  eden space 284928K, 8% used [0x3b8c0000,0x3d0f1c08,0x4cf00000)
  from space 32768K, 0% used [0x4ee00000,0x4ee00000,0x50e00000)
  to   space 31744K, 0% used [0x4cf00000,0x4cf00000,0x4ee00000)
 ParOldGen       total 81920K, used 44118K [0x10e00000, 0x15e00000, 0x3b8c0000)
  object space 81920K, 53% used [0x10e00000,0x139158d0,0x15e00000)
 Metaspace       used 53027K, capacity 54355K, committed 55680K, reserved 55680K
GC Heap History (10 events):
Event: 70.676 GC heap before
{Heap before GC invocations=18 (full 3):
 PSYoungGen      total 231680K, used 15610K [0x3b8c0000, 0x50440000, 0x50e00000)
  eden space 216064K, 0% used [0x3b8c0000,0x3b8c0000,0x48bc0000)
  from space 15616K, 99% used [0x48bc0000,0x49afeb90,0x49b00000)
  to   space 22528K, 0% used [0x4ee40000,0x4ee40000,0x50440000)
 ParOldGen       total 34560K, used 33778K [0x10e00000, 0x12fc0000, 0x3b8c0000)
  object space 34560K, 97% used [0x10e00000,0x12efc958,0x12fc0000)
 Metaspace       used 43899K, capacity 45066K, committed 45184K, reserved 45440K
Event: 71.274 GC heap after
Heap after GC invocations=18 (full 3):
 PSYoungGen      total 231680K, used 7641K [0x3b8c0000, 0x50440000, 0x50e00000)
  eden space 216064K, 0% used [0x3b8c0000,0x3b8c0000,0x48bc0000)
  from space 15616K, 48% used [0x48bc0000,0x493367f8,0x49b00000)
  to   space 22528K, 0% used [0x4ee40000,0x4ee40000,0x50440000)
 ParOldGen       total 60160K, used 34340K [0x10e00000, 0x148c0000, 0x3b8c0000)
  object space 60160K, 57% used [0x10e00000,0x12f892b0,0x148c0000)
 Metaspace       used 43899K, capacity 45066K, committed 45184K, reserved 45440K
}
Event: 1743.812 GC heap before
{Heap before GC invocations=19 (full 3):
 PSYoungGen      total 231680K, used 223705K [0x3b8c0000, 0x50440000, 0x50e00000)
  eden space 216064K, 100% used [0x3b8c0000,0x48bc0000,0x48bc0000)
  from space 15616K, 48% used [0x48bc0000,0x493367f8,0x49b00000)
  to   space 22528K, 0% used [0x4ee40000,0x4ee40000,0x50440000)
 ParOldGen       total 60160K, used 34340K [0x10e00000, 0x148c0000, 0x3b8c0000)
  object space 60160K, 57% used [0x10e00000,0x12f892b0,0x148c0000)
 Metaspace       used 50656K, capacity 52076K, committed 52096K, reserved 52608K
Event: 1762.028 GC heap after
Heap after GC invocations=19 (full 3):
 PSYoungGen      total 301568K, used 16848K [0x3b8c0000, 0x4fec0000, 0x50e00000)
  eden space 284672K, 0% used [0x3b8c0000,0x3b8c0000,0x4cec0000)
  from space 16896K, 99% used [0x4ee40000,0x4feb4178,0x4fec0000)
  to   space 24320K, 0% used [0x4cf40000,0x4cf40000,0x4e700000)
 ParOldGen       total 60160K, used 37195K [0x10e00000, 0x148c0000, 0x3b8c0000)
  object space 60160K, 61% used [0x10e00000,0x13252fd0,0x148c0000)
 Metaspace       used 50656K, capacity 52076K, committed 52096K, reserved 52608K
}
Event: 1876.468 GC heap before
{Heap before GC invocations=20 (full 3):
 PSYoungGen      total 301568K, used 301520K [0x3b8c0000, 0x4fec0000, 0x50e00000)
  eden space 284672K, 100% used [0x3b8c0000,0x4cec0000,0x4cec0000)
  from space 16896K, 99% used [0x4ee40000,0x4feb4178,0x4fec0000)
  to   space 24320K, 0% used [0x4cf40000,0x4cf40000,0x4e700000)
 ParOldGen       total 60160K, used 37195K [0x10e00000, 0x148c0000, 0x3b8c0000)
  object space 60160K, 61% used [0x10e00000,0x13252fd0,0x148c0000)
 Metaspace       used 52666K, capacity 54152K, committed 54272K, reserved 54656K
Event: 1880.294 GC heap after
Heap after GC invocations=20 (full 3):
 PSYoungGen      total 309504K, used 24315K [0x3b8c0000, 0x50e00000, 0x50e00000)
  eden space 285184K, 0% used [0x3b8c0000,0x3b8c0000,0x4cf40000)
  from space 24320K, 99% used [0x4cf40000,0x4e6fee30,0x4e700000)
  to   space 32768K, 0% used [0x4ee00000,0x4ee00000,0x50e00000)
 ParOldGen       total 60160K, used 48576K [0x10e00000, 0x148c0000, 0x3b8c0000)
  object space 60160K, 80% used [0x10e00000,0x13d70218,0x148c0000)
 Metaspace       used 52666K, capacity 54152K, committed 54272K, reserved 54656K
}
Event: 2039.261 GC heap before
{Heap before GC invocations=21 (full 3):
 PSYoungGen      total 309504K, used 309499K [0x3b8c0000, 0x50e00000, 0x50e00000)
  eden space 285184K, 100% used [0x3b8c0000,0x4cf40000,0x4cf40000)
  from space 24320K, 99% used [0x4cf40000,0x4e6fee30,0x4e700000)
  to   space 32768K, 0% used [0x4ee00000,0x4ee00000,0x50e00000)
 ParOldGen       total 60160K, used 48576K [0x10e00000, 0x148c0000, 0x3b8c0000)
  object space 60160K, 80% used [0x10e00000,0x13d70218,0x148c0000)
 Metaspace       used 54095K, capacity 55641K, committed 55680K, reserved 55680K
Event: 2040.163 GC heap after
Heap after GC invocations=21 (full 3):
 PSYoungGen      total 317696K, used 14747K [0x3b8c0000, 0x50e00000, 0x50e00000)
  eden space 284928K, 0% used [0x3b8c0000,0x3b8c0000,0x4cf00000)
  from space 32768K, 45% used [0x4ee00000,0x4fc66ef0,0x50e00000)
  to   space 31744K, 0% used [0x4cf00000,0x4cf00000,0x4ee00000)
 ParOldGen       total 72192K, used 71821K [0x10e00000, 0x15480000, 0x3b8c0000)
  object space 72192K, 99% used [0x10e00000,0x15423470,0x15480000)
 Metaspace       used 54095K, capacity 55641K, committed 55680K, reserved 55680K
}
Event: 2040.188 GC heap before
{Heap before GC invocations=22 (full 4):
 PSYoungGen      total 317696K, used 14747K [0x3b8c0000, 0x50e00000, 0x50e00000)
  eden space 284928K, 0% used [0x3b8c0000,0x3b8c0000,0x4cf00000)
  from space 32768K, 45% used [0x4ee00000,0x4fc66ef0,0x50e00000)
  to   space 31744K, 0% used [0x4cf00000,0x4cf00000,0x4ee00000)
 ParOldGen       total 72192K, used 71821K [0x10e00000, 0x15480000, 0x3b8c0000)
  object space 72192K, 99% used [0x10e00000,0x15423470,0x15480000)
 Metaspace       used 54095K, capacity 55641K, committed 55680K, reserved 55680K
Event: 2042.311 GC heap after
Heap after GC invocations=22 (full 4):
 PSYoungGen      total 317696K, used 0K [0x3b8c0000, 0x50e00000, 0x50e00000)
  eden space 284928K, 0% used [0x3b8c0000,0x3b8c0000,0x4cf00000)
  from space 32768K, 0% used [0x4ee00000,0x4ee00000,0x50e00000)
  to   space 31744K, 0% used [0x4cf00000,0x4cf00000,0x4ee00000)
 ParOldGen       total 81920K, used 44118K [0x10e00000, 0x15e00000, 0x3b8c0000)
  object space 81920K, 53% used [0x10e00000,0x139158d0,0x15e00000)
 Metaspace       used 52942K, capacity 54273K, committed 55680K, reserved 55680K
}

