# JRE version: OpenJDK Runtime Environment (8.0_212-b04) (build 1.8.0_212-release-1586-b04)
# Java VM: OpenJDK Server VM (25.212-b04 mixed mode windows-x86 )
Heap:
 PSYoungGen      total 198912K, used 6950K [0x3bac0000, 0x48fc0000, 0x51000000)
  eden space 189440K, 0% used [0x3bac0000,0x3bac0000,0x473c0000)
  from space 9472K, 73% used [0x48680000,0x48d49a28,0x48fc0000)
  to   space 13568K, 0% used [0x47540000,0x47540000,0x48280000)
 ParOldGen       total 56064K, used 37817K [0x11000000, 0x146c0000, 0x3bac0000)
  object space 56064K, 67% used [0x11000000,0x134ee538,0x146c0000)
 Metaspace       used 40949K, capacity 42101K, committed 42112K, reserved 44416K
GC Heap History (10 events):
Event: 54.826 GC heap before
{Heap before GC invocations=16 (full 1):
 PSYoungGen      total 135680K, used 60871K [0x3bac0000, 0x44880000, 0x51000000)
  eden space 127232K, 43% used [0x3bac0000,0x3f0df138,0x43700000)
  from space 8448K, 64% used [0x44040000,0x44592e20,0x44880000)
  to   space 8960K, 0% used [0x43700000,0x43700000,0x43fc0000)
 ParOldGen       total 20736K, used 11362K [0x11000000, 0x12440000, 0x3bac0000)
  object space 20736K, 54% used [0x11000000,0x11b18b10,0x12440000)
 Metaspace       used 26703K, capacity 27253K, committed 27308K, reserved 28032K
Event: 54.866 GC heap after
Heap after GC invocations=16 (full 1):
 PSYoungGen      total 136192K, used 6289K [0x3bac0000, 0x48fc0000, 0x51000000)
  eden space 127232K, 0% used [0x3bac0000,0x3bac0000,0x43700000)
  from space 8960K, 70% used [0x43700000,0x43d247c0,0x43fc0000)
  to   space 9472K, 0% used [0x48680000,0x48680000,0x48fc0000)
 ParOldGen       total 20736K, used 12925K [0x11000000, 0x12440000, 0x3bac0000)
  object space 20736K, 62% used [0x11000000,0x11c9f520,0x12440000)
 Metaspace       used 26703K, capacity 27253K, committed 27308K, reserved 28032K
}
Event: 54.866 GC heap before
{Heap before GC invocations=17 (full 2):
 PSYoungGen      total 136192K, used 6289K [0x3bac0000, 0x48fc0000, 0x51000000)
  eden space 127232K, 0% used [0x3bac0000,0x3bac0000,0x43700000)
  from space 8960K, 70% used [0x43700000,0x43d247c0,0x43fc0000)
  to   space 9472K, 0% used [0x48680000,0x48680000,0x48fc0000)
 ParOldGen       total 20736K, used 12925K [0x11000000, 0x12440000, 0x3bac0000)
  object space 20736K, 62% used [0x11000000,0x11c9f520,0x12440000)
 Metaspace       used 26703K, capacity 27253K, committed 27308K, reserved 28032K
Event: 55.106 GC heap after
Heap after GC invocations=17 (full 2):
 PSYoungGen      total 136192K, used 0K [0x3bac0000, 0x48fc0000, 0x51000000)
  eden space 127232K, 0% used [0x3bac0000,0x3bac0000,0x43700000)
  from space 8960K, 0% used [0x43700000,0x43700000,0x43fc0000)
  to   space 9472K, 0% used [0x48680000,0x48680000,0x48fc0000)
 ParOldGen       total 31232K, used 17737K [0x11000000, 0x12e80000, 0x3bac0000)
  object space 31232K, 56% used [0x11000000,0x12152790,0x12e80000)
 Metaspace       used 26701K, capacity 27248K, committed 27308K, reserved 28032K
}
Event: 79.803 GC heap before
{Heap before GC invocations=18 (full 2):
 PSYoungGen      total 136192K, used 127232K [0x3bac0000, 0x48fc0000, 0x51000000)
  eden space 127232K, 100% used [0x3bac0000,0x43700000,0x43700000)
  from space 8960K, 0% used [0x43700000,0x43700000,0x43fc0000)
  to   space 9472K, 0% used [0x48680000,0x48680000,0x48fc0000)
 ParOldGen       total 31232K, used 17737K [0x11000000, 0x12e80000, 0x3bac0000)
  object space 31232K, 56% used [0x11000000,0x12152790,0x12e80000)
 Metaspace       used 34704K, capacity 35631K, committed 35712K, reserved 36224K
Event: 79.879 GC heap after
Heap after GC invocations=18 (full 2):
 PSYoungGen      total 198912K, used 9465K [0x3bac0000, 0x48fc0000, 0x51000000)
  eden space 189440K, 0% used [0x3bac0000,0x3bac0000,0x473c0000)
  from space 9472K, 99% used [0x48680000,0x48fbe4b8,0x48fc0000)
  to   space 13568K, 0% used [0x47540000,0x47540000,0x48280000)
 ParOldGen       total 31232K, used 24206K [0x11000000, 0x12e80000, 0x3bac0000)
  object space 31232K, 77% used [0x11000000,0x127a3bb8,0x12e80000)
 Metaspace       used 34704K, capacity 35631K, committed 35712K, reserved 36224K
}
Event: 113.841 GC heap before
{Heap before GC invocations=19 (full 2):
 PSYoungGen      total 198912K, used 198905K [0x3bac0000, 0x48fc0000, 0x51000000)
  eden space 189440K, 100% used [0x3bac0000,0x473c0000,0x473c0000)
  from space 9472K, 99% used [0x48680000,0x48fbe4b8,0x48fc0000)
  to   space 13568K, 0% used [0x47540000,0x47540000,0x48280000)
 ParOldGen       total 31232K, used 24206K [0x11000000, 0x12e80000, 0x3bac0000)
  object space 31232K, 77% used [0x11000000,0x127a3bb8,0x12e80000)
 Metaspace       used 39717K, capacity 40802K, committed 40832K, reserved 41344K
Event: 114.059 GC heap after
Heap after GC invocations=19 (full 2):
 PSYoungGen      total 203008K, used 13561K [0x3bac0000, 0x48fc0000, 0x51000000)
  eden space 189440K, 0% used [0x3bac0000,0x3bac0000,0x473c0000)
  from space 13568K, 99% used [0x47540000,0x4827e568,0x48280000)
  to   space 9472K, 0% used [0x48680000,0x48680000,0x48fc0000)
 ParOldGen       total 35840K, used 35832K [0x11000000, 0x13300000, 0x3bac0000)
  object space 35840K, 99% used [0x11000000,0x132fe318,0x13300000)
 Metaspace       used 39717K, capacity 40802K, committed 40832K, reserved 41344K
}
Event: 114.078 GC heap before
{Heap before GC invocations=20 (full 3):
 PSYoungGen      total 203008K, used 13561K [0x3bac0000, 0x48fc0000, 0x51000000)
  eden space 189440K, 0% used [0x3bac0000,0x3bac0000,0x473c0000)
  from space 13568K, 99% used [0x47540000,0x4827e568,0x48280000)
  to   space 9472K, 0% used [0x48680000,0x48680000,0x48fc0000)
 ParOldGen       total 35840K, used 35832K [0x11000000, 0x13300000, 0x3bac0000)
  object space 35840K, 99% used [0x11000000,0x132fe318,0x13300000)
 Metaspace       used 39717K, capacity 40802K, committed 40832K, reserved 41344K
Event: 114.888 GC heap after
Heap after GC invocations=20 (full 3):
 PSYoungGen      total 203008K, used 3440K [0x3bac0000, 0x48fc0000, 0x51000000)
  eden space 189440K, 0% used [0x3bac0000,0x3bac0000,0x473c0000)
  from space 13568K, 25% used [0x47540000,0x4789c1e8,0x48280000)
  to   space 9472K, 0% used [0x48680000,0x48680000,0x48fc0000)
 ParOldGen       total 56064K, used 35681K [0x11000000, 0x146c0000, 0x3bac0000)
  object space 56064K, 63% used [0x11000000,0x132d8448,0x146c0000)
 Metaspace       used 39717K, capacity 40802K, committed 40832K, reserved 41344K
}

