# JRE version: OpenJDK Runtime Environment (8.0_212-b04) (build 1.8.0_212-release-1586-b04)
# Java VM: OpenJDK Server VM (25.212-b04 mixed mode windows-x86 )
Heap:
 PSYoungGen      total 18944K, used 3591K [0x3c0c0000, 0x3d5c0000, 0x51600000)
  eden space 16384K, 6% used [0x3c0c0000,0x3c1c3430,0x3d0c0000)
  from space 2560K, 99% used [0x3d0c0000,0x3d33e7f8,0x3d340000)
  to   space 2304K, 0% used [0x3d380000,0x3d380000,0x3d5c0000)
 ParOldGen       total 22016K, used 4951K [0x11600000, 0x12b80000, 0x3c0c0000)
  object space 22016K, 22% used [0x11600000,0x11ad5c88,0x12b80000)
 Metaspace       used 8415K, capacity 8674K, committed 8704K, reserved 9600K
GC Heap History (10 events):
Event: 10.540 GC heap before
{Heap before GC invocations=4 (full 0):
 PSYoungGen      total 9472K, used 9456K [0x3c0c0000, 0x3cb40000, 0x51600000)
  eden space 8192K, 100% used [0x3c0c0000,0x3c8c0000,0x3c8c0000)
  from space 1280K, 98% used [0x3c8c0000,0x3c9fc080,0x3ca00000)
  to   space 1280K, 0% used [0x3ca00000,0x3ca00000,0x3cb40000)
 ParOldGen       total 22016K, used 1961K [0x11600000, 0x12b80000, 0x3c0c0000)
  object space 22016K, 8% used [0x11600000,0x117ea5a8,0x12b80000)
 Metaspace       used 4536K, capacity 4618K, committed 4736K, reserved 5504K
Event: 10.544 GC heap after
Heap after GC invocations=4 (full 0):
 PSYoungGen      total 9472K, used 1264K [0x3c0c0000, 0x3cb40000, 0x51600000)
  eden space 8192K, 0% used [0x3c0c0000,0x3c0c0000,0x3c8c0000)
  from space 1280K, 98% used [0x3ca00000,0x3cb3c060,0x3cb40000)
  to   space 1280K, 0% used [0x3c8c0000,0x3c8c0000,0x3ca00000)
 ParOldGen       total 22016K, used 2157K [0x11600000, 0x12b80000, 0x3c0c0000)
  object space 22016K, 9% used [0x11600000,0x1181b5b8,0x12b80000)
 Metaspace       used 4536K, capacity 4618K, committed 4736K, reserved 5504K
}
Event: 10.701 GC heap before
{Heap before GC invocations=5 (full 0):
 PSYoungGen      total 9472K, used 9456K [0x3c0c0000, 0x3cb40000, 0x51600000)
  eden space 8192K, 100% used [0x3c0c0000,0x3c8c0000,0x3c8c0000)
  from space 1280K, 98% used [0x3ca00000,0x3cb3c060,0x3cb40000)
  to   space 1280K, 0% used [0x3c8c0000,0x3c8c0000,0x3ca00000)
 ParOldGen       total 22016K, used 2157K [0x11600000, 0x12b80000, 0x3c0c0000)
  object space 22016K, 9% used [0x11600000,0x1181b5b8,0x12b80000)
 Metaspace       used 4540K, capacity 4618K, committed 4736K, reserved 5504K
Event: 10.705 GC heap after
Heap after GC invocations=5 (full 0):
 PSYoungGen      total 9472K, used 1272K [0x3c0c0000, 0x3d640000, 0x51600000)
  eden space 8192K, 0% used [0x3c0c0000,0x3c0c0000,0x3c8c0000)
  from space 1280K, 99% used [0x3c8c0000,0x3c9fe050,0x3ca00000)
  to   space 2816K, 0% used [0x3d380000,0x3d380000,0x3d640000)
 ParOldGen       total 22016K, used 2297K [0x11600000, 0x12b80000, 0x3c0c0000)
  object space 22016K, 10% used [0x11600000,0x1183e5b8,0x12b80000)
 Metaspace       used 4540K, capacity 4618K, committed 4736K, reserved 5504K
}
Event: 10.947 GC heap before
{Heap before GC invocations=6 (full 0):
 PSYoungGen      total 9472K, used 9464K [0x3c0c0000, 0x3d640000, 0x51600000)
  eden space 8192K, 100% used [0x3c0c0000,0x3c8c0000,0x3c8c0000)
  from space 1280K, 99% used [0x3c8c0000,0x3c9fe050,0x3ca00000)
  to   space 2816K, 0% used [0x3d380000,0x3d380000,0x3d640000)
 ParOldGen       total 22016K, used 2297K [0x11600000, 0x12b80000, 0x3c0c0000)
  object space 22016K, 10% used [0x11600000,0x1183e5b8,0x12b80000)
 Metaspace       used 4605K, capacity 4714K, committed 4736K, reserved 5504K
Event: 10.954 GC heap after
Heap after GC invocations=6 (full 0):
 PSYoungGen      total 18688K, used 1708K [0x3c0c0000, 0x3d5c0000, 0x51600000)
  eden space 16384K, 0% used [0x3c0c0000,0x3c0c0000,0x3d0c0000)
  from space 2304K, 74% used [0x3d380000,0x3d52b210,0x3d5c0000)
  to   space 2560K, 0% used [0x3d0c0000,0x3d0c0000,0x3d340000)
 ParOldGen       total 22016K, used 2297K [0x11600000, 0x12b80000, 0x3c0c0000)
  object space 22016K, 10% used [0x11600000,0x1183e5b8,0x12b80000)
 Metaspace       used 4605K, capacity 4714K, committed 4736K, reserved 5504K
}
Event: 11.805 GC heap before
{Heap before GC invocations=7 (full 0):
 PSYoungGen      total 18688K, used 18092K [0x3c0c0000, 0x3d5c0000, 0x51600000)
  eden space 16384K, 100% used [0x3c0c0000,0x3d0c0000,0x3d0c0000)
  from space 2304K, 74% used [0x3d380000,0x3d52b210,0x3d5c0000)
  to   space 2560K, 0% used [0x3d0c0000,0x3d0c0000,0x3d340000)
 ParOldGen       total 22016K, used 2297K [0x11600000, 0x12b80000, 0x3c0c0000)
  object space 22016K, 10% used [0x11600000,0x1183e5b8,0x12b80000)
 Metaspace       used 4804K, capacity 4916K, committed 4992K, reserved 5504K
Event: 11.816 GC heap after
Heap after GC invocations=7 (full 0):
 PSYoungGen      total 18944K, used 1716K [0x3c0c0000, 0x3d5c0000, 0x51600000)
  eden space 16384K, 0% used [0x3c0c0000,0x3c0c0000,0x3d0c0000)
  from space 2560K, 67% used [0x3d0c0000,0x3d26d368,0x3d340000)
  to   space 2304K, 0% used [0x3d380000,0x3d380000,0x3d5c0000)
 ParOldGen       total 22016K, used 3143K [0x11600000, 0x12b80000, 0x3c0c0000)
  object space 22016K, 14% used [0x11600000,0x11911d08,0x12b80000)
 Metaspace       used 4804K, capacity 4916K, committed 4992K, reserved 5504K
}
Event: 21.650 GC heap before
{Heap before GC invocations=8 (full 0):
 PSYoungGen      total 18944K, used 18100K [0x3c0c0000, 0x3d5c0000, 0x51600000)
  eden space 16384K, 100% used [0x3c0c0000,0x3d0c0000,0x3d0c0000)
  from space 2560K, 67% used [0x3d0c0000,0x3d26d368,0x3d340000)
  to   space 2304K, 0% used [0x3d380000,0x3d380000,0x3d5c0000)
 ParOldGen       total 22016K, used 3143K [0x11600000, 0x12b80000, 0x3c0c0000)
  object space 22016K, 14% used [0x11600000,0x11911d08,0x12b80000)
 Metaspace       used 7054K, capacity 7235K, committed 7296K, reserved 7552K
Event: 21.667 GC heap after
Heap after GC invocations=8 (full 0):
 PSYoungGen      total 18688K, used 2293K [0x3c0c0000, 0x3d5c0000, 0x51600000)
  eden space 16384K, 0% used [0x3c0c0000,0x3c0c0000,0x3d0c0000)
  from space 2304K, 99% used [0x3d380000,0x3d5bd418,0x3d5c0000)
  to   space 2560K, 0% used [0x3d0c0000,0x3d0c0000,0x3d340000)
 ParOldGen       total 22016K, used 4067K [0x11600000, 0x12b80000, 0x3c0c0000)
  object space 22016K, 18% used [0x11600000,0x119f8c08,0x12b80000)
 Metaspace       used 7054K, capacity 7235K, committed 7296K, reserved 7552K
}

