# JRE version: OpenJDK Runtime Environment (8.0_212-b04) (build 1.8.0_212-release-1586-b04)
# Java VM: OpenJDK Server VM (25.212-b04 mixed mode windows-x86 )
Heap:
 PSYoungGen      total 51200K, used 10139K [0x3b6c0000, 0x3f980000, 0x50c00000)
  eden space 37888K, 26% used [0x3b6c0000,0x3c0a6c08,0x3dbc0000)
  from space 13312K, 0% used [0x3ec80000,0x3ec80000,0x3f980000)
  to   space 11520K, 0% used [0x3dbc0000,0x3dbc0000,0x3e700000)
 ParOldGen       total 62720K, used 59249K [0x10c00000, 0x14940000, 0x3b6c0000)
  object space 62720K, 94% used [0x10c00000,0x145dc6b8,0x14940000)
 Metaspace       used 47448K, capacity 48638K, committed 48640K, reserved 49536K
GC Heap History (10 events):
Event: 500.771 GC heap before
{Heap before GC invocations=39 (full 4):
 PSYoungGen      total 48128K, used 45328K [0x3b6c0000, 0x3f240000, 0x50c00000)
  eden space 37888K, 100% used [0x3b6c0000,0x3dbc0000,0x3dbc0000)
  from space 10240K, 72% used [0x3e840000,0x3ef842e0,0x3f240000)
  to   space 11520K, 0% used [0x3dbc0000,0x3dbc0000,0x3e700000)
 ParOldGen       total 62720K, used 53727K [0x10c00000, 0x14940000, 0x3b6c0000)
  object space 62720K, 85% used [0x10c00000,0x14077d68,0x14940000)
 Metaspace       used 47182K, capacity 48384K, committed 48384K, reserved 48512K
Event: 500.809 GC heap after
Heap after GC invocations=39 (full 4):
 PSYoungGen      total 49408K, used 11515K [0x3b6c0000, 0x3f980000, 0x50c00000)
  eden space 37888K, 0% used [0x3b6c0000,0x3b6c0000,0x3dbc0000)
  from space 11520K, 99% used [0x3dbc0000,0x3e6fef60,0x3e700000)
  to   space 13312K, 0% used [0x3ec80000,0x3ec80000,0x3f980000)
 ParOldGen       total 62720K, used 54191K [0x10c00000, 0x14940000, 0x3b6c0000)
  object space 62720K, 86% used [0x10c00000,0x140ebf80,0x14940000)
 Metaspace       used 47182K, capacity 48384K, committed 48384K, reserved 48512K
}
Event: 507.655 GC heap before
{Heap before GC invocations=40 (full 4):
 PSYoungGen      total 49408K, used 49403K [0x3b6c0000, 0x3f980000, 0x50c00000)
  eden space 37888K, 100% used [0x3b6c0000,0x3dbc0000,0x3dbc0000)
  from space 11520K, 99% used [0x3dbc0000,0x3e6fef60,0x3e700000)
  to   space 13312K, 0% used [0x3ec80000,0x3ec80000,0x3f980000)
 ParOldGen       total 62720K, used 54191K [0x10c00000, 0x14940000, 0x3b6c0000)
  object space 62720K, 86% used [0x10c00000,0x140ebf80,0x14940000)
 Metaspace       used 47263K, capacity 48448K, committed 48512K, reserved 48512K
Event: 507.747 GC heap after
Heap after GC invocations=40 (full 4):
 PSYoungGen      total 51200K, used 13301K [0x3b6c0000, 0x3f980000, 0x50c00000)
  eden space 37888K, 0% used [0x3b6c0000,0x3b6c0000,0x3dbc0000)
  from space 13312K, 99% used [0x3ec80000,0x3f97d4e8,0x3f980000)
  to   space 11520K, 0% used [0x3dbc0000,0x3dbc0000,0x3e700000)
 ParOldGen       total 62720K, used 62593K [0x10c00000, 0x14940000, 0x3b6c0000)
  object space 62720K, 99% used [0x10c00000,0x14920470,0x14940000)
 Metaspace       used 47263K, capacity 48448K, committed 48512K, reserved 48512K
}
Event: 507.747 GC heap before
{Heap before GC invocations=41 (full 5):
 PSYoungGen      total 51200K, used 13301K [0x3b6c0000, 0x3f980000, 0x50c00000)
  eden space 37888K, 0% used [0x3b6c0000,0x3b6c0000,0x3dbc0000)
  from space 13312K, 99% used [0x3ec80000,0x3f97d4e8,0x3f980000)
  to   space 11520K, 0% used [0x3dbc0000,0x3dbc0000,0x3e700000)
 ParOldGen       total 62720K, used 62593K [0x10c00000, 0x14940000, 0x3b6c0000)
  object space 62720K, 99% used [0x10c00000,0x14920470,0x14940000)
 Metaspace       used 47263K, capacity 48448K, committed 48512K, reserved 48512K
Event: 508.306 GC heap after
Heap after GC invocations=41 (full 5):
 PSYoungGen      total 51200K, used 0K [0x3b6c0000, 0x3f980000, 0x50c00000)
  eden space 37888K, 0% used [0x3b6c0000,0x3b6c0000,0x3dbc0000)
  from space 13312K, 0% used [0x3ec80000,0x3ec80000,0x3f980000)
  to   space 11520K, 0% used [0x3dbc0000,0x3dbc0000,0x3e700000)
 ParOldGen       total 62720K, used 54151K [0x10c00000, 0x14940000, 0x3b6c0000)
  object space 62720K, 86% used [0x10c00000,0x140e1de0,0x14940000)
 Metaspace       used 47263K, capacity 48448K, committed 48512K, reserved 48512K
}
Event: 515.197 GC heap before
{Heap before GC invocations=42 (full 6):
 PSYoungGen      total 51200K, used 37888K [0x3b6c0000, 0x3f980000, 0x50c00000)
  eden space 37888K, 100% used [0x3b6c0000,0x3dbc0000,0x3dbc0000)
  from space 13312K, 0% used [0x3ec80000,0x3ec80000,0x3f980000)
  to   space 11520K, 0% used [0x3dbc0000,0x3dbc0000,0x3e700000)
 ParOldGen       total 62720K, used 54151K [0x10c00000, 0x14940000, 0x3b6c0000)
  object space 62720K, 86% used [0x10c00000,0x140e1de0,0x14940000)
 Metaspace       used 47389K, capacity 48578K, committed 48640K, reserved 49536K
Event: 515.725 GC heap after
Heap after GC invocations=42 (full 6):
 PSYoungGen      total 51200K, used 0K [0x3b6c0000, 0x3f980000, 0x50c00000)
  eden space 37888K, 0% used [0x3b6c0000,0x3b6c0000,0x3dbc0000)
  from space 13312K, 0% used [0x3ec80000,0x3ec80000,0x3f980000)
  to   space 11520K, 0% used [0x3dbc0000,0x3dbc0000,0x3e700000)
 ParOldGen       total 62720K, used 58516K [0x10c00000, 0x14940000, 0x3b6c0000)
  object space 62720K, 93% used [0x10c00000,0x145252b0,0x14940000)
 Metaspace       used 47389K, capacity 48578K, committed 48640K, reserved 49536K
}
Event: 517.159 GC heap before
{Heap before GC invocations=43 (full 7):
 PSYoungGen      total 51200K, used 37888K [0x3b6c0000, 0x3f980000, 0x50c00000)
  eden space 37888K, 100% used [0x3b6c0000,0x3dbc0000,0x3dbc0000)
  from space 13312K, 0% used [0x3ec80000,0x3ec80000,0x3f980000)
  to   space 11520K, 0% used [0x3dbc0000,0x3dbc0000,0x3e700000)
 ParOldGen       total 62720K, used 58516K [0x10c00000, 0x14940000, 0x3b6c0000)
  object space 62720K, 93% used [0x10c00000,0x145252b0,0x14940000)
 Metaspace       used 47442K, capacity 48635K, committed 48640K, reserved 49536K
Event: 517.500 GC heap after
Heap after GC invocations=43 (full 7):
 PSYoungGen      total 51200K, used 0K [0x3b6c0000, 0x3f980000, 0x50c00000)
  eden space 37888K, 0% used [0x3b6c0000,0x3b6c0000,0x3dbc0000)
  from space 13312K, 0% used [0x3ec80000,0x3ec80000,0x3f980000)
  to   space 11520K, 0% used [0x3dbc0000,0x3dbc0000,0x3e700000)
 ParOldGen       total 62720K, used 59249K [0x10c00000, 0x14940000, 0x3b6c0000)
  object space 62720K, 94% used [0x10c00000,0x145dc6b8,0x14940000)
 Metaspace       used 47442K, capacity 48635K, committed 48640K, reserved 49536K
}

