# JRE version: OpenJDK Runtime Environment (8.0_212-b04) (build 1.8.0_212-release-1586-b04)
# Java VM: OpenJDK Server VM (25.212-b04 mixed mode windows-x86 )
Heap:
 PSYoungGen      total 265984K, used 2123K [0x3bac0000, 0x4d2c0000, 0x51000000)
  eden space 245248K, 0% used [0x3bac0000,0x3bac0000,0x4aa40000)
  from space 20736K, 10% used [0x4aa40000,0x4ac52fa0,0x4be80000)
  to   space 19200K, 0% used [0x4c000000,0x4c000000,0x4d2c0000)
 ParOldGen       total 65280K, used 58630K [0x11000000, 0x14fc0000, 0x3bac0000)
  object space 65280K, 89% used [0x11000000,0x14941988,0x14fc0000)
 Metaspace       used 67076K, capacity 68689K, committed 68736K, reserved 68992K
GC Heap History (10 events):
Event: 2029.882 GC heap before
{Heap before GC invocations=51 (full 6):
 PSYoungGen      total 181760K, used 161024K [0x3bac0000, 0x48280000, 0x51000000)
  eden space 161024K, 100% used [0x3bac0000,0x45800000,0x45800000)
  from space 20736K, 0% used [0x46e40000,0x46e40000,0x48280000)
  to   space 21760K, 0% used [0x45800000,0x45800000,0x46d40000)
 ParOldGen       total 65280K, used 41891K [0x11000000, 0x14fc0000, 0x3bac0000)
  object space 65280K, 64% used [0x11000000,0x138e8fe0,0x14fc0000)
 Metaspace       used 65252K, capacity 66800K, committed 67072K, reserved 67968K
Event: 2029.959 GC heap after
Heap after GC invocations=51 (full 6):
 PSYoungGen      total 182784K, used 16235K [0x3bac0000, 0x49940000, 0x51000000)
  eden space 161024K, 0% used [0x3bac0000,0x3bac0000,0x45800000)
  from space 21760K, 74% used [0x45800000,0x467dae68,0x46d40000)
  to   space 23296K, 0% used [0x48280000,0x48280000,0x49940000)
 ParOldGen       total 65280K, used 41895K [0x11000000, 0x14fc0000, 0x3bac0000)
  object space 65280K, 64% used [0x11000000,0x138e9fe0,0x14fc0000)
 Metaspace       used 65252K, capacity 66800K, committed 67072K, reserved 67968K
}
Event: 2033.423 GC heap before
{Heap before GC invocations=52 (full 6):
 PSYoungGen      total 182784K, used 177259K [0x3bac0000, 0x49940000, 0x51000000)
  eden space 161024K, 100% used [0x3bac0000,0x45800000,0x45800000)
  from space 21760K, 74% used [0x45800000,0x467dae68,0x46d40000)
  to   space 23296K, 0% used [0x48280000,0x48280000,0x49940000)
 ParOldGen       total 65280K, used 41895K [0x11000000, 0x14fc0000, 0x3bac0000)
  object space 65280K, 64% used [0x11000000,0x138e9fe0,0x14fc0000)
 Metaspace       used 65957K, capacity 67509K, committed 67712K, reserved 67968K
Event: 2034.065 GC heap after
Heap after GC invocations=52 (full 6):
 PSYoungGen      total 204544K, used 1200K [0x3bac0000, 0x4a300000, 0x51000000)
  eden space 181248K, 0% used [0x3bac0000,0x3bac0000,0x46bc0000)
  from space 23296K, 5% used [0x48280000,0x483ac000,0x49940000)
  to   space 23296K, 0% used [0x46bc0000,0x46bc0000,0x48280000)
 ParOldGen       total 65280K, used 48450K [0x11000000, 0x14fc0000, 0x3bac0000)
  object space 65280K, 74% used [0x11000000,0x13f50bf0,0x14fc0000)
 Metaspace       used 65957K, capacity 67509K, committed 67712K, reserved 67968K
}
Event: 2036.200 GC heap before
{Heap before GC invocations=53 (full 6):
 PSYoungGen      total 204544K, used 182448K [0x3bac0000, 0x4a300000, 0x51000000)
  eden space 181248K, 100% used [0x3bac0000,0x46bc0000,0x46bc0000)
  from space 23296K, 5% used [0x48280000,0x483ac000,0x49940000)
  to   space 23296K, 0% used [0x46bc0000,0x46bc0000,0x48280000)
 ParOldGen       total 65280K, used 48450K [0x11000000, 0x14fc0000, 0x3bac0000)
  object space 65280K, 74% used [0x11000000,0x13f50bf0,0x14fc0000)
 Metaspace       used 66406K, capacity 68025K, committed 68224K, reserved 68992K
Event: 2036.235 GC heap after
Heap after GC invocations=53 (full 6):
 PSYoungGen      total 204544K, used 1858K [0x3bac0000, 0x4b8c0000, 0x51000000)
  eden space 181248K, 0% used [0x3bac0000,0x3bac0000,0x46bc0000)
  from space 23296K, 7% used [0x46bc0000,0x46d90b18,0x48280000)
  to   space 23040K, 0% used [0x4a240000,0x4a240000,0x4b8c0000)
 ParOldGen       total 65280K, used 49158K [0x11000000, 0x14fc0000, 0x3bac0000)
  object space 65280K, 75% used [0x11000000,0x14001808,0x14fc0000)
 Metaspace       used 66406K, capacity 68025K, committed 68224K, reserved 68992K
}
Event: 2041.440 GC heap before
{Heap before GC invocations=54 (full 6):
 PSYoungGen      total 204544K, used 183106K [0x3bac0000, 0x4b8c0000, 0x51000000)
  eden space 181248K, 100% used [0x3bac0000,0x46bc0000,0x46bc0000)
  from space 23296K, 7% used [0x46bc0000,0x46d90b18,0x48280000)
  to   space 23040K, 0% used [0x4a240000,0x4a240000,0x4b8c0000)
 ParOldGen       total 65280K, used 49158K [0x11000000, 0x14fc0000, 0x3bac0000)
  object space 65280K, 75% used [0x11000000,0x14001808,0x14fc0000)
 Metaspace       used 66884K, capacity 68514K, committed 68608K, reserved 68992K
Event: 2041.496 GC heap after
Heap after GC invocations=54 (full 6):
 PSYoungGen      total 233984K, used 1564K [0x3bac0000, 0x4b700000, 0x51000000)
  eden space 212736K, 0% used [0x3bac0000,0x3bac0000,0x48a80000)
  from space 21248K, 7% used [0x4a240000,0x4a3c70b8,0x4b700000)
  to   space 22784K, 0% used [0x48a80000,0x48a80000,0x4a0c0000)
 ParOldGen       total 65280K, used 49997K [0x11000000, 0x14fc0000, 0x3bac0000)
  object space 65280K, 76% used [0x11000000,0x140d3468,0x14fc0000)
 Metaspace       used 66884K, capacity 68514K, committed 68608K, reserved 68992K
}
Event: 2048.486 GC heap before
{Heap before GC invocations=55 (full 6):
 PSYoungGen      total 233984K, used 214300K [0x3bac0000, 0x4b700000, 0x51000000)
  eden space 212736K, 100% used [0x3bac0000,0x48a80000,0x48a80000)
  from space 21248K, 7% used [0x4a240000,0x4a3c70b8,0x4b700000)
  to   space 22784K, 0% used [0x48a80000,0x48a80000,0x4a0c0000)
 ParOldGen       total 65280K, used 49997K [0x11000000, 0x14fc0000, 0x3bac0000)
  object space 65280K, 76% used [0x11000000,0x140d3468,0x14fc0000)
 Metaspace       used 67026K, capacity 68652K, committed 68736K, reserved 68992K
Event: 2048.512 GC heap after
Heap after GC invocations=55 (full 6):
 PSYoungGen      total 235520K, used 6105K [0x3bac0000, 0x4d500000, 0x51000000)
  eden space 212736K, 0% used [0x3bac0000,0x3bac0000,0x48a80000)
  from space 22784K, 26% used [0x48a80000,0x49076598,0x4a0c0000)
  to   space 21504K, 0% used [0x4c000000,0x4c000000,0x4d500000)
 ParOldGen       total 65280K, used 50725K [0x11000000, 0x14fc0000, 0x3bac0000)
  object space 65280K, 77% used [0x11000000,0x14189650,0x14fc0000)
 Metaspace       used 67026K, capacity 68652K, committed 68736K, reserved 68992K
}

