# JRE version: OpenJDK Runtime Environment (8.0_212-b04) (build 1.8.0_212-release-1586-b04)
# Java VM: OpenJDK Server VM (25.212-b04 mixed mode windows-x86 )
Heap:
 PSYoungGen      total 262912K, used 9315K [0x3bcc0000, 0x4d380000, 0x51200000)
  eden space 240384K, 1% used [0x3bcc0000,0x3c0f9798,0x4a780000)
  from space 22528K, 22% used [0x4a780000,0x4ac5f5b8,0x4bd80000)
  to   space 18944K, 0% used [0x4c100000,0x4c100000,0x4d380000)
 ParOldGen       total 61952K, used 46575K [0x11200000, 0x14e80000, 0x3bcc0000)
  object space 61952K, 75% used [0x11200000,0x13f7bc58,0x14e80000)
 Metaspace       used 55689K, capacity 57268K, committed 57344K, reserved 57728K
GC Heap History (10 events):
Event: 70.750 GC heap before
{Heap before GC invocations=15 (full 2):
 PSYoungGen      total 152064K, used 142336K [0x3bcc0000, 0x45f40000, 0x51200000)
  eden space 142336K, 100% used [0x3bcc0000,0x447c0000,0x447c0000)
  from space 9728K, 0% used [0x451c0000,0x451c0000,0x45b40000)
  to   space 10240K, 0% used [0x447c0000,0x447c0000,0x451c0000)
 ParOldGen       total 36096K, used 18161K [0x11200000, 0x13540000, 0x3bcc0000)
  object space 36096K, 50% used [0x11200000,0x123bc6e8,0x13540000)
 Metaspace       used 36341K, capacity 37233K, committed 37248K, reserved 37248K
Event: 70.916 GC heap after
Heap after GC invocations=15 (full 2):
 PSYoungGen      total 152576K, used 10226K [0x3bcc0000, 0x49940000, 0x51200000)
  eden space 142336K, 0% used [0x3bcc0000,0x3bcc0000,0x447c0000)
  from space 10240K, 99% used [0x447c0000,0x451bc860,0x451c0000)
  to   space 14592K, 0% used [0x48b00000,0x48b00000,0x49940000)
 ParOldGen       total 36096K, used 25652K [0x11200000, 0x13540000, 0x3bcc0000)
  object space 36096K, 71% used [0x11200000,0x12b0d3c0,0x13540000)
 Metaspace       used 36341K, capacity 37233K, committed 37248K, reserved 37248K
}
Event: 81.018 GC heap before
{Heap before GC invocations=16 (full 2):
 PSYoungGen      total 152576K, used 152558K [0x3bcc0000, 0x49940000, 0x51200000)
  eden space 142336K, 99% used [0x3bcc0000,0x447bf050,0x447c0000)
  from space 10240K, 99% used [0x447c0000,0x451bc860,0x451c0000)
  to   space 14592K, 0% used [0x48b00000,0x48b00000,0x49940000)
 ParOldGen       total 36096K, used 25652K [0x11200000, 0x13540000, 0x3bcc0000)
  object space 36096K, 71% used [0x11200000,0x12b0d3c0,0x13540000)
 Metaspace       used 41249K, capacity 42341K, committed 42368K, reserved 42368K
Event: 81.142 GC heap after
Heap after GC invocations=16 (full 2):
 PSYoungGen      total 209152K, used 13660K [0x3bcc0000, 0x49d80000, 0x51200000)
  eden space 194560K, 0% used [0x3bcc0000,0x3bcc0000,0x47ac0000)
  from space 14592K, 93% used [0x48b00000,0x498571f0,0x49940000)
  to   space 16640K, 0% used [0x47ac0000,0x47ac0000,0x48b00000)
 ParOldGen       total 36096K, used 33939K [0x11200000, 0x13540000, 0x3bcc0000)
  object space 36096K, 94% used [0x11200000,0x13324d80,0x13540000)
 Metaspace       used 41249K, capacity 42341K, committed 42368K, reserved 42368K
}
Event: 81.142 GC heap before
{Heap before GC invocations=17 (full 3):
 PSYoungGen      total 209152K, used 13660K [0x3bcc0000, 0x49d80000, 0x51200000)
  eden space 194560K, 0% used [0x3bcc0000,0x3bcc0000,0x47ac0000)
  from space 14592K, 93% used [0x48b00000,0x498571f0,0x49940000)
  to   space 16640K, 0% used [0x47ac0000,0x47ac0000,0x48b00000)
 ParOldGen       total 36096K, used 33939K [0x11200000, 0x13540000, 0x3bcc0000)
  object space 36096K, 94% used [0x11200000,0x13324d80,0x13540000)
 Metaspace       used 41249K, capacity 42341K, committed 42368K, reserved 42368K
Event: 81.550 GC heap after
Heap after GC invocations=17 (full 3):
 PSYoungGen      total 209152K, used 0K [0x3bcc0000, 0x49d80000, 0x51200000)
  eden space 194560K, 0% used [0x3bcc0000,0x3bcc0000,0x47ac0000)
  from space 14592K, 0% used [0x48b00000,0x48b00000,0x49940000)
  to   space 16640K, 0% used [0x47ac0000,0x47ac0000,0x48b00000)
 ParOldGen       total 61952K, used 35931K [0x11200000, 0x14e80000, 0x3bcc0000)
  object space 61952K, 57% used [0x11200000,0x13516f28,0x14e80000)
 Metaspace       used 41238K, capacity 42316K, committed 42368K, reserved 42368K
}
Event: 130.806 GC heap before
{Heap before GC invocations=18 (full 3):
 PSYoungGen      total 209152K, used 194560K [0x3bcc0000, 0x49d80000, 0x51200000)
  eden space 194560K, 100% used [0x3bcc0000,0x47ac0000,0x47ac0000)
  from space 14592K, 0% used [0x48b00000,0x48b00000,0x49940000)
  to   space 16640K, 0% used [0x47ac0000,0x47ac0000,0x48b00000)
 ParOldGen       total 61952K, used 35931K [0x11200000, 0x14e80000, 0x3bcc0000)
  object space 61952K, 57% used [0x11200000,0x13516f28,0x14e80000)
 Metaspace       used 45852K, capacity 46970K, committed 46976K, reserved 47488K
Event: 130.864 GC heap after
Heap after GC invocations=18 (full 3):
 PSYoungGen      total 211200K, used 15784K [0x3bcc0000, 0x4d380000, 0x51200000)
  eden space 194560K, 0% used [0x3bcc0000,0x3bcc0000,0x47ac0000)
  from space 16640K, 94% used [0x47ac0000,0x48a2a3a0,0x48b00000)
  to   space 18944K, 0% used [0x4c100000,0x4c100000,0x4d380000)
 ParOldGen       total 61952K, used 35935K [0x11200000, 0x14e80000, 0x3bcc0000)
  object space 61952K, 58% used [0x11200000,0x13517f28,0x14e80000)
 Metaspace       used 45852K, capacity 46970K, committed 46976K, reserved 47488K
}
Event: 218.110 GC heap before
{Heap before GC invocations=19 (full 3):
 PSYoungGen      total 211200K, used 210344K [0x3bcc0000, 0x4d380000, 0x51200000)
  eden space 194560K, 100% used [0x3bcc0000,0x47ac0000,0x47ac0000)
  from space 16640K, 94% used [0x47ac0000,0x48a2a3a0,0x48b00000)
  to   space 18944K, 0% used [0x4c100000,0x4c100000,0x4d380000)
 ParOldGen       total 61952K, used 35935K [0x11200000, 0x14e80000, 0x3bcc0000)
  object space 61952K, 58% used [0x11200000,0x13517f28,0x14e80000)
 Metaspace       used 55177K, capacity 56743K, committed 56832K, reserved 57728K
Event: 218.202 GC heap after
Heap after GC invocations=19 (full 3):
 PSYoungGen      total 259328K, used 18930K [0x3bcc0000, 0x4d380000, 0x51200000)
  eden space 240384K, 0% used [0x3bcc0000,0x3bcc0000,0x4a780000)
  from space 18944K, 99% used [0x4c100000,0x4d37c988,0x4d380000)
  to   space 22528K, 0% used [0x4a780000,0x4a780000,0x4bd80000)
 ParOldGen       total 61952K, used 36788K [0x11200000, 0x14e80000, 0x3bcc0000)
  object space 61952K, 59% used [0x11200000,0x135ed068,0x14e80000)
 Metaspace       used 55177K, capacity 56743K, committed 56832K, reserved 57728K
}

