# JRE version: OpenJDK Runtime Environment (8.0_212-b04) (build 1.8.0_212-release-1586-b04)
# Java VM: OpenJDK Server VM (25.212-b04 mixed mode windows-x86 )
Heap:
 PSYoungGen      total 88832K, used 25749K [0x3c2c0000, 0x42100000, 0x51800000)
  eden space 81152K, 22% used [0x3c2c0000,0x3d4c2808,0x41200000)
  from space 7680K, 95% used [0x41200000,0x41922e90,0x41980000)
  to   space 7680K, 0% used [0x41980000,0x41980000,0x42100000)
 ParOldGen       total 20480K, used 8215K [0x11800000, 0x12c00000, 0x3c2c0000)
  object space 20480K, 40% used [0x11800000,0x12005ed8,0x12c00000)
 Metaspace       used 21196K, capacity 21556K, committed 21632K, reserved 21888K
GC Heap History (10 events):
Event: 5.945 GC heap before
{Heap before GC invocations=10 (full 0):
 PSYoungGen      total 35328K, used 35322K [0x3c2c0000, 0x3fdc0000, 0x51800000)
  eden space 32256K, 100% used [0x3c2c0000,0x3e240000,0x3e240000)
  from space 3072K, 99% used [0x3e240000,0x3e53ebd0,0x3e540000)
  to   space 4352K, 0% used [0x3f980000,0x3f980000,0x3fdc0000)
 ParOldGen       total 22016K, used 6011K [0x11800000, 0x12d80000, 0x3c2c0000)
  object space 22016K, 27% used [0x11800000,0x11ddec88,0x12d80000)
 Metaspace       used 11191K, capacity 11493K, committed 11520K, reserved 11648K
Event: 5.967 GC heap after
Heap after GC invocations=10 (full 0):
 PSYoungGen      total 55040K, used 4340K [0x3c2c0000, 0x3ffc0000, 0x51800000)
  eden space 50688K, 0% used [0x3c2c0000,0x3c2c0000,0x3f440000)
  from space 4352K, 99% used [0x3f980000,0x3fdbd200,0x3fdc0000)
  to   space 5376K, 0% used [0x3f440000,0x3f440000,0x3f980000)
 ParOldGen       total 22016K, used 7548K [0x11800000, 0x12d80000, 0x3c2c0000)
  object space 22016K, 34% used [0x11800000,0x11f5f360,0x12d80000)
 Metaspace       used 11191K, capacity 11493K, committed 11520K, reserved 11648K
}
Event: 8.640 GC heap before
{Heap before GC invocations=11 (full 0):
 PSYoungGen      total 55040K, used 55028K [0x3c2c0000, 0x3ffc0000, 0x51800000)
  eden space 50688K, 100% used [0x3c2c0000,0x3f440000,0x3f440000)
  from space 4352K, 99% used [0x3f980000,0x3fdbd200,0x3fdc0000)
  to   space 5376K, 0% used [0x3f440000,0x3f440000,0x3f980000)
 ParOldGen       total 22016K, used 7548K [0x11800000, 0x12d80000, 0x3c2c0000)
  object space 22016K, 34% used [0x11800000,0x11f5f360,0x12d80000)
 Metaspace       used 16065K, capacity 16368K, committed 16384K, reserved 16768K
Event: 8.673 GC heap after
Heap after GC invocations=11 (full 0):
 PSYoungGen      total 56064K, used 5371K [0x3c2c0000, 0x42100000, 0x51800000)
  eden space 50688K, 0% used [0x3c2c0000,0x3c2c0000,0x3f440000)
  from space 5376K, 99% used [0x3f440000,0x3f97ec68,0x3f980000)
  to   space 7680K, 0% used [0x41980000,0x41980000,0x42100000)
 ParOldGen       total 22016K, used 11173K [0x11800000, 0x12d80000, 0x3c2c0000)
  object space 22016K, 50% used [0x11800000,0x122e9408,0x12d80000)
 Metaspace       used 16065K, capacity 16368K, committed 16384K, reserved 16768K
}
Event: 8.677 GC heap before
{Heap before GC invocations=12 (full 0):
 PSYoungGen      total 56064K, used 6454K [0x3c2c0000, 0x42100000, 0x51800000)
  eden space 50688K, 2% used [0x3c2c0000,0x3c3cedb0,0x3f440000)
  from space 5376K, 99% used [0x3f440000,0x3f97ec68,0x3f980000)
  to   space 7680K, 0% used [0x41980000,0x41980000,0x42100000)
 ParOldGen       total 22016K, used 11173K [0x11800000, 0x12d80000, 0x3c2c0000)
  object space 22016K, 50% used [0x11800000,0x122e9408,0x12d80000)
 Metaspace       used 16067K, capacity 16368K, committed 16384K, reserved 16768K
Event: 8.723 GC heap after
Heap after GC invocations=12 (full 0):
 PSYoungGen      total 88832K, used 48K [0x3c2c0000, 0x42100000, 0x51800000)
  eden space 81152K, 0% used [0x3c2c0000,0x3c2c0000,0x41200000)
  from space 7680K, 0% used [0x41980000,0x4198c000,0x42100000)
  to   space 7680K, 0% used [0x41200000,0x41200000,0x41980000)
 ParOldGen       total 22016K, used 13989K [0x11800000, 0x12d80000, 0x3c2c0000)
  object space 22016K, 63% used [0x11800000,0x125a97a8,0x12d80000)
 Metaspace       used 16067K, capacity 16368K, committed 16384K, reserved 16768K
}
Event: 8.723 GC heap before
{Heap before GC invocations=13 (full 1):
 PSYoungGen      total 88832K, used 48K [0x3c2c0000, 0x42100000, 0x51800000)
  eden space 81152K, 0% used [0x3c2c0000,0x3c2c0000,0x41200000)
  from space 7680K, 0% used [0x41980000,0x4198c000,0x42100000)
  to   space 7680K, 0% used [0x41200000,0x41200000,0x41980000)
 ParOldGen       total 22016K, used 13989K [0x11800000, 0x12d80000, 0x3c2c0000)
  object space 22016K, 63% used [0x11800000,0x125a97a8,0x12d80000)
 Metaspace       used 16067K, capacity 16368K, committed 16384K, reserved 16768K
Event: 8.844 GC heap after
Heap after GC invocations=13 (full 1):
 PSYoungGen      total 88832K, used 0K [0x3c2c0000, 0x42100000, 0x51800000)
  eden space 81152K, 0% used [0x3c2c0000,0x3c2c0000,0x41200000)
  from space 7680K, 0% used [0x41980000,0x41980000,0x42100000)
  to   space 7680K, 0% used [0x41200000,0x41200000,0x41980000)
 ParOldGen       total 20480K, used 8211K [0x11800000, 0x12c00000, 0x3c2c0000)
  object space 20480K, 40% used [0x11800000,0x12004ed8,0x12c00000)
 Metaspace       used 16067K, capacity 16368K, committed 16384K, reserved 16768K
}
Event: 10.811 GC heap before
{Heap before GC invocations=14 (full 1):
 PSYoungGen      total 88832K, used 81152K [0x3c2c0000, 0x42100000, 0x51800000)
  eden space 81152K, 100% used [0x3c2c0000,0x41200000,0x41200000)
  from space 7680K, 0% used [0x41980000,0x41980000,0x42100000)
  to   space 7680K, 0% used [0x41200000,0x41200000,0x41980000)
 ParOldGen       total 20480K, used 8211K [0x11800000, 0x12c00000, 0x3c2c0000)
  object space 20480K, 40% used [0x11800000,0x12004ed8,0x12c00000)
 Metaspace       used 20668K, capacity 21044K, committed 21120K, reserved 21888K
Event: 10.855 GC heap after
Heap after GC invocations=14 (full 1):
 PSYoungGen      total 88832K, used 7307K [0x3c2c0000, 0x42100000, 0x51800000)
  eden space 81152K, 0% used [0x3c2c0000,0x3c2c0000,0x41200000)
  from space 7680K, 95% used [0x41200000,0x41922e90,0x41980000)
  to   space 7680K, 0% used [0x41980000,0x41980000,0x42100000)
 ParOldGen       total 20480K, used 8215K [0x11800000, 0x12c00000, 0x3c2c0000)
  object space 20480K, 40% used [0x11800000,0x12005ed8,0x12c00000)
 Metaspace       used 20668K, capacity 21044K, committed 21120K, reserved 21888K
}

