# JRE version: OpenJDK Runtime Environment (8.0_212-b04) (build 1.8.0_212-release-1586-b04)
# Java VM: OpenJDK Server VM (25.212-b04 mixed mode windows-x86 )
Heap:
 PSYoungGen      total 290816K, used 88273K [0x3bec0000, 0x4f0c0000, 0x51400000)
  eden space 280576K, 27% used [0x3bec0000,0x40b3a038,0x4d0c0000)
  from space 10240K, 97% used [0x4e6c0000,0x4f07a4d0,0x4f0c0000)
  to   space 13824K, 0% used [0x4d5c0000,0x4d5c0000,0x4e340000)
 ParOldGen       total 93952K, used 56307K [0x11400000, 0x16fc0000, 0x3bec0000)
  object space 93952K, 59% used [0x11400000,0x14afcf60,0x16fc0000)
 Metaspace       used 50866K, capacity 52323K, committed 52352K, reserved 52608K
GC Heap History (10 events):
Event: 227.883 GC heap before
{Heap before GC invocations=111 (full 6):
 PSYoungGen      total 268800K, used 265294K [0x3bec0000, 0x4cf00000, 0x51400000)
  eden space 259584K, 100% used [0x3bec0000,0x4bc40000,0x4bc40000)
  from space 9216K, 61% used [0x4c580000,0x4cb13968,0x4ce80000)
  to   space 9472K, 0% used [0x4bc40000,0x4bc40000,0x4c580000)
 ParOldGen       total 83968K, used 76291K [0x11400000, 0x16600000, 0x3bec0000)
  object space 83968K, 90% used [0x11400000,0x15e80c80,0x16600000)
 Metaspace       used 50562K, capacity 51995K, committed 52096K, reserved 52608K
Event: 227.973 GC heap after
Heap after GC invocations=111 (full 6):
 PSYoungGen      total 269056K, used 9467K [0x3bec0000, 0x4f340000, 0x51400000)
  eden space 259584K, 0% used [0x3bec0000,0x3bec0000,0x4bc40000)
  from space 9472K, 99% used [0x4bc40000,0x4c57efb0,0x4c580000)
  to   space 12800K, 0% used [0x4e6c0000,0x4e6c0000,0x4f340000)
 ParOldGen       total 83968K, used 80634K [0x11400000, 0x16600000, 0x3bec0000)
  object space 83968K, 96% used [0x11400000,0x162beaf0,0x16600000)
 Metaspace       used 50562K, capacity 51995K, committed 52096K, reserved 52608K
}
Event: 227.992 GC heap before
{Heap before GC invocations=112 (full 7):
 PSYoungGen      total 269056K, used 9467K [0x3bec0000, 0x4f340000, 0x51400000)
  eden space 259584K, 0% used [0x3bec0000,0x3bec0000,0x4bc40000)
  from space 9472K, 99% used [0x4bc40000,0x4c57efb0,0x4c580000)
  to   space 12800K, 0% used [0x4e6c0000,0x4e6c0000,0x4f340000)
 ParOldGen       total 83968K, used 80634K [0x11400000, 0x16600000, 0x3bec0000)
  object space 83968K, 96% used [0x11400000,0x162beaf0,0x16600000)
 Metaspace       used 50562K, capacity 51995K, committed 52096K, reserved 52608K
Event: 230.186 GC heap after
Heap after GC invocations=112 (full 7):
 PSYoungGen      total 269056K, used 0K [0x3bec0000, 0x4f340000, 0x51400000)
  eden space 259584K, 0% used [0x3bec0000,0x3bec0000,0x4bc40000)
  from space 9472K, 0% used [0x4bc40000,0x4bc40000,0x4c580000)
  to   space 12800K, 0% used [0x4e6c0000,0x4e6c0000,0x4f340000)
 ParOldGen       total 93952K, used 56299K [0x11400000, 0x16fc0000, 0x3bec0000)
  object space 93952K, 59% used [0x11400000,0x14afaf60,0x16fc0000)
 Metaspace       used 50562K, capacity 51995K, committed 52096K, reserved 52608K
}
Event: 235.621 GC heap before
{Heap before GC invocations=113 (full 7):
 PSYoungGen      total 269056K, used 259584K [0x3bec0000, 0x4f340000, 0x51400000)
  eden space 259584K, 100% used [0x3bec0000,0x4bc40000,0x4bc40000)
  from space 9472K, 0% used [0x4bc40000,0x4bc40000,0x4c580000)
  to   space 12800K, 0% used [0x4e6c0000,0x4e6c0000,0x4f340000)
 ParOldGen       total 93952K, used 56299K [0x11400000, 0x16fc0000, 0x3bec0000)
  object space 93952K, 59% used [0x11400000,0x14afaf60,0x16fc0000)
 Metaspace       used 50567K, capacity 51995K, committed 52096K, reserved 52608K
Event: 235.699 GC heap after
Heap after GC invocations=113 (full 7):
 PSYoungGen      total 290816K, used 10159K [0x3bec0000, 0x4f0c0000, 0x51400000)
  eden space 280576K, 0% used [0x3bec0000,0x3bec0000,0x4d0c0000)
  from space 10240K, 99% used [0x4e6c0000,0x4f0abc70,0x4f0c0000)
  to   space 13824K, 0% used [0x4d5c0000,0x4d5c0000,0x4e340000)
 ParOldGen       total 93952K, used 56299K [0x11400000, 0x16fc0000, 0x3bec0000)
  object space 93952K, 59% used [0x11400000,0x14afaf60,0x16fc0000)
 Metaspace       used 50567K, capacity 51995K, committed 52096K, reserved 52608K
}
Event: 239.658 GC heap before
{Heap before GC invocations=114 (full 7):
 PSYoungGen      total 290816K, used 290735K [0x3bec0000, 0x4f0c0000, 0x51400000)
  eden space 280576K, 100% used [0x3bec0000,0x4d0c0000,0x4d0c0000)
  from space 10240K, 99% used [0x4e6c0000,0x4f0abc70,0x4f0c0000)
  to   space 13824K, 0% used [0x4d5c0000,0x4d5c0000,0x4e340000)
 ParOldGen       total 93952K, used 56299K [0x11400000, 0x16fc0000, 0x3bec0000)
  object space 93952K, 59% used [0x11400000,0x14afaf60,0x16fc0000)
 Metaspace       used 50680K, capacity 52135K, committed 52224K, reserved 52608K
Event: 239.784 GC heap after
Heap after GC invocations=114 (full 7):
 PSYoungGen      total 294400K, used 11149K [0x3bec0000, 0x4f0c0000, 0x51400000)
  eden space 280576K, 0% used [0x3bec0000,0x3bec0000,0x4d0c0000)
  from space 13824K, 80% used [0x4d5c0000,0x4e0a3780,0x4e340000)
  to   space 10240K, 0% used [0x4e6c0000,0x4e6c0000,0x4f0c0000)
 ParOldGen       total 93952K, used 56303K [0x11400000, 0x16fc0000, 0x3bec0000)
  object space 93952K, 59% used [0x11400000,0x14afbf60,0x16fc0000)
 Metaspace       used 50680K, capacity 52135K, committed 52224K, reserved 52608K
}
Event: 246.623 GC heap before
{Heap before GC invocations=115 (full 7):
 PSYoungGen      total 294400K, used 291725K [0x3bec0000, 0x4f0c0000, 0x51400000)
  eden space 280576K, 100% used [0x3bec0000,0x4d0c0000,0x4d0c0000)
  from space 13824K, 80% used [0x4d5c0000,0x4e0a3780,0x4e340000)
  to   space 10240K, 0% used [0x4e6c0000,0x4e6c0000,0x4f0c0000)
 ParOldGen       total 93952K, used 56303K [0x11400000, 0x16fc0000, 0x3bec0000)
  object space 93952K, 59% used [0x11400000,0x14afbf60,0x16fc0000)
 Metaspace       used 50826K, capacity 52249K, committed 52352K, reserved 52608K
Event: 246.692 GC heap after
Heap after GC invocations=115 (full 7):
 PSYoungGen      total 290816K, used 9961K [0x3bec0000, 0x4f0c0000, 0x51400000)
  eden space 280576K, 0% used [0x3bec0000,0x3bec0000,0x4d0c0000)
  from space 10240K, 97% used [0x4e6c0000,0x4f07a4d0,0x4f0c0000)
  to   space 13824K, 0% used [0x4d5c0000,0x4d5c0000,0x4e340000)
 ParOldGen       total 93952K, used 56307K [0x11400000, 0x16fc0000, 0x3bec0000)
  object space 93952K, 59% used [0x11400000,0x14afcf60,0x16fc0000)
 Metaspace       used 50826K, capacity 52249K, committed 52352K, reserved 52608K
}

