# JRE version: OpenJDK Runtime Environment (8.0_212-b04) (build 1.8.0_212-release-1586-b04)
# Java VM: OpenJDK Server VM (25.212-b04 mixed mode windows-x86 )
Heap:
 PSYoungGen      total 269312K, used 186201K [0x3bcc0000, 0x51200000, 0x51200000)
  eden space 246784K, 71% used [0x3bcc0000,0x4689b548,0x4adc0000)
  from space 22528K, 45% used [0x4adc0000,0x4b7bb218,0x4c3c0000)
  to   space 22016K, 0% used [0x4fc80000,0x4fc80000,0x51200000)
 ParOldGen       total 67840K, used 47794K [0x11200000, 0x15440000, 0x3bcc0000)
  object space 67840K, 70% used [0x11200000,0x140ac8d0,0x15440000)
 Metaspace       used 53818K, capacity 55827K, committed 55936K, reserved 56704K
GC Heap History (10 events):
Event: 52.531 GC heap before
{Heap before GC invocations=16 (full 2):
 PSYoungGen      total 153344K, used 141824K [0x3bcc0000, 0x49340000, 0x51200000)
  eden space 141824K, 100% used [0x3bcc0000,0x44740000,0x44740000)
  from space 11520K, 0% used [0x44740000,0x44740000,0x45280000)
  to   space 11520K, 0% used [0x48800000,0x48800000,0x49340000)
 ParOldGen       total 38144K, used 16381K [0x11200000, 0x13740000, 0x3bcc0000)
  object space 38144K, 42% used [0x11200000,0x121ff670,0x13740000)
 Metaspace       used 35497K, capacity 36350K, committed 36480K, reserved 37248K
Event: 52.702 GC heap after
Heap after GC invocations=16 (full 2):
 PSYoungGen      total 195328K, used 11519K [0x3bcc0000, 0x49340000, 0x51200000)
  eden space 183808K, 0% used [0x3bcc0000,0x3bcc0000,0x47040000)
  from space 11520K, 99% used [0x48800000,0x4933fde8,0x49340000)
  to   space 15104K, 0% used [0x475c0000,0x475c0000,0x48480000)
 ParOldGen       total 38144K, used 21117K [0x11200000, 0x13740000, 0x3bcc0000)
  object space 38144K, 55% used [0x11200000,0x1269f478,0x13740000)
 Metaspace       used 35497K, capacity 36350K, committed 36480K, reserved 37248K
}
Event: 65.700 GC heap before
{Heap before GC invocations=17 (full 2):
 PSYoungGen      total 195328K, used 195327K [0x3bcc0000, 0x49340000, 0x51200000)
  eden space 183808K, 100% used [0x3bcc0000,0x47040000,0x47040000)
  from space 11520K, 99% used [0x48800000,0x4933fde8,0x49340000)
  to   space 15104K, 0% used [0x475c0000,0x475c0000,0x48480000)
 ParOldGen       total 38144K, used 21117K [0x11200000, 0x13740000, 0x3bcc0000)
  object space 38144K, 55% used [0x11200000,0x1269f478,0x13740000)
 Metaspace       used 42208K, capacity 43374K, committed 43392K, reserved 43392K
Event: 66.148 GC heap after
Heap after GC invocations=17 (full 2):
 PSYoungGen      total 204544K, used 15103K [0x3bcc0000, 0x4d840000, 0x51200000)
  eden space 189440K, 0% used [0x3bcc0000,0x3bcc0000,0x475c0000)
  from space 15104K, 99% used [0x475c0000,0x4847fe50,0x48480000)
  to   space 20992K, 0% used [0x4c3c0000,0x4c3c0000,0x4d840000)
 ParOldGen       total 38144K, used 30371K [0x11200000, 0x13740000, 0x3bcc0000)
  object space 38144K, 79% used [0x11200000,0x12fa8d80,0x13740000)
 Metaspace       used 42208K, capacity 43374K, committed 43392K, reserved 43392K
}
Event: 66.148 GC heap before
{Heap before GC invocations=18 (full 3):
 PSYoungGen      total 204544K, used 15103K [0x3bcc0000, 0x4d840000, 0x51200000)
  eden space 189440K, 0% used [0x3bcc0000,0x3bcc0000,0x475c0000)
  from space 15104K, 99% used [0x475c0000,0x4847fe50,0x48480000)
  to   space 20992K, 0% used [0x4c3c0000,0x4c3c0000,0x4d840000)
 ParOldGen       total 38144K, used 30371K [0x11200000, 0x13740000, 0x3bcc0000)
  object space 38144K, 79% used [0x11200000,0x12fa8d80,0x13740000)
 Metaspace       used 42208K, capacity 43374K, committed 43392K, reserved 43392K
Event: 67.010 GC heap after
Heap after GC invocations=18 (full 3):
 PSYoungGen      total 204544K, used 1441K [0x3bcc0000, 0x4d840000, 0x51200000)
  eden space 189440K, 0% used [0x3bcc0000,0x3bcc0000,0x475c0000)
  from space 15104K, 9% used [0x475c0000,0x47728730,0x48480000)
  to   space 20992K, 0% used [0x4c3c0000,0x4c3c0000,0x4d840000)
 ParOldGen       total 67840K, used 37946K [0x11200000, 0x15440000, 0x3bcc0000)
  object space 67840K, 55% used [0x11200000,0x1370eb80,0x15440000)
 Metaspace       used 42193K, capacity 43334K, committed 43392K, reserved 43392K
}
Event: 566.367 GC heap before
{Heap before GC invocations=19 (full 3):
 PSYoungGen      total 204544K, used 190881K [0x3bcc0000, 0x4d840000, 0x51200000)
  eden space 189440K, 100% used [0x3bcc0000,0x475c0000,0x475c0000)
  from space 15104K, 9% used [0x475c0000,0x47728730,0x48480000)
  to   space 20992K, 0% used [0x4c3c0000,0x4c3c0000,0x4d840000)
 ParOldGen       total 67840K, used 37946K [0x11200000, 0x15440000, 0x3bcc0000)
  object space 67840K, 55% used [0x11200000,0x1370eb80,0x15440000)
 Metaspace       used 49528K, capacity 51134K, committed 51200K, reserved 51584K
Event: 588.499 GC heap after
Heap after GC invocations=19 (full 3):
 PSYoungGen      total 267776K, used 15139K [0x3bcc0000, 0x4e300000, 0x51200000)
  eden space 246784K, 0% used [0x3bcc0000,0x3bcc0000,0x4adc0000)
  from space 20992K, 72% used [0x4c3c0000,0x4d288f58,0x4d840000)
  to   space 22528K, 0% used [0x4adc0000,0x4adc0000,0x4c3c0000)
 ParOldGen       total 67840K, used 39446K [0x11200000, 0x15440000, 0x3bcc0000)
  object space 67840K, 58% used [0x11200000,0x13885b40,0x15440000)
 Metaspace       used 49528K, capacity 51134K, committed 51200K, reserved 51584K
}
Event: 824.793 GC heap before
{Heap before GC invocations=20 (full 3):
 PSYoungGen      total 267776K, used 261923K [0x3bcc0000, 0x4e300000, 0x51200000)
  eden space 246784K, 100% used [0x3bcc0000,0x4adc0000,0x4adc0000)
  from space 20992K, 72% used [0x4c3c0000,0x4d288f58,0x4d840000)
  to   space 22528K, 0% used [0x4adc0000,0x4adc0000,0x4c3c0000)
 ParOldGen       total 67840K, used 39446K [0x11200000, 0x15440000, 0x3bcc0000)
  object space 67840K, 58% used [0x11200000,0x13885b40,0x15440000)
 Metaspace       used 51614K, capacity 53380K, committed 53504K, reserved 53632K
Event: 833.704 GC heap after
Heap after GC invocations=20 (full 3):
 PSYoungGen      total 269312K, used 10220K [0x3bcc0000, 0x51200000, 0x51200000)
  eden space 246784K, 0% used [0x3bcc0000,0x3bcc0000,0x4adc0000)
  from space 22528K, 45% used [0x4adc0000,0x4b7bb218,0x4c3c0000)
  to   space 22016K, 0% used [0x4fc80000,0x4fc80000,0x51200000)
 ParOldGen       total 67840K, used 47794K [0x11200000, 0x15440000, 0x3bcc0000)
  object space 67840K, 70% used [0x11200000,0x140ac8d0,0x15440000)
 Metaspace       used 51614K, capacity 53380K, committed 53504K, reserved 53632K
}

