# JRE version: OpenJDK Runtime Environment (8.0_212-b04) (build 1.8.0_212-release-1586-b04)
# Java VM: OpenJDK Server VM (25.212-b04 mixed mode windows-x86 )
Heap:
 PSYoungGen      total 143616K, used 64321K [0x3b8c0000, 0x458c0000, 0x50e00000)
  eden space 128000K, 38% used [0x3b8c0000,0x3e8530a8,0x435c0000)
  from space 15616K, 99% used [0x435c0000,0x444fd708,0x44500000)
  to   space 13824K, 0% used [0x44500000,0x44500000,0x45280000)
 ParOldGen       total 41984K, used 29306K [0x10e00000, 0x13700000, 0x3b8c0000)
  object space 41984K, 69% used [0x10e00000,0x12a9e9f0,0x13700000)
 Metaspace       used 40264K, capacity 41340K, committed 41344K, reserved 41344K
GC Heap History (10 events):
Event: 11.775 GC heap before
{Heap before GC invocations=13 (full 1):
 PSYoungGen      total 108800K, used 77285K [0x3b8c0000, 0x435c0000, 0x50e00000)
  eden space 99584K, 69% used [0x3b8c0000,0x3fc4b820,0x41a00000)
  from space 9216K, 88% used [0x41a00000,0x421edc60,0x42300000)
  to   space 10240K, 0% used [0x42bc0000,0x42bc0000,0x435c0000)
 ParOldGen       total 29696K, used 13149K [0x10e00000, 0x12b00000, 0x3b8c0000)
  object space 29696K, 44% used [0x10e00000,0x11ad74b8,0x12b00000)
 Metaspace       used 26738K, capacity 27302K, committed 27308K, reserved 28032K
Event: 11.815 GC heap after
Heap after GC invocations=13 (full 1):
 PSYoungGen      total 116480K, used 8967K [0x3b8c0000, 0x44dc0000, 0x50e00000)
  eden space 106240K, 0% used [0x3b8c0000,0x3b8c0000,0x42080000)
  from space 10240K, 87% used [0x42bc0000,0x43481e88,0x435c0000)
  to   space 11520K, 0% used [0x42080000,0x42080000,0x42bc0000)
 ParOldGen       total 29696K, used 15224K [0x10e00000, 0x12b00000, 0x3b8c0000)
  object space 29696K, 51% used [0x10e00000,0x11cde268,0x12b00000)
 Metaspace       used 26738K, capacity 27302K, committed 27308K, reserved 28032K
}
Event: 11.815 GC heap before
{Heap before GC invocations=14 (full 2):
 PSYoungGen      total 116480K, used 8967K [0x3b8c0000, 0x44dc0000, 0x50e00000)
  eden space 106240K, 0% used [0x3b8c0000,0x3b8c0000,0x42080000)
  from space 10240K, 87% used [0x42bc0000,0x43481e88,0x435c0000)
  to   space 11520K, 0% used [0x42080000,0x42080000,0x42bc0000)
 ParOldGen       total 29696K, used 15224K [0x10e00000, 0x12b00000, 0x3b8c0000)
  object space 29696K, 51% used [0x10e00000,0x11cde268,0x12b00000)
 Metaspace       used 26738K, capacity 27302K, committed 27308K, reserved 28032K
Event: 12.015 GC heap after
Heap after GC invocations=14 (full 2):
 PSYoungGen      total 116480K, used 0K [0x3b8c0000, 0x44dc0000, 0x50e00000)
  eden space 106240K, 0% used [0x3b8c0000,0x3b8c0000,0x42080000)
  from space 10240K, 0% used [0x42bc0000,0x42bc0000,0x435c0000)
  to   space 11520K, 0% used [0x42080000,0x42080000,0x42bc0000)
 ParOldGen       total 41984K, used 18007K [0x10e00000, 0x13700000, 0x3b8c0000)
  object space 41984K, 42% used [0x10e00000,0x11f95f98,0x13700000)
 Metaspace       used 26738K, capacity 27302K, committed 27308K, reserved 28032K
}
Event: 15.086 GC heap before
{Heap before GC invocations=15 (full 2):
 PSYoungGen      total 116480K, used 106240K [0x3b8c0000, 0x44dc0000, 0x50e00000)
  eden space 106240K, 100% used [0x3b8c0000,0x42080000,0x42080000)
  from space 10240K, 0% used [0x42bc0000,0x42bc0000,0x435c0000)
  to   space 11520K, 0% used [0x42080000,0x42080000,0x42bc0000)
 ParOldGen       total 41984K, used 18007K [0x10e00000, 0x13700000, 0x3b8c0000)
  object space 41984K, 42% used [0x10e00000,0x11f95f98,0x13700000)
 Metaspace       used 33191K, capacity 33976K, committed 34048K, reserved 34176K
Event: 15.123 GC heap after
Heap after GC invocations=15 (full 2):
 PSYoungGen      total 117760K, used 11504K [0x3b8c0000, 0x45280000, 0x50e00000)
  eden space 106240K, 0% used [0x3b8c0000,0x3b8c0000,0x42080000)
  from space 11520K, 99% used [0x42080000,0x42bbc068,0x42bc0000)
  to   space 13824K, 0% used [0x44500000,0x44500000,0x45280000)
 ParOldGen       total 41984K, used 19616K [0x10e00000, 0x13700000, 0x3b8c0000)
  object space 41984K, 46% used [0x10e00000,0x121282e8,0x13700000)
 Metaspace       used 33191K, capacity 33976K, committed 34048K, reserved 34176K
}
Event: 18.490 GC heap before
{Heap before GC invocations=16 (full 2):
 PSYoungGen      total 117760K, used 117744K [0x3b8c0000, 0x45280000, 0x50e00000)
  eden space 106240K, 100% used [0x3b8c0000,0x42080000,0x42080000)
  from space 11520K, 99% used [0x42080000,0x42bbc068,0x42bc0000)
  to   space 13824K, 0% used [0x44500000,0x44500000,0x45280000)
 ParOldGen       total 41984K, used 19616K [0x10e00000, 0x13700000, 0x3b8c0000)
  object space 41984K, 46% used [0x10e00000,0x121282e8,0x13700000)
 Metaspace       used 38416K, capacity 39477K, committed 39552K, reserved 40320K
Event: 18.586 GC heap after
Heap after GC invocations=16 (full 2):
 PSYoungGen      total 141824K, used 12251K [0x3b8c0000, 0x458c0000, 0x50e00000)
  eden space 128000K, 0% used [0x3b8c0000,0x3b8c0000,0x435c0000)
  from space 13824K, 88% used [0x44500000,0x450f6c78,0x45280000)
  to   space 15616K, 0% used [0x435c0000,0x435c0000,0x44500000)
 ParOldGen       total 41984K, used 26517K [0x10e00000, 0x13700000, 0x3b8c0000)
  object space 41984K, 63% used [0x10e00000,0x127e54a8,0x13700000)
 Metaspace       used 38416K, capacity 39477K, committed 39552K, reserved 40320K
}
Event: 23.006 GC heap before
{Heap before GC invocations=17 (full 2):
 PSYoungGen      total 141824K, used 140251K [0x3b8c0000, 0x458c0000, 0x50e00000)
  eden space 128000K, 100% used [0x3b8c0000,0x435c0000,0x435c0000)
  from space 13824K, 88% used [0x44500000,0x450f6c78,0x45280000)
  to   space 15616K, 0% used [0x435c0000,0x435c0000,0x44500000)
 ParOldGen       total 41984K, used 26517K [0x10e00000, 0x13700000, 0x3b8c0000)
  object space 41984K, 63% used [0x10e00000,0x127e54a8,0x13700000)
 Metaspace       used 40145K, capacity 41212K, committed 41216K, reserved 41344K
Event: 23.078 GC heap after
Heap after GC invocations=17 (full 2):
 PSYoungGen      total 143616K, used 15605K [0x3b8c0000, 0x458c0000, 0x50e00000)
  eden space 128000K, 0% used [0x3b8c0000,0x3b8c0000,0x435c0000)
  from space 15616K, 99% used [0x435c0000,0x444fd708,0x44500000)
  to   space 13824K, 0% used [0x44500000,0x44500000,0x45280000)
 ParOldGen       total 41984K, used 29306K [0x10e00000, 0x13700000, 0x3b8c0000)
  object space 41984K, 69% used [0x10e00000,0x12a9e9f0,0x13700000)
 Metaspace       used 40145K, capacity 41212K, committed 41216K, reserved 41344K
}

