# JRE version: OpenJDK Runtime Environment (8.0_212-b04) (build 1.8.0_212-release-1586-b04)
# Java VM: OpenJDK Server VM (25.212-b04 mixed mode windows-x86 )
Heap:
 PSYoungGen      total 120320K, used 96981K [0x3bcc0000, 0x47140000, 0x51200000)
  eden space 111104K, 87% used [0x3bcc0000,0x41b75730,0x42940000)
  from space 9216K, 0% used [0x42940000,0x42940000,0x43240000)
  to   space 9216K, 0% used [0x46840000,0x46840000,0x47140000)
 ParOldGen       total 32256K, used 15701K [0x11200000, 0x13180000, 0x3bcc0000)
  object space 32256K, 48% used [0x11200000,0x121556f0,0x13180000)
 Metaspace       used 32253K, capacity 32965K, committed 33024K, reserved 33152K
GC Heap History (10 events):
Event: 35.031 GC heap before
{Heap before GC invocations=13 (full 1):
 PSYoungGen      total 56064K, used 50688K [0x3bcc0000, 0x41a80000, 0x51200000)
  eden space 50688K, 100% used [0x3bcc0000,0x3ee40000,0x3ee40000)
  from space 5376K, 0% used [0x3ee40000,0x3ee40000,0x3f380000)
  to   space 7424K, 0% used [0x41340000,0x41340000,0x41a80000)
 ParOldGen       total 24576K, used 11538K [0x11200000, 0x12a00000, 0x3bcc0000)
  object space 24576K, 46% used [0x11200000,0x11d44850,0x12a00000)
 Metaspace       used 19625K, capacity 19925K, committed 20096K, reserved 20864K
Event: 35.049 GC heap after
Heap after GC invocations=13 (full 1):
 PSYoungGen      total 80128K, used 4840K [0x3bcc0000, 0x41800000, 0x51200000)
  eden space 75264K, 0% used [0x3bcc0000,0x3bcc0000,0x40640000)
  from space 4864K, 99% used [0x41340000,0x417fa078,0x41800000)
  to   space 7680K, 0% used [0x40900000,0x40900000,0x41080000)
 ParOldGen       total 24576K, used 11542K [0x11200000, 0x12a00000, 0x3bcc0000)
  object space 24576K, 46% used [0x11200000,0x11d45850,0x12a00000)
 Metaspace       used 19625K, capacity 19925K, committed 20096K, reserved 20864K
}
Event: 37.275 GC heap before
{Heap before GC invocations=14 (full 1):
 PSYoungGen      total 80128K, used 80104K [0x3bcc0000, 0x41800000, 0x51200000)
  eden space 75264K, 100% used [0x3bcc0000,0x40640000,0x40640000)
  from space 4864K, 99% used [0x41340000,0x417fa078,0x41800000)
  to   space 7680K, 0% used [0x40900000,0x40900000,0x41080000)
 ParOldGen       total 24576K, used 11542K [0x11200000, 0x12a00000, 0x3bcc0000)
  object space 24576K, 46% used [0x11200000,0x11d45850,0x12a00000)
 Metaspace       used 22008K, capacity 22333K, committed 22400K, reserved 22912K
Event: 37.321 GC heap after
Heap after GC invocations=14 (full 1):
 PSYoungGen      total 85760K, used 5427K [0x3bcc0000, 0x43a00000, 0x51200000)
  eden space 78080K, 0% used [0x3bcc0000,0x3bcc0000,0x40900000)
  from space 7680K, 70% used [0x40900000,0x40e4cf88,0x41080000)
  to   space 7936K, 0% used [0x43240000,0x43240000,0x43a00000)
 ParOldGen       total 24576K, used 13122K [0x11200000, 0x12a00000, 0x3bcc0000)
  object space 24576K, 53% used [0x11200000,0x11ed0890,0x12a00000)
 Metaspace       used 22008K, capacity 22333K, committed 22400K, reserved 22912K
}
Event: 49.626 GC heap before
{Heap before GC invocations=15 (full 1):
 PSYoungGen      total 85760K, used 83507K [0x3bcc0000, 0x43a00000, 0x51200000)
  eden space 78080K, 100% used [0x3bcc0000,0x40900000,0x40900000)
  from space 7680K, 70% used [0x40900000,0x40e4cf88,0x41080000)
  to   space 7936K, 0% used [0x43240000,0x43240000,0x43a00000)
 ParOldGen       total 24576K, used 13122K [0x11200000, 0x12a00000, 0x3bcc0000)
  object space 24576K, 53% used [0x11200000,0x11ed0890,0x12a00000)
 Metaspace       used 25892K, capacity 26430K, committed 26496K, reserved 27008K
Event: 49.670 GC heap after
Heap after GC invocations=15 (full 1):
 PSYoungGen      total 119040K, used 7712K [0x3bcc0000, 0x43ec0000, 0x51200000)
  eden space 111104K, 0% used [0x3bcc0000,0x3bcc0000,0x42940000)
  from space 7936K, 97% used [0x43240000,0x439c8240,0x43a00000)
  to   space 9216K, 0% used [0x42940000,0x42940000,0x43240000)
 ParOldGen       total 24576K, used 14906K [0x11200000, 0x12a00000, 0x3bcc0000)
  object space 24576K, 60% used [0x11200000,0x1208eb00,0x12a00000)
 Metaspace       used 25892K, capacity 26430K, committed 26496K, reserved 27008K
}
Event: 50.407 GC heap before
{Heap before GC invocations=16 (full 1):
 PSYoungGen      total 119040K, used 18106K [0x3bcc0000, 0x43ec0000, 0x51200000)
  eden space 111104K, 9% used [0x3bcc0000,0x3c6e68b0,0x42940000)
  from space 7936K, 97% used [0x43240000,0x439c8240,0x43a00000)
  to   space 9216K, 0% used [0x42940000,0x42940000,0x43240000)
 ParOldGen       total 24576K, used 14906K [0x11200000, 0x12a00000, 0x3bcc0000)
  object space 24576K, 60% used [0x11200000,0x1208eb00,0x12a00000)
 Metaspace       used 26724K, capacity 27279K, committed 27308K, reserved 28032K
Event: 50.431 GC heap after
Heap after GC invocations=16 (full 1):
 PSYoungGen      total 120320K, used 1283K [0x3bcc0000, 0x47140000, 0x51200000)
  eden space 111104K, 0% used [0x3bcc0000,0x3bcc0000,0x42940000)
  from space 9216K, 13% used [0x42940000,0x42a80d10,0x43240000)
  to   space 9216K, 0% used [0x46840000,0x46840000,0x47140000)
 ParOldGen       total 24576K, used 18837K [0x11200000, 0x12a00000, 0x3bcc0000)
  object space 24576K, 76% used [0x11200000,0x12465768,0x12a00000)
 Metaspace       used 26724K, capacity 27279K, committed 27308K, reserved 28032K
}
Event: 50.431 GC heap before
{Heap before GC invocations=17 (full 2):
 PSYoungGen      total 120320K, used 1283K [0x3bcc0000, 0x47140000, 0x51200000)
  eden space 111104K, 0% used [0x3bcc0000,0x3bcc0000,0x42940000)
  from space 9216K, 13% used [0x42940000,0x42a80d10,0x43240000)
  to   space 9216K, 0% used [0x46840000,0x46840000,0x47140000)
 ParOldGen       total 24576K, used 18837K [0x11200000, 0x12a00000, 0x3bcc0000)
  object space 24576K, 76% used [0x11200000,0x12465768,0x12a00000)
 Metaspace       used 26724K, capacity 27279K, committed 27308K, reserved 28032K
Event: 50.603 GC heap after
Heap after GC invocations=17 (full 2):
 PSYoungGen      total 120320K, used 0K [0x3bcc0000, 0x47140000, 0x51200000)
  eden space 111104K, 0% used [0x3bcc0000,0x3bcc0000,0x42940000)
  from space 9216K, 0% used [0x42940000,0x42940000,0x43240000)
  to   space 9216K, 0% used [0x46840000,0x46840000,0x47140000)
 ParOldGen       total 32256K, used 15701K [0x11200000, 0x13180000, 0x3bcc0000)
  object space 32256K, 48% used [0x11200000,0x121556f0,0x13180000)
 Metaspace       used 26722K, capacity 27274K, committed 27308K, reserved 28032K
}

