# JRE version: OpenJDK Runtime Environment (8.0_212-b04) (build 1.8.0_212-release-1586-b04)
# Java VM: OpenJDK Server VM (25.212-b04 mixed mode windows-x86 )
Heap:
 PSYoungGen      total 35584K, used 16390K [0x3bac0000, 0x3e040000, 0x51000000)
  eden space 32768K, 50% used [0x3bac0000,0x3cac1878,0x3dac0000)
  from space 2816K, 0% used [0x3dd80000,0x3dd80000,0x3e040000)
  to   space 2816K, 0% used [0x3dac0000,0x3dac0000,0x3dd80000)
 ParOldGen       total 22016K, used 10569K [0x11000000, 0x12580000, 0x3bac0000)
  object space 22016K, 48% used [0x11000000,0x11a52590,0x12580000)
 Metaspace       used 16790K, capacity 17105K, committed 17152K, reserved 17792K
GC Heap History (10 events):
Event: 23.818 GC heap before
{Heap before GC invocations=7 (full 0):
 PSYoungGen      total 35584K, used 35077K [0x3bac0000, 0x3e040000, 0x51000000)
  eden space 32768K, 100% used [0x3bac0000,0x3dac0000,0x3dac0000)
  from space 2816K, 82% used [0x3dd80000,0x3dfc16a0,0x3e040000)
  to   space 2816K, 0% used [0x3dac0000,0x3dac0000,0x3dd80000)
 ParOldGen       total 22016K, used 2726K [0x11000000, 0x12580000, 0x3bac0000)
  object space 22016K, 12% used [0x11000000,0x112a9818,0x12580000)
 Metaspace       used 8365K, capacity 8642K, committed 8704K, reserved 9600K
Event: 23.840 GC heap after
Heap after GC invocations=7 (full 0):
 PSYoungGen      total 35584K, used 2815K [0x3bac0000, 0x3e040000, 0x51000000)
  eden space 32768K, 0% used [0x3bac0000,0x3bac0000,0x3dac0000)
  from space 2816K, 99% used [0x3dac0000,0x3dd7fcd8,0x3dd80000)
  to   space 2816K, 0% used [0x3dd80000,0x3dd80000,0x3e040000)
 ParOldGen       total 22016K, used 5380K [0x11000000, 0x12580000, 0x3bac0000)
  object space 22016K, 24% used [0x11000000,0x11541280,0x12580000)
 Metaspace       used 8365K, capacity 8642K, committed 8704K, reserved 9600K
}
Event: 27.018 GC heap before
{Heap before GC invocations=8 (full 0):
 PSYoungGen      total 35584K, used 35583K [0x3bac0000, 0x3e040000, 0x51000000)
  eden space 32768K, 100% used [0x3bac0000,0x3dac0000,0x3dac0000)
  from space 2816K, 99% used [0x3dac0000,0x3dd7fcd8,0x3dd80000)
  to   space 2816K, 0% used [0x3dd80000,0x3dd80000,0x3e040000)
 ParOldGen       total 22016K, used 5380K [0x11000000, 0x12580000, 0x3bac0000)
  object space 22016K, 24% used [0x11000000,0x11541280,0x12580000)
 Metaspace       used 9954K, capacity 10225K, committed 10368K, reserved 10624K
Event: 27.042 GC heap after
Heap after GC invocations=8 (full 0):
 PSYoungGen      total 35584K, used 2809K [0x3bac0000, 0x3e040000, 0x51000000)
  eden space 32768K, 0% used [0x3bac0000,0x3bac0000,0x3dac0000)
  from space 2816K, 99% used [0x3dd80000,0x3e03e570,0x3e040000)
  to   space 2816K, 0% used [0x3dac0000,0x3dac0000,0x3dd80000)
 ParOldGen       total 22016K, used 8098K [0x11000000, 0x12580000, 0x3bac0000)
  object space 22016K, 36% used [0x11000000,0x117e8b90,0x12580000)
 Metaspace       used 9954K, capacity 10225K, committed 10368K, reserved 10624K
}
Event: 30.055 GC heap before
{Heap before GC invocations=9 (full 0):
 PSYoungGen      total 35584K, used 35577K [0x3bac0000, 0x3e040000, 0x51000000)
  eden space 32768K, 100% used [0x3bac0000,0x3dac0000,0x3dac0000)
  from space 2816K, 99% used [0x3dd80000,0x3e03e570,0x3e040000)
  to   space 2816K, 0% used [0x3dac0000,0x3dac0000,0x3dd80000)
 ParOldGen       total 22016K, used 8098K [0x11000000, 0x12580000, 0x3bac0000)
  object space 22016K, 36% used [0x11000000,0x117e8b90,0x12580000)
 Metaspace       used 12139K, capacity 12431K, committed 12544K, reserved 12672K
Event: 30.076 GC heap after
Heap after GC invocations=9 (full 0):
 PSYoungGen      total 35584K, used 2803K [0x3bac0000, 0x3e040000, 0x51000000)
  eden space 32768K, 0% used [0x3bac0000,0x3bac0000,0x3dac0000)
  from space 2816K, 99% used [0x3dac0000,0x3dd7cf68,0x3dd80000)
  to   space 2816K, 0% used [0x3dd80000,0x3dd80000,0x3e040000)
 ParOldGen       total 22016K, used 11914K [0x11000000, 0x12580000, 0x3bac0000)
  object space 22016K, 54% used [0x11000000,0x11ba2800,0x12580000)
 Metaspace       used 12139K, capacity 12431K, committed 12544K, reserved 12672K
}
Event: 35.582 GC heap before
{Heap before GC invocations=10 (full 0):
 PSYoungGen      total 35584K, used 33260K [0x3bac0000, 0x3e040000, 0x51000000)
  eden space 32768K, 92% used [0x3bac0000,0x3d87e188,0x3dac0000)
  from space 2816K, 99% used [0x3dac0000,0x3dd7cf68,0x3dd80000)
  to   space 2816K, 0% used [0x3dd80000,0x3dd80000,0x3e040000)
 ParOldGen       total 22016K, used 11914K [0x11000000, 0x12580000, 0x3bac0000)
  object space 22016K, 54% used [0x11000000,0x11ba2800,0x12580000)
 Metaspace       used 16083K, capacity 16347K, committed 16384K, reserved 16768K
Event: 35.610 GC heap after
Heap after GC invocations=10 (full 0):
 PSYoungGen      total 35584K, used 2806K [0x3bac0000, 0x3e040000, 0x51000000)
  eden space 32768K, 0% used [0x3bac0000,0x3bac0000,0x3dac0000)
  from space 2816K, 99% used [0x3dd80000,0x3e03da28,0x3e040000)
  to   space 2816K, 0% used [0x3dac0000,0x3dac0000,0x3dd80000)
 ParOldGen       total 22016K, used 16893K [0x11000000, 0x12580000, 0x3bac0000)
  object space 22016K, 76% used [0x11000000,0x1207f4a0,0x12580000)
 Metaspace       used 16083K, capacity 16347K, committed 16384K, reserved 16768K
}
Event: 35.610 GC heap before
{Heap before GC invocations=11 (full 1):
 PSYoungGen      total 35584K, used 2806K [0x3bac0000, 0x3e040000, 0x51000000)
  eden space 32768K, 0% used [0x3bac0000,0x3bac0000,0x3dac0000)
  from space 2816K, 99% used [0x3dd80000,0x3e03da28,0x3e040000)
  to   space 2816K, 0% used [0x3dac0000,0x3dac0000,0x3dd80000)
 ParOldGen       total 22016K, used 16893K [0x11000000, 0x12580000, 0x3bac0000)
  object space 22016K, 76% used [0x11000000,0x1207f4a0,0x12580000)
 Metaspace       used 16083K, capacity 16347K, committed 16384K, reserved 16768K
Event: 35.740 GC heap after
Heap after GC invocations=11 (full 1):
 PSYoungGen      total 35584K, used 0K [0x3bac0000, 0x3e040000, 0x51000000)
  eden space 32768K, 0% used [0x3bac0000,0x3bac0000,0x3dac0000)
  from space 2816K, 0% used [0x3dd80000,0x3dd80000,0x3e040000)
  to   space 2816K, 0% used [0x3dac0000,0x3dac0000,0x3dd80000)
 ParOldGen       total 22016K, used 10569K [0x11000000, 0x12580000, 0x3bac0000)
  object space 22016K, 48% used [0x11000000,0x11a52590,0x12580000)
 Metaspace       used 16083K, capacity 16347K, committed 16384K, reserved 16768K
}

