# JRE version: OpenJDK Runtime Environment (8.0_212-b04) (build 1.8.0_212-release-1586-b04)
# Java VM: OpenJDK Server VM (25.212-b04 mixed mode windows-x86 )
Heap:
 PSYoungGen      total 35584K, used 25065K [0x3bac0000, 0x3e040000, 0x51000000)
  eden space 32768K, 76% used [0x3bac0000,0x3d33a610,0x3dac0000)
  from space 2816K, 0% used [0x3dd80000,0x3dd80000,0x3e040000)
  to   space 2816K, 0% used [0x3dac0000,0x3dac0000,0x3dd80000)
 ParOldGen       total 26624K, used 10386K [0x11000000, 0x12a00000, 0x3bac0000)
  object space 26624K, 39% used [0x11000000,0x11a24a20,0x12a00000)
 Metaspace       used 18059K, capacity 18398K, committed 18432K, reserved 18816K
GC Heap History (10 events):
Event: 7.874 GC heap before
{Heap before GC invocations=7 (full 0):
 PSYoungGen      total 35584K, used 35092K [0x3bac0000, 0x3e040000, 0x51000000)
  eden space 32768K, 100% used [0x3bac0000,0x3dac0000,0x3dac0000)
  from space 2816K, 82% used [0x3dd80000,0x3dfc53d8,0x3e040000)
  to   space 2816K, 0% used [0x3dac0000,0x3dac0000,0x3dd80000)
 ParOldGen       total 22016K, used 2697K [0x11000000, 0x12580000, 0x3bac0000)
  object space 22016K, 12% used [0x11000000,0x112a2640,0x12580000)
 Metaspace       used 8384K, capacity 8635K, committed 8704K, reserved 9600K
Event: 7.896 GC heap after
Heap after GC invocations=7 (full 0):
 PSYoungGen      total 35584K, used 2803K [0x3bac0000, 0x3e040000, 0x51000000)
  eden space 32768K, 0% used [0x3bac0000,0x3bac0000,0x3dac0000)
  from space 2816K, 99% used [0x3dac0000,0x3dd7cd98,0x3dd80000)
  to   space 2816K, 0% used [0x3dd80000,0x3dd80000,0x3e040000)
 ParOldGen       total 22016K, used 5389K [0x11000000, 0x12580000, 0x3bac0000)
  object space 22016K, 24% used [0x11000000,0x115436b0,0x12580000)
 Metaspace       used 8384K, capacity 8635K, committed 8704K, reserved 9600K
}
Event: 10.408 GC heap before
{Heap before GC invocations=8 (full 0):
 PSYoungGen      total 35584K, used 35571K [0x3bac0000, 0x3e040000, 0x51000000)
  eden space 32768K, 100% used [0x3bac0000,0x3dac0000,0x3dac0000)
  from space 2816K, 99% used [0x3dac0000,0x3dd7cd98,0x3dd80000)
  to   space 2816K, 0% used [0x3dd80000,0x3dd80000,0x3e040000)
 ParOldGen       total 22016K, used 5389K [0x11000000, 0x12580000, 0x3bac0000)
  object space 22016K, 24% used [0x11000000,0x115436b0,0x12580000)
 Metaspace       used 9967K, capacity 10218K, committed 10368K, reserved 10624K
Event: 10.426 GC heap after
Heap after GC invocations=8 (full 0):
 PSYoungGen      total 35584K, used 2809K [0x3bac0000, 0x3e040000, 0x51000000)
  eden space 32768K, 0% used [0x3bac0000,0x3bac0000,0x3dac0000)
  from space 2816K, 99% used [0x3dd80000,0x3e03e570,0x3e040000)
  to   space 2816K, 0% used [0x3dac0000,0x3dac0000,0x3dd80000)
 ParOldGen       total 22016K, used 8150K [0x11000000, 0x12580000, 0x3bac0000)
  object space 22016K, 37% used [0x11000000,0x117f5990,0x12580000)
 Metaspace       used 9967K, capacity 10218K, committed 10368K, reserved 10624K
}
Event: 13.172 GC heap before
{Heap before GC invocations=9 (full 0):
 PSYoungGen      total 35584K, used 35577K [0x3bac0000, 0x3e040000, 0x51000000)
  eden space 32768K, 100% used [0x3bac0000,0x3dac0000,0x3dac0000)
  from space 2816K, 99% used [0x3dd80000,0x3e03e570,0x3e040000)
  to   space 2816K, 0% used [0x3dac0000,0x3dac0000,0x3dd80000)
 ParOldGen       total 22016K, used 8150K [0x11000000, 0x12580000, 0x3bac0000)
  object space 22016K, 37% used [0x11000000,0x117f5990,0x12580000)
 Metaspace       used 12128K, capacity 12424K, committed 12544K, reserved 12672K
Event: 13.192 GC heap after
Heap after GC invocations=9 (full 0):
 PSYoungGen      total 35584K, used 2809K [0x3bac0000, 0x3e040000, 0x51000000)
  eden space 32768K, 0% used [0x3bac0000,0x3bac0000,0x3dac0000)
  from space 2816K, 99% used [0x3dac0000,0x3dd7e778,0x3dd80000)
  to   space 2816K, 0% used [0x3dd80000,0x3dd80000,0x3e040000)
 ParOldGen       total 22016K, used 11881K [0x11000000, 0x12580000, 0x3bac0000)
  object space 22016K, 53% used [0x11000000,0x11b9a6a8,0x12580000)
 Metaspace       used 12128K, capacity 12424K, committed 12544K, reserved 12672K
}
Event: 17.506 GC heap before
{Heap before GC invocations=10 (full 0):
 PSYoungGen      total 35584K, used 35577K [0x3bac0000, 0x3e040000, 0x51000000)
  eden space 32768K, 100% used [0x3bac0000,0x3dac0000,0x3dac0000)
  from space 2816K, 99% used [0x3dac0000,0x3dd7e778,0x3dd80000)
  to   space 2816K, 0% used [0x3dd80000,0x3dd80000,0x3e040000)
 ParOldGen       total 22016K, used 11881K [0x11000000, 0x12580000, 0x3bac0000)
  object space 22016K, 53% used [0x11000000,0x11b9a6a8,0x12580000)
 Metaspace       used 16081K, capacity 16368K, committed 16384K, reserved 16768K
Event: 17.533 GC heap after
Heap after GC invocations=10 (full 0):
 PSYoungGen      total 35584K, used 2814K [0x3bac0000, 0x3e040000, 0x51000000)
  eden space 32768K, 0% used [0x3bac0000,0x3bac0000,0x3dac0000)
  from space 2816K, 99% used [0x3dd80000,0x3e03fa98,0x3e040000)
  to   space 2816K, 0% used [0x3dac0000,0x3dac0000,0x3dd80000)
 ParOldGen       total 22016K, used 17055K [0x11000000, 0x12580000, 0x3bac0000)
  object space 22016K, 77% used [0x11000000,0x120a7fb0,0x12580000)
 Metaspace       used 16081K, capacity 16368K, committed 16384K, reserved 16768K
}
Event: 17.533 GC heap before
{Heap before GC invocations=11 (full 1):
 PSYoungGen      total 35584K, used 2814K [0x3bac0000, 0x3e040000, 0x51000000)
  eden space 32768K, 0% used [0x3bac0000,0x3bac0000,0x3dac0000)
  from space 2816K, 99% used [0x3dd80000,0x3e03fa98,0x3e040000)
  to   space 2816K, 0% used [0x3dac0000,0x3dac0000,0x3dd80000)
 ParOldGen       total 22016K, used 17055K [0x11000000, 0x12580000, 0x3bac0000)
  object space 22016K, 77% used [0x11000000,0x120a7fb0,0x12580000)
 Metaspace       used 16081K, capacity 16368K, committed 16384K, reserved 16768K
Event: 17.658 GC heap after
Heap after GC invocations=11 (full 1):
 PSYoungGen      total 35584K, used 0K [0x3bac0000, 0x3e040000, 0x51000000)
  eden space 32768K, 0% used [0x3bac0000,0x3bac0000,0x3dac0000)
  from space 2816K, 0% used [0x3dd80000,0x3dd80000,0x3e040000)
  to   space 2816K, 0% used [0x3dac0000,0x3dac0000,0x3dd80000)
 ParOldGen       total 26624K, used 10386K [0x11000000, 0x12a00000, 0x3bac0000)
  object space 26624K, 39% used [0x11000000,0x11a24a20,0x12a00000)
 Metaspace       used 16081K, capacity 16368K, committed 16384K, reserved 16768K
}

