# JRE version: OpenJDK Runtime Environment (8.0_212-b04) (build 1.8.0_212-release-1586-b04)
# Java VM: OpenJDK Server VM (25.212-b04 mixed mode windows-x86 )
Heap:
 PSYoungGen      total 166656K, used 10856K [0x3c2c0000, 0x48e80000, 0x51800000)
  eden space 147456K, 0% used [0x3c2c0000,0x3c2c0000,0x452c0000)
  from space 19200K, 56% used [0x47bc0000,0x4865a2f0,0x48e80000)
  to   space 16384K, 0% used [0x452c0000,0x452c0000,0x462c0000)
 ParOldGen       total 68096K, used 44119K [0x11800000, 0x15a80000, 0x3c2c0000)
  object space 68096K, 64% used [0x11800000,0x14315da0,0x15a80000)
 Metaspace       used 53440K, capacity 55034K, committed 55040K, reserved 57728K
GC Heap History (10 events):
Event: 44.255 GC heap before
{Heap before GC invocations=18 (full 2):
 PSYoungGen      total 101120K, used 92416K [0x3c2c0000, 0x44c40000, 0x51800000)
  eden space 92416K, 100% used [0x3c2c0000,0x41d00000,0x41d00000)
  from space 8704K, 0% used [0x41d00000,0x41d00000,0x42580000)
  to   space 8448K, 0% used [0x44400000,0x44400000,0x44c40000)
 ParOldGen       total 37632K, used 16430K [0x11800000, 0x13cc0000, 0x3c2c0000)
  object space 37632K, 43% used [0x11800000,0x1280bbb0,0x13cc0000)
 Metaspace       used 32285K, capacity 32981K, committed 33024K, reserved 33152K
Event: 44.322 GC heap after
Heap after GC invocations=18 (full 2):
 PSYoungGen      total 129792K, used 8433K [0x3c2c0000, 0x44fc0000, 0x51800000)
  eden space 121344K, 0% used [0x3c2c0000,0x3c2c0000,0x43940000)
  from space 8448K, 99% used [0x44400000,0x44c3c640,0x44c40000)
  to   space 11008K, 0% used [0x43940000,0x43940000,0x44400000)
 ParOldGen       total 37632K, used 19386K [0x11800000, 0x13cc0000, 0x3c2c0000)
  object space 37632K, 51% used [0x11800000,0x12aee8d0,0x13cc0000)
 Metaspace       used 32285K, capacity 32981K, committed 33024K, reserved 33152K
}
Event: 53.006 GC heap before
{Heap before GC invocations=19 (full 2):
 PSYoungGen      total 129792K, used 129777K [0x3c2c0000, 0x44fc0000, 0x51800000)
  eden space 121344K, 100% used [0x3c2c0000,0x43940000,0x43940000)
  from space 8448K, 99% used [0x44400000,0x44c3c640,0x44c40000)
  to   space 11008K, 0% used [0x43940000,0x43940000,0x44400000)
 ParOldGen       total 37632K, used 19386K [0x11800000, 0x13cc0000, 0x3c2c0000)
  object space 37632K, 51% used [0x11800000,0x12aee8d0,0x13cc0000)
 Metaspace       used 38126K, capacity 39106K, committed 39168K, reserved 39296K
Event: 53.125 GC heap after
Heap after GC invocations=19 (full 2):
 PSYoungGen      total 132352K, used 11007K [0x3c2c0000, 0x47280000, 0x51800000)
  eden space 121344K, 0% used [0x3c2c0000,0x3c2c0000,0x43940000)
  from space 11008K, 99% used [0x43940000,0x443ffff0,0x44400000)
  to   space 15616K, 0% used [0x46340000,0x46340000,0x47280000)
 ParOldGen       total 37632K, used 27620K [0x11800000, 0x13cc0000, 0x3c2c0000)
  object space 37632K, 73% used [0x11800000,0x132f91d0,0x13cc0000)
 Metaspace       used 38126K, capacity 39106K, committed 39168K, reserved 39296K
}
Event: 65.288 GC heap before
{Heap before GC invocations=20 (full 2):
 PSYoungGen      total 132352K, used 132351K [0x3c2c0000, 0x47280000, 0x51800000)
  eden space 121344K, 100% used [0x3c2c0000,0x43940000,0x43940000)
  from space 11008K, 99% used [0x43940000,0x443ffff0,0x44400000)
  to   space 15616K, 0% used [0x46340000,0x46340000,0x47280000)
 ParOldGen       total 37632K, used 27620K [0x11800000, 0x13cc0000, 0x3c2c0000)
  object space 37632K, 73% used [0x11800000,0x132f91d0,0x13cc0000)
 Metaspace       used 39844K, capacity 40945K, committed 40960K, reserved 41344K
Event: 65.362 GC heap after
Heap after GC invocations=20 (full 2):
 PSYoungGen      total 163072K, used 10340K [0x3c2c0000, 0x472c0000, 0x51800000)
  eden space 147456K, 0% used [0x3c2c0000,0x3c2c0000,0x452c0000)
  from space 15616K, 66% used [0x46340000,0x46d59398,0x47280000)
  to   space 16384K, 0% used [0x452c0000,0x452c0000,0x462c0000)
 ParOldGen       total 37632K, used 34172K [0x11800000, 0x13cc0000, 0x3c2c0000)
  object space 37632K, 90% used [0x11800000,0x1395f240,0x13cc0000)
 Metaspace       used 39844K, capacity 40945K, committed 40960K, reserved 41344K
}
Event: 65.362 GC heap before
{Heap before GC invocations=21 (full 3):
 PSYoungGen      total 163072K, used 10340K [0x3c2c0000, 0x472c0000, 0x51800000)
  eden space 147456K, 0% used [0x3c2c0000,0x3c2c0000,0x452c0000)
  from space 15616K, 66% used [0x46340000,0x46d59398,0x47280000)
  to   space 16384K, 0% used [0x452c0000,0x452c0000,0x462c0000)
 ParOldGen       total 37632K, used 34172K [0x11800000, 0x13cc0000, 0x3c2c0000)
  object space 37632K, 90% used [0x11800000,0x1395f240,0x13cc0000)
 Metaspace       used 39844K, capacity 40945K, committed 40960K, reserved 41344K
Event: 65.969 GC heap after
Heap after GC invocations=21 (full 3):
 PSYoungGen      total 163072K, used 0K [0x3c2c0000, 0x472c0000, 0x51800000)
  eden space 147456K, 0% used [0x3c2c0000,0x3c2c0000,0x452c0000)
  from space 15616K, 0% used [0x46340000,0x46340000,0x47280000)
  to   space 16384K, 0% used [0x452c0000,0x452c0000,0x462c0000)
 ParOldGen       total 68096K, used 37066K [0x11800000, 0x15a80000, 0x3c2c0000)
  object space 68096K, 54% used [0x11800000,0x13c328c8,0x15a80000)
 Metaspace       used 39823K, capacity 40898K, committed 40960K, reserved 41344K
}
Event: 90.844 GC heap before
{Heap before GC invocations=22 (full 3):
 PSYoungGen      total 163072K, used 147456K [0x3c2c0000, 0x472c0000, 0x51800000)
  eden space 147456K, 100% used [0x3c2c0000,0x452c0000,0x452c0000)
  from space 15616K, 0% used [0x46340000,0x46340000,0x47280000)
  to   space 16384K, 0% used [0x452c0000,0x452c0000,0x462c0000)
 ParOldGen       total 68096K, used 37066K [0x11800000, 0x15a80000, 0x3c2c0000)
  object space 68096K, 54% used [0x11800000,0x13c328c8,0x15a80000)
 Metaspace       used 48552K, capacity 49973K, committed 50048K, reserved 50560K
Event: 90.933 GC heap after
Heap after GC invocations=22 (full 3):
 PSYoungGen      total 163840K, used 16374K [0x3c2c0000, 0x48e80000, 0x51800000)
  eden space 147456K, 0% used [0x3c2c0000,0x3c2c0000,0x452c0000)
  from space 16384K, 99% used [0x452c0000,0x462bdbe8,0x462c0000)
  to   space 19200K, 0% used [0x47bc0000,0x47bc0000,0x48e80000)
 ParOldGen       total 68096K, used 37273K [0x11800000, 0x15a80000, 0x3c2c0000)
  object space 68096K, 54% used [0x11800000,0x13c664c8,0x15a80000)
 Metaspace       used 48552K, capacity 49973K, committed 50048K, reserved 50560K
}

