# JRE version: OpenJDK Runtime Environment (8.0_212-b04) (build 1.8.0_212-release-1586-b04)
# Java VM: OpenJDK Server VM (25.212-b04 mixed mode windows-x86 )
Heap:
 PSYoungGen      total 265216K, used 51826K [0x3b8c0000, 0x4c4c0000, 0x50e00000)
  eden space 256512K, 20% used [0x3b8c0000,0x3eb5cb98,0x4b340000)
  from space 8704K, 0% used [0x4bc40000,0x4bc40000,0x4c4c0000)
  to   space 8960K, 0% used [0x4b340000,0x4b340000,0x4bc00000)
 ParOldGen       total 90368K, used 46465K [0x10e00000, 0x16640000, 0x3b8c0000)
  object space 90368K, 51% used [0x10e00000,0x13b604c8,0x16640000)
 Metaspace       used 54201K, capacity 55797K, committed 55808K, reserved 56704K
GC Heap History (10 events):
Event: 294.405 GC heap before
{Heap before GC invocations=92 (full 5):
 PSYoungGen      total 228096K, used 227648K [0x3b8c0000, 0x4a500000, 0x50e00000)
  eden space 225536K, 100% used [0x3b8c0000,0x49500000,0x49500000)
  from space 2560K, 82% used [0x4a280000,0x4a490010,0x4a500000)
  to   space 8192K, 0% used [0x49500000,0x49500000,0x49d00000)
 ParOldGen       total 82944K, used 51513K [0x10e00000, 0x15f00000, 0x3b8c0000)
  object space 82944K, 62% used [0x10e00000,0x1404e6a0,0x15f00000)
 Metaspace       used 49622K, capacity 50977K, committed 51072K, reserved 51584K
Event: 294.457 GC heap after
Heap after GC invocations=92 (full 5):
 PSYoungGen      total 233728K, used 6806K [0x3b8c0000, 0x4c540000, 0x50e00000)
  eden space 225536K, 0% used [0x3b8c0000,0x3b8c0000,0x49500000)
  from space 8192K, 83% used [0x49500000,0x49ba58e0,0x49d00000)
  to   space 9216K, 0% used [0x4bc40000,0x4bc40000,0x4c540000)
 ParOldGen       total 82944K, used 53551K [0x10e00000, 0x15f00000, 0x3b8c0000)
  object space 82944K, 64% used [0x10e00000,0x1424bf60,0x15f00000)
 Metaspace       used 49622K, capacity 50977K, committed 51072K, reserved 51584K
}
Event: 296.870 GC heap before
{Heap before GC invocations=93 (full 5):
 PSYoungGen      total 233728K, used 232342K [0x3b8c0000, 0x4c540000, 0x50e00000)
  eden space 225536K, 100% used [0x3b8c0000,0x49500000,0x49500000)
  from space 8192K, 83% used [0x49500000,0x49ba58e0,0x49d00000)
  to   space 9216K, 0% used [0x4bc40000,0x4bc40000,0x4c540000)
 ParOldGen       total 82944K, used 53551K [0x10e00000, 0x15f00000, 0x3b8c0000)
  object space 82944K, 64% used [0x10e00000,0x1424bf60,0x15f00000)
 Metaspace       used 49737K, capacity 51149K, committed 51328K, reserved 51584K
Event: 296.918 GC heap after
Heap after GC invocations=93 (full 5):
 PSYoungGen      total 265216K, used 1491K [0x3b8c0000, 0x4c4c0000, 0x50e00000)
  eden space 256512K, 0% used [0x3b8c0000,0x3b8c0000,0x4b340000)
  from space 8704K, 17% used [0x4bc40000,0x4bdb4dd8,0x4c4c0000)
  to   space 8960K, 0% used [0x4b340000,0x4b340000,0x4bc00000)
 ParOldGen       total 82944K, used 58463K [0x10e00000, 0x15f00000, 0x3b8c0000)
  object space 82944K, 70% used [0x10e00000,0x14717ef0,0x15f00000)
 Metaspace       used 49737K, capacity 51149K, committed 51328K, reserved 51584K
}
Event: 301.550 GC heap before
{Heap before GC invocations=94 (full 5):
 PSYoungGen      total 265216K, used 258003K [0x3b8c0000, 0x4c4c0000, 0x50e00000)
  eden space 256512K, 100% used [0x3b8c0000,0x4b340000,0x4b340000)
  from space 8704K, 17% used [0x4bc40000,0x4bdb4dd8,0x4c4c0000)
  to   space 8960K, 0% used [0x4b340000,0x4b340000,0x4bc00000)
 ParOldGen       total 82944K, used 58463K [0x10e00000, 0x15f00000, 0x3b8c0000)
  object space 82944K, 70% used [0x10e00000,0x14717ef0,0x15f00000)
 Metaspace       used 50110K, capacity 51522K, committed 51584K, reserved 51584K
Event: 301.650 GC heap after
Heap after GC invocations=94 (full 5):
 PSYoungGen      total 265472K, used 8951K [0x3b8c0000, 0x4c4c0000, 0x50e00000)
  eden space 256512K, 0% used [0x3b8c0000,0x3b8c0000,0x4b340000)
  from space 8960K, 99% used [0x4b340000,0x4bbfdcc0,0x4bc00000)
  to   space 8704K, 0% used [0x4bc40000,0x4bc40000,0x4c4c0000)
 ParOldGen       total 82944K, used 65673K [0x10e00000, 0x15f00000, 0x3b8c0000)
  object space 82944K, 79% used [0x10e00000,0x14e226c0,0x15f00000)
 Metaspace       used 50110K, capacity 51522K, committed 51584K, reserved 51584K
}
Event: 345.308 GC heap before
{Heap before GC invocations=95 (full 5):
 PSYoungGen      total 265472K, used 265463K [0x3b8c0000, 0x4c4c0000, 0x50e00000)
  eden space 256512K, 100% used [0x3b8c0000,0x4b340000,0x4b340000)
  from space 8960K, 99% used [0x4b340000,0x4bbfdcc0,0x4bc00000)
  to   space 8704K, 0% used [0x4bc40000,0x4bc40000,0x4c4c0000)
 ParOldGen       total 82944K, used 65673K [0x10e00000, 0x15f00000, 0x3b8c0000)
  object space 82944K, 79% used [0x10e00000,0x14e226c0,0x15f00000)
 Metaspace       used 54002K, capacity 55565K, committed 55680K, reserved 55680K
Event: 345.447 GC heap after
Heap after GC invocations=95 (full 5):
 PSYoungGen      total 265216K, used 8688K [0x3b8c0000, 0x4c4c0000, 0x50e00000)
  eden space 256512K, 0% used [0x3b8c0000,0x3b8c0000,0x4b340000)
  from space 8704K, 99% used [0x4bc40000,0x4c4bc008,0x4c4c0000)
  to   space 8960K, 0% used [0x4b340000,0x4b340000,0x4bc00000)
 ParOldGen       total 88320K, used 88295K [0x10e00000, 0x16440000, 0x3b8c0000)
  object space 88320K, 99% used [0x10e00000,0x16439fc8,0x16440000)
 Metaspace       used 54002K, capacity 55565K, committed 55680K, reserved 55680K
}
Event: 345.447 GC heap before
{Heap before GC invocations=96 (full 6):
 PSYoungGen      total 265216K, used 8688K [0x3b8c0000, 0x4c4c0000, 0x50e00000)
  eden space 256512K, 0% used [0x3b8c0000,0x3b8c0000,0x4b340000)
  from space 8704K, 99% used [0x4bc40000,0x4c4bc008,0x4c4c0000)
  to   space 8960K, 0% used [0x4b340000,0x4b340000,0x4bc00000)
 ParOldGen       total 88320K, used 88295K [0x10e00000, 0x16440000, 0x3b8c0000)
  object space 88320K, 99% used [0x10e00000,0x16439fc8,0x16440000)
 Metaspace       used 54002K, capacity 55565K, committed 55680K, reserved 55680K
Event: 345.826 GC heap after
Heap after GC invocations=96 (full 6):
 PSYoungGen      total 265216K, used 0K [0x3b8c0000, 0x4c4c0000, 0x50e00000)
  eden space 256512K, 0% used [0x3b8c0000,0x3b8c0000,0x4b340000)
  from space 8704K, 0% used [0x4bc40000,0x4bc40000,0x4c4c0000)
  to   space 8960K, 0% used [0x4b340000,0x4b340000,0x4bc00000)
 ParOldGen       total 90368K, used 46465K [0x10e00000, 0x16640000, 0x3b8c0000)
  object space 90368K, 51% used [0x10e00000,0x13b604c8,0x16640000)
 Metaspace       used 54002K, capacity 55565K, committed 55680K, reserved 55680K
}

