# JRE version: OpenJDK Runtime Environment (8.0_212-b04) (build 1.8.0_212-release-1586-b04)
# Java VM: OpenJDK Server VM (25.212-b04 mixed mode windows-x86 )
Heap:
 PSYoungGen      total 88576K, used 67559K [0x3bac0000, 0x41880000, 0x51000000)
  eden space 81152K, 83% used [0x3bac0000,0x3fcb9c48,0x40a00000)
  from space 7424K, 0% used [0x40a00000,0x40a00000,0x41140000)
  to   space 7424K, 0% used [0x41140000,0x41140000,0x41880000)
 ParOldGen       total 22272K, used 17877K [0x11000000, 0x125c0000, 0x3bac0000)
  object space 22272K, 80% used [0x11000000,0x12175608,0x125c0000)
 Metaspace       used 31455K, capacity 32241K, committed 32256K, reserved 35200K
GC Heap History (10 events):
Event: 20.509 GC heap before
{Heap before GC invocations=13 (full 1):
 PSYoungGen      total 88576K, used 518K [0x3bac0000, 0x41880000, 0x51000000)
  eden space 81152K, 0% used [0x3bac0000,0x3bac0000,0x40a00000)
  from space 7424K, 6% used [0x41140000,0x411c1b90,0x41880000)
  to   space 7424K, 0% used [0x40a00000,0x40a00000,0x41140000)
 ParOldGen       total 22016K, used 12863K [0x11000000, 0x12580000, 0x3bac0000)
  object space 22016K, 58% used [0x11000000,0x11c8ffc0,0x12580000)
 Metaspace       used 16069K, capacity 16358K, committed 16384K, reserved 16768K
Event: 20.625 GC heap after
Heap after GC invocations=13 (full 1):
 PSYoungGen      total 88576K, used 0K [0x3bac0000, 0x41880000, 0x51000000)
  eden space 81152K, 0% used [0x3bac0000,0x3bac0000,0x40a00000)
  from space 7424K, 0% used [0x41140000,0x41140000,0x41880000)
  to   space 7424K, 0% used [0x40a00000,0x40a00000,0x41140000)
 ParOldGen       total 22272K, used 8519K [0x11000000, 0x125c0000, 0x3bac0000)
  object space 22272K, 38% used [0x11000000,0x11851c70,0x125c0000)
 Metaspace       used 16069K, capacity 16358K, committed 16384K, reserved 16768K
}
Event: 24.415 GC heap before
{Heap before GC invocations=14 (full 1):
 PSYoungGen      total 88576K, used 81152K [0x3bac0000, 0x41880000, 0x51000000)
  eden space 81152K, 100% used [0x3bac0000,0x40a00000,0x40a00000)
  from space 7424K, 0% used [0x41140000,0x41140000,0x41880000)
  to   space 7424K, 0% used [0x40a00000,0x40a00000,0x41140000)
 ParOldGen       total 22272K, used 8519K [0x11000000, 0x125c0000, 0x3bac0000)
  object space 22272K, 38% used [0x11000000,0x11851c70,0x125c0000)
 Metaspace       used 20358K, capacity 20714K, committed 20736K, reserved 20864K
Event: 24.480 GC heap after
Heap after GC invocations=14 (full 1):
 PSYoungGen      total 88576K, used 7016K [0x3bac0000, 0x41880000, 0x51000000)
  eden space 81152K, 0% used [0x3bac0000,0x3bac0000,0x40a00000)
  from space 7424K, 94% used [0x40a00000,0x410da1b8,0x41140000)
  to   space 7424K, 0% used [0x41140000,0x41140000,0x41880000)
 ParOldGen       total 22272K, used 8519K [0x11000000, 0x125c0000, 0x3bac0000)
  object space 22272K, 38% used [0x11000000,0x11851c70,0x125c0000)
 Metaspace       used 20358K, capacity 20714K, committed 20736K, reserved 20864K
}
Event: 30.726 GC heap before
{Heap before GC invocations=15 (full 1):
 PSYoungGen      total 88576K, used 88168K [0x3bac0000, 0x41880000, 0x51000000)
  eden space 81152K, 100% used [0x3bac0000,0x40a00000,0x40a00000)
  from space 7424K, 94% used [0x40a00000,0x410da1b8,0x41140000)
  to   space 7424K, 0% used [0x41140000,0x41140000,0x41880000)
 ParOldGen       total 22272K, used 8519K [0x11000000, 0x125c0000, 0x3bac0000)
  object space 22272K, 38% used [0x11000000,0x11851c70,0x125c0000)
 Metaspace       used 24965K, capacity 25441K, committed 25472K, reserved 25984K
Event: 30.762 GC heap after
Heap after GC invocations=15 (full 1):
 PSYoungGen      total 88576K, used 7418K [0x3bac0000, 0x41880000, 0x51000000)
  eden space 81152K, 0% used [0x3bac0000,0x3bac0000,0x40a00000)
  from space 7424K, 99% used [0x41140000,0x4187eac0,0x41880000)
  to   space 7424K, 0% used [0x40a00000,0x40a00000,0x41140000)
 ParOldGen       total 22272K, used 12356K [0x11000000, 0x125c0000, 0x3bac0000)
  object space 22272K, 55% used [0x11000000,0x11c11050,0x125c0000)
 Metaspace       used 24965K, capacity 25441K, committed 25472K, reserved 25984K
}
Event: 34.737 GC heap before
{Heap before GC invocations=16 (full 1):
 PSYoungGen      total 88576K, used 68872K [0x3bac0000, 0x41880000, 0x51000000)
  eden space 81152K, 75% used [0x3bac0000,0x3f6c35a8,0x40a00000)
  from space 7424K, 99% used [0x41140000,0x4187eac0,0x41880000)
  to   space 7424K, 0% used [0x40a00000,0x40a00000,0x41140000)
 ParOldGen       total 22272K, used 12356K [0x11000000, 0x125c0000, 0x3bac0000)
  object space 22272K, 55% used [0x11000000,0x11c11050,0x125c0000)
 Metaspace       used 26661K, capacity 27286K, committed 27308K, reserved 28032K
Event: 34.763 GC heap after
Heap after GC invocations=16 (full 1):
 PSYoungGen      total 88576K, used 4289K [0x3bac0000, 0x41880000, 0x51000000)
  eden space 81152K, 0% used [0x3bac0000,0x3bac0000,0x40a00000)
  from space 7424K, 57% used [0x40a00000,0x40e30580,0x41140000)
  to   space 7424K, 0% used [0x41140000,0x41140000,0x41880000)
 ParOldGen       total 22272K, used 16801K [0x11000000, 0x125c0000, 0x3bac0000)
  object space 22272K, 75% used [0x11000000,0x120685a0,0x125c0000)
 Metaspace       used 26661K, capacity 27286K, committed 27308K, reserved 28032K
}
Event: 34.763 GC heap before
{Heap before GC invocations=17 (full 2):
 PSYoungGen      total 88576K, used 4289K [0x3bac0000, 0x41880000, 0x51000000)
  eden space 81152K, 0% used [0x3bac0000,0x3bac0000,0x40a00000)
  from space 7424K, 57% used [0x40a00000,0x40e30580,0x41140000)
  to   space 7424K, 0% used [0x41140000,0x41140000,0x41880000)
 ParOldGen       total 22272K, used 16801K [0x11000000, 0x125c0000, 0x3bac0000)
  object space 22272K, 75% used [0x11000000,0x120685a0,0x125c0000)
 Metaspace       used 26661K, capacity 27286K, committed 27308K, reserved 28032K
Event: 34.973 GC heap after
Heap after GC invocations=17 (full 2):
 PSYoungGen      total 88576K, used 0K [0x3bac0000, 0x41880000, 0x51000000)
  eden space 81152K, 0% used [0x3bac0000,0x3bac0000,0x40a00000)
  from space 7424K, 0% used [0x40a00000,0x40a00000,0x41140000)
  to   space 7424K, 0% used [0x41140000,0x41140000,0x41880000)
 ParOldGen       total 22272K, used 17877K [0x11000000, 0x125c0000, 0x3bac0000)
  object space 22272K, 80% used [0x11000000,0x12175608,0x125c0000)
 Metaspace       used 26631K, capacity 27235K, committed 27308K, reserved 28032K
}

