# JRE version: OpenJDK Runtime Environment (8.0_212-b04) (build 1.8.0_212-release-1586-b04)
# Java VM: OpenJDK Server VM (25.212-b04 mixed mode windows-x86 )
Heap:
 PSYoungGen      total 69632K, used 1221K [0x3bcc0000, 0x407c0000, 0x51200000)
  eden space 63744K, 0% used [0x3bcc0000,0x3bcc0000,0x3fb00000)
  from space 5888K, 20% used [0x3fb00000,0x3fc31770,0x400c0000)
  to   space 4608K, 0% used [0x400c0000,0x400c0000,0x40540000)
 ParOldGen       total 21760K, used 8589K [0x11200000, 0x12740000, 0x3bcc0000)
  object space 21760K, 39% used [0x11200000,0x11a63780,0x12740000)
 Metaspace       used 17102K, capacity 17375K, committed 17408K, reserved 19840K
GC Heap History (10 events):
Event: 3.917 GC heap before
{Heap before GC invocations=7 (full 0):
 PSYoungGen      total 35328K, used 34869K [0x3bcc0000, 0x3e2c0000, 0x51200000)
  eden space 32512K, 100% used [0x3bcc0000,0x3dc80000,0x3dc80000)
  from space 2816K, 83% used [0x3df80000,0x3e1cd680,0x3e240000)
  to   space 3072K, 0% used [0x3dc80000,0x3dc80000,0x3df80000)
 ParOldGen       total 22016K, used 2741K [0x11200000, 0x12780000, 0x3bcc0000)
  object space 22016K, 12% used [0x11200000,0x114ad7b8,0x12780000)
 Metaspace       used 8348K, capacity 8610K, committed 8704K, reserved 9600K
Event: 3.934 GC heap after
Heap after GC invocations=7 (full 0):
 PSYoungGen      total 35584K, used 3061K [0x3bcc0000, 0x40540000, 0x51200000)
  eden space 32512K, 0% used [0x3bcc0000,0x3bcc0000,0x3dc80000)
  from space 3072K, 99% used [0x3dc80000,0x3df7d450,0x3df80000)
  to   space 4608K, 0% used [0x400c0000,0x400c0000,0x40540000)
 ParOldGen       total 22016K, used 5118K [0x11200000, 0x12780000, 0x3bcc0000)
  object space 22016K, 23% used [0x11200000,0x116ff980,0x12780000)
 Metaspace       used 8348K, capacity 8610K, committed 8704K, reserved 9600K
}
Event: 4.514 GC heap before
{Heap before GC invocations=8 (full 0):
 PSYoungGen      total 35584K, used 35573K [0x3bcc0000, 0x40540000, 0x51200000)
  eden space 32512K, 100% used [0x3bcc0000,0x3dc80000,0x3dc80000)
  from space 3072K, 99% used [0x3dc80000,0x3df7d450,0x3df80000)
  to   space 4608K, 0% used [0x400c0000,0x400c0000,0x40540000)
 ParOldGen       total 22016K, used 5118K [0x11200000, 0x12780000, 0x3bcc0000)
  object space 22016K, 23% used [0x11200000,0x116ff980,0x12780000)
 Metaspace       used 9929K, capacity 10193K, committed 10240K, reserved 10624K
Event: 4.529 GC heap after
Heap after GC invocations=8 (full 0):
 PSYoungGen      total 68352K, used 4607K [0x3bcc0000, 0x407c0000, 0x51200000)
  eden space 63744K, 0% used [0x3bcc0000,0x3bcc0000,0x3fb00000)
  from space 4608K, 99% used [0x400c0000,0x4053fd78,0x40540000)
  to   space 5888K, 0% used [0x3fb00000,0x3fb00000,0x400c0000)
 ParOldGen       total 22016K, used 6088K [0x11200000, 0x12780000, 0x3bcc0000)
  object space 22016K, 27% used [0x11200000,0x117f23c0,0x12780000)
 Metaspace       used 9929K, capacity 10193K, committed 10240K, reserved 10624K
}
Event: 6.350 GC heap before
{Heap before GC invocations=9 (full 0):
 PSYoungGen      total 68352K, used 68351K [0x3bcc0000, 0x407c0000, 0x51200000)
  eden space 63744K, 100% used [0x3bcc0000,0x3fb00000,0x3fb00000)
  from space 4608K, 99% used [0x400c0000,0x4053fd78,0x40540000)
  to   space 5888K, 0% used [0x3fb00000,0x3fb00000,0x400c0000)
 ParOldGen       total 22016K, used 6088K [0x11200000, 0x12780000, 0x3bcc0000)
  object space 22016K, 27% used [0x11200000,0x117f23c0,0x12780000)
 Metaspace       used 16032K, capacity 16315K, committed 16384K, reserved 16768K
Event: 6.384 GC heap after
Heap after GC invocations=9 (full 0):
 PSYoungGen      total 69632K, used 5880K [0x3bcc0000, 0x407c0000, 0x51200000)
  eden space 63744K, 0% used [0x3bcc0000,0x3bcc0000,0x3fb00000)
  from space 5888K, 99% used [0x3fb00000,0x400be268,0x400c0000)
  to   space 4608K, 0% used [0x400c0000,0x400c0000,0x40540000)
 ParOldGen       total 22016K, used 11806K [0x11200000, 0x12780000, 0x3bcc0000)
  object space 22016K, 53% used [0x11200000,0x11d87aa8,0x12780000)
 Metaspace       used 16032K, capacity 16315K, committed 16384K, reserved 16768K
}
Event: 6.403 GC heap before
{Heap before GC invocations=10 (full 0):
 PSYoungGen      total 69632K, used 6815K [0x3bcc0000, 0x407c0000, 0x51200000)
  eden space 63744K, 1% used [0x3bcc0000,0x3bda9b68,0x3fb00000)
  from space 5888K, 99% used [0x3fb00000,0x400be268,0x400c0000)
  to   space 4608K, 0% used [0x400c0000,0x400c0000,0x40540000)
 ParOldGen       total 22016K, used 11806K [0x11200000, 0x12780000, 0x3bcc0000)
  object space 22016K, 53% used [0x11200000,0x11d87aa8,0x12780000)
 Metaspace       used 16085K, capacity 16347K, committed 16384K, reserved 16768K
Event: 6.422 GC heap after
Heap after GC invocations=10 (full 0):
 PSYoungGen      total 68352K, used 3342K [0x3bcc0000, 0x407c0000, 0x51200000)
  eden space 63744K, 0% used [0x3bcc0000,0x3bcc0000,0x3fb00000)
  from space 4608K, 72% used [0x400c0000,0x40403a78,0x40540000)
  to   space 5888K, 0% used [0x3fb00000,0x3fb00000,0x400c0000)
 ParOldGen       total 22016K, used 13849K [0x11200000, 0x12780000, 0x3bcc0000)
  object space 22016K, 62% used [0x11200000,0x11f86598,0x12780000)
 Metaspace       used 16085K, capacity 16347K, committed 16384K, reserved 16768K
}
Event: 6.423 GC heap before
{Heap before GC invocations=11 (full 1):
 PSYoungGen      total 68352K, used 3342K [0x3bcc0000, 0x407c0000, 0x51200000)
  eden space 63744K, 0% used [0x3bcc0000,0x3bcc0000,0x3fb00000)
  from space 4608K, 72% used [0x400c0000,0x40403a78,0x40540000)
  to   space 5888K, 0% used [0x3fb00000,0x3fb00000,0x400c0000)
 ParOldGen       total 22016K, used 13849K [0x11200000, 0x12780000, 0x3bcc0000)
  object space 22016K, 62% used [0x11200000,0x11f86598,0x12780000)
 Metaspace       used 16085K, capacity 16347K, committed 16384K, reserved 16768K
Event: 6.526 GC heap after
Heap after GC invocations=11 (full 1):
 PSYoungGen      total 68352K, used 0K [0x3bcc0000, 0x407c0000, 0x51200000)
  eden space 63744K, 0% used [0x3bcc0000,0x3bcc0000,0x3fb00000)
  from space 4608K, 0% used [0x400c0000,0x400c0000,0x40540000)
  to   space 5888K, 0% used [0x3fb00000,0x3fb00000,0x400c0000)
 ParOldGen       total 21760K, used 8589K [0x11200000, 0x12740000, 0x3bcc0000)
  object space 21760K, 39% used [0x11200000,0x11a63780,0x12740000)
 Metaspace       used 16085K, capacity 16347K, committed 16384K, reserved 16768K
}

