# JRE version: OpenJDK Runtime Environment (8.0_212-b04) (build 1.8.0_212-release-1586-b04)
# Java VM: OpenJDK Server VM (25.212-b04 mixed mode windows-x86 )
Heap:
 PSYoungGen      total 302848K, used 203278K [0x3bcc0000, 0x51200000, 0x51200000)
  eden space 274176K, 74% used [0x3bcc0000,0x483439b8,0x4c880000)
  from space 28672K, 0% used [0x4f600000,0x4f600000,0x51200000)
  to   space 37632K, 0% used [0x4c880000,0x4c880000,0x4ed40000)
 ParOldGen       total 89856K, used 57415K [0x11200000, 0x169c0000, 0x3bcc0000)
  object space 89856K, 63% used [0x11200000,0x14a11f68,0x169c0000)
 Metaspace       used 57302K, capacity 58620K, committed 59264K, reserved 59776K
GC Heap History (10 events):
Event: 245.319 GC heap before
{Heap before GC invocations=25 (full 4):
 PSYoungGen      total 322560K, used 13566K [0x3bcc0000, 0x51200000, 0x51200000)
  eden space 308992K, 0% used [0x3bcc0000,0x3bcc0000,0x4ea80000)
  from space 13568K, 99% used [0x4ea80000,0x4f7bfbc8,0x4f7c0000)
  to   space 21504K, 0% used [0x4fd00000,0x4fd00000,0x51200000)
 ParOldGen       total 43520K, used 41724K [0x11200000, 0x13c80000, 0x3bcc0000)
  object space 43520K, 95% used [0x11200000,0x13abf0b8,0x13c80000)
 Metaspace       used 48885K, capacity 50236K, committed 50304K, reserved 50560K
Event: 246.030 GC heap after
Heap after GC invocations=25 (full 4):
 PSYoungGen      total 322560K, used 3120K [0x3bcc0000, 0x51200000, 0x51200000)
  eden space 308992K, 0% used [0x3bcc0000,0x3bcc0000,0x4ea80000)
  from space 13568K, 22% used [0x4ea80000,0x4ed8c0a0,0x4f7c0000)
  to   space 21504K, 0% used [0x4fd00000,0x4fd00000,0x51200000)
 ParOldGen       total 72192K, used 43399K [0x11200000, 0x15880000, 0x3bcc0000)
  object space 72192K, 60% used [0x11200000,0x13c61c90,0x15880000)
 Metaspace       used 48835K, capacity 50103K, committed 50304K, reserved 50560K
}
Event: 293.023 GC heap before
{Heap before GC invocations=26 (full 4):
 PSYoungGen      total 322560K, used 312112K [0x3bcc0000, 0x51200000, 0x51200000)
  eden space 308992K, 100% used [0x3bcc0000,0x4ea80000,0x4ea80000)
  from space 13568K, 22% used [0x4ea80000,0x4ed8c0a0,0x4f7c0000)
  to   space 21504K, 0% used [0x4fd00000,0x4fd00000,0x51200000)
 ParOldGen       total 72192K, used 43399K [0x11200000, 0x15880000, 0x3bcc0000)
  object space 72192K, 60% used [0x11200000,0x13c61c90,0x15880000)
 Metaspace       used 51176K, capacity 52489K, committed 52608K, reserved 52608K
Event: 293.126 GC heap after
Heap after GC invocations=26 (full 4):
 PSYoungGen      total 310272K, used 15870K [0x3bcc0000, 0x50c80000, 0x51200000)
  eden space 294400K, 0% used [0x3bcc0000,0x3bcc0000,0x4dc40000)
  from space 15872K, 99% used [0x4fd00000,0x50c7f8b0,0x50c80000)
  to   space 23040K, 0% used [0x4df80000,0x4df80000,0x4f600000)
 ParOldGen       total 72192K, used 43403K [0x11200000, 0x15880000, 0x3bcc0000)
  object space 72192K, 60% used [0x11200000,0x13c62c90,0x15880000)
 Metaspace       used 51176K, capacity 52489K, committed 52608K, reserved 52608K
}
Event: 1142.267 GC heap before
{Heap before GC invocations=27 (full 4):
 PSYoungGen      total 310272K, used 310270K [0x3bcc0000, 0x50c80000, 0x51200000)
  eden space 294400K, 100% used [0x3bcc0000,0x4dc40000,0x4dc40000)
  from space 15872K, 99% used [0x4fd00000,0x50c7f8b0,0x50c80000)
  to   space 23040K, 0% used [0x4df80000,0x4df80000,0x4f600000)
 ParOldGen       total 72192K, used 43403K [0x11200000, 0x15880000, 0x3bcc0000)
  object space 72192K, 60% used [0x11200000,0x13c62c90,0x15880000)
 Metaspace       used 54815K, capacity 56240K, committed 56320K, reserved 56704K
Event: 1162.671 GC heap after
Heap after GC invocations=27 (full 4):
 PSYoungGen      total 320768K, used 23035K [0x3bcc0000, 0x51200000, 0x51200000)
  eden space 297728K, 0% used [0x3bcc0000,0x3bcc0000,0x4df80000)
  from space 23040K, 99% used [0x4df80000,0x4f5fee18,0x4f600000)
  to   space 28672K, 0% used [0x4f600000,0x4f600000,0x51200000)
 ParOldGen       total 72192K, used 52032K [0x11200000, 0x15880000, 0x3bcc0000)
  object space 72192K, 72% used [0x11200000,0x144d0320,0x15880000)
 Metaspace       used 54815K, capacity 56240K, committed 56320K, reserved 56704K
}
Event: 1291.495 GC heap before
{Heap before GC invocations=28 (full 4):
 PSYoungGen      total 320768K, used 320763K [0x3bcc0000, 0x51200000, 0x51200000)
  eden space 297728K, 100% used [0x3bcc0000,0x4df80000,0x4df80000)
  from space 23040K, 99% used [0x4df80000,0x4f5fee18,0x4f600000)
  to   space 28672K, 0% used [0x4f600000,0x4f600000,0x51200000)
 ParOldGen       total 72192K, used 52032K [0x11200000, 0x15880000, 0x3bcc0000)
  object space 72192K, 72% used [0x11200000,0x144d0320,0x15880000)
 Metaspace       used 57129K, capacity 58616K, committed 58624K, reserved 58752K
Event: 1294.288 GC heap after
Heap after GC invocations=28 (full 4):
 PSYoungGen      total 302848K, used 28657K [0x3bcc0000, 0x51200000, 0x51200000)
  eden space 274176K, 0% used [0x3bcc0000,0x3bcc0000,0x4c880000)
  from space 28672K, 99% used [0x4f600000,0x511fc710,0x51200000)
  to   space 37632K, 0% used [0x4c880000,0x4c880000,0x4ed40000)
 ParOldGen       total 72192K, used 59354K [0x11200000, 0x15880000, 0x3bcc0000)
  object space 72192K, 82% used [0x11200000,0x14bf69d0,0x15880000)
 Metaspace       used 57129K, capacity 58616K, committed 58624K, reserved 58752K
}
Event: 1294.288 GC heap before
{Heap before GC invocations=29 (full 5):
 PSYoungGen      total 302848K, used 28657K [0x3bcc0000, 0x51200000, 0x51200000)
  eden space 274176K, 0% used [0x3bcc0000,0x3bcc0000,0x4c880000)
  from space 28672K, 99% used [0x4f600000,0x511fc710,0x51200000)
  to   space 37632K, 0% used [0x4c880000,0x4c880000,0x4ed40000)
 ParOldGen       total 72192K, used 59354K [0x11200000, 0x15880000, 0x3bcc0000)
  object space 72192K, 82% used [0x11200000,0x14bf69d0,0x15880000)
 Metaspace       used 57129K, capacity 58616K, committed 58624K, reserved 58752K
Event: 1298.791 GC heap after
Heap after GC invocations=29 (full 5):
 PSYoungGen      total 302848K, used 0K [0x3bcc0000, 0x51200000, 0x51200000)
  eden space 274176K, 0% used [0x3bcc0000,0x3bcc0000,0x4c880000)
  from space 28672K, 0% used [0x4f600000,0x4f600000,0x51200000)
  to   space 37632K, 0% used [0x4c880000,0x4c880000,0x4ed40000)
 ParOldGen       total 89856K, used 57415K [0x11200000, 0x169c0000, 0x3bcc0000)
  object space 89856K, 63% used [0x11200000,0x14a11f68,0x169c0000)
 Metaspace       used 56566K, capacity 57850K, committed 58624K, reserved 58752K
}

