# JRE version: OpenJDK Runtime Environment (8.0_212-b04) (build 1.8.0_212-release-1586-b04)
# Java VM: OpenJDK Server VM (25.212-b04 mixed mode windows-x86 )
Heap:
 PSYoungGen      total 15104K, used 9192K [0x3bac0000, 0x3cf00000, 0x51000000)
  eden space 13056K, 61% used [0x3bac0000,0x3c2a3a80,0x3c780000)
  from space 2048K, 54% used [0x3c780000,0x3c8968d0,0x3c980000)
  to   space 2048K, 0% used [0x3cd00000,0x3cd00000,0x3cf00000)
 ParOldGen       total 17408K, used 9371K [0x11000000, 0x12100000, 0x3bac0000)
  object space 17408K, 53% used [0x11000000,0x11926e18,0x12100000)
 Metaspace       used 20171K, capacity 20530K, committed 20608K, reserved 20864K
GC Heap History (10 events):
Event: 51.002 GC heap before
{Heap before GC invocations=26 (full 1):
 PSYoungGen      total 10496K, used 8192K [0x3bac0000, 0x3c740000, 0x51000000)
  eden space 8192K, 100% used [0x3bac0000,0x3c2c0000,0x3c2c0000)
  from space 2304K, 0% used [0x3c500000,0x3c500000,0x3c740000)
  to   space 2304K, 0% used [0x3c2c0000,0x3c2c0000,0x3c500000)
 ParOldGen       total 17408K, used 8011K [0x11000000, 0x12100000, 0x3bac0000)
  object space 17408K, 46% used [0x11000000,0x117d2dc8,0x12100000)
 Metaspace       used 16677K, capacity 17015K, committed 17024K, reserved 17792K
Event: 51.012 GC heap after
Heap after GC invocations=26 (full 1):
 PSYoungGen      total 10496K, used 1165K [0x3bac0000, 0x3c8c0000, 0x51000000)
  eden space 8192K, 0% used [0x3bac0000,0x3bac0000,0x3c2c0000)
  from space 2304K, 50% used [0x3c2c0000,0x3c3e3648,0x3c500000)
  to   space 2048K, 0% used [0x3c6c0000,0x3c6c0000,0x3c8c0000)
 ParOldGen       total 17408K, used 8015K [0x11000000, 0x12100000, 0x3bac0000)
  object space 17408K, 46% used [0x11000000,0x117d3dc8,0x12100000)
 Metaspace       used 16677K, capacity 17015K, committed 17024K, reserved 17792K
}
Event: 51.403 GC heap before
{Heap before GC invocations=27 (full 1):
 PSYoungGen      total 10496K, used 8973K [0x3bac0000, 0x3c8c0000, 0x51000000)
  eden space 8192K, 95% used [0x3bac0000,0x3c25ff78,0x3c2c0000)
  from space 2304K, 50% used [0x3c2c0000,0x3c3e3648,0x3c500000)
  to   space 2048K, 0% used [0x3c6c0000,0x3c6c0000,0x3c8c0000)
 ParOldGen       total 17408K, used 8015K [0x11000000, 0x12100000, 0x3bac0000)
  object space 17408K, 46% used [0x11000000,0x117d3dc8,0x12100000)
 Metaspace       used 17460K, capacity 17751K, committed 17792K, reserved 17792K
Event: 51.409 GC heap after
Heap after GC invocations=27 (full 1):
 PSYoungGen      total 12288K, used 838K [0x3bac0000, 0x3c900000, 0x51000000)
  eden space 10240K, 0% used [0x3bac0000,0x3bac0000,0x3c4c0000)
  from space 2048K, 40% used [0x3c6c0000,0x3c791af0,0x3c8c0000)
  to   space 2048K, 0% used [0x3c4c0000,0x3c4c0000,0x3c6c0000)
 ParOldGen       total 17408K, used 8483K [0x11000000, 0x12100000, 0x3bac0000)
  object space 17408K, 48% used [0x11000000,0x11848de8,0x12100000)
 Metaspace       used 17460K, capacity 17751K, committed 17792K, reserved 17792K
}
Event: 52.390 GC heap before
{Heap before GC invocations=28 (full 1):
 PSYoungGen      total 12288K, used 11078K [0x3bac0000, 0x3c900000, 0x51000000)
  eden space 10240K, 100% used [0x3bac0000,0x3c4c0000,0x3c4c0000)
  from space 2048K, 40% used [0x3c6c0000,0x3c791af0,0x3c8c0000)
  to   space 2048K, 0% used [0x3c4c0000,0x3c4c0000,0x3c6c0000)
 ParOldGen       total 17408K, used 8483K [0x11000000, 0x12100000, 0x3bac0000)
  object space 17408K, 48% used [0x11000000,0x11848de8,0x12100000)
 Metaspace       used 18194K, capacity 18526K, committed 18560K, reserved 18816K
Event: 52.411 GC heap after
Heap after GC invocations=28 (full 1):
 PSYoungGen      total 12288K, used 1033K [0x3bac0000, 0x3cb80000, 0x51000000)
  eden space 10240K, 0% used [0x3bac0000,0x3bac0000,0x3c4c0000)
  from space 2048K, 50% used [0x3c4c0000,0x3c5c2668,0x3c6c0000)
  to   space 2048K, 0% used [0x3c980000,0x3c980000,0x3cb80000)
 ParOldGen       total 17408K, used 8845K [0x11000000, 0x12100000, 0x3bac0000)
  object space 17408K, 50% used [0x11000000,0x118a3608,0x12100000)
 Metaspace       used 18194K, capacity 18526K, committed 18560K, reserved 18816K
}
Event: 52.934 GC heap before
{Heap before GC invocations=29 (full 1):
 PSYoungGen      total 12288K, used 11273K [0x3bac0000, 0x3cb80000, 0x51000000)
  eden space 10240K, 100% used [0x3bac0000,0x3c4c0000,0x3c4c0000)
  from space 2048K, 50% used [0x3c4c0000,0x3c5c2668,0x3c6c0000)
  to   space 2048K, 0% used [0x3c980000,0x3c980000,0x3cb80000)
 ParOldGen       total 17408K, used 8845K [0x11000000, 0x12100000, 0x3bac0000)
  object space 17408K, 50% used [0x11000000,0x118a3608,0x12100000)
 Metaspace       used 18726K, capacity 19070K, committed 19200K, reserved 19840K
Event: 52.941 GC heap after
Heap after GC invocations=29 (full 1):
 PSYoungGen      total 15104K, used 1207K [0x3bac0000, 0x3cb80000, 0x51000000)
  eden space 13056K, 0% used [0x3bac0000,0x3bac0000,0x3c780000)
  from space 2048K, 58% used [0x3c980000,0x3caadf60,0x3cb80000)
  to   space 2048K, 0% used [0x3c780000,0x3c780000,0x3c980000)
 ParOldGen       total 17408K, used 9111K [0x11000000, 0x12100000, 0x3bac0000)
  object space 17408K, 52% used [0x11000000,0x118e5e18,0x12100000)
 Metaspace       used 18726K, capacity 19070K, committed 19200K, reserved 19840K
}
Event: 53.550 GC heap before
{Heap before GC invocations=30 (full 1):
 PSYoungGen      total 15104K, used 14263K [0x3bac0000, 0x3cb80000, 0x51000000)
  eden space 13056K, 100% used [0x3bac0000,0x3c780000,0x3c780000)
  from space 2048K, 58% used [0x3c980000,0x3caadf60,0x3cb80000)
  to   space 2048K, 0% used [0x3c780000,0x3c780000,0x3c980000)
 ParOldGen       total 17408K, used 9111K [0x11000000, 0x12100000, 0x3bac0000)
  object space 17408K, 52% used [0x11000000,0x118e5e18,0x12100000)
 Metaspace       used 19355K, capacity 19656K, committed 19712K, reserved 19840K
Event: 53.561 GC heap after
Heap after GC invocations=30 (full 1):
 PSYoungGen      total 15104K, used 1114K [0x3bac0000, 0x3cf00000, 0x51000000)
  eden space 13056K, 0% used [0x3bac0000,0x3bac0000,0x3c780000)
  from space 2048K, 54% used [0x3c780000,0x3c8968d0,0x3c980000)
  to   space 2048K, 0% used [0x3cd00000,0x3cd00000,0x3cf00000)
 ParOldGen       total 17408K, used 9371K [0x11000000, 0x12100000, 0x3bac0000)
  object space 17408K, 53% used [0x11000000,0x11926e18,0x12100000)
 Metaspace       used 19355K, capacity 19656K, committed 19712K, reserved 19840K
}

