# JRE version: OpenJDK Runtime Environment (8.0_212-b04) (build 1.8.0_212-release-1586-b04)
# Java VM: OpenJDK Server VM (25.212-b04 mixed mode windows-x86 )
Heap:
 PSYoungGen      total 121856K, used 51021K [0x3bcc0000, 0x443c0000, 0x51200000)
  eden space 105984K, 48% used [0x3bcc0000,0x3ee93658,0x42440000)
  from space 15872K, 0% used [0x42440000,0x42440000,0x433c0000)
  to   space 15872K, 0% used [0x433c0000,0x433c0000,0x44340000)
 ParOldGen       total 84480K, used 55021K [0x11200000, 0x16480000, 0x3bcc0000)
  object space 84480K, 65% used [0x11200000,0x147bb6d8,0x16480000)
 Metaspace       used 66817K, capacity 68676K, committed 68736K, reserved 68992K
GC Heap History (10 events):
Event: 489.446 GC heap before
{Heap before GC invocations=52 (full 4):
 PSYoungGen      total 100096K, used 91767K [0x3bcc0000, 0x43800000, 0x51200000)
  eden space 82432K, 100% used [0x3bcc0000,0x40d40000,0x40d40000)
  from space 17664K, 52% used [0x40d40000,0x4165de70,0x41e80000)
  to   space 17408K, 0% used [0x42700000,0x42700000,0x43800000)
 ParOldGen       total 70656K, used 58350K [0x11200000, 0x15700000, 0x3bcc0000)
  object space 70656K, 82% used [0x11200000,0x14afb8b8,0x15700000)
 Metaspace       used 66683K, capacity 68536K, committed 68608K, reserved 68992K
Event: 489.540 GC heap after
Heap after GC invocations=52 (full 4):
 PSYoungGen      total 109824K, used 7684K [0x3bcc0000, 0x43980000, 0x51200000)
  eden space 92416K, 0% used [0x3bcc0000,0x3bcc0000,0x41700000)
  from space 17408K, 44% used [0x42700000,0x42e81138,0x43800000)
  to   space 16384K, 0% used [0x41700000,0x41700000,0x42700000)
 ParOldGen       total 70656K, used 60062K [0x11200000, 0x15700000, 0x3bcc0000)
  object space 70656K, 85% used [0x11200000,0x14ca7b80,0x15700000)
 Metaspace       used 66683K, capacity 68536K, committed 68608K, reserved 68992K
}
Event: 490.537 GC heap before
{Heap before GC invocations=53 (full 4):
 PSYoungGen      total 109824K, used 100100K [0x3bcc0000, 0x43980000, 0x51200000)
  eden space 92416K, 100% used [0x3bcc0000,0x41700000,0x41700000)
  from space 17408K, 44% used [0x42700000,0x42e81138,0x43800000)
  to   space 16384K, 0% used [0x41700000,0x41700000,0x42700000)
 ParOldGen       total 70656K, used 60062K [0x11200000, 0x15700000, 0x3bcc0000)
  object space 70656K, 85% used [0x11200000,0x14ca7b80,0x15700000)
 Metaspace       used 66721K, capacity 68543K, committed 68608K, reserved 68992K
Event: 490.570 GC heap after
Heap after GC invocations=53 (full 4):
 PSYoungGen      total 108800K, used 5365K [0x3bcc0000, 0x44340000, 0x51200000)
  eden space 92416K, 0% used [0x3bcc0000,0x3bcc0000,0x41700000)
  from space 16384K, 32% used [0x41700000,0x41c3d4b8,0x42700000)
  to   space 15872K, 0% used [0x433c0000,0x433c0000,0x44340000)
 ParOldGen       total 70656K, used 61895K [0x11200000, 0x15700000, 0x3bcc0000)
  object space 70656K, 87% used [0x11200000,0x14e71c68,0x15700000)
 Metaspace       used 66721K, capacity 68543K, committed 68608K, reserved 68992K
}
Event: 491.715 GC heap before
{Heap before GC invocations=54 (full 4):
 PSYoungGen      total 108800K, used 97781K [0x3bcc0000, 0x44340000, 0x51200000)
  eden space 92416K, 100% used [0x3bcc0000,0x41700000,0x41700000)
  from space 16384K, 32% used [0x41700000,0x41c3d4b8,0x42700000)
  to   space 15872K, 0% used [0x433c0000,0x433c0000,0x44340000)
 ParOldGen       total 70656K, used 61895K [0x11200000, 0x15700000, 0x3bcc0000)
  object space 70656K, 87% used [0x11200000,0x14e71c68,0x15700000)
 Metaspace       used 66756K, capacity 68580K, committed 68608K, reserved 68992K
Event: 491.770 GC heap after
Heap after GC invocations=54 (full 4):
 PSYoungGen      total 121856K, used 3272K [0x3bcc0000, 0x443c0000, 0x51200000)
  eden space 105984K, 0% used [0x3bcc0000,0x3bcc0000,0x42440000)
  from space 15872K, 20% used [0x433c0000,0x436f22f8,0x44340000)
  to   space 15872K, 0% used [0x42440000,0x42440000,0x433c0000)
 ParOldGen       total 70656K, used 64103K [0x11200000, 0x15700000, 0x3bcc0000)
  object space 70656K, 90% used [0x11200000,0x15099d90,0x15700000)
 Metaspace       used 66756K, capacity 68580K, committed 68608K, reserved 68992K
}
Event: 492.971 GC heap before
{Heap before GC invocations=55 (full 4):
 PSYoungGen      total 121856K, used 109256K [0x3bcc0000, 0x443c0000, 0x51200000)
  eden space 105984K, 100% used [0x3bcc0000,0x42440000,0x42440000)
  from space 15872K, 20% used [0x433c0000,0x436f22f8,0x44340000)
  to   space 15872K, 0% used [0x42440000,0x42440000,0x433c0000)
 ParOldGen       total 70656K, used 64103K [0x11200000, 0x15700000, 0x3bcc0000)
  object space 70656K, 90% used [0x11200000,0x15099d90,0x15700000)
 Metaspace       used 66787K, capacity 68647K, committed 68736K, reserved 68992K
Event: 493.006 GC heap after
Heap after GC invocations=55 (full 4):
 PSYoungGen      total 121856K, used 1360K [0x3bcc0000, 0x443c0000, 0x51200000)
  eden space 105984K, 0% used [0x3bcc0000,0x3bcc0000,0x42440000)
  from space 15872K, 8% used [0x42440000,0x42594000,0x433c0000)
  to   space 15872K, 0% used [0x433c0000,0x433c0000,0x44340000)
 ParOldGen       total 70656K, used 65870K [0x11200000, 0x15700000, 0x3bcc0000)
  object space 70656K, 93% used [0x11200000,0x152538f0,0x15700000)
 Metaspace       used 66787K, capacity 68647K, committed 68736K, reserved 68992K
}
Event: 493.031 GC heap before
{Heap before GC invocations=56 (full 5):
 PSYoungGen      total 121856K, used 1360K [0x3bcc0000, 0x443c0000, 0x51200000)
  eden space 105984K, 0% used [0x3bcc0000,0x3bcc0000,0x42440000)
  from space 15872K, 8% used [0x42440000,0x42594000,0x433c0000)
  to   space 15872K, 0% used [0x433c0000,0x433c0000,0x44340000)
 ParOldGen       total 70656K, used 65870K [0x11200000, 0x15700000, 0x3bcc0000)
  object space 70656K, 93% used [0x11200000,0x152538f0,0x15700000)
 Metaspace       used 66787K, capacity 68647K, committed 68736K, reserved 68992K
Event: 494.034 GC heap after
Heap after GC invocations=56 (full 5):
 PSYoungGen      total 121856K, used 0K [0x3bcc0000, 0x443c0000, 0x51200000)
  eden space 105984K, 0% used [0x3bcc0000,0x3bcc0000,0x42440000)
  from space 15872K, 0% used [0x42440000,0x42440000,0x433c0000)
  to   space 15872K, 0% used [0x433c0000,0x433c0000,0x44340000)
 ParOldGen       total 84480K, used 55021K [0x11200000, 0x16480000, 0x3bcc0000)
  object space 84480K, 65% used [0x11200000,0x147bb6d8,0x16480000)
 Metaspace       used 66785K, capacity 68642K, committed 68736K, reserved 68992K
}

