# JRE version: OpenJDK Runtime Environment (8.0_212-b04) (build 1.8.0_212-release-1586-b04)
# Java VM: OpenJDK Server VM (25.212-b04 mixed mode windows-x86 )
Heap:
 PSYoungGen      total 77056K, used 59509K [0x3bec0000, 0x41540000, 0x51400000)
  eden space 67072K, 83% used [0x3bec0000,0x3f581938,0x40040000)
  from space 9984K, 34% used [0x40b80000,0x40edbbc0,0x41540000)
  to   space 10752K, 0% used [0x40040000,0x40040000,0x40ac0000)
 ParOldGen       total 60416K, used 49140K [0x11400000, 0x14f00000, 0x3bec0000)
  object space 60416K, 81% used [0x11400000,0x143fd130,0x14f00000)
 Metaspace       used 56810K, capacity 58370K, committed 58496K, reserved 58752K
GC Heap History (10 events):
Event: 1177.716 GC heap before
{Heap before GC invocations=44 (full 3):
 PSYoungGen      total 60160K, used 55840K [0x3bec0000, 0x40200000, 0x51400000)
  eden space 53504K, 100% used [0x3bec0000,0x3f300000,0x3f300000)
  from space 6656K, 35% used [0x3f940000,0x3fb88060,0x3ffc0000)
  to   space 6400K, 0% used [0x3f300000,0x3f300000,0x3f940000)
 ParOldGen       total 46080K, used 40746K [0x11400000, 0x14100000, 0x3bec0000)
  object space 46080K, 88% used [0x11400000,0x13bcaa90,0x14100000)
 Metaspace       used 52823K, capacity 54430K, committed 54528K, reserved 54656K
Event: 1179.671 GC heap after
Heap after GC invocations=44 (full 3):
 PSYoungGen      total 59904K, used 6394K [0x3bec0000, 0x40a00000, 0x51400000)
  eden space 53504K, 0% used [0x3bec0000,0x3bec0000,0x3f300000)
  from space 6400K, 99% used [0x3f300000,0x3f93e988,0x3f940000)
  to   space 7936K, 0% used [0x40240000,0x40240000,0x40a00000)
 ParOldGen       total 46080K, used 42471K [0x11400000, 0x14100000, 0x3bec0000)
  object space 46080K, 92% used [0x11400000,0x13d79e48,0x14100000)
 Metaspace       used 52823K, capacity 54430K, committed 54528K, reserved 54656K
}
Event: 1208.378 GC heap before
{Heap before GC invocations=45 (full 3):
 PSYoungGen      total 59904K, used 59898K [0x3bec0000, 0x40a00000, 0x51400000)
  eden space 53504K, 100% used [0x3bec0000,0x3f300000,0x3f300000)
  from space 6400K, 99% used [0x3f300000,0x3f93e988,0x3f940000)
  to   space 7936K, 0% used [0x40240000,0x40240000,0x40a00000)
 ParOldGen       total 46080K, used 42471K [0x11400000, 0x14100000, 0x3bec0000)
  object space 46080K, 92% used [0x11400000,0x13d79e48,0x14100000)
 Metaspace       used 54024K, capacity 55663K, committed 55680K, reserved 55680K
Event: 1208.470 GC heap after
Heap after GC invocations=45 (full 3):
 PSYoungGen      total 67328K, used 7929K [0x3bec0000, 0x40d00000, 0x51400000)
  eden space 59392K, 0% used [0x3bec0000,0x3bec0000,0x3f8c0000)
  from space 7936K, 99% used [0x40240000,0x409fe468,0x40a00000)
  to   space 9728K, 0% used [0x3f8c0000,0x3f8c0000,0x40240000)
 ParOldGen       total 46080K, used 44016K [0x11400000, 0x14100000, 0x3bec0000)
  object space 46080K, 95% used [0x11400000,0x13efc240,0x14100000)
 Metaspace       used 54024K, capacity 55663K, committed 55680K, reserved 55680K
}
Event: 1208.483 GC heap before
{Heap before GC invocations=46 (full 4):
 PSYoungGen      total 67328K, used 7929K [0x3bec0000, 0x40d00000, 0x51400000)
  eden space 59392K, 0% used [0x3bec0000,0x3bec0000,0x3f8c0000)
  from space 7936K, 99% used [0x40240000,0x409fe468,0x40a00000)
  to   space 9728K, 0% used [0x3f8c0000,0x3f8c0000,0x40240000)
 ParOldGen       total 46080K, used 44016K [0x11400000, 0x14100000, 0x3bec0000)
  object space 46080K, 95% used [0x11400000,0x13efc240,0x14100000)
 Metaspace       used 54024K, capacity 55663K, committed 55680K, reserved 55680K
Event: 1214.951 GC heap after
Heap after GC invocations=46 (full 4):
 PSYoungGen      total 67328K, used 0K [0x3bec0000, 0x40d00000, 0x51400000)
  eden space 59392K, 0% used [0x3bec0000,0x3bec0000,0x3f8c0000)
  from space 7936K, 0% used [0x40240000,0x40240000,0x40a00000)
  to   space 9728K, 0% used [0x3f8c0000,0x3f8c0000,0x40240000)
 ParOldGen       total 60416K, used 39334K [0x11400000, 0x14f00000, 0x3bec0000)
  object space 60416K, 65% used [0x11400000,0x13a69b18,0x14f00000)
 Metaspace       used 53876K, capacity 55357K, committed 55680K, reserved 55680K
}
Event: 1223.491 GC heap before
{Heap before GC invocations=47 (full 4):
 PSYoungGen      total 67328K, used 59392K [0x3bec0000, 0x40d00000, 0x51400000)
  eden space 59392K, 100% used [0x3bec0000,0x3f8c0000,0x3f8c0000)
  from space 7936K, 0% used [0x40240000,0x40240000,0x40a00000)
  to   space 9728K, 0% used [0x3f8c0000,0x3f8c0000,0x40240000)
 ParOldGen       total 60416K, used 39334K [0x11400000, 0x14f00000, 0x3bec0000)
  object space 60416K, 65% used [0x11400000,0x13a69b18,0x14f00000)
 Metaspace       used 54238K, capacity 55751K, committed 56064K, reserved 56704K
Event: 1223.587 GC heap after
Heap after GC invocations=47 (full 4):
 PSYoungGen      total 69120K, used 9726K [0x3bec0000, 0x41680000, 0x51400000)
  eden space 59392K, 0% used [0x3bec0000,0x3bec0000,0x3f8c0000)
  from space 9728K, 99% used [0x3f8c0000,0x4023fa18,0x40240000)
  to   space 11264K, 0% used [0x40b80000,0x40b80000,0x41680000)
 ParOldGen       total 60416K, used 39745K [0x11400000, 0x14f00000, 0x3bec0000)
  object space 60416K, 65% used [0x11400000,0x13ad0658,0x14f00000)
 Metaspace       used 54238K, capacity 55751K, committed 56064K, reserved 56704K
}
Event: 1235.356 GC heap before
{Heap before GC invocations=48 (full 4):
 PSYoungGen      total 69120K, used 69118K [0x3bec0000, 0x41680000, 0x51400000)
  eden space 59392K, 100% used [0x3bec0000,0x3f8c0000,0x3f8c0000)
  from space 9728K, 99% used [0x3f8c0000,0x4023fa18,0x40240000)
  to   space 11264K, 0% used [0x40b80000,0x40b80000,0x41680000)
 ParOldGen       total 60416K, used 39745K [0x11400000, 0x14f00000, 0x3bec0000)
  object space 60416K, 65% used [0x11400000,0x13ad0658,0x14f00000)
 Metaspace       used 55597K, capacity 57106K, committed 57344K, reserved 57728K
Event: 1235.450 GC heap after
Heap after GC invocations=48 (full 4):
 PSYoungGen      total 77056K, used 3438K [0x3bec0000, 0x41540000, 0x51400000)
  eden space 67072K, 0% used [0x3bec0000,0x3bec0000,0x40040000)
  from space 9984K, 34% used [0x40b80000,0x40edbbc0,0x41540000)
  to   space 10752K, 0% used [0x40040000,0x40040000,0x40ac0000)
 ParOldGen       total 60416K, used 49140K [0x11400000, 0x14f00000, 0x3bec0000)
  object space 60416K, 81% used [0x11400000,0x143fd130,0x14f00000)
 Metaspace       used 55597K, capacity 57106K, committed 57344K, reserved 57728K
}

