# JRE version: OpenJDK Runtime Environment (8.0_212-b04) (build 1.8.0_212-release-1586-b04)
# Java VM: OpenJDK Server VM (25.212-b04 mixed mode windows-x86 )
Heap:
 PSYoungGen      total 118784K, used 23350K [0x3b8c0000, 0x43640000, 0x50e00000)
  eden space 112128K, 20% used [0x3b8c0000,0x3cf8dba8,0x42640000)
  from space 6656K, 0% used [0x42fc0000,0x42fc0000,0x43640000)
  to   space 8192K, 0% used [0x42640000,0x42640000,0x42e40000)
 ParOldGen       total 32000K, used 17506K [0x10e00000, 0x12d40000, 0x3b8c0000)
  object space 32000K, 54% used [0x10e00000,0x11f18928,0x12d40000)
 Metaspace       used 28287K, capacity 28943K, committed 29056K, reserved 29056K
GC Heap History (10 events):
Event: 54.895 GC heap before
{Heap before GC invocations=14 (full 1):
 PSYoungGen      total 56320K, used 48640K [0x3b8c0000, 0x413c0000, 0x50e00000)
  eden space 48640K, 100% used [0x3b8c0000,0x3e840000,0x3e840000)
  from space 7680K, 0% used [0x3efc0000,0x3efc0000,0x3f740000)
  to   space 7680K, 0% used [0x3e840000,0x3e840000,0x3efc0000)
 ParOldGen       total 20224K, used 7684K [0x10e00000, 0x121c0000, 0x3b8c0000)
  object space 20224K, 37% used [0x10e00000,0x11581370,0x121c0000)
 Metaspace       used 19339K, capacity 19688K, committed 19840K, reserved 19840K
Event: 54.912 GC heap after
Heap after GC invocations=14 (full 1):
 PSYoungGen      total 56320K, used 4956K [0x3b8c0000, 0x41200000, 0x50e00000)
  eden space 48640K, 0% used [0x3b8c0000,0x3b8c0000,0x3e840000)
  from space 7680K, 64% used [0x3e840000,0x3ed17158,0x3efc0000)
  to   space 7936K, 0% used [0x40a40000,0x40a40000,0x41200000)
 ParOldGen       total 20224K, used 7688K [0x10e00000, 0x121c0000, 0x3b8c0000)
  object space 20224K, 38% used [0x10e00000,0x11582370,0x121c0000)
 Metaspace       used 19339K, capacity 19688K, committed 19840K, reserved 19840K
}
Event: 62.913 GC heap before
{Heap before GC invocations=15 (full 1):
 PSYoungGen      total 56320K, used 53596K [0x3b8c0000, 0x41200000, 0x50e00000)
  eden space 48640K, 100% used [0x3b8c0000,0x3e840000,0x3e840000)
  from space 7680K, 64% used [0x3e840000,0x3ed17158,0x3efc0000)
  to   space 7936K, 0% used [0x40a40000,0x40a40000,0x41200000)
 ParOldGen       total 20224K, used 7688K [0x10e00000, 0x121c0000, 0x3b8c0000)
  object space 20224K, 38% used [0x10e00000,0x11582370,0x121c0000)
 Metaspace       used 21187K, capacity 21524K, committed 21632K, reserved 21888K
Event: 62.937 GC heap after
Heap after GC invocations=15 (full 1):
 PSYoungGen      total 81408K, used 3489K [0x3b8c0000, 0x410c0000, 0x50e00000)
  eden space 74752K, 0% used [0x3b8c0000,0x3b8c0000,0x401c0000)
  from space 6656K, 52% used [0x40a40000,0x40da85f0,0x410c0000)
  to   space 7680K, 0% used [0x401c0000,0x401c0000,0x40940000)
 ParOldGen       total 20224K, used 9284K [0x10e00000, 0x121c0000, 0x3b8c0000)
  object space 20224K, 45% used [0x10e00000,0x117113b0,0x121c0000)
 Metaspace       used 21187K, capacity 21524K, committed 21632K, reserved 21888K
}
Event: 81.256 GC heap before
{Heap before GC invocations=16 (full 1):
 PSYoungGen      total 81408K, used 78241K [0x3b8c0000, 0x410c0000, 0x50e00000)
  eden space 74752K, 100% used [0x3b8c0000,0x401c0000,0x401c0000)
  from space 6656K, 52% used [0x40a40000,0x40da85f0,0x410c0000)
  to   space 7680K, 0% used [0x401c0000,0x401c0000,0x40940000)
 ParOldGen       total 20224K, used 9284K [0x10e00000, 0x121c0000, 0x3b8c0000)
  object space 20224K, 45% used [0x10e00000,0x117113b0,0x121c0000)
 Metaspace       used 23500K, capacity 24011K, committed 24064K, reserved 24960K
Event: 81.290 GC heap after
Heap after GC invocations=16 (full 1):
 PSYoungGen      total 82432K, used 5727K [0x3b8c0000, 0x437c0000, 0x50e00000)
  eden space 74752K, 0% used [0x3b8c0000,0x3b8c0000,0x401c0000)
  from space 7680K, 74% used [0x401c0000,0x40757de8,0x40940000)
  to   space 8192K, 0% used [0x42fc0000,0x42fc0000,0x437c0000)
 ParOldGen       total 20224K, used 10602K [0x10e00000, 0x121c0000, 0x3b8c0000)
  object space 20224K, 52% used [0x10e00000,0x1185aa10,0x121c0000)
 Metaspace       used 23500K, capacity 24011K, committed 24064K, reserved 24960K
}
Event: 118.048 GC heap before
{Heap before GC invocations=17 (full 1):
 PSYoungGen      total 82432K, used 47394K [0x3b8c0000, 0x437c0000, 0x50e00000)
  eden space 74752K, 55% used [0x3b8c0000,0x3e170db8,0x401c0000)
  from space 7680K, 74% used [0x401c0000,0x40757de8,0x40940000)
  to   space 8192K, 0% used [0x42fc0000,0x42fc0000,0x437c0000)
 ParOldGen       total 20224K, used 10602K [0x10e00000, 0x121c0000, 0x3b8c0000)
  object space 20224K, 52% used [0x10e00000,0x1185aa10,0x121c0000)
 Metaspace       used 26694K, capacity 27248K, committed 27308K, reserved 28032K
Event: 118.087 GC heap after
Heap after GC invocations=17 (full 1):
 PSYoungGen      total 118784K, used 4860K [0x3b8c0000, 0x43640000, 0x50e00000)
  eden space 112128K, 0% used [0x3b8c0000,0x3b8c0000,0x42640000)
  from space 6656K, 73% used [0x42fc0000,0x4347f3d8,0x43640000)
  to   space 8192K, 0% used [0x42640000,0x42640000,0x42e40000)
 ParOldGen       total 20224K, used 13172K [0x10e00000, 0x121c0000, 0x3b8c0000)
  object space 20224K, 65% used [0x10e00000,0x11add220,0x121c0000)
 Metaspace       used 26694K, capacity 27248K, committed 27308K, reserved 28032K
}
Event: 118.087 GC heap before
{Heap before GC invocations=18 (full 2):
 PSYoungGen      total 118784K, used 4860K [0x3b8c0000, 0x43640000, 0x50e00000)
  eden space 112128K, 0% used [0x3b8c0000,0x3b8c0000,0x42640000)
  from space 6656K, 73% used [0x42fc0000,0x4347f3d8,0x43640000)
  to   space 8192K, 0% used [0x42640000,0x42640000,0x42e40000)
 ParOldGen       total 20224K, used 13172K [0x10e00000, 0x121c0000, 0x3b8c0000)
  object space 20224K, 65% used [0x10e00000,0x11add220,0x121c0000)
 Metaspace       used 26694K, capacity 27248K, committed 27308K, reserved 28032K
Event: 118.362 GC heap after
Heap after GC invocations=18 (full 2):
 PSYoungGen      total 118784K, used 0K [0x3b8c0000, 0x43640000, 0x50e00000)
  eden space 112128K, 0% used [0x3b8c0000,0x3b8c0000,0x42640000)
  from space 6656K, 0% used [0x42fc0000,0x42fc0000,0x43640000)
  to   space 8192K, 0% used [0x42640000,0x42640000,0x42e40000)
 ParOldGen       total 32000K, used 17506K [0x10e00000, 0x12d40000, 0x3b8c0000)
  object space 32000K, 54% used [0x10e00000,0x11f18928,0x12d40000)
 Metaspace       used 26694K, capacity 27248K, committed 27308K, reserved 28032K
}

