# JRE version: OpenJDK Runtime Environment (8.0_212-b04) (build 1.8.0_212-release-1586-b04)
# Java VM: OpenJDK Server VM (25.212-b04 mixed mode windows-x86 )
Heap:
 PSYoungGen      total 80384K, used 31153K [0x3c0c0000, 0x41680000, 0x51600000)
  eden space 72960K, 42% used [0x3c0c0000,0x3df2c6b0,0x40800000)
  from space 7424K, 0% used [0x40800000,0x40800000,0x40f40000)
  to   space 6400K, 0% used [0x41040000,0x41040000,0x41680000)
 ParOldGen       total 38144K, used 17944K [0x11600000, 0x13b40000, 0x3c0c0000)
  object space 38144K, 47% used [0x11600000,0x12786208,0x13b40000)
 Metaspace       used 29053K, capacity 29726K, committed 29824K, reserved 31104K
GC Heap History (10 events):
Event: 26.162 GC heap before
{Heap before GC invocations=13 (full 1):
 PSYoungGen      total 48384K, used 47104K [0x3c0c0000, 0x40440000, 0x51600000)
  eden space 47104K, 100% used [0x3c0c0000,0x3eec0000,0x3eec0000)
  from space 1280K, 0% used [0x3f600000,0x3f600000,0x3f740000)
  to   space 7936K, 0% used [0x3fc80000,0x3fc80000,0x40440000)
 ParOldGen       total 22784K, used 7903K [0x11600000, 0x12c40000, 0x3c0c0000)
  object space 22784K, 34% used [0x11600000,0x11db7df0,0x12c40000)
 Metaspace       used 19308K, capacity 19656K, committed 19712K, reserved 19840K
Event: 26.176 GC heap after
Heap after GC invocations=13 (full 1):
 PSYoungGen      total 60928K, used 4892K [0x3c0c0000, 0x41040000, 0x51600000)
  eden space 52992K, 0% used [0x3c0c0000,0x3c0c0000,0x3f480000)
  from space 7936K, 61% used [0x3fc80000,0x401470e8,0x40440000)
  to   space 8192K, 0% used [0x3f480000,0x3f480000,0x3fc80000)
 ParOldGen       total 22784K, used 7907K [0x11600000, 0x12c40000, 0x3c0c0000)
  object space 22784K, 34% used [0x11600000,0x11db8df0,0x12c40000)
 Metaspace       used 19308K, capacity 19656K, committed 19712K, reserved 19840K
}
Event: 29.025 GC heap before
{Heap before GC invocations=14 (full 1):
 PSYoungGen      total 60928K, used 57884K [0x3c0c0000, 0x41040000, 0x51600000)
  eden space 52992K, 100% used [0x3c0c0000,0x3f480000,0x3f480000)
  from space 7936K, 61% used [0x3fc80000,0x401470e8,0x40440000)
  to   space 8192K, 0% used [0x3f480000,0x3f480000,0x3fc80000)
 ParOldGen       total 22784K, used 7907K [0x11600000, 0x12c40000, 0x3c0c0000)
  object space 22784K, 34% used [0x11600000,0x11db8df0,0x12c40000)
 Metaspace       used 21321K, capacity 21684K, committed 21760K, reserved 21888K
Event: 29.060 GC heap after
Heap after GC invocations=14 (full 1):
 PSYoungGen      total 61184K, used 3746K [0x3c0c0000, 0x417c0000, 0x51600000)
  eden space 52992K, 0% used [0x3c0c0000,0x3c0c0000,0x3f480000)
  from space 8192K, 45% used [0x3f480000,0x3f828b58,0x3fc80000)
  to   space 7680K, 0% used [0x41040000,0x41040000,0x417c0000)
 ParOldGen       total 22784K, used 9496K [0x11600000, 0x12c40000, 0x3c0c0000)
  object space 22784K, 41% used [0x11600000,0x11f46110,0x12c40000)
 Metaspace       used 21321K, capacity 21684K, committed 21760K, reserved 21888K
}
Event: 32.360 GC heap before
{Heap before GC invocations=15 (full 1):
 PSYoungGen      total 61184K, used 56738K [0x3c0c0000, 0x417c0000, 0x51600000)
  eden space 52992K, 100% used [0x3c0c0000,0x3f480000,0x3f480000)
  from space 8192K, 45% used [0x3f480000,0x3f828b58,0x3fc80000)
  to   space 7680K, 0% used [0x41040000,0x41040000,0x417c0000)
 ParOldGen       total 22784K, used 9496K [0x11600000, 0x12c40000, 0x3c0c0000)
  object space 22784K, 41% used [0x11600000,0x11f46110,0x12c40000)
 Metaspace       used 23180K, capacity 23639K, committed 23680K, reserved 23936K
Event: 32.379 GC heap after
Heap after GC invocations=15 (full 1):
 PSYoungGen      total 79360K, used 3977K [0x3c0c0000, 0x41680000, 0x51600000)
  eden space 72960K, 0% used [0x3c0c0000,0x3c0c0000,0x40800000)
  from space 6400K, 62% used [0x41040000,0x414226d8,0x41680000)
  to   space 7424K, 0% used [0x40800000,0x40800000,0x40f40000)
 ParOldGen       total 22784K, used 10884K [0x11600000, 0x12c40000, 0x3c0c0000)
  object space 22784K, 47% used [0x11600000,0x120a1358,0x12c40000)
 Metaspace       used 23180K, capacity 23639K, committed 23680K, reserved 23936K
}
Event: 44.362 GC heap before
{Heap before GC invocations=16 (full 1):
 PSYoungGen      total 79360K, used 64766K [0x3c0c0000, 0x41680000, 0x51600000)
  eden space 72960K, 83% used [0x3c0c0000,0x3fc1d3c8,0x40800000)
  from space 6400K, 62% used [0x41040000,0x414226d8,0x41680000)
  to   space 7424K, 0% used [0x40800000,0x40800000,0x40f40000)
 ParOldGen       total 22784K, used 10884K [0x11600000, 0x12c40000, 0x3c0c0000)
  object space 22784K, 47% used [0x11600000,0x120a1358,0x12c40000)
 Metaspace       used 26685K, capacity 27253K, committed 27308K, reserved 28032K
Event: 44.410 GC heap after
Heap after GC invocations=16 (full 1):
 PSYoungGen      total 80384K, used 6776K [0x3c0c0000, 0x41680000, 0x51600000)
  eden space 72960K, 0% used [0x3c0c0000,0x3c0c0000,0x40800000)
  from space 7424K, 91% used [0x40800000,0x40e9e120,0x40f40000)
  to   space 6400K, 0% used [0x41040000,0x41040000,0x41680000)
 ParOldGen       total 22784K, used 11904K [0x11600000, 0x12c40000, 0x3c0c0000)
  object space 22784K, 52% used [0x11600000,0x121a00e8,0x12c40000)
 Metaspace       used 26685K, capacity 27253K, committed 27308K, reserved 28032K
}
Event: 44.410 GC heap before
{Heap before GC invocations=17 (full 2):
 PSYoungGen      total 80384K, used 6776K [0x3c0c0000, 0x41680000, 0x51600000)
  eden space 72960K, 0% used [0x3c0c0000,0x3c0c0000,0x40800000)
  from space 7424K, 91% used [0x40800000,0x40e9e120,0x40f40000)
  to   space 6400K, 0% used [0x41040000,0x41040000,0x41680000)
 ParOldGen       total 22784K, used 11904K [0x11600000, 0x12c40000, 0x3c0c0000)
  object space 22784K, 52% used [0x11600000,0x121a00e8,0x12c40000)
 Metaspace       used 26685K, capacity 27253K, committed 27308K, reserved 28032K
Event: 44.640 GC heap after
Heap after GC invocations=17 (full 2):
 PSYoungGen      total 80384K, used 0K [0x3c0c0000, 0x41680000, 0x51600000)
  eden space 72960K, 0% used [0x3c0c0000,0x3c0c0000,0x40800000)
  from space 7424K, 0% used [0x40800000,0x40800000,0x40f40000)
  to   space 6400K, 0% used [0x41040000,0x41040000,0x41680000)
 ParOldGen       total 38144K, used 17944K [0x11600000, 0x13b40000, 0x3c0c0000)
  object space 38144K, 47% used [0x11600000,0x12786208,0x13b40000)
 Metaspace       used 26683K, capacity 27248K, committed 27308K, reserved 28032K
}

