# JRE version: OpenJDK Runtime Environment (8.0_212-b04) (build 1.8.0_212-release-1586-b04)
# Java VM: OpenJDK Server VM (25.212-b04 mixed mode windows-x86 )
Heap:
 PSYoungGen      total 68864K, used 28590K [0x3bac0000, 0x44800000, 0x51000000)
  eden space 61696K, 46% used [0x3bac0000,0x3d6ab820,0x3f700000)
  from space 7168K, 0% used [0x44100000,0x44100000,0x44800000)
  to   space 9216K, 0% used [0x43600000,0x43600000,0x43f00000)
 ParOldGen       total 26368K, used 11110K [0x11000000, 0x129c0000, 0x3bac0000)
  object space 26368K, 42% used [0x11000000,0x11ad9968,0x129c0000)
 Metaspace       used 18195K, capacity 18542K, committed 18560K, reserved 18816K
GC Heap History (10 events):
Event: 7.030 GC heap before
{Heap before GC invocations=5 (full 0):
 PSYoungGen      total 34048K, used 34032K [0x3bac0000, 0x3dd40000, 0x51000000)
  eden space 32768K, 100% used [0x3bac0000,0x3dac0000,0x3dac0000)
  from space 1280K, 98% used [0x3dc00000,0x3dd3c080,0x3dd40000)
  to   space 1280K, 0% used [0x3dac0000,0x3dac0000,0x3dc00000)
 ParOldGen       total 22016K, used 2602K [0x11000000, 0x12580000, 0x3bac0000)
  object space 22016K, 11% used [0x11000000,0x1128aa00,0x12580000)
 Metaspace       used 6964K, capacity 7168K, committed 7296K, reserved 7552K
Event: 7.046 GC heap after
Heap after GC invocations=5 (full 0):
 PSYoungGen      total 34048K, used 1264K [0x3bac0000, 0x403c0000, 0x51000000)
  eden space 32768K, 0% used [0x3bac0000,0x3bac0000,0x3dac0000)
  from space 1280K, 98% used [0x3dac0000,0x3dbfc070,0x3dc00000)
  to   space 4608K, 0% used [0x3ff40000,0x3ff40000,0x403c0000)
 ParOldGen       total 22016K, used 5749K [0x11000000, 0x12580000, 0x3bac0000)
  object space 22016K, 26% used [0x11000000,0x1159d480,0x12580000)
 Metaspace       used 6964K, capacity 7168K, committed 7296K, reserved 7552K
}
Event: 11.348 GC heap before
{Heap before GC invocations=6 (full 0):
 PSYoungGen      total 34048K, used 34032K [0x3bac0000, 0x403c0000, 0x51000000)
  eden space 32768K, 100% used [0x3bac0000,0x3dac0000,0x3dac0000)
  from space 1280K, 98% used [0x3dac0000,0x3dbfc070,0x3dc00000)
  to   space 4608K, 0% used [0x3ff40000,0x3ff40000,0x403c0000)
 ParOldGen       total 22016K, used 5749K [0x11000000, 0x12580000, 0x3bac0000)
  object space 22016K, 26% used [0x11000000,0x1159d480,0x12580000)
 Metaspace       used 9410K, capacity 9699K, committed 9728K, reserved 10624K
Event: 11.368 GC heap after
Heap after GC invocations=6 (full 0):
 PSYoungGen      total 69120K, used 4601K [0x3bac0000, 0x405c0000, 0x51000000)
  eden space 64512K, 0% used [0x3bac0000,0x3bac0000,0x3f9c0000)
  from space 4608K, 99% used [0x3ff40000,0x403be6b8,0x403c0000)
  to   space 5632K, 0% used [0x3f9c0000,0x3f9c0000,0x3ff40000)
 ParOldGen       total 22016K, used 6004K [0x11000000, 0x12580000, 0x3bac0000)
  object space 22016K, 27% used [0x11000000,0x115dd190,0x12580000)
 Metaspace       used 9410K, capacity 9699K, committed 9728K, reserved 10624K
}
Event: 18.794 GC heap before
{Heap before GC invocations=7 (full 0):
 PSYoungGen      total 69120K, used 69113K [0x3bac0000, 0x405c0000, 0x51000000)
  eden space 64512K, 100% used [0x3bac0000,0x3f9c0000,0x3f9c0000)
  from space 4608K, 99% used [0x3ff40000,0x403be6b8,0x403c0000)
  to   space 5632K, 0% used [0x3f9c0000,0x3f9c0000,0x3ff40000)
 ParOldGen       total 22016K, used 6004K [0x11000000, 0x12580000, 0x3bac0000)
  object space 22016K, 27% used [0x11000000,0x115dd190,0x12580000)
 Metaspace       used 12915K, capacity 13242K, committed 13312K, reserved 13696K
Event: 18.844 GC heap after
Heap after GC invocations=7 (full 0):
 PSYoungGen      total 70144K, used 5631K [0x3bac0000, 0x44940000, 0x51000000)
  eden space 64512K, 0% used [0x3bac0000,0x3bac0000,0x3f9c0000)
  from space 5632K, 99% used [0x3f9c0000,0x3ff3ffa0,0x3ff40000)
  to   space 8448K, 0% used [0x44100000,0x44100000,0x44940000)
 ParOldGen       total 22016K, used 9326K [0x11000000, 0x12580000, 0x3bac0000)
  object space 22016K, 42% used [0x11000000,0x1191b850,0x12580000)
 Metaspace       used 12915K, capacity 13242K, committed 13312K, reserved 13696K
}
Event: 22.219 GC heap before
{Heap before GC invocations=8 (full 0):
 PSYoungGen      total 70144K, used 27473K [0x3bac0000, 0x44940000, 0x51000000)
  eden space 64512K, 33% used [0x3bac0000,0x3d0147e0,0x3f9c0000)
  from space 5632K, 99% used [0x3f9c0000,0x3ff3ffa0,0x3ff40000)
  to   space 8448K, 0% used [0x44100000,0x44100000,0x44940000)
 ParOldGen       total 22016K, used 9326K [0x11000000, 0x12580000, 0x3bac0000)
  object space 22016K, 42% used [0x11000000,0x1191b850,0x12580000)
 Metaspace       used 16069K, capacity 16358K, committed 16384K, reserved 16768K
Event: 22.247 GC heap after
Heap after GC invocations=8 (full 0):
 PSYoungGen      total 68864K, used 7117K [0x3bac0000, 0x44800000, 0x51000000)
  eden space 61696K, 0% used [0x3bac0000,0x3bac0000,0x3f700000)
  from space 7168K, 99% used [0x44100000,0x447f34a0,0x44800000)
  to   space 9216K, 0% used [0x43600000,0x43600000,0x43f00000)
 ParOldGen       total 22016K, used 9722K [0x11000000, 0x12580000, 0x3bac0000)
  object space 22016K, 44% used [0x11000000,0x1197e850,0x12580000)
 Metaspace       used 16069K, capacity 16358K, committed 16384K, reserved 16768K
}
Event: 22.248 GC heap before
{Heap before GC invocations=9 (full 1):
 PSYoungGen      total 68864K, used 7117K [0x3bac0000, 0x44800000, 0x51000000)
  eden space 61696K, 0% used [0x3bac0000,0x3bac0000,0x3f700000)
  from space 7168K, 99% used [0x44100000,0x447f34a0,0x44800000)
  to   space 9216K, 0% used [0x43600000,0x43600000,0x43f00000)
 ParOldGen       total 22016K, used 9722K [0x11000000, 0x12580000, 0x3bac0000)
  object space 22016K, 44% used [0x11000000,0x1197e850,0x12580000)
 Metaspace       used 16069K, capacity 16358K, committed 16384K, reserved 16768K
Event: 22.365 GC heap after
Heap after GC invocations=9 (full 1):
 PSYoungGen      total 68864K, used 0K [0x3bac0000, 0x44800000, 0x51000000)
  eden space 61696K, 0% used [0x3bac0000,0x3bac0000,0x3f700000)
  from space 7168K, 0% used [0x44100000,0x44100000,0x44800000)
  to   space 9216K, 0% used [0x43600000,0x43600000,0x43f00000)
 ParOldGen       total 26368K, used 11110K [0x11000000, 0x129c0000, 0x3bac0000)
  object space 26368K, 42% used [0x11000000,0x11ad9968,0x129c0000)
 Metaspace       used 16069K, capacity 16358K, committed 16384K, reserved 16768K
}

