# JRE version: OpenJDK Runtime Environment (8.0_212-b04) (build 1.8.0_212-release-1586-b04)
# Java VM: OpenJDK Server VM (25.212-b04 mixed mode windows-x86 )
Heap:
 PSYoungGen      total 35328K, used 4461K [0x3b8c0000, 0x3dec0000, 0x50e00000)
  eden space 32256K, 4% used [0x3b8c0000,0x3ba1d860,0x3d840000)
  from space 3072K, 99% used [0x3d840000,0x3db3dca8,0x3db40000)
  to   space 2560K, 0% used [0x3db40000,0x3db40000,0x3ddc0000)
 ParOldGen       total 22016K, used 5859K [0x10e00000, 0x12380000, 0x3b8c0000)
  object space 22016K, 26% used [0x10e00000,0x113b8f30,0x12380000)
 Metaspace       used 9462K, capacity 9731K, committed 9856K, reserved 10624K
GC Heap History (10 events):
Event: 10.477 GC heap before
{Heap before GC invocations=5 (full 0):
 PSYoungGen      total 9472K, used 9464K [0x3b8c0000, 0x3cb40000, 0x50e00000)
  eden space 8192K, 100% used [0x3b8c0000,0x3c0c0000,0x3c0c0000)
  from space 1280K, 99% used [0x3c200000,0x3c33e050,0x3c340000)
  to   space 1280K, 0% used [0x3c0c0000,0x3c0c0000,0x3c200000)
 ParOldGen       total 22016K, used 2142K [0x10e00000, 0x12380000, 0x3b8c0000)
  object space 22016K, 9% used [0x10e00000,0x11017980,0x12380000)
 Metaspace       used 4540K, capacity 4618K, committed 4736K, reserved 5504K
Event: 10.481 GC heap after
Heap after GC invocations=5 (full 0):
 PSYoungGen      total 9472K, used 1264K [0x3b8c0000, 0x3ce40000, 0x50e00000)
  eden space 8192K, 0% used [0x3b8c0000,0x3b8c0000,0x3c0c0000)
  from space 1280K, 98% used [0x3c0c0000,0x3c1fc040,0x3c200000)
  to   space 2816K, 0% used [0x3cb80000,0x3cb80000,0x3ce40000)
 ParOldGen       total 22016K, used 2255K [0x10e00000, 0x12380000, 0x3b8c0000)
  object space 22016K, 10% used [0x10e00000,0x11033d80,0x12380000)
 Metaspace       used 4540K, capacity 4618K, committed 4736K, reserved 5504K
}
Event: 10.633 GC heap before
{Heap before GC invocations=6 (full 0):
 PSYoungGen      total 9472K, used 9456K [0x3b8c0000, 0x3ce40000, 0x50e00000)
  eden space 8192K, 100% used [0x3b8c0000,0x3c0c0000,0x3c0c0000)
  from space 1280K, 98% used [0x3c0c0000,0x3c1fc040,0x3c200000)
  to   space 2816K, 0% used [0x3cb80000,0x3cb80000,0x3ce40000)
 ParOldGen       total 22016K, used 2255K [0x10e00000, 0x12380000, 0x3b8c0000)
  object space 22016K, 10% used [0x10e00000,0x11033d80,0x12380000)
 Metaspace       used 4602K, capacity 4714K, committed 4736K, reserved 5504K
Event: 10.664 GC heap after
Heap after GC invocations=6 (full 0):
 PSYoungGen      total 18688K, used 1689K [0x3b8c0000, 0x3cdc0000, 0x50e00000)
  eden space 16384K, 0% used [0x3b8c0000,0x3b8c0000,0x3c8c0000)
  from space 2304K, 73% used [0x3cb80000,0x3cd26668,0x3cdc0000)
  to   space 2560K, 0% used [0x3c8c0000,0x3c8c0000,0x3cb40000)
 ParOldGen       total 22016K, used 2255K [0x10e00000, 0x12380000, 0x3b8c0000)
  object space 22016K, 10% used [0x10e00000,0x11033d80,0x12380000)
 Metaspace       used 4602K, capacity 4714K, committed 4736K, reserved 5504K
}
Event: 11.016 GC heap before
{Heap before GC invocations=7 (full 0):
 PSYoungGen      total 18688K, used 18073K [0x3b8c0000, 0x3cdc0000, 0x50e00000)
  eden space 16384K, 100% used [0x3b8c0000,0x3c8c0000,0x3c8c0000)
  from space 2304K, 73% used [0x3cb80000,0x3cd26668,0x3cdc0000)
  to   space 2560K, 0% used [0x3c8c0000,0x3c8c0000,0x3cb40000)
 ParOldGen       total 22016K, used 2255K [0x10e00000, 0x12380000, 0x3b8c0000)
  object space 22016K, 10% used [0x10e00000,0x11033d80,0x12380000)
 Metaspace       used 4801K, capacity 4916K, committed 4992K, reserved 5504K
Event: 11.027 GC heap after
Heap after GC invocations=7 (full 0):
 PSYoungGen      total 18944K, used 1666K [0x3b8c0000, 0x3ddc0000, 0x50e00000)
  eden space 16384K, 0% used [0x3b8c0000,0x3b8c0000,0x3c8c0000)
  from space 2560K, 65% used [0x3c8c0000,0x3ca60b08,0x3cb40000)
  to   space 2560K, 0% used [0x3db40000,0x3db40000,0x3ddc0000)
 ParOldGen       total 22016K, used 3138K [0x10e00000, 0x12380000, 0x3b8c0000)
  object space 22016K, 14% used [0x10e00000,0x11110a20,0x12380000)
 Metaspace       used 4801K, capacity 4916K, committed 4992K, reserved 5504K
}
Event: 15.658 GC heap before
{Heap before GC invocations=8 (full 0):
 PSYoungGen      total 18944K, used 18050K [0x3b8c0000, 0x3ddc0000, 0x50e00000)
  eden space 16384K, 100% used [0x3b8c0000,0x3c8c0000,0x3c8c0000)
  from space 2560K, 65% used [0x3c8c0000,0x3ca60b08,0x3cb40000)
  to   space 2560K, 0% used [0x3db40000,0x3db40000,0x3ddc0000)
 ParOldGen       total 22016K, used 3138K [0x10e00000, 0x12380000, 0x3b8c0000)
  object space 22016K, 14% used [0x10e00000,0x11110a20,0x12380000)
 Metaspace       used 7047K, capacity 7235K, committed 7296K, reserved 7552K
Event: 15.686 GC heap after
Heap after GC invocations=8 (full 0):
 PSYoungGen      total 34816K, used 2546K [0x3b8c0000, 0x3dec0000, 0x50e00000)
  eden space 32256K, 0% used [0x3b8c0000,0x3b8c0000,0x3d840000)
  from space 2560K, 99% used [0x3db40000,0x3ddbca08,0x3ddc0000)
  to   space 3072K, 0% used [0x3d840000,0x3d840000,0x3db40000)
 ParOldGen       total 22016K, used 3758K [0x10e00000, 0x12380000, 0x3b8c0000)
  object space 22016K, 17% used [0x10e00000,0x111ab9f0,0x12380000)
 Metaspace       used 7047K, capacity 7235K, committed 7296K, reserved 7552K
}
Event: 21.066 GC heap before
{Heap before GC invocations=9 (full 0):
 PSYoungGen      total 34816K, used 34802K [0x3b8c0000, 0x3dec0000, 0x50e00000)
  eden space 32256K, 100% used [0x3b8c0000,0x3d840000,0x3d840000)
  from space 2560K, 99% used [0x3db40000,0x3ddbca08,0x3ddc0000)
  to   space 3072K, 0% used [0x3d840000,0x3d840000,0x3db40000)
 ParOldGen       total 22016K, used 3758K [0x10e00000, 0x12380000, 0x3b8c0000)
  object space 22016K, 17% used [0x10e00000,0x111ab9f0,0x12380000)
 Metaspace       used 9415K, capacity 9699K, committed 9728K, reserved 10624K
Event: 21.087 GC heap after
Heap after GC invocations=9 (full 0):
 PSYoungGen      total 35328K, used 3063K [0x3b8c0000, 0x3dec0000, 0x50e00000)
  eden space 32256K, 0% used [0x3b8c0000,0x3b8c0000,0x3d840000)
  from space 3072K, 99% used [0x3d840000,0x3db3dca8,0x3db40000)
  to   space 2560K, 0% used [0x3db40000,0x3db40000,0x3ddc0000)
 ParOldGen       total 22016K, used 5859K [0x10e00000, 0x12380000, 0x3b8c0000)
  object space 22016K, 26% used [0x10e00000,0x113b8f30,0x12380000)
 Metaspace       used 9415K, capacity 9699K, committed 9728K, reserved 10624K
}

