# JRE version: OpenJDK Runtime Environment (8.0_212-b04) (build 1.8.0_212-release-1586-b04)
# Java VM: OpenJDK Server VM (25.212-b04 mixed mode windows-x86 )
Heap:
 PSYoungGen      total 54016K, used 15264K [0x3bcc0000, 0x3fac0000, 0x51200000)
  eden space 48640K, 31% used [0x3bcc0000,0x3cba8288,0x3ec40000)
  from space 5376K, 0% used [0x3ee40000,0x3ee40000,0x3f380000)
  to   space 7424K, 0% used [0x3f380000,0x3f380000,0x3fac0000)
 ParOldGen       total 25088K, used 11503K [0x11200000, 0x12a80000, 0x3bcc0000)
  object space 25088K, 45% used [0x11200000,0x11d3bd58,0x12a80000)
 Metaspace       used 17438K, capacity 17730K, committed 17792K, reserved 17792K
GC Heap History (10 events):
Event: 19.298 GC heap before
{Heap before GC invocations=8 (full 0):
 PSYoungGen      total 18944K, used 18036K [0x3bcc0000, 0x3e1c0000, 0x51200000)
  eden space 16384K, 100% used [0x3bcc0000,0x3ccc0000,0x3ccc0000)
  from space 2560K, 64% used [0x3ccc0000,0x3ce5d368,0x3cf40000)
  to   space 2560K, 0% used [0x3df40000,0x3df40000,0x3e1c0000)
 ParOldGen       total 22016K, used 3198K [0x11200000, 0x12780000, 0x3bcc0000)
  object space 22016K, 14% used [0x11200000,0x1151f8b0,0x12780000)
 Metaspace       used 7111K, capacity 7299K, committed 7424K, reserved 7552K
Event: 19.319 GC heap after
Heap after GC invocations=8 (full 0):
 PSYoungGen      total 34816K, used 2544K [0x3bcc0000, 0x3e2c0000, 0x51200000)
  eden space 32256K, 0% used [0x3bcc0000,0x3bcc0000,0x3dc40000)
  from space 2560K, 99% used [0x3df40000,0x3e1bc040,0x3e1c0000)
  to   space 3072K, 0% used [0x3dc40000,0x3dc40000,0x3df40000)
 ParOldGen       total 22016K, used 3850K [0x11200000, 0x12780000, 0x3bcc0000)
  object space 22016K, 17% used [0x11200000,0x115c2868,0x12780000)
 Metaspace       used 7111K, capacity 7299K, committed 7424K, reserved 7552K
}
Event: 26.528 GC heap before
{Heap before GC invocations=9 (full 0):
 PSYoungGen      total 34816K, used 34800K [0x3bcc0000, 0x3e2c0000, 0x51200000)
  eden space 32256K, 100% used [0x3bcc0000,0x3dc40000,0x3dc40000)
  from space 2560K, 99% used [0x3df40000,0x3e1bc040,0x3e1c0000)
  to   space 3072K, 0% used [0x3dc40000,0x3dc40000,0x3df40000)
 ParOldGen       total 22016K, used 3850K [0x11200000, 0x12780000, 0x3bcc0000)
  object space 22016K, 17% used [0x11200000,0x115c2868,0x12780000)
 Metaspace       used 9449K, capacity 9738K, committed 9856K, reserved 10624K
Event: 26.558 GC heap after
Heap after GC invocations=9 (full 0):
 PSYoungGen      total 35328K, used 3069K [0x3bcc0000, 0x3f7c0000, 0x51200000)
  eden space 32256K, 0% used [0x3bcc0000,0x3bcc0000,0x3dc40000)
  from space 3072K, 99% used [0x3dc40000,0x3df3f6c8,0x3df40000)
  to   space 4352K, 0% used [0x3f380000,0x3f380000,0x3f7c0000)
 ParOldGen       total 22016K, used 6051K [0x11200000, 0x12780000, 0x3bcc0000)
  object space 22016K, 27% used [0x11200000,0x117e8fa0,0x12780000)
 Metaspace       used 9449K, capacity 9738K, committed 9856K, reserved 10624K
}
Event: 31.827 GC heap before
{Heap before GC invocations=10 (full 0):
 PSYoungGen      total 35328K, used 35325K [0x3bcc0000, 0x3f7c0000, 0x51200000)
  eden space 32256K, 100% used [0x3bcc0000,0x3dc40000,0x3dc40000)
  from space 3072K, 99% used [0x3dc40000,0x3df3f6c8,0x3df40000)
  to   space 4352K, 0% used [0x3f380000,0x3f380000,0x3f7c0000)
 ParOldGen       total 22016K, used 6051K [0x11200000, 0x12780000, 0x3bcc0000)
  object space 22016K, 27% used [0x11200000,0x117e8fa0,0x12780000)
 Metaspace       used 11225K, capacity 11500K, committed 11520K, reserved 11648K
Event: 31.855 GC heap after
Heap after GC invocations=10 (full 0):
 PSYoungGen      total 55040K, used 4344K [0x3bcc0000, 0x3f9c0000, 0x51200000)
  eden space 50688K, 0% used [0x3bcc0000,0x3bcc0000,0x3ee40000)
  from space 4352K, 99% used [0x3f380000,0x3f7be2c8,0x3f7c0000)
  to   space 5376K, 0% used [0x3ee40000,0x3ee40000,0x3f380000)
 ParOldGen       total 22016K, used 7516K [0x11200000, 0x12780000, 0x3bcc0000)
  object space 22016K, 34% used [0x11200000,0x119573c0,0x12780000)
 Metaspace       used 11225K, capacity 11500K, committed 11520K, reserved 11648K
}
Event: 44.162 GC heap before
{Heap before GC invocations=11 (full 0):
 PSYoungGen      total 55040K, used 52013K [0x3bcc0000, 0x3f9c0000, 0x51200000)
  eden space 50688K, 94% used [0x3bcc0000,0x3eb4d148,0x3ee40000)
  from space 4352K, 99% used [0x3f380000,0x3f7be2c8,0x3f7c0000)
  to   space 5376K, 0% used [0x3ee40000,0x3ee40000,0x3f380000)
 ParOldGen       total 22016K, used 7516K [0x11200000, 0x12780000, 0x3bcc0000)
  object space 22016K, 34% used [0x11200000,0x119573c0,0x12780000)
 Metaspace       used 16072K, capacity 16347K, committed 16384K, reserved 16768K
Event: 44.207 GC heap after
Heap after GC invocations=11 (full 0):
 PSYoungGen      total 54016K, used 5374K [0x3bcc0000, 0x3fac0000, 0x51200000)
  eden space 48640K, 0% used [0x3bcc0000,0x3bcc0000,0x3ec40000)
  from space 5376K, 99% used [0x3ee40000,0x3f37fac0,0x3f380000)
  to   space 7424K, 0% used [0x3f380000,0x3f380000,0x3fac0000)
 ParOldGen       total 22016K, used 10996K [0x11200000, 0x12780000, 0x3bcc0000)
  object space 22016K, 49% used [0x11200000,0x11cbd330,0x12780000)
 Metaspace       used 16072K, capacity 16347K, committed 16384K, reserved 16768K
}
Event: 44.207 GC heap before
{Heap before GC invocations=12 (full 1):
 PSYoungGen      total 54016K, used 5374K [0x3bcc0000, 0x3fac0000, 0x51200000)
  eden space 48640K, 0% used [0x3bcc0000,0x3bcc0000,0x3ec40000)
  from space 5376K, 99% used [0x3ee40000,0x3f37fac0,0x3f380000)
  to   space 7424K, 0% used [0x3f380000,0x3f380000,0x3fac0000)
 ParOldGen       total 22016K, used 10996K [0x11200000, 0x12780000, 0x3bcc0000)
  object space 22016K, 49% used [0x11200000,0x11cbd330,0x12780000)
 Metaspace       used 16072K, capacity 16347K, committed 16384K, reserved 16768K
Event: 44.367 GC heap after
Heap after GC invocations=12 (full 1):
 PSYoungGen      total 54016K, used 0K [0x3bcc0000, 0x3fac0000, 0x51200000)
  eden space 48640K, 0% used [0x3bcc0000,0x3bcc0000,0x3ec40000)
  from space 5376K, 0% used [0x3ee40000,0x3ee40000,0x3f380000)
  to   space 7424K, 0% used [0x3f380000,0x3f380000,0x3fac0000)
 ParOldGen       total 25088K, used 11503K [0x11200000, 0x12a80000, 0x3bcc0000)
  object space 25088K, 45% used [0x11200000,0x11d3bd58,0x12a80000)
 Metaspace       used 16072K, capacity 16347K, committed 16384K, reserved 16768K
}

