# JRE version: OpenJDK Runtime Environment (8.0_212-b04) (build 1.8.0_212-release-1586-b04)
# Java VM: OpenJDK Server VM (25.212-b04 mixed mode windows-x86 )
Heap:
 PSYoungGen      total 210944K, used 69754K [0x3b8c0000, 0x50e00000, 0x50e00000)
  eden space 192000K, 36% used [0x3b8c0000,0x3fcdeb48,0x47440000)
  from space 18944K, 0% used [0x4aa00000,0x4aa00000,0x4bc80000)
  to   space 55040K, 0% used [0x47440000,0x47440000,0x4aa00000)
 ParOldGen       total 118784K, used 112636K [0x10e00000, 0x18200000, 0x3b8c0000)
  object space 118784K, 94% used [0x10e00000,0x17bff018,0x18200000)
 Metaspace       used 54457K, capacity 55979K, committed 56064K, reserved 56704K
GC Heap History (10 events):
Event: 340.918 GC heap before
{Heap before GC invocations=21 (full 3):
 PSYoungGen      total 195072K, used 185157K [0x3b8c0000, 0x4bd40000, 0x50e00000)
  eden space 181760K, 100% used [0x3b8c0000,0x46a40000,0x46a40000)
  from space 13312K, 25% used [0x46a40000,0x46d91508,0x47740000)
  to   space 19712K, 0% used [0x4aa00000,0x4aa00000,0x4bd40000)
 ParOldGen       total 56832K, used 34817K [0x10e00000, 0x14580000, 0x3b8c0000)
  object space 56832K, 61% used [0x10e00000,0x13000558,0x14580000)
 Metaspace       used 43788K, capacity 44965K, committed 45056K, reserved 45440K
Event: 341.246 GC heap after
Heap after GC invocations=21 (full 3):
 PSYoungGen      total 243456K, used 13436K [0x3b8c0000, 0x4bc80000, 0x50e00000)
  eden space 224512K, 0% used [0x3b8c0000,0x3b8c0000,0x49400000)
  from space 18944K, 70% used [0x4aa00000,0x4b71f290,0x4bc80000)
  to   space 20736K, 0% used [0x49400000,0x49400000,0x4a840000)
 ParOldGen       total 56832K, used 36356K [0x10e00000, 0x14580000, 0x3b8c0000)
  object space 56832K, 63% used [0x10e00000,0x13181390,0x14580000)
 Metaspace       used 43788K, capacity 44965K, committed 45056K, reserved 45440K
}
Event: 412.079 GC heap before
{Heap before GC invocations=22 (full 3):
 PSYoungGen      total 243456K, used 237897K [0x3b8c0000, 0x4bc80000, 0x50e00000)
  eden space 224512K, 99% used [0x3b8c0000,0x493f3188,0x49400000)
  from space 18944K, 70% used [0x4aa00000,0x4b71f290,0x4bc80000)
  to   space 20736K, 0% used [0x49400000,0x49400000,0x4a840000)
 ParOldGen       total 56832K, used 36356K [0x10e00000, 0x14580000, 0x3b8c0000)
  object space 56832K, 63% used [0x10e00000,0x13181390,0x14580000)
 Metaspace       used 50155K, capacity 51475K, committed 51584K, reserved 51584K
Event: 415.634 GC heap after
Heap after GC invocations=22 (full 3):
 PSYoungGen      total 245248K, used 20733K [0x3b8c0000, 0x4bc80000, 0x50e00000)
  eden space 224512K, 0% used [0x3b8c0000,0x3b8c0000,0x49400000)
  from space 20736K, 99% used [0x49400000,0x4a83f580,0x4a840000)
  to   space 18944K, 0% used [0x4aa00000,0x4aa00000,0x4bc80000)
 ParOldGen       total 66048K, used 65913K [0x10e00000, 0x14e80000, 0x3b8c0000)
  object space 66048K, 99% used [0x10e00000,0x14e5e760,0x14e80000)
 Metaspace       used 50155K, capacity 51475K, committed 51584K, reserved 51584K
}
Event: 416.690 GC heap before
{Heap before GC invocations=23 (full 4):
 PSYoungGen      total 245248K, used 20733K [0x3b8c0000, 0x4bc80000, 0x50e00000)
  eden space 224512K, 0% used [0x3b8c0000,0x3b8c0000,0x49400000)
  from space 20736K, 99% used [0x49400000,0x4a83f580,0x4a840000)
  to   space 18944K, 0% used [0x4aa00000,0x4aa00000,0x4bc80000)
 ParOldGen       total 66048K, used 65913K [0x10e00000, 0x14e80000, 0x3b8c0000)
  object space 66048K, 99% used [0x10e00000,0x14e5e760,0x14e80000)
 Metaspace       used 50155K, capacity 51475K, committed 51584K, reserved 51584K
Event: 436.321 GC heap after
Heap after GC invocations=23 (full 4):
 PSYoungGen      total 245248K, used 16430K [0x3b8c0000, 0x4bc80000, 0x50e00000)
  eden space 224512K, 0% used [0x3b8c0000,0x3b8c0000,0x49400000)
  from space 20736K, 79% used [0x49400000,0x4a40b880,0x4a840000)
  to   space 18944K, 0% used [0x4aa00000,0x4aa00000,0x4bc80000)
 ParOldGen       total 101376K, used 66021K [0x10e00000, 0x17100000, 0x3b8c0000)
  object space 101376K, 65% used [0x10e00000,0x14e79758,0x17100000)
 Metaspace       used 50140K, capacity 51438K, committed 51584K, reserved 51584K
}
Event: 485.981 GC heap before
{Heap before GC invocations=24 (full 4):
 PSYoungGen      total 245248K, used 240942K [0x3b8c0000, 0x4bc80000, 0x50e00000)
  eden space 224512K, 100% used [0x3b8c0000,0x49400000,0x49400000)
  from space 20736K, 79% used [0x49400000,0x4a40b880,0x4a840000)
  to   space 18944K, 0% used [0x4aa00000,0x4aa00000,0x4bc80000)
 ParOldGen       total 101376K, used 66021K [0x10e00000, 0x17100000, 0x3b8c0000)
  object space 101376K, 65% used [0x10e00000,0x14e79758,0x17100000)
 Metaspace       used 53906K, capacity 55389K, committed 55424K, reserved 55680K
Event: 510.559 GC heap after
Heap after GC invocations=24 (full 4):
 PSYoungGen      total 210944K, used 18930K [0x3b8c0000, 0x50e00000, 0x50e00000)
  eden space 192000K, 0% used [0x3b8c0000,0x3b8c0000,0x47440000)
  from space 18944K, 99% used [0x4aa00000,0x4bc7ca40,0x4bc80000)
  to   space 55040K, 0% used [0x47440000,0x47440000,0x4aa00000)
 ParOldGen       total 118784K, used 118606K [0x10e00000, 0x18200000, 0x3b8c0000)
  object space 118784K, 99% used [0x10e00000,0x181d3a18,0x18200000)
 Metaspace       used 53906K, capacity 55389K, committed 55424K, reserved 55680K
}
Event: 510.559 GC heap before
{Heap before GC invocations=25 (full 5):
 PSYoungGen      total 210944K, used 18930K [0x3b8c0000, 0x50e00000, 0x50e00000)
  eden space 192000K, 0% used [0x3b8c0000,0x3b8c0000,0x47440000)
  from space 18944K, 99% used [0x4aa00000,0x4bc7ca40,0x4bc80000)
  to   space 55040K, 0% used [0x47440000,0x47440000,0x4aa00000)
 ParOldGen       total 118784K, used 118606K [0x10e00000, 0x18200000, 0x3b8c0000)
  object space 118784K, 99% used [0x10e00000,0x181d3a18,0x18200000)
 Metaspace       used 53906K, capacity 55389K, committed 55424K, reserved 55680K
Event: 522.254 GC heap after
Heap after GC invocations=25 (full 5):
 PSYoungGen      total 210944K, used 0K [0x3b8c0000, 0x50e00000, 0x50e00000)
  eden space 192000K, 0% used [0x3b8c0000,0x3b8c0000,0x47440000)
  from space 18944K, 0% used [0x4aa00000,0x4aa00000,0x4bc80000)
  to   space 55040K, 0% used [0x47440000,0x47440000,0x4aa00000)
 ParOldGen       total 118784K, used 112636K [0x10e00000, 0x18200000, 0x3b8c0000)
  object space 118784K, 94% used [0x10e00000,0x17bff018,0x18200000)
 Metaspace       used 53900K, capacity 55372K, committed 55424K, reserved 55680K
}

