# JRE version: OpenJDK Runtime Environment (8.0_212-b04) (build 1.8.0_212-release-1586-b04)
# Java VM: OpenJDK Server VM (25.212-b04 mixed mode windows-x86 )
Heap:
 PSYoungGen      total 70656K, used 40895K [0x3b8c0000, 0x40680000, 0x50e00000)
  eden space 61696K, 59% used [0x3b8c0000,0x3dc97d60,0x3f500000)
  from space 8960K, 46% used [0x3fdc0000,0x401d8298,0x40680000)
  to   space 5632K, 0% used [0x3f7c0000,0x3f7c0000,0x3fd40000)
 ParOldGen       total 20224K, used 9929K [0x10e00000, 0x121c0000, 0x3b8c0000)
  object space 20224K, 49% used [0x10e00000,0x117b2518,0x121c0000)
 Metaspace       used 23212K, capacity 23660K, committed 23680K, reserved 23936K
GC Heap History (10 events):
Event: 23.245 GC heap before
{Heap before GC invocations=9 (full 0):
 PSYoungGen      total 69120K, used 69115K [0x3b8c0000, 0x403c0000, 0x50e00000)
  eden space 64512K, 100% used [0x3b8c0000,0x3f7c0000,0x3f7c0000)
  from space 4608K, 99% used [0x3fd40000,0x401bef38,0x401c0000)
  to   space 5632K, 0% used [0x3f7c0000,0x3f7c0000,0x3fd40000)
 ParOldGen       total 22016K, used 6286K [0x10e00000, 0x12380000, 0x3b8c0000)
  object space 22016K, 28% used [0x10e00000,0x11423a30,0x12380000)
 Metaspace       used 16083K, capacity 16347K, committed 16384K, reserved 16768K
Event: 23.288 GC heap after
Heap after GC invocations=9 (full 0):
 PSYoungGen      total 67328K, used 5616K [0x3b8c0000, 0x40680000, 0x50e00000)
  eden space 61696K, 0% used [0x3b8c0000,0x3b8c0000,0x3f500000)
  from space 5632K, 99% used [0x3f7c0000,0x3fd3c220,0x3fd40000)
  to   space 8960K, 0% used [0x3fdc0000,0x3fdc0000,0x40680000)
 ParOldGen       total 22016K, used 12348K [0x10e00000, 0x12380000, 0x3b8c0000)
  object space 22016K, 56% used [0x10e00000,0x11a0f300,0x12380000)
 Metaspace       used 16083K, capacity 16347K, committed 16384K, reserved 16768K
}
Event: 23.293 GC heap before
{Heap before GC invocations=10 (full 0):
 PSYoungGen      total 67328K, used 6820K [0x3b8c0000, 0x40680000, 0x50e00000)
  eden space 61696K, 1% used [0x3b8c0000,0x3b9ed198,0x3f500000)
  from space 5632K, 99% used [0x3f7c0000,0x3fd3c220,0x3fd40000)
  to   space 8960K, 0% used [0x3fdc0000,0x3fdc0000,0x40680000)
 ParOldGen       total 22016K, used 12348K [0x10e00000, 0x12380000, 0x3b8c0000)
  object space 22016K, 56% used [0x10e00000,0x11a0f300,0x12380000)
 Metaspace       used 16086K, capacity 16347K, committed 16384K, reserved 16768K
Event: 23.313 GC heap after
Heap after GC invocations=10 (full 0):
 PSYoungGen      total 70656K, used 3326K [0x3b8c0000, 0x40680000, 0x50e00000)
  eden space 61696K, 0% used [0x3b8c0000,0x3b8c0000,0x3f500000)
  from space 8960K, 37% used [0x3fdc0000,0x400ffa58,0x40680000)
  to   space 5632K, 0% used [0x3f7c0000,0x3f7c0000,0x3fd40000)
 ParOldGen       total 22016K, used 14385K [0x10e00000, 0x12380000, 0x3b8c0000)
  object space 22016K, 65% used [0x10e00000,0x11c0c5d8,0x12380000)
 Metaspace       used 16086K, capacity 16347K, committed 16384K, reserved 16768K
}
Event: 23.314 GC heap before
{Heap before GC invocations=11 (full 1):
 PSYoungGen      total 70656K, used 3326K [0x3b8c0000, 0x40680000, 0x50e00000)
  eden space 61696K, 0% used [0x3b8c0000,0x3b8c0000,0x3f500000)
  from space 8960K, 37% used [0x3fdc0000,0x400ffa58,0x40680000)
  to   space 5632K, 0% used [0x3f7c0000,0x3f7c0000,0x3fd40000)
 ParOldGen       total 22016K, used 14385K [0x10e00000, 0x12380000, 0x3b8c0000)
  object space 22016K, 65% used [0x10e00000,0x11c0c5d8,0x12380000)
 Metaspace       used 16086K, capacity 16347K, committed 16384K, reserved 16768K
Event: 23.444 GC heap after
Heap after GC invocations=11 (full 1):
 PSYoungGen      total 70656K, used 0K [0x3b8c0000, 0x40680000, 0x50e00000)
  eden space 61696K, 0% used [0x3b8c0000,0x3b8c0000,0x3f500000)
  from space 8960K, 0% used [0x3fdc0000,0x3fdc0000,0x40680000)
  to   space 5632K, 0% used [0x3f7c0000,0x3f7c0000,0x3fd40000)
 ParOldGen       total 20224K, used 7546K [0x10e00000, 0x121c0000, 0x3b8c0000)
  object space 20224K, 37% used [0x10e00000,0x1155e9e8,0x121c0000)
 Metaspace       used 16086K, capacity 16347K, committed 16384K, reserved 16768K
}
Event: 27.366 GC heap before
{Heap before GC invocations=12 (full 1):
 PSYoungGen      total 70656K, used 61696K [0x3b8c0000, 0x40680000, 0x50e00000)
  eden space 61696K, 100% used [0x3b8c0000,0x3f500000,0x3f500000)
  from space 8960K, 0% used [0x3fdc0000,0x3fdc0000,0x40680000)
  to   space 5632K, 0% used [0x3f7c0000,0x3f7c0000,0x3fd40000)
 ParOldGen       total 20224K, used 7546K [0x10e00000, 0x121c0000, 0x3b8c0000)
  object space 20224K, 37% used [0x10e00000,0x1155e9e8,0x121c0000)
 Metaspace       used 20089K, capacity 20413K, committed 20480K, reserved 20864K
Event: 27.393 GC heap after
Heap after GC invocations=12 (full 1):
 PSYoungGen      total 67328K, used 5627K [0x3b8c0000, 0x40680000, 0x50e00000)
  eden space 61696K, 0% used [0x3b8c0000,0x3b8c0000,0x3f500000)
  from space 5632K, 99% used [0x3f7c0000,0x3fd3ec38,0x3fd40000)
  to   space 8960K, 0% used [0x3fdc0000,0x3fdc0000,0x40680000)
 ParOldGen       total 20224K, used 7809K [0x10e00000, 0x121c0000, 0x3b8c0000)
  object space 20224K, 38% used [0x10e00000,0x115a0550,0x121c0000)
 Metaspace       used 20089K, capacity 20413K, committed 20480K, reserved 20864K
}
Event: 31.418 GC heap before
{Heap before GC invocations=13 (full 1):
 PSYoungGen      total 67328K, used 67323K [0x3b8c0000, 0x40680000, 0x50e00000)
  eden space 61696K, 100% used [0x3b8c0000,0x3f500000,0x3f500000)
  from space 5632K, 99% used [0x3f7c0000,0x3fd3ec38,0x3fd40000)
  to   space 8960K, 0% used [0x3fdc0000,0x3fdc0000,0x40680000)
 ParOldGen       total 20224K, used 7809K [0x10e00000, 0x121c0000, 0x3b8c0000)
  object space 20224K, 38% used [0x10e00000,0x115a0550,0x121c0000)
 Metaspace       used 21863K, capacity 22205K, committed 22272K, reserved 22912K
Event: 31.442 GC heap after
Heap after GC invocations=13 (full 1):
 PSYoungGen      total 70656K, used 4192K [0x3b8c0000, 0x40680000, 0x50e00000)
  eden space 61696K, 0% used [0x3b8c0000,0x3b8c0000,0x3f500000)
  from space 8960K, 46% used [0x3fdc0000,0x401d8298,0x40680000)
  to   space 5632K, 0% used [0x3f7c0000,0x3f7c0000,0x3fd40000)
 ParOldGen       total 20224K, used 9929K [0x10e00000, 0x121c0000, 0x3b8c0000)
  object space 20224K, 49% used [0x10e00000,0x117b2518,0x121c0000)
 Metaspace       used 21863K, capacity 22205K, committed 22272K, reserved 22912K
}

