# JRE version: OpenJDK Runtime Environment (8.0_212-b04) (build 1.8.0_212-release-1586-b04)
# Java VM: OpenJDK Server VM (25.212-b04 mixed mode windows-x86 )
Heap:
 PSYoungGen      total 110848K, used 102912K [0x3b6c0000, 0x42bc0000, 0x50c00000)
  eden space 102912K, 100% used [0x3b6c0000,0x41b40000,0x41b40000)
  from space 7936K, 0% used [0x42400000,0x42400000,0x42bc0000)
  to   space 8448K, 16% used [0x41b40000,0x41ca3bc0,0x42380000)
 ParOldGen       total 21504K, used 7852K [0x10c00000, 0x12100000, 0x3b6c0000)
  object space 21504K, 36% used [0x10c00000,0x113ab128,0x12100000)
 Metaspace       used 21368K, capacity 21716K, committed 21760K, reserved 21888K
GC Heap History (10 events):
Event: 4.299 GC heap before
{Heap before GC invocations=7 (full 0):
 PSYoungGen      total 35584K, used 35105K [0x3b6c0000, 0x3dc40000, 0x50c00000)
  eden space 32768K, 100% used [0x3b6c0000,0x3d6c0000,0x3d6c0000)
  from space 2816K, 83% used [0x3d980000,0x3dbc8708,0x3dc40000)
  to   space 2816K, 0% used [0x3d6c0000,0x3d6c0000,0x3d980000)
 ParOldGen       total 22016K, used 2712K [0x10c00000, 0x12180000, 0x3b6c0000)
  object space 22016K, 12% used [0x10c00000,0x10ea6110,0x12180000)
 Metaspace       used 8382K, capacity 8667K, committed 8704K, reserved 9600K
Event: 4.317 GC heap after
Heap after GC invocations=7 (full 0):
 PSYoungGen      total 35584K, used 2810K [0x3b6c0000, 0x3ffc0000, 0x50c00000)
  eden space 32768K, 0% used [0x3b6c0000,0x3b6c0000,0x3d6c0000)
  from space 2816K, 99% used [0x3d6c0000,0x3d97eb38,0x3d980000)
  to   space 4608K, 0% used [0x3fb40000,0x3fb40000,0x3ffc0000)
 ParOldGen       total 22016K, used 5443K [0x10c00000, 0x12180000, 0x3b6c0000)
  object space 22016K, 24% used [0x10c00000,0x11150cb8,0x12180000)
 Metaspace       used 8382K, capacity 8667K, committed 8704K, reserved 9600K
}
Event: 5.040 GC heap before
{Heap before GC invocations=8 (full 0):
 PSYoungGen      total 35584K, used 35578K [0x3b6c0000, 0x3ffc0000, 0x50c00000)
  eden space 32768K, 100% used [0x3b6c0000,0x3d6c0000,0x3d6c0000)
  from space 2816K, 99% used [0x3d6c0000,0x3d97eb38,0x3d980000)
  to   space 4608K, 0% used [0x3fb40000,0x3fb40000,0x3ffc0000)
 ParOldGen       total 22016K, used 5443K [0x10c00000, 0x12180000, 0x3b6c0000)
  object space 22016K, 24% used [0x10c00000,0x11150cb8,0x12180000)
 Metaspace       used 9965K, capacity 10250K, committed 10368K, reserved 10624K
Event: 5.070 GC heap after
Heap after GC invocations=8 (full 0):
 PSYoungGen      total 68864K, used 4606K [0x3b6c0000, 0x40240000, 0x50c00000)
  eden space 64256K, 0% used [0x3b6c0000,0x3b6c0000,0x3f580000)
  from space 4608K, 99% used [0x3fb40000,0x3ffbf888,0x3ffc0000)
  to   space 5888K, 0% used [0x3f580000,0x3f580000,0x3fb40000)
 ParOldGen       total 22016K, used 6456K [0x10c00000, 0x12180000, 0x3b6c0000)
  object space 22016K, 29% used [0x10c00000,0x1124e2e8,0x12180000)
 Metaspace       used 9965K, capacity 10250K, committed 10368K, reserved 10624K
}
Event: 6.884 GC heap before
{Heap before GC invocations=9 (full 0):
 PSYoungGen      total 68864K, used 68862K [0x3b6c0000, 0x40240000, 0x50c00000)
  eden space 64256K, 100% used [0x3b6c0000,0x3f580000,0x3f580000)
  from space 4608K, 99% used [0x3fb40000,0x3ffbf888,0x3ffc0000)
  to   space 5888K, 0% used [0x3f580000,0x3f580000,0x3fb40000)
 ParOldGen       total 22016K, used 6456K [0x10c00000, 0x12180000, 0x3b6c0000)
  object space 22016K, 29% used [0x10c00000,0x1124e2e8,0x12180000)
 Metaspace       used 15967K, capacity 16272K, committed 16384K, reserved 16768K
Event: 6.918 GC heap after
Heap after GC invocations=9 (full 0):
 PSYoungGen      total 70144K, used 5879K [0x3b6c0000, 0x42cc0000, 0x50c00000)
  eden space 64256K, 0% used [0x3b6c0000,0x3b6c0000,0x3f580000)
  from space 5888K, 99% used [0x3f580000,0x3fb3dd98,0x3fb40000)
  to   space 8960K, 0% used [0x42400000,0x42400000,0x42cc0000)
 ParOldGen       total 22016K, used 12199K [0x10c00000, 0x12180000, 0x3b6c0000)
  object space 22016K, 55% used [0x10c00000,0x117e9d10,0x12180000)
 Metaspace       used 15967K, capacity 16272K, committed 16384K, reserved 16768K
}
Event: 6.963 GC heap before
{Heap before GC invocations=10 (full 0):
 PSYoungGen      total 70144K, used 8056K [0x3b6c0000, 0x42cc0000, 0x50c00000)
  eden space 64256K, 3% used [0x3b6c0000,0x3b8e04c8,0x3f580000)
  from space 5888K, 99% used [0x3f580000,0x3fb3dd98,0x3fb40000)
  to   space 8960K, 0% used [0x42400000,0x42400000,0x42cc0000)
 ParOldGen       total 22016K, used 12199K [0x10c00000, 0x12180000, 0x3b6c0000)
  object space 22016K, 55% used [0x10c00000,0x117e9d10,0x12180000)
 Metaspace       used 16094K, capacity 16368K, committed 16384K, reserved 16768K
Event: 6.982 GC heap after
Heap after GC invocations=10 (full 0):
 PSYoungGen      total 110848K, used 3593K [0x3b6c0000, 0x42bc0000, 0x50c00000)
  eden space 102912K, 0% used [0x3b6c0000,0x3b6c0000,0x41b40000)
  from space 7936K, 45% used [0x42400000,0x427827c8,0x42bc0000)
  to   space 8448K, 0% used [0x41b40000,0x41b40000,0x42380000)
 ParOldGen       total 22016K, used 14287K [0x10c00000, 0x12180000, 0x3b6c0000)
  object space 22016K, 64% used [0x10c00000,0x119f3e98,0x12180000)
 Metaspace       used 16094K, capacity 16368K, committed 16384K, reserved 16768K
}
Event: 6.982 GC heap before
{Heap before GC invocations=11 (full 1):
 PSYoungGen      total 110848K, used 3593K [0x3b6c0000, 0x42bc0000, 0x50c00000)
  eden space 102912K, 0% used [0x3b6c0000,0x3b6c0000,0x41b40000)
  from space 7936K, 45% used [0x42400000,0x427827c8,0x42bc0000)
  to   space 8448K, 0% used [0x41b40000,0x41b40000,0x42380000)
 ParOldGen       total 22016K, used 14287K [0x10c00000, 0x12180000, 0x3b6c0000)
  object space 22016K, 64% used [0x10c00000,0x119f3e98,0x12180000)
 Metaspace       used 16094K, capacity 16368K, committed 16384K, reserved 16768K
Event: 7.087 GC heap after
Heap after GC invocations=11 (full 1):
 PSYoungGen      total 110848K, used 0K [0x3b6c0000, 0x42bc0000, 0x50c00000)
  eden space 102912K, 0% used [0x3b6c0000,0x3b6c0000,0x41b40000)
  from space 7936K, 0% used [0x42400000,0x42400000,0x42bc0000)
  to   space 8448K, 0% used [0x41b40000,0x41b40000,0x42380000)
 ParOldGen       total 21504K, used 7852K [0x10c00000, 0x12100000, 0x3b6c0000)
  object space 21504K, 36% used [0x10c00000,0x113ab128,0x12100000)
 Metaspace       used 16094K, capacity 16368K, committed 16384K, reserved 16768K
}

