# JRE version: OpenJDK Runtime Environment (8.0_212-b04) (build 1.8.0_212-release-1586-b04)
# Java VM: OpenJDK Server VM (25.212-b04 mixed mode windows-x86 )
Heap:
 PSYoungGen      total 287744K, used 228976K [0x3bac0000, 0x51000000, 0x51000000)
  eden space 226048K, 93% used [0x3bac0000,0x48a2a218,0x49780000)
  from space 61696K, 26% used [0x49780000,0x4a7b1e08,0x4d3c0000)
  to   space 58112K, 0% used [0x4d740000,0x4d740000,0x51000000)
 ParOldGen       total 148992K, used 107415K [0x11000000, 0x1a180000, 0x3bac0000)
  object space 148992K, 72% used [0x11000000,0x178e5f70,0x1a180000)
 Metaspace       used 59252K, capacity 60907K, committed 60928K, reserved 61824K
GC Heap History (10 events):
Event: 276.566 GC heap before
{Heap before GC invocations=24 (full 4):
 PSYoungGen      total 272896K, used 265529K [0x3bac0000, 0x51000000, 0x51000000)
  eden space 248064K, 99% used [0x3bac0000,0x4aba5e20,0x4ad00000)
  from space 24832K, 75% used [0x4ad00000,0x4bf689b8,0x4c540000)
  to   space 45568K, 0% used [0x4e380000,0x4e380000,0x51000000)
 ParOldGen       total 120064K, used 83005K [0x11000000, 0x18540000, 0x3bac0000)
  object space 120064K, 69% used [0x11000000,0x1610f7c0,0x18540000)
 Metaspace       used 54340K, capacity 55843K, committed 55936K, reserved 56704K
Event: 276.774 GC heap after
Heap after GC invocations=24 (full 4):
 PSYoungGen      total 305408K, used 4764K [0x3bac0000, 0x51000000, 0x51000000)
  eden space 259840K, 0% used [0x3bac0000,0x3bac0000,0x4b880000)
  from space 45568K, 10% used [0x4e380000,0x4e827218,0x51000000)
  to   space 44032K, 0% used [0x4b880000,0x4b880000,0x4e380000)
 ParOldGen       total 120064K, used 89575K [0x11000000, 0x18540000, 0x3bac0000)
  object space 120064K, 74% used [0x11000000,0x16779e00,0x18540000)
 Metaspace       used 54340K, capacity 55843K, committed 55936K, reserved 56704K
}
Event: 463.174 GC heap before
{Heap before GC invocations=25 (full 4):
 PSYoungGen      total 305408K, used 263722K [0x3bac0000, 0x51000000, 0x51000000)
  eden space 259840K, 99% used [0x3bac0000,0x4b7a36b8,0x4b880000)
  from space 45568K, 10% used [0x4e380000,0x4e827218,0x51000000)
  to   space 44032K, 0% used [0x4b880000,0x4b880000,0x4e380000)
 ParOldGen       total 120064K, used 89575K [0x11000000, 0x18540000, 0x3bac0000)
  object space 120064K, 74% used [0x11000000,0x16779e00,0x18540000)
 Metaspace       used 58465K, capacity 60095K, committed 60160K, reserved 60800K
Event: 463.989 GC heap after
Heap after GC invocations=25 (full 4):
 PSYoungGen      total 303872K, used 25204K [0x3bac0000, 0x51000000, 0x51000000)
  eden space 259840K, 0% used [0x3bac0000,0x3bac0000,0x4b880000)
  from space 44032K, 57% used [0x4b880000,0x4d11d120,0x4e380000)
  to   space 45312K, 0% used [0x4e3c0000,0x4e3c0000,0x51000000)
 ParOldGen       total 120064K, used 92830K [0x11000000, 0x18540000, 0x3bac0000)
  object space 120064K, 77% used [0x11000000,0x16aa79b0,0x18540000)
 Metaspace       used 58465K, capacity 60095K, committed 60160K, reserved 60800K
}
Event: 479.579 GC heap before
{Heap before GC invocations=26 (full 4):
 PSYoungGen      total 303872K, used 285044K [0x3bac0000, 0x51000000, 0x51000000)
  eden space 259840K, 100% used [0x3bac0000,0x4b880000,0x4b880000)
  from space 44032K, 57% used [0x4b880000,0x4d11d120,0x4e380000)
  to   space 45312K, 0% used [0x4e3c0000,0x4e3c0000,0x51000000)
 ParOldGen       total 120064K, used 92830K [0x11000000, 0x18540000, 0x3bac0000)
  object space 120064K, 77% used [0x11000000,0x16aa79b0,0x18540000)
 Metaspace       used 58522K, capacity 60132K, committed 60288K, reserved 60800K
Event: 479.972 GC heap after
Heap after GC invocations=26 (full 4):
 PSYoungGen      total 271360K, used 45309K [0x3bac0000, 0x51000000, 0x51000000)
  eden space 226048K, 0% used [0x3bac0000,0x3bac0000,0x49780000)
  from space 45312K, 99% used [0x4e3c0000,0x50fff450,0x51000000)
  to   space 61696K, 0% used [0x49780000,0x49780000,0x4d3c0000)
 ParOldGen       total 120064K, used 114584K [0x11000000, 0x18540000, 0x3bac0000)
  object space 120064K, 95% used [0x11000000,0x17fe6018,0x18540000)
 Metaspace       used 58522K, capacity 60132K, committed 60288K, reserved 60800K
}
Event: 479.995 GC heap before
{Heap before GC invocations=27 (full 5):
 PSYoungGen      total 271360K, used 45309K [0x3bac0000, 0x51000000, 0x51000000)
  eden space 226048K, 0% used [0x3bac0000,0x3bac0000,0x49780000)
  from space 45312K, 99% used [0x4e3c0000,0x50fff450,0x51000000)
  to   space 61696K, 0% used [0x49780000,0x49780000,0x4d3c0000)
 ParOldGen       total 120064K, used 114584K [0x11000000, 0x18540000, 0x3bac0000)
  object space 120064K, 95% used [0x11000000,0x17fe6018,0x18540000)
 Metaspace       used 58522K, capacity 60132K, committed 60288K, reserved 60800K
Event: 482.631 GC heap after
Heap after GC invocations=27 (full 5):
 PSYoungGen      total 271360K, used 0K [0x3bac0000, 0x51000000, 0x51000000)
  eden space 226048K, 0% used [0x3bac0000,0x3bac0000,0x49780000)
  from space 45312K, 0% used [0x4e3c0000,0x4e3c0000,0x51000000)
  to   space 61696K, 0% used [0x49780000,0x49780000,0x4d3c0000)
 ParOldGen       total 148992K, used 107411K [0x11000000, 0x1a180000, 0x3bac0000)
  object space 148992K, 72% used [0x11000000,0x178e4f70,0x1a180000)
 Metaspace       used 58522K, capacity 60132K, committed 60288K, reserved 60800K
}
Event: 591.611 GC heap before
{Heap before GC invocations=28 (full 5):
 PSYoungGen      total 271360K, used 226048K [0x3bac0000, 0x51000000, 0x51000000)
  eden space 226048K, 100% used [0x3bac0000,0x49780000,0x49780000)
  from space 45312K, 0% used [0x4e3c0000,0x4e3c0000,0x51000000)
  to   space 61696K, 0% used [0x49780000,0x49780000,0x4d3c0000)
 ParOldGen       total 148992K, used 107411K [0x11000000, 0x1a180000, 0x3bac0000)
  object space 148992K, 72% used [0x11000000,0x178e4f70,0x1a180000)
 Metaspace       used 58987K, capacity 60616K, committed 60672K, reserved 60800K
Event: 606.531 GC heap after
Heap after GC invocations=28 (full 5):
 PSYoungGen      total 287744K, used 16583K [0x3bac0000, 0x51000000, 0x51000000)
  eden space 226048K, 0% used [0x3bac0000,0x3bac0000,0x49780000)
  from space 61696K, 26% used [0x49780000,0x4a7b1e08,0x4d3c0000)
  to   space 58112K, 0% used [0x4d740000,0x4d740000,0x51000000)
 ParOldGen       total 148992K, used 107415K [0x11000000, 0x1a180000, 0x3bac0000)
  object space 148992K, 72% used [0x11000000,0x178e5f70,0x1a180000)
 Metaspace       used 58987K, capacity 60616K, committed 60672K, reserved 60800K
}

