# JRE version: OpenJDK Runtime Environment (8.0_212-b04) (build 1.8.0_212-release-1586-b04)
# Java VM: OpenJDK Server VM (25.212-b04 mixed mode windows-x86 )
Heap:
 PSYoungGen      total 44800K, used 28683K [0x3c4c0000, 0x40500000, 0x51a00000)
  eden space 33792K, 52% used [0x3c4c0000,0x3d606920,0x3e5c0000)
  from space 11008K, 99% used [0x3f3c0000,0x3fe7c500,0x3fe80000)
  to   space 14336K, 0% used [0x3e5c0000,0x3e5c0000,0x3f3c0000)
 ParOldGen       total 56576K, used 42884K [0x11a00000, 0x15140000, 0x3c4c0000)
  object space 56576K, 75% used [0x11a00000,0x143e11a0,0x15140000)
 Metaspace       used 41097K, capacity 42223K, committed 42368K, reserved 42368K
GC Heap History (10 events):
Event: 163.725 GC heap before
{Heap before GC invocations=38 (full 3):
 PSYoungGen      total 35840K, used 35817K [0x3c4c0000, 0x3efc0000, 0x51a00000)
  eden space 29952K, 100% used [0x3c4c0000,0x3e200000,0x3e200000)
  from space 5888K, 99% used [0x3e880000,0x3ee3a630,0x3ee40000)
  to   space 6656K, 0% used [0x3e200000,0x3e200000,0x3e880000)
 ParOldGen       total 38400K, used 29534K [0x11a00000, 0x13f80000, 0x3c4c0000)
  object space 38400K, 76% used [0x11a00000,0x136d7a18,0x13f80000)
 Metaspace       used 40101K, capacity 41208K, committed 41216K, reserved 41344K
Event: 163.753 GC heap after
Heap after GC invocations=38 (full 3):
 PSYoungGen      total 36608K, used 6652K [0x3c4c0000, 0x3f4c0000, 0x51a00000)
  eden space 29952K, 0% used [0x3c4c0000,0x3c4c0000,0x3e200000)
  from space 6656K, 99% used [0x3e200000,0x3e87f160,0x3e880000)
  to   space 8192K, 0% used [0x3ecc0000,0x3ecc0000,0x3f4c0000)
 ParOldGen       total 38400K, used 31090K [0x11a00000, 0x13f80000, 0x3c4c0000)
  object space 38400K, 80% used [0x11a00000,0x1385c9c0,0x13f80000)
 Metaspace       used 40101K, capacity 41208K, committed 41216K, reserved 41344K
}
Event: 166.493 GC heap before
{Heap before GC invocations=39 (full 3):
 PSYoungGen      total 36608K, used 36604K [0x3c4c0000, 0x3f4c0000, 0x51a00000)
  eden space 29952K, 100% used [0x3c4c0000,0x3e200000,0x3e200000)
  from space 6656K, 99% used [0x3e200000,0x3e87f160,0x3e880000)
  to   space 8192K, 0% used [0x3ecc0000,0x3ecc0000,0x3f4c0000)
 ParOldGen       total 38400K, used 31090K [0x11a00000, 0x13f80000, 0x3c4c0000)
  object space 38400K, 80% used [0x11a00000,0x1385c9c0,0x13f80000)
 Metaspace       used 40718K, capacity 41851K, committed 41984K, reserved 42368K
Event: 166.541 GC heap after
Heap after GC invocations=39 (full 3):
 PSYoungGen      total 40704K, used 6154K [0x3c4c0000, 0x3f640000, 0x51a00000)
  eden space 32512K, 0% used [0x3c4c0000,0x3c4c0000,0x3e480000)
  from space 8192K, 75% used [0x3ecc0000,0x3f2c2848,0x3f4c0000)
  to   space 8448K, 0% used [0x3e480000,0x3e480000,0x3ecc0000)
 ParOldGen       total 38400K, used 33993K [0x11a00000, 0x13f80000, 0x3c4c0000)
  object space 38400K, 88% used [0x11a00000,0x13b32788,0x13f80000)
 Metaspace       used 40718K, capacity 41851K, committed 41984K, reserved 42368K
}
Event: 169.718 GC heap before
{Heap before GC invocations=40 (full 3):
 PSYoungGen      total 40704K, used 38666K [0x3c4c0000, 0x3f640000, 0x51a00000)
  eden space 32512K, 100% used [0x3c4c0000,0x3e480000,0x3e480000)
  from space 8192K, 75% used [0x3ecc0000,0x3f2c2848,0x3f4c0000)
  to   space 8448K, 0% used [0x3e480000,0x3e480000,0x3ecc0000)
 ParOldGen       total 38400K, used 33993K [0x11a00000, 0x13f80000, 0x3c4c0000)
  object space 38400K, 88% used [0x11a00000,0x13b32788,0x13f80000)
 Metaspace       used 40809K, capacity 41947K, committed 41984K, reserved 42368K
Event: 169.770 GC heap after
Heap after GC invocations=40 (full 3):
 PSYoungGen      total 40960K, used 8444K [0x3c4c0000, 0x3fe80000, 0x51a00000)
  eden space 32512K, 0% used [0x3c4c0000,0x3c4c0000,0x3e480000)
  from space 8448K, 99% used [0x3e480000,0x3ecbf078,0x3ecc0000)
  to   space 11008K, 0% used [0x3f3c0000,0x3f3c0000,0x3fe80000)
 ParOldGen       total 38400K, used 37417K [0x11a00000, 0x13f80000, 0x3c4c0000)
  object space 38400K, 97% used [0x11a00000,0x13e8a538,0x13f80000)
 Metaspace       used 40809K, capacity 41947K, committed 41984K, reserved 42368K
}
Event: 169.770 GC heap before
{Heap before GC invocations=41 (full 4):
 PSYoungGen      total 40960K, used 8444K [0x3c4c0000, 0x3fe80000, 0x51a00000)
  eden space 32512K, 0% used [0x3c4c0000,0x3c4c0000,0x3e480000)
  from space 8448K, 99% used [0x3e480000,0x3ecbf078,0x3ecc0000)
  to   space 11008K, 0% used [0x3f3c0000,0x3f3c0000,0x3fe80000)
 ParOldGen       total 38400K, used 37417K [0x11a00000, 0x13f80000, 0x3c4c0000)
  object space 38400K, 97% used [0x11a00000,0x13e8a538,0x13f80000)
 Metaspace       used 40809K, capacity 41947K, committed 41984K, reserved 42368K
Event: 170.410 GC heap after
Heap after GC invocations=41 (full 4):
 PSYoungGen      total 40960K, used 5798K [0x3c4c0000, 0x3fe80000, 0x51a00000)
  eden space 32512K, 0% used [0x3c4c0000,0x3c4c0000,0x3e480000)
  from space 8448K, 68% used [0x3e480000,0x3ea298c0,0x3ecc0000)
  to   space 11008K, 0% used [0x3f3c0000,0x3f3c0000,0x3fe80000)
 ParOldGen       total 56576K, used 38152K [0x11a00000, 0x15140000, 0x3c4c0000)
  object space 56576K, 67% used [0x11a00000,0x13f42328,0x15140000)
 Metaspace       used 40802K, capacity 41932K, committed 41984K, reserved 42368K
}
Event: 174.491 GC heap before
{Heap before GC invocations=42 (full 4):
 PSYoungGen      total 40960K, used 38310K [0x3c4c0000, 0x3fe80000, 0x51a00000)
  eden space 32512K, 100% used [0x3c4c0000,0x3e480000,0x3e480000)
  from space 8448K, 68% used [0x3e480000,0x3ea298c0,0x3ecc0000)
  to   space 11008K, 0% used [0x3f3c0000,0x3f3c0000,0x3fe80000)
 ParOldGen       total 56576K, used 38152K [0x11a00000, 0x15140000, 0x3c4c0000)
  object space 56576K, 67% used [0x11a00000,0x13f42328,0x15140000)
 Metaspace       used 40836K, capacity 41932K, committed 41984K, reserved 42368K
Event: 174.567 GC heap after
Heap after GC invocations=42 (full 4):
 PSYoungGen      total 44800K, used 10993K [0x3c4c0000, 0x40500000, 0x51a00000)
  eden space 33792K, 0% used [0x3c4c0000,0x3c4c0000,0x3e5c0000)
  from space 11008K, 99% used [0x3f3c0000,0x3fe7c500,0x3fe80000)
  to   space 14336K, 0% used [0x3e5c0000,0x3e5c0000,0x3f3c0000)
 ParOldGen       total 56576K, used 42884K [0x11a00000, 0x15140000, 0x3c4c0000)
  object space 56576K, 75% used [0x11a00000,0x143e11a0,0x15140000)
 Metaspace       used 40836K, capacity 41932K, committed 41984K, reserved 42368K
}

