# JRE version: OpenJDK Runtime Environment (8.0_212-b04) (build 1.8.0_212-release-1586-b04)
# Java VM: OpenJDK Server VM (25.212-b04 mixed mode windows-x86 )
Heap:
 PSYoungGen      total 68352K, used 27781K [0x3c4c0000, 0x40fc0000, 0x51a00000)
  eden space 63744K, 43% used [0x3c4c0000,0x3dfe1658,0x40300000)
  from space 4608K, 0% used [0x408c0000,0x408c0000,0x40d40000)
  to   space 5888K, 0% used [0x40300000,0x40300000,0x408c0000)
 ParOldGen       total 21504K, used 7872K [0x11a00000, 0x12f00000, 0x3c4c0000)
  object space 21504K, 36% used [0x11a00000,0x121b00c8,0x12f00000)
 Metaspace       used 17987K, capacity 18279K, committed 18432K, reserved 18816K
GC Heap History (10 events):
Event: 5.164 GC heap before
{Heap before GC invocations=7 (full 0):
 PSYoungGen      total 35328K, used 34861K [0x3c4c0000, 0x3eac0000, 0x51a00000)
  eden space 32512K, 100% used [0x3c4c0000,0x3e480000,0x3e480000)
  from space 2816K, 83% used [0x3e780000,0x3e9cb690,0x3ea40000)
  to   space 3072K, 0% used [0x3e480000,0x3e480000,0x3e780000)
 ParOldGen       total 22016K, used 2725K [0x11a00000, 0x12f80000, 0x3c4c0000)
  object space 22016K, 12% used [0x11a00000,0x11ca95b0,0x12f80000)
 Metaspace       used 8344K, capacity 8610K, committed 8704K, reserved 9600K
Event: 5.186 GC heap after
Heap after GC invocations=7 (full 0):
 PSYoungGen      total 35584K, used 3068K [0x3c4c0000, 0x40d40000, 0x51a00000)
  eden space 32512K, 0% used [0x3c4c0000,0x3c4c0000,0x3e480000)
  from space 3072K, 99% used [0x3e480000,0x3e77f038,0x3e780000)
  to   space 4608K, 0% used [0x408c0000,0x408c0000,0x40d40000)
 ParOldGen       total 22016K, used 5107K [0x11a00000, 0x12f80000, 0x3c4c0000)
  object space 22016K, 23% used [0x11a00000,0x11efcd88,0x12f80000)
 Metaspace       used 8344K, capacity 8610K, committed 8704K, reserved 9600K
}
Event: 6.739 GC heap before
{Heap before GC invocations=8 (full 0):
 PSYoungGen      total 35584K, used 35580K [0x3c4c0000, 0x40d40000, 0x51a00000)
  eden space 32512K, 100% used [0x3c4c0000,0x3e480000,0x3e480000)
  from space 3072K, 99% used [0x3e480000,0x3e77f038,0x3e780000)
  to   space 4608K, 0% used [0x408c0000,0x408c0000,0x40d40000)
 ParOldGen       total 22016K, used 5107K [0x11a00000, 0x12f80000, 0x3c4c0000)
  object space 22016K, 23% used [0x11a00000,0x11efcd88,0x12f80000)
 Metaspace       used 9930K, capacity 10193K, committed 10240K, reserved 10624K
Event: 6.758 GC heap after
Heap after GC invocations=8 (full 0):
 PSYoungGen      total 68352K, used 4607K [0x3c4c0000, 0x40fc0000, 0x51a00000)
  eden space 63744K, 0% used [0x3c4c0000,0x3c4c0000,0x40300000)
  from space 4608K, 99% used [0x408c0000,0x40d3fda8,0x40d40000)
  to   space 5888K, 0% used [0x40300000,0x40300000,0x408c0000)
 ParOldGen       total 22016K, used 6076K [0x11a00000, 0x12f80000, 0x3c4c0000)
  object space 22016K, 27% used [0x11a00000,0x11fef120,0x12f80000)
 Metaspace       used 9930K, capacity 10193K, committed 10240K, reserved 10624K
}
Event: 11.227 GC heap before
{Heap before GC invocations=9 (full 0):
 PSYoungGen      total 68352K, used 68351K [0x3c4c0000, 0x40fc0000, 0x51a00000)
  eden space 63744K, 100% used [0x3c4c0000,0x40300000,0x40300000)
  from space 4608K, 99% used [0x408c0000,0x40d3fda8,0x40d40000)
  to   space 5888K, 0% used [0x40300000,0x40300000,0x408c0000)
 ParOldGen       total 22016K, used 6076K [0x11a00000, 0x12f80000, 0x3c4c0000)
  object space 22016K, 27% used [0x11a00000,0x11fef120,0x12f80000)
 Metaspace       used 15999K, capacity 16281K, committed 16384K, reserved 16768K
Event: 11.267 GC heap after
Heap after GC invocations=9 (full 0):
 PSYoungGen      total 69632K, used 5880K [0x3c4c0000, 0x40fc0000, 0x51a00000)
  eden space 63744K, 0% used [0x3c4c0000,0x3c4c0000,0x40300000)
  from space 5888K, 99% used [0x40300000,0x408be080,0x408c0000)
  to   space 4608K, 0% used [0x408c0000,0x408c0000,0x40d40000)
 ParOldGen       total 22016K, used 11725K [0x11a00000, 0x12f80000, 0x3c4c0000)
  object space 22016K, 53% used [0x11a00000,0x125736f8,0x12f80000)
 Metaspace       used 15999K, capacity 16281K, committed 16384K, reserved 16768K
}
Event: 11.362 GC heap before
{Heap before GC invocations=10 (full 0):
 PSYoungGen      total 69632K, used 7129K [0x3c4c0000, 0x40fc0000, 0x51a00000)
  eden space 63744K, 1% used [0x3c4c0000,0x3c5f86c0,0x40300000)
  from space 5888K, 99% used [0x40300000,0x408be080,0x408c0000)
  to   space 4608K, 0% used [0x408c0000,0x408c0000,0x40d40000)
 ParOldGen       total 22016K, used 11725K [0x11a00000, 0x12f80000, 0x3c4c0000)
  object space 22016K, 53% used [0x11a00000,0x125736f8,0x12f80000)
 Metaspace       used 16088K, capacity 16347K, committed 16384K, reserved 16768K
Event: 11.379 GC heap after
Heap after GC invocations=10 (full 0):
 PSYoungGen      total 68352K, used 3403K [0x3c4c0000, 0x40fc0000, 0x51a00000)
  eden space 63744K, 0% used [0x3c4c0000,0x3c4c0000,0x40300000)
  from space 4608K, 73% used [0x408c0000,0x40c12c98,0x40d40000)
  to   space 5888K, 0% used [0x40300000,0x40300000,0x408c0000)
 ParOldGen       total 22016K, used 13775K [0x11a00000, 0x12f80000, 0x3c4c0000)
  object space 22016K, 62% used [0x11a00000,0x12773d48,0x12f80000)
 Metaspace       used 16088K, capacity 16347K, committed 16384K, reserved 16768K
}
Event: 11.379 GC heap before
{Heap before GC invocations=11 (full 1):
 PSYoungGen      total 68352K, used 3403K [0x3c4c0000, 0x40fc0000, 0x51a00000)
  eden space 63744K, 0% used [0x3c4c0000,0x3c4c0000,0x40300000)
  from space 4608K, 73% used [0x408c0000,0x40c12c98,0x40d40000)
  to   space 5888K, 0% used [0x40300000,0x40300000,0x408c0000)
 ParOldGen       total 22016K, used 13775K [0x11a00000, 0x12f80000, 0x3c4c0000)
  object space 22016K, 62% used [0x11a00000,0x12773d48,0x12f80000)
 Metaspace       used 16088K, capacity 16347K, committed 16384K, reserved 16768K
Event: 11.481 GC heap after
Heap after GC invocations=11 (full 1):
 PSYoungGen      total 68352K, used 0K [0x3c4c0000, 0x40fc0000, 0x51a00000)
  eden space 63744K, 0% used [0x3c4c0000,0x3c4c0000,0x40300000)
  from space 4608K, 0% used [0x408c0000,0x408c0000,0x40d40000)
  to   space 5888K, 0% used [0x40300000,0x40300000,0x408c0000)
 ParOldGen       total 21504K, used 7872K [0x11a00000, 0x12f00000, 0x3c4c0000)
  object space 21504K, 36% used [0x11a00000,0x121b00c8,0x12f00000)
 Metaspace       used 16088K, capacity 16347K, committed 16384K, reserved 16768K
}

