# JRE version: OpenJDK Runtime Environment (8.0_212-b04) (build 1.8.0_212-release-1586-b04)
# Java VM: OpenJDK Server VM (25.212-b04 mixed mode windows-x86 )
Heap:
 PSYoungGen      total 325888K, used 151522K [0x3c2c0000, 0x51800000, 0x51800000)
  eden space 305664K, 45% used [0x3c2c0000,0x44a9f7d8,0x4ed40000)
  from space 20224K, 61% used [0x4ed40000,0x4f959268,0x50100000)
  to   space 20992K, 0% used [0x50380000,0x50380000,0x51800000)
 ParOldGen       total 77824K, used 52777K [0x11800000, 0x16400000, 0x3c2c0000)
  object space 77824K, 67% used [0x11800000,0x14b8a6c8,0x16400000)
 Metaspace       used 55022K, capacity 56658K, committed 56704K, reserved 56704K
GC Heap History (10 events):
Event: 365.310 GC heap before
{Heap before GC invocations=28 (full 4):
 PSYoungGen      total 325376K, used 315344K [0x3c2c0000, 0x51800000, 0x51800000)
  eden space 302592K, 100% used [0x3c2c0000,0x4ea40000,0x4ea40000)
  from space 22784K, 55% used [0x4ea40000,0x4f6b4270,0x50080000)
  to   space 23296K, 0% used [0x50140000,0x50140000,0x51800000)
 ParOldGen       total 72704K, used 53162K [0x11800000, 0x15f00000, 0x3c2c0000)
  object space 72704K, 73% used [0x11800000,0x14beaaf0,0x15f00000)
 Metaspace       used 49004K, capacity 50421K, committed 50560K, reserved 50560K
Event: 365.345 GC heap after
Heap after GC invocations=28 (full 4):
 PSYoungGen      total 325632K, used 3296K [0x3c2c0000, 0x51700000, 0x51800000)
  eden space 303360K, 0% used [0x3c2c0000,0x3c2c0000,0x4eb00000)
  from space 22272K, 14% used [0x50140000,0x50478168,0x51700000)
  to   space 22528K, 0% used [0x4eb00000,0x4eb00000,0x50100000)
 ParOldGen       total 72704K, used 60502K [0x11800000, 0x15f00000, 0x3c2c0000)
  object space 72704K, 83% used [0x11800000,0x153159a8,0x15f00000)
 Metaspace       used 49004K, capacity 50421K, committed 50560K, reserved 50560K
}
Event: 368.193 GC heap before
{Heap before GC invocations=29 (full 4):
 PSYoungGen      total 325632K, used 306656K [0x3c2c0000, 0x51700000, 0x51800000)
  eden space 303360K, 100% used [0x3c2c0000,0x4eb00000,0x4eb00000)
  from space 22272K, 14% used [0x50140000,0x50478168,0x51700000)
  to   space 22528K, 0% used [0x4eb00000,0x4eb00000,0x50100000)
 ParOldGen       total 72704K, used 60502K [0x11800000, 0x15f00000, 0x3c2c0000)
  object space 72704K, 83% used [0x11800000,0x153159a8,0x15f00000)
 Metaspace       used 49010K, capacity 50421K, committed 50560K, reserved 50560K
Event: 368.220 GC heap after
Heap after GC invocations=29 (full 4):
 PSYoungGen      total 325888K, used 4509K [0x3c2c0000, 0x515c0000, 0x51800000)
  eden space 303360K, 0% used [0x3c2c0000,0x3c2c0000,0x4eb00000)
  from space 22528K, 20% used [0x4eb00000,0x4ef674a0,0x50100000)
  to   space 21248K, 0% used [0x50100000,0x50100000,0x515c0000)
 ParOldGen       total 72704K, used 63473K [0x11800000, 0x15f00000, 0x3c2c0000)
  object space 72704K, 87% used [0x11800000,0x155fc480,0x15f00000)
 Metaspace       used 49010K, capacity 50421K, committed 50560K, reserved 50560K
}
Event: 368.220 GC heap before
{Heap before GC invocations=30 (full 5):
 PSYoungGen      total 325888K, used 4509K [0x3c2c0000, 0x515c0000, 0x51800000)
  eden space 303360K, 0% used [0x3c2c0000,0x3c2c0000,0x4eb00000)
  from space 22528K, 20% used [0x4eb00000,0x4ef674a0,0x50100000)
  to   space 21248K, 0% used [0x50100000,0x50100000,0x515c0000)
 ParOldGen       total 72704K, used 63473K [0x11800000, 0x15f00000, 0x3c2c0000)
  object space 72704K, 87% used [0x11800000,0x155fc480,0x15f00000)
 Metaspace       used 49010K, capacity 50421K, committed 50560K, reserved 50560K
Event: 368.565 GC heap after
Heap after GC invocations=30 (full 5):
 PSYoungGen      total 325888K, used 0K [0x3c2c0000, 0x515c0000, 0x51800000)
  eden space 303360K, 0% used [0x3c2c0000,0x3c2c0000,0x4eb00000)
  from space 22528K, 0% used [0x4eb00000,0x4eb00000,0x50100000)
  to   space 21248K, 0% used [0x50100000,0x50100000,0x515c0000)
 ParOldGen       total 77824K, used 50461K [0x11800000, 0x16400000, 0x3c2c0000)
  object space 77824K, 64% used [0x11800000,0x149476f0,0x16400000)
 Metaspace       used 49010K, capacity 50421K, committed 50560K, reserved 50560K
}
Event: 371.638 GC heap before
{Heap before GC invocations=31 (full 5):
 PSYoungGen      total 325888K, used 303360K [0x3c2c0000, 0x515c0000, 0x51800000)
  eden space 303360K, 100% used [0x3c2c0000,0x4eb00000,0x4eb00000)
  from space 22528K, 0% used [0x4eb00000,0x4eb00000,0x50100000)
  to   space 21248K, 0% used [0x50100000,0x50100000,0x515c0000)
 ParOldGen       total 77824K, used 50461K [0x11800000, 0x16400000, 0x3c2c0000)
  object space 77824K, 64% used [0x11800000,0x149476f0,0x16400000)
 Metaspace       used 49157K, capacity 50564K, committed 50688K, reserved 51584K
Event: 371.678 GC heap after
Heap after GC invocations=31 (full 5):
 PSYoungGen      total 325888K, used 4376K [0x3c2c0000, 0x514c0000, 0x51800000)
  eden space 305664K, 0% used [0x3c2c0000,0x3c2c0000,0x4ed40000)
  from space 20224K, 21% used [0x50100000,0x505462e0,0x514c0000)
  to   space 20224K, 0% used [0x4ed40000,0x4ed40000,0x50100000)
 ParOldGen       total 77824K, used 50465K [0x11800000, 0x16400000, 0x3c2c0000)
  object space 77824K, 64% used [0x11800000,0x149486f0,0x16400000)
 Metaspace       used 49157K, capacity 50564K, committed 50688K, reserved 51584K
}
Event: 591.445 GC heap before
{Heap before GC invocations=32 (full 5):
 PSYoungGen      total 325888K, used 310040K [0x3c2c0000, 0x514c0000, 0x51800000)
  eden space 305664K, 100% used [0x3c2c0000,0x4ed40000,0x4ed40000)
  from space 20224K, 21% used [0x50100000,0x505462e0,0x514c0000)
  to   space 20224K, 0% used [0x4ed40000,0x4ed40000,0x50100000)
 ParOldGen       total 77824K, used 50465K [0x11800000, 0x16400000, 0x3c2c0000)
  object space 77824K, 64% used [0x11800000,0x149486f0,0x16400000)
 Metaspace       used 54019K, capacity 55615K, committed 55680K, reserved 55680K
Event: 598.525 GC heap after
Heap after GC invocations=32 (full 5):
 PSYoungGen      total 325888K, used 12388K [0x3c2c0000, 0x51800000, 0x51800000)
  eden space 305664K, 0% used [0x3c2c0000,0x3c2c0000,0x4ed40000)
  from space 20224K, 61% used [0x4ed40000,0x4f959268,0x50100000)
  to   space 20992K, 0% used [0x50380000,0x50380000,0x51800000)
 ParOldGen       total 77824K, used 52777K [0x11800000, 0x16400000, 0x3c2c0000)
  object space 77824K, 67% used [0x11800000,0x14b8a6c8,0x16400000)
 Metaspace       used 54019K, capacity 55615K, committed 55680K, reserved 55680K
}

