# JRE version: OpenJDK Runtime Environment (8.0_212-b04) (build 1.8.0_212-release-1586-b04)
# Java VM: OpenJDK Server VM (25.212-b04 mixed mode windows-x86 )
Heap:
 PSYoungGen      total 81664K, used 75506K [0x3bcc0000, 0x41540000, 0x51200000)
  eden space 72704K, 97% used [0x3bcc0000,0x40205db8,0x403c0000)
  from space 8960K, 51% used [0x403c0000,0x40836b40,0x40c80000)
  to   space 8192K, 0% used [0x40d40000,0x40d40000,0x41540000)
 ParOldGen       total 48640K, used 48577K [0x11200000, 0x14180000, 0x3bcc0000)
  object space 48640K, 99% used [0x11200000,0x141707c0,0x14180000)
 Metaspace       used 43878K, capacity 45046K, committed 45184K, reserved 45440K
GC Heap History (10 events):
Event: 121.578 GC heap before
{Heap before GC invocations=47 (full 3):
 PSYoungGen      total 59392K, used 52442K [0x3bcc0000, 0x409c0000, 0x51200000)
  eden space 51968K, 100% used [0x3bcc0000,0x3ef80000,0x3ef80000)
  from space 7424K, 6% used [0x3ef80000,0x3eff6820,0x3f6c0000)
  to   space 8192K, 0% used [0x401c0000,0x401c0000,0x409c0000)
 ParOldGen       total 43520K, used 27890K [0x11200000, 0x13c80000, 0x3bcc0000)
  object space 43520K, 64% used [0x11200000,0x12d3c960,0x13c80000)
 Metaspace       used 41282K, capacity 42310K, committed 42368K, reserved 42368K
Event: 121.645 GC heap after
Heap after GC invocations=47 (full 3):
 PSYoungGen      total 70144K, used 5623K [0x3bcc0000, 0x40a40000, 0x51200000)
  eden space 61952K, 0% used [0x3bcc0000,0x3bcc0000,0x3f940000)
  from space 8192K, 68% used [0x401c0000,0x4073de18,0x409c0000)
  to   space 8704K, 0% used [0x3f940000,0x3f940000,0x401c0000)
 ParOldGen       total 43520K, used 28384K [0x11200000, 0x13c80000, 0x3bcc0000)
  object space 43520K, 65% used [0x11200000,0x12db80f0,0x13c80000)
 Metaspace       used 41282K, capacity 42310K, committed 42368K, reserved 42368K
}
Event: 142.777 GC heap before
{Heap before GC invocations=48 (full 3):
 PSYoungGen      total 70144K, used 67575K [0x3bcc0000, 0x40a40000, 0x51200000)
  eden space 61952K, 100% used [0x3bcc0000,0x3f940000,0x3f940000)
  from space 8192K, 68% used [0x401c0000,0x4073de18,0x409c0000)
  to   space 8704K, 0% used [0x3f940000,0x3f940000,0x401c0000)
 ParOldGen       total 43520K, used 28384K [0x11200000, 0x13c80000, 0x3bcc0000)
  object space 43520K, 65% used [0x11200000,0x12db80f0,0x13c80000)
 Metaspace       used 42029K, capacity 43181K, committed 43264K, reserved 43392K
Event: 142.861 GC heap after
Heap after GC invocations=48 (full 3):
 PSYoungGen      total 70656K, used 5247K [0x3bcc0000, 0x41600000, 0x51200000)
  eden space 61952K, 0% used [0x3bcc0000,0x3bcc0000,0x3f940000)
  from space 8704K, 60% used [0x3f940000,0x3fe5ffe8,0x401c0000)
  to   space 8960K, 0% used [0x40d40000,0x40d40000,0x41600000)
 ParOldGen       total 43520K, used 31941K [0x11200000, 0x13c80000, 0x3bcc0000)
  object space 43520K, 73% used [0x11200000,0x13131520,0x13c80000)
 Metaspace       used 42029K, capacity 43181K, committed 43264K, reserved 43392K
}
Event: 161.227 GC heap before
{Heap before GC invocations=49 (full 3):
 PSYoungGen      total 70656K, used 67199K [0x3bcc0000, 0x41600000, 0x51200000)
  eden space 61952K, 100% used [0x3bcc0000,0x3f940000,0x3f940000)
  from space 8704K, 60% used [0x3f940000,0x3fe5ffe8,0x401c0000)
  to   space 8960K, 0% used [0x40d40000,0x40d40000,0x41600000)
 ParOldGen       total 43520K, used 31941K [0x11200000, 0x13c80000, 0x3bcc0000)
  object space 43520K, 73% used [0x11200000,0x13131520,0x13c80000)
 Metaspace       used 43186K, capacity 44362K, committed 44416K, reserved 44416K
Event: 161.276 GC heap after
Heap after GC invocations=49 (full 3):
 PSYoungGen      total 80896K, used 5226K [0x3bcc0000, 0x41540000, 0x51200000)
  eden space 72704K, 0% used [0x3bcc0000,0x3bcc0000,0x403c0000)
  from space 8192K, 63% used [0x40d40000,0x4125a9d0,0x41540000)
  to   space 8960K, 0% used [0x403c0000,0x403c0000,0x40c80000)
 ParOldGen       total 43520K, used 36579K [0x11200000, 0x13c80000, 0x3bcc0000)
  object space 43520K, 84% used [0x11200000,0x135b8c20,0x13c80000)
 Metaspace       used 43186K, capacity 44362K, committed 44416K, reserved 44416K
}
Event: 168.667 GC heap before
{Heap before GC invocations=50 (full 3):
 PSYoungGen      total 80896K, used 77930K [0x3bcc0000, 0x41540000, 0x51200000)
  eden space 72704K, 100% used [0x3bcc0000,0x403c0000,0x403c0000)
  from space 8192K, 63% used [0x40d40000,0x4125a9d0,0x41540000)
  to   space 8960K, 0% used [0x403c0000,0x403c0000,0x40c80000)
 ParOldGen       total 43520K, used 36579K [0x11200000, 0x13c80000, 0x3bcc0000)
  object space 43520K, 84% used [0x11200000,0x135b8c20,0x13c80000)
 Metaspace       used 43444K, capacity 44618K, committed 44672K, reserved 45440K
Event: 168.777 GC heap after
Heap after GC invocations=50 (full 3):
 PSYoungGen      total 81664K, used 8947K [0x3bcc0000, 0x41540000, 0x51200000)
  eden space 72704K, 0% used [0x3bcc0000,0x3bcc0000,0x403c0000)
  from space 8960K, 99% used [0x403c0000,0x40c7cd50,0x40c80000)
  to   space 8192K, 0% used [0x40d40000,0x40d40000,0x41540000)
 ParOldGen       total 48640K, used 48304K [0x11200000, 0x14180000, 0x3bcc0000)
  object space 48640K, 99% used [0x11200000,0x1412c2d0,0x14180000)
 Metaspace       used 43444K, capacity 44618K, committed 44672K, reserved 45440K
}
Event: 168.777 GC heap before
{Heap before GC invocations=51 (full 4):
 PSYoungGen      total 81664K, used 8947K [0x3bcc0000, 0x41540000, 0x51200000)
  eden space 72704K, 0% used [0x3bcc0000,0x3bcc0000,0x403c0000)
  from space 8960K, 99% used [0x403c0000,0x40c7cd50,0x40c80000)
  to   space 8192K, 0% used [0x40d40000,0x40d40000,0x41540000)
 ParOldGen       total 48640K, used 48304K [0x11200000, 0x14180000, 0x3bcc0000)
  object space 48640K, 99% used [0x11200000,0x1412c2d0,0x14180000)
 Metaspace       used 43444K, capacity 44618K, committed 44672K, reserved 45440K
Event: 169.583 GC heap after
Heap after GC invocations=51 (full 4):
 PSYoungGen      total 81664K, used 4570K [0x3bcc0000, 0x41540000, 0x51200000)
  eden space 72704K, 0% used [0x3bcc0000,0x3bcc0000,0x403c0000)
  from space 8960K, 51% used [0x403c0000,0x40836b40,0x40c80000)
  to   space 8192K, 0% used [0x40d40000,0x40d40000,0x41540000)
 ParOldGen       total 48640K, used 48577K [0x11200000, 0x14180000, 0x3bcc0000)
  object space 48640K, 99% used [0x11200000,0x141707c0,0x14180000)
 Metaspace       used 43426K, capacity 44575K, committed 44672K, reserved 45440K
}

