# JRE version: OpenJDK Runtime Environment (8.0_212-b04) (build 1.8.0_212-release-1586-b04)
# Java VM: OpenJDK Server VM (25.212-b04 mixed mode windows-x86 )
Heap:
 PSYoungGen      total 145920K, used 70826K [0x3c0c0000, 0x45ec0000, 0x51600000)
  eden space 130304K, 42% used [0x3c0c0000,0x3f6aaf80,0x44000000)
  from space 15616K, 99% used [0x44000000,0x44f3fa60,0x44f40000)
  to   space 13824K, 0% used [0x44f40000,0x44f40000,0x45cc0000)
 ParOldGen       total 41728K, used 29897K [0x11600000, 0x13ec0000, 0x3c0c0000)
  object space 41728K, 71% used [0x11600000,0x133325f0,0x13ec0000)
 Metaspace       used 40803K, capacity 41937K, committed 41984K, reserved 42368K
GC Heap History (10 events):
Event: 12.263 GC heap before
{Heap before GC invocations=13 (full 1):
 PSYoungGen      total 109056K, used 76200K [0x3c0c0000, 0x43f80000, 0x51600000)
  eden space 99840K, 68% used [0x3c0c0000,0x40338408,0x42240000)
  from space 9216K, 88% used [0x42240000,0x42a31c60,0x42b40000)
  to   space 10240K, 0% used [0x43580000,0x43580000,0x43f80000)
 ParOldGen       total 30208K, used 13920K [0x11600000, 0x13380000, 0x3c0c0000)
  object space 30208K, 46% used [0x11600000,0x12398220,0x13380000)
 Metaspace       used 26738K, capacity 27302K, committed 27308K, reserved 28032K
Event: 12.297 GC heap after
Heap after GC invocations=13 (full 1):
 PSYoungGen      total 118272K, used 8927K [0x3c0c0000, 0x455c0000, 0x51600000)
  eden space 108032K, 0% used [0x3c0c0000,0x3c0c0000,0x42a40000)
  from space 10240K, 87% used [0x43580000,0x43e37ee8,0x43f80000)
  to   space 11520K, 0% used [0x42a40000,0x42a40000,0x43580000)
 ParOldGen       total 30208K, used 15999K [0x11600000, 0x13380000, 0x3c0c0000)
  object space 30208K, 52% used [0x11600000,0x1259ffd0,0x13380000)
 Metaspace       used 26738K, capacity 27302K, committed 27308K, reserved 28032K
}
Event: 12.298 GC heap before
{Heap before GC invocations=14 (full 2):
 PSYoungGen      total 118272K, used 8927K [0x3c0c0000, 0x455c0000, 0x51600000)
  eden space 108032K, 0% used [0x3c0c0000,0x3c0c0000,0x42a40000)
  from space 10240K, 87% used [0x43580000,0x43e37ee8,0x43f80000)
  to   space 11520K, 0% used [0x42a40000,0x42a40000,0x43580000)
 ParOldGen       total 30208K, used 15999K [0x11600000, 0x13380000, 0x3c0c0000)
  object space 30208K, 52% used [0x11600000,0x1259ffd0,0x13380000)
 Metaspace       used 26738K, capacity 27302K, committed 27308K, reserved 28032K
Event: 12.494 GC heap after
Heap after GC invocations=14 (full 2):
 PSYoungGen      total 118272K, used 0K [0x3c0c0000, 0x455c0000, 0x51600000)
  eden space 108032K, 0% used [0x3c0c0000,0x3c0c0000,0x42a40000)
  from space 10240K, 0% used [0x43580000,0x43580000,0x43f80000)
  to   space 11520K, 0% used [0x42a40000,0x42a40000,0x43580000)
 ParOldGen       total 41728K, used 17999K [0x11600000, 0x13ec0000, 0x3c0c0000)
  object space 41728K, 43% used [0x11600000,0x12793d98,0x13ec0000)
 Metaspace       used 26738K, capacity 27302K, committed 27308K, reserved 28032K
}
Event: 15.615 GC heap before
{Heap before GC invocations=15 (full 2):
 PSYoungGen      total 118272K, used 108032K [0x3c0c0000, 0x455c0000, 0x51600000)
  eden space 108032K, 100% used [0x3c0c0000,0x42a40000,0x42a40000)
  from space 10240K, 0% used [0x43580000,0x43580000,0x43f80000)
  to   space 11520K, 0% used [0x42a40000,0x42a40000,0x43580000)
 ParOldGen       total 41728K, used 17999K [0x11600000, 0x13ec0000, 0x3c0c0000)
  object space 41728K, 43% used [0x11600000,0x12793d98,0x13ec0000)
 Metaspace       used 33347K, capacity 34159K, committed 34176K, reserved 34176K
Event: 15.649 GC heap after
Heap after GC invocations=15 (full 2):
 PSYoungGen      total 119552K, used 11510K [0x3c0c0000, 0x45cc0000, 0x51600000)
  eden space 108032K, 0% used [0x3c0c0000,0x3c0c0000,0x42a40000)
  from space 11520K, 99% used [0x42a40000,0x4357d800,0x43580000)
  to   space 13824K, 0% used [0x44f40000,0x44f40000,0x45cc0000)
 ParOldGen       total 41728K, used 19879K [0x11600000, 0x13ec0000, 0x3c0c0000)
  object space 41728K, 47% used [0x11600000,0x12969c28,0x13ec0000)
 Metaspace       used 33347K, capacity 34159K, committed 34176K, reserved 34176K
}
Event: 24.147 GC heap before
{Heap before GC invocations=16 (full 2):
 PSYoungGen      total 119552K, used 119542K [0x3c0c0000, 0x45cc0000, 0x51600000)
  eden space 108032K, 100% used [0x3c0c0000,0x42a40000,0x42a40000)
  from space 11520K, 99% used [0x42a40000,0x4357d800,0x43580000)
  to   space 13824K, 0% used [0x44f40000,0x44f40000,0x45cc0000)
 ParOldGen       total 41728K, used 19879K [0x11600000, 0x13ec0000, 0x3c0c0000)
  object space 41728K, 47% used [0x11600000,0x12969c28,0x13ec0000)
 Metaspace       used 38734K, capacity 39765K, committed 39808K, reserved 40320K
Event: 24.221 GC heap after
Heap after GC invocations=16 (full 2):
 PSYoungGen      total 144128K, used 12702K [0x3c0c0000, 0x45ec0000, 0x51600000)
  eden space 130304K, 0% used [0x3c0c0000,0x3c0c0000,0x44000000)
  from space 13824K, 91% used [0x44f40000,0x45ba7b40,0x45cc0000)
  to   space 15616K, 0% used [0x44000000,0x44000000,0x44f40000)
 ParOldGen       total 41728K, used 26909K [0x11600000, 0x13ec0000, 0x3c0c0000)
  object space 41728K, 64% used [0x11600000,0x130475c8,0x13ec0000)
 Metaspace       used 38734K, capacity 39765K, committed 39808K, reserved 40320K
}
Event: 29.053 GC heap before
{Heap before GC invocations=17 (full 2):
 PSYoungGen      total 144128K, used 143006K [0x3c0c0000, 0x45ec0000, 0x51600000)
  eden space 130304K, 100% used [0x3c0c0000,0x44000000,0x44000000)
  from space 13824K, 91% used [0x44f40000,0x45ba7b40,0x45cc0000)
  to   space 15616K, 0% used [0x44000000,0x44000000,0x44f40000)
 ParOldGen       total 41728K, used 26909K [0x11600000, 0x13ec0000, 0x3c0c0000)
  object space 41728K, 64% used [0x11600000,0x130475c8,0x13ec0000)
 Metaspace       used 40601K, capacity 41745K, committed 41856K, reserved 42368K
Event: 29.131 GC heap after
Heap after GC invocations=17 (full 2):
 PSYoungGen      total 145920K, used 15614K [0x3c0c0000, 0x45ec0000, 0x51600000)
  eden space 130304K, 0% used [0x3c0c0000,0x3c0c0000,0x44000000)
  from space 15616K, 99% used [0x44000000,0x44f3fa60,0x44f40000)
  to   space 13824K, 0% used [0x44f40000,0x44f40000,0x45cc0000)
 ParOldGen       total 41728K, used 29897K [0x11600000, 0x13ec0000, 0x3c0c0000)
  object space 41728K, 71% used [0x11600000,0x133325f0,0x13ec0000)
 Metaspace       used 40601K, capacity 41745K, committed 41856K, reserved 42368K
}

