# JRE version: OpenJDK Runtime Environment (8.0_212-b04) (build 1.8.0_212-release-1586-b04)
# Java VM: OpenJDK Server VM (25.212-b04 mixed mode windows-x86 )
Heap:
 PSYoungGen      total 205056K, used 64214K [0x3c0c0000, 0x4da00000, 0x51600000)
  eden space 191488K, 31% used [0x3c0c0000,0x3fc18ac8,0x47bc0000)
  from space 13568K, 25% used [0x47bc0000,0x47f1d0a0,0x48900000)
  to   space 19968K, 0% used [0x4c680000,0x4c680000,0x4da00000)
 ParOldGen       total 56064K, used 35410K [0x11600000, 0x14cc0000, 0x3c0c0000)
  object space 56064K, 63% used [0x11600000,0x13894a00,0x14cc0000)
 Metaspace       used 40996K, capacity 42107K, committed 42240K, reserved 42368K
GC Heap History (10 events):
Event: 47.811 GC heap before
{Heap before GC invocations=16 (full 1):
 PSYoungGen      total 136192K, used 64018K [0x3c0c0000, 0x44f00000, 0x51600000)
  eden space 127744K, 45% used [0x3c0c0000,0x3f9f3cd8,0x43d80000)
  from space 8448K, 64% used [0x446c0000,0x44c10dd0,0x44f00000)
  to   space 8960K, 0% used [0x43d80000,0x43d80000,0x44640000)
 ParOldGen       total 19712K, used 10348K [0x11600000, 0x12940000, 0x3c0c0000)
  object space 19712K, 52% used [0x11600000,0x1201b120,0x12940000)
 Metaspace       used 26697K, capacity 27248K, committed 27308K, reserved 28032K
Event: 47.841 GC heap after
Heap after GC invocations=16 (full 1):
 PSYoungGen      total 136704K, used 6306K [0x3c0c0000, 0x49640000, 0x51600000)
  eden space 127744K, 0% used [0x3c0c0000,0x3c0c0000,0x43d80000)
  from space 8960K, 70% used [0x43d80000,0x443a8b58,0x44640000)
  to   space 9472K, 0% used [0x48d00000,0x48d00000,0x49640000)
 ParOldGen       total 19712K, used 11901K [0x11600000, 0x12940000, 0x3c0c0000)
  object space 19712K, 60% used [0x11600000,0x1219f460,0x12940000)
 Metaspace       used 26697K, capacity 27248K, committed 27308K, reserved 28032K
}
Event: 47.841 GC heap before
{Heap before GC invocations=17 (full 2):
 PSYoungGen      total 136704K, used 6306K [0x3c0c0000, 0x49640000, 0x51600000)
  eden space 127744K, 0% used [0x3c0c0000,0x3c0c0000,0x43d80000)
  from space 8960K, 70% used [0x43d80000,0x443a8b58,0x44640000)
  to   space 9472K, 0% used [0x48d00000,0x48d00000,0x49640000)
 ParOldGen       total 19712K, used 11901K [0x11600000, 0x12940000, 0x3c0c0000)
  object space 19712K, 60% used [0x11600000,0x1219f460,0x12940000)
 Metaspace       used 26697K, capacity 27248K, committed 27308K, reserved 28032K
Event: 48.138 GC heap after
Heap after GC invocations=17 (full 2):
 PSYoungGen      total 136704K, used 0K [0x3c0c0000, 0x49640000, 0x51600000)
  eden space 127744K, 0% used [0x3c0c0000,0x3c0c0000,0x43d80000)
  from space 8960K, 0% used [0x43d80000,0x43d80000,0x44640000)
  to   space 9472K, 0% used [0x48d00000,0x48d00000,0x49640000)
 ParOldGen       total 31488K, used 17732K [0x11600000, 0x134c0000, 0x3c0c0000)
  object space 31488K, 56% used [0x11600000,0x127513e8,0x134c0000)
 Metaspace       used 26697K, capacity 27248K, committed 27308K, reserved 28032K
}
Event: 57.853 GC heap before
{Heap before GC invocations=18 (full 2):
 PSYoungGen      total 136704K, used 127744K [0x3c0c0000, 0x49640000, 0x51600000)
  eden space 127744K, 100% used [0x3c0c0000,0x43d80000,0x43d80000)
  from space 8960K, 0% used [0x43d80000,0x43d80000,0x44640000)
  to   space 9472K, 0% used [0x48d00000,0x48d00000,0x49640000)
 ParOldGen       total 31488K, used 17732K [0x11600000, 0x134c0000, 0x3c0c0000)
  object space 31488K, 56% used [0x11600000,0x127513e8,0x134c0000)
 Metaspace       used 34657K, capacity 35594K, committed 35712K, reserved 36224K
Event: 57.933 GC heap after
Heap after GC invocations=18 (full 2):
 PSYoungGen      total 198912K, used 9466K [0x3c0c0000, 0x49640000, 0x51600000)
  eden space 189440K, 0% used [0x3c0c0000,0x3c0c0000,0x479c0000)
  from space 9472K, 99% used [0x48d00000,0x4963ea38,0x49640000)
  to   space 13568K, 0% used [0x47bc0000,0x47bc0000,0x48900000)
 ParOldGen       total 31488K, used 24148K [0x11600000, 0x134c0000, 0x3c0c0000)
  object space 31488K, 76% used [0x11600000,0x12d95358,0x134c0000)
 Metaspace       used 34657K, capacity 35594K, committed 35712K, reserved 36224K
}
Event: 72.326 GC heap before
{Heap before GC invocations=19 (full 2):
 PSYoungGen      total 198912K, used 198906K [0x3c0c0000, 0x49640000, 0x51600000)
  eden space 189440K, 100% used [0x3c0c0000,0x479c0000,0x479c0000)
  from space 9472K, 99% used [0x48d00000,0x4963ea38,0x49640000)
  to   space 13568K, 0% used [0x47bc0000,0x47bc0000,0x48900000)
 ParOldGen       total 31488K, used 24148K [0x11600000, 0x134c0000, 0x3c0c0000)
  object space 31488K, 76% used [0x11600000,0x12d95358,0x134c0000)
 Metaspace       used 39810K, capacity 40926K, committed 40960K, reserved 41344K
Event: 72.549 GC heap after
Heap after GC invocations=19 (full 2):
 PSYoungGen      total 205056K, used 13563K [0x3c0c0000, 0x4da00000, 0x51600000)
  eden space 191488K, 0% used [0x3c0c0000,0x3c0c0000,0x47bc0000)
  from space 13568K, 99% used [0x47bc0000,0x488fee58,0x48900000)
  to   space 19968K, 0% used [0x4c680000,0x4c680000,0x4da00000)
 ParOldGen       total 35584K, used 35490K [0x11600000, 0x138c0000, 0x3c0c0000)
  object space 35584K, 99% used [0x11600000,0x138a8b80,0x138c0000)
 Metaspace       used 39810K, capacity 40926K, committed 40960K, reserved 41344K
}
Event: 72.549 GC heap before
{Heap before GC invocations=20 (full 3):
 PSYoungGen      total 205056K, used 13563K [0x3c0c0000, 0x4da00000, 0x51600000)
  eden space 191488K, 0% used [0x3c0c0000,0x3c0c0000,0x47bc0000)
  from space 13568K, 99% used [0x47bc0000,0x488fee58,0x48900000)
  to   space 19968K, 0% used [0x4c680000,0x4c680000,0x4da00000)
 ParOldGen       total 35584K, used 35490K [0x11600000, 0x138c0000, 0x3c0c0000)
  object space 35584K, 99% used [0x11600000,0x138a8b80,0x138c0000)
 Metaspace       used 39810K, capacity 40926K, committed 40960K, reserved 41344K
Event: 73.321 GC heap after
Heap after GC invocations=20 (full 3):
 PSYoungGen      total 205056K, used 3444K [0x3c0c0000, 0x4da00000, 0x51600000)
  eden space 191488K, 0% used [0x3c0c0000,0x3c0c0000,0x47bc0000)
  from space 13568K, 25% used [0x47bc0000,0x47f1d0a0,0x48900000)
  to   space 19968K, 0% used [0x4c680000,0x4c680000,0x4da00000)
 ParOldGen       total 56064K, used 35410K [0x11600000, 0x14cc0000, 0x3c0c0000)
  object space 56064K, 63% used [0x11600000,0x13894a00,0x14cc0000)
 Metaspace       used 39781K, capacity 40861K, committed 40960K, reserved 41344K
}

