# JRE version: OpenJDK Runtime Environment (8.0_212-b04) (build 1.8.0_212-release-1586-b04)
# Java VM: OpenJDK Server VM (25.212-b04 mixed mode windows-x86 )
Heap:
 PSYoungGen      total 91648K, used 33950K [0x3bcc0000, 0x43000000, 0x51200000)
  eden space 85504K, 39% used [0x3bcc0000,0x3dde7ad8,0x41040000)
  from space 6144K, 0% used [0x42a00000,0x42a00000,0x43000000)
  to   space 9472K, 0% used [0x41d80000,0x41d80000,0x426c0000)
 ParOldGen       total 28928K, used 17400K [0x11200000, 0x12e40000, 0x3bcc0000)
  object space 28928K, 60% used [0x11200000,0x122fe110,0x12e40000)
 Metaspace       used 29036K, capacity 29693K, committed 29696K, reserved 30080K
GC Heap History (10 events):
Event: 7.051 GC heap before
{Heap before GC invocations=10 (full 1):
 PSYoungGen      total 70144K, used 5884K [0x3bcc0000, 0x432c0000, 0x51200000)
  eden space 64256K, 0% used [0x3bcc0000,0x3bcc0000,0x3fb80000)
  from space 5888K, 99% used [0x3fb80000,0x4013f0b8,0x40140000)
  to   space 8960K, 0% used [0x42a00000,0x42a00000,0x432c0000)
 ParOldGen       total 22016K, used 12158K [0x11200000, 0x12780000, 0x3bcc0000)
  object space 22016K, 55% used [0x11200000,0x11ddfbf0,0x12780000)
 Metaspace       used 16089K, capacity 16347K, committed 16384K, reserved 16768K
Event: 7.169 GC heap after
Heap after GC invocations=10 (full 1):
 PSYoungGen      total 70144K, used 0K [0x3bcc0000, 0x432c0000, 0x51200000)
  eden space 64256K, 0% used [0x3bcc0000,0x3bcc0000,0x3fb80000)
  from space 5888K, 0% used [0x3fb80000,0x3fb80000,0x40140000)
  to   space 8960K, 0% used [0x42a00000,0x42a00000,0x432c0000)
 ParOldGen       total 28928K, used 12934K [0x11200000, 0x12e40000, 0x3bcc0000)
  object space 28928K, 44% used [0x11200000,0x11ea1978,0x12e40000)
 Metaspace       used 16089K, capacity 16347K, committed 16384K, reserved 16768K
}
Event: 9.236 GC heap before
{Heap before GC invocations=11 (full 1):
 PSYoungGen      total 70144K, used 64256K [0x3bcc0000, 0x432c0000, 0x51200000)
  eden space 64256K, 100% used [0x3bcc0000,0x3fb80000,0x3fb80000)
  from space 5888K, 0% used [0x3fb80000,0x3fb80000,0x40140000)
  to   space 8960K, 0% used [0x42a00000,0x42a00000,0x432c0000)
 ParOldGen       total 28928K, used 12934K [0x11200000, 0x12e40000, 0x3bcc0000)
  object space 28928K, 44% used [0x11200000,0x11ea1978,0x12e40000)
 Metaspace       used 20068K, capacity 20413K, committed 20480K, reserved 20864K
Event: 9.261 GC heap after
Heap after GC invocations=11 (full 1):
 PSYoungGen      total 91648K, used 5902K [0x3bcc0000, 0x43000000, 0x51200000)
  eden space 85504K, 0% used [0x3bcc0000,0x3bcc0000,0x41040000)
  from space 6144K, 96% used [0x42a00000,0x42fc3be0,0x43000000)
  to   space 9472K, 0% used [0x41d80000,0x41d80000,0x426c0000)
 ParOldGen       total 28928K, used 12938K [0x11200000, 0x12e40000, 0x3bcc0000)
  object space 28928K, 44% used [0x11200000,0x11ea2978,0x12e40000)
 Metaspace       used 20068K, capacity 20413K, committed 20480K, reserved 20864K
}
Event: 11.359 GC heap before
{Heap before GC invocations=12 (full 1):
 PSYoungGen      total 91648K, used 91406K [0x3bcc0000, 0x43000000, 0x51200000)
  eden space 85504K, 100% used [0x3bcc0000,0x41040000,0x41040000)
  from space 6144K, 96% used [0x42a00000,0x42fc3be0,0x43000000)
  to   space 9472K, 0% used [0x41d80000,0x41d80000,0x426c0000)
 ParOldGen       total 28928K, used 12938K [0x11200000, 0x12e40000, 0x3bcc0000)
  object space 28928K, 44% used [0x11200000,0x11ea2978,0x12e40000)
 Metaspace       used 22924K, capacity 23359K, committed 23424K, reserved 23936K
Event: 11.390 GC heap after
Heap after GC invocations=12 (full 1):
 PSYoungGen      total 94976K, used 6269K [0x3bcc0000, 0x43000000, 0x51200000)
  eden space 85504K, 0% used [0x3bcc0000,0x3bcc0000,0x41040000)
  from space 9472K, 66% used [0x41d80000,0x4239f640,0x426c0000)
  to   space 6144K, 0% used [0x42a00000,0x42a00000,0x43000000)
 ParOldGen       total 28928K, used 15057K [0x11200000, 0x12e40000, 0x3bcc0000)
  object space 28928K, 52% used [0x11200000,0x120b4530,0x12e40000)
 Metaspace       used 22924K, capacity 23359K, committed 23424K, reserved 23936K
}
Event: 179.430 GC heap before
{Heap before GC invocations=13 (full 1):
 PSYoungGen      total 94976K, used 79830K [0x3bcc0000, 0x43000000, 0x51200000)
  eden space 85504K, 86% used [0x3bcc0000,0x40496410,0x41040000)
  from space 9472K, 66% used [0x41d80000,0x4239f640,0x426c0000)
  to   space 6144K, 0% used [0x42a00000,0x42a00000,0x43000000)
 ParOldGen       total 28928K, used 15057K [0x11200000, 0x12e40000, 0x3bcc0000)
  object space 28928K, 52% used [0x11200000,0x120b4530,0x12e40000)
 Metaspace       used 26683K, capacity 27279K, committed 27308K, reserved 28032K
Event: 179.461 GC heap after
Heap after GC invocations=13 (full 1):
 PSYoungGen      total 91648K, used 6143K [0x3bcc0000, 0x43000000, 0x51200000)
  eden space 85504K, 0% used [0x3bcc0000,0x3bcc0000,0x41040000)
  from space 6144K, 99% used [0x42a00000,0x42fffc10,0x43000000)
  to   space 9472K, 0% used [0x41d80000,0x41d80000,0x426c0000)
 ParOldGen       total 28928K, used 17735K [0x11200000, 0x12e40000, 0x3bcc0000)
  object space 28928K, 61% used [0x11200000,0x12351ce8,0x12e40000)
 Metaspace       used 26683K, capacity 27279K, committed 27308K, reserved 28032K
}
Event: 179.461 GC heap before
{Heap before GC invocations=14 (full 2):
 PSYoungGen      total 91648K, used 6143K [0x3bcc0000, 0x43000000, 0x51200000)
  eden space 85504K, 0% used [0x3bcc0000,0x3bcc0000,0x41040000)
  from space 6144K, 99% used [0x42a00000,0x42fffc10,0x43000000)
  to   space 9472K, 0% used [0x41d80000,0x41d80000,0x426c0000)
 ParOldGen       total 28928K, used 17735K [0x11200000, 0x12e40000, 0x3bcc0000)
  object space 28928K, 61% used [0x11200000,0x12351ce8,0x12e40000)
 Metaspace       used 26683K, capacity 27279K, committed 27308K, reserved 28032K
Event: 179.656 GC heap after
Heap after GC invocations=14 (full 2):
 PSYoungGen      total 91648K, used 0K [0x3bcc0000, 0x43000000, 0x51200000)
  eden space 85504K, 0% used [0x3bcc0000,0x3bcc0000,0x41040000)
  from space 6144K, 0% used [0x42a00000,0x42a00000,0x43000000)
  to   space 9472K, 0% used [0x41d80000,0x41d80000,0x426c0000)
 ParOldGen       total 28928K, used 17400K [0x11200000, 0x12e40000, 0x3bcc0000)
  object space 28928K, 60% used [0x11200000,0x122fe110,0x12e40000)
 Metaspace       used 26682K, capacity 27277K, committed 27308K, reserved 28032K
}

