# JRE version: OpenJDK Runtime Environment (8.0_212-b04) (build 1.8.0_212-release-1586-b04)
# Java VM: OpenJDK Server VM (25.212-b04 mixed mode windows-x86 )
Heap:
 PSYoungGen      total 104704K, used 43162K [0x3bec0000, 0x437c0000, 0x51400000)
  eden space 95744K, 45% used [0x3bec0000,0x3e8e6b50,0x41c40000)
  from space 8960K, 0% used [0x41c40000,0x41c40000,0x42500000)
  to   space 7936K, 0% used [0x42500000,0x42500000,0x42cc0000)
 ParOldGen       total 25600K, used 15038K [0x11400000, 0x12d00000, 0x3bec0000)
  object space 25600K, 58% used [0x11400000,0x122afa70,0x12d00000)
 Metaspace       used 29095K, capacity 29754K, committed 29824K, reserved 30080K
GC Heap History (10 events):
Event: 44.087 GC heap before
{Heap before GC invocations=13 (full 1):
 PSYoungGen      total 56064K, used 50432K [0x3bec0000, 0x41cc0000, 0x51400000)
  eden space 50432K, 100% used [0x3bec0000,0x3f000000,0x3f000000)
  from space 5632K, 0% used [0x3f000000,0x3f000000,0x3f580000)
  to   space 7680K, 0% used [0x41540000,0x41540000,0x41cc0000)
 ParOldGen       total 25600K, used 11571K [0x11400000, 0x12d00000, 0x3bec0000)
  object space 25600K, 45% used [0x11400000,0x11f4cd98,0x12d00000)
 Metaspace       used 19355K, capacity 19688K, committed 19840K, reserved 19840K
Event: 44.106 GC heap after
Heap after GC invocations=13 (full 1):
 PSYoungGen      total 75008K, used 5072K [0x3bec0000, 0x41a40000, 0x51400000)
  eden space 69888K, 0% used [0x3bec0000,0x3bec0000,0x40300000)
  from space 5120K, 99% used [0x41540000,0x41a34250,0x41a40000)
  to   space 7936K, 0% used [0x40ac0000,0x40ac0000,0x41280000)
 ParOldGen       total 25600K, used 11575K [0x11400000, 0x12d00000, 0x3bec0000)
  object space 25600K, 45% used [0x11400000,0x11f4dd98,0x12d00000)
 Metaspace       used 19355K, capacity 19688K, committed 19840K, reserved 19840K
}
Event: 47.096 GC heap before
{Heap before GC invocations=14 (full 1):
 PSYoungGen      total 75008K, used 74960K [0x3bec0000, 0x41a40000, 0x51400000)
  eden space 69888K, 100% used [0x3bec0000,0x40300000,0x40300000)
  from space 5120K, 99% used [0x41540000,0x41a34250,0x41a40000)
  to   space 7936K, 0% used [0x40ac0000,0x40ac0000,0x41280000)
 ParOldGen       total 25600K, used 11575K [0x11400000, 0x12d00000, 0x3bec0000)
  object space 25600K, 45% used [0x11400000,0x11f4dd98,0x12d00000)
 Metaspace       used 21951K, capacity 22292K, committed 22400K, reserved 22912K
Event: 47.123 GC heap after
Heap after GC invocations=14 (full 1):
 PSYoungGen      total 85760K, used 5005K [0x3bec0000, 0x42cc0000, 0x51400000)
  eden space 77824K, 0% used [0x3bec0000,0x3bec0000,0x40ac0000)
  from space 7936K, 63% used [0x40ac0000,0x40fa34d0,0x41280000)
  to   space 7936K, 0% used [0x42500000,0x42500000,0x42cc0000)
 ParOldGen       total 25600K, used 13179K [0x11400000, 0x12d00000, 0x3bec0000)
  object space 25600K, 51% used [0x11400000,0x120dedc8,0x12d00000)
 Metaspace       used 21951K, capacity 22292K, committed 22400K, reserved 22912K
}
Event: 57.363 GC heap before
{Heap before GC invocations=15 (full 1):
 PSYoungGen      total 85760K, used 82829K [0x3bec0000, 0x42cc0000, 0x51400000)
  eden space 77824K, 100% used [0x3bec0000,0x40ac0000,0x40ac0000)
  from space 7936K, 63% used [0x40ac0000,0x40fa34d0,0x41280000)
  to   space 7936K, 0% used [0x42500000,0x42500000,0x42cc0000)
 ParOldGen       total 25600K, used 13179K [0x11400000, 0x12d00000, 0x3bec0000)
  object space 25600K, 51% used [0x11400000,0x120dedc8,0x12d00000)
 Metaspace       used 25818K, capacity 26412K, committed 26496K, reserved 27008K
Event: 57.399 GC heap after
Heap after GC invocations=15 (full 1):
 PSYoungGen      total 103680K, used 7100K [0x3bec0000, 0x437c0000, 0x51400000)
  eden space 95744K, 0% used [0x3bec0000,0x3bec0000,0x41c40000)
  from space 7936K, 89% used [0x42500000,0x42bef318,0x42cc0000)
  to   space 8960K, 0% used [0x41c40000,0x41c40000,0x42500000)
 ParOldGen       total 25600K, used 15011K [0x11400000, 0x12d00000, 0x3bec0000)
  object space 25600K, 58% used [0x11400000,0x122a8e70,0x12d00000)
 Metaspace       used 25818K, capacity 26412K, committed 26496K, reserved 27008K
}
Event: 58.001 GC heap before
{Heap before GC invocations=16 (full 1):
 PSYoungGen      total 103680K, used 16156K [0x3bec0000, 0x437c0000, 0x51400000)
  eden space 95744K, 9% used [0x3bec0000,0x3c797ed0,0x41c40000)
  from space 7936K, 89% used [0x42500000,0x42bef318,0x42cc0000)
  to   space 8960K, 0% used [0x41c40000,0x41c40000,0x42500000)
 ParOldGen       total 25600K, used 15011K [0x11400000, 0x12d00000, 0x3bec0000)
  object space 25600K, 58% used [0x11400000,0x122a8e70,0x12d00000)
 Metaspace       used 26677K, capacity 27244K, committed 27308K, reserved 28032K
Event: 58.017 GC heap after
Heap after GC invocations=16 (full 1):
 PSYoungGen      total 104704K, used 1166K [0x3bec0000, 0x437c0000, 0x51400000)
  eden space 95744K, 0% used [0x3bec0000,0x3bec0000,0x41c40000)
  from space 8960K, 13% used [0x41c40000,0x41d63ac8,0x42500000)
  to   space 7936K, 0% used [0x42500000,0x42500000,0x42cc0000)
 ParOldGen       total 25600K, used 18100K [0x11400000, 0x12d00000, 0x3bec0000)
  object space 25600K, 70% used [0x11400000,0x125ad128,0x12d00000)
 Metaspace       used 26677K, capacity 27244K, committed 27308K, reserved 28032K
}
Event: 58.017 GC heap before
{Heap before GC invocations=17 (full 2):
 PSYoungGen      total 104704K, used 1166K [0x3bec0000, 0x437c0000, 0x51400000)
  eden space 95744K, 0% used [0x3bec0000,0x3bec0000,0x41c40000)
  from space 8960K, 13% used [0x41c40000,0x41d63ac8,0x42500000)
  to   space 7936K, 0% used [0x42500000,0x42500000,0x42cc0000)
 ParOldGen       total 25600K, used 18100K [0x11400000, 0x12d00000, 0x3bec0000)
  object space 25600K, 70% used [0x11400000,0x125ad128,0x12d00000)
 Metaspace       used 26677K, capacity 27244K, committed 27308K, reserved 28032K
Event: 58.195 GC heap after
Heap after GC invocations=17 (full 2):
 PSYoungGen      total 104704K, used 0K [0x3bec0000, 0x437c0000, 0x51400000)
  eden space 95744K, 0% used [0x3bec0000,0x3bec0000,0x41c40000)
  from space 8960K, 0% used [0x41c40000,0x41c40000,0x42500000)
  to   space 7936K, 0% used [0x42500000,0x42500000,0x42cc0000)
 ParOldGen       total 25600K, used 15038K [0x11400000, 0x12d00000, 0x3bec0000)
  object space 25600K, 58% used [0x11400000,0x122afa70,0x12d00000)
 Metaspace       used 26677K, capacity 27244K, committed 27308K, reserved 28032K
}

