# JRE version: OpenJDK Runtime Environment (8.0_212-b04) (build 1.8.0_212-release-1586-b04)
# Java VM: OpenJDK Server VM (25.212-b04 mixed mode windows-x86 )
Heap:
 PSYoungGen      total 34048K, used 7108K [0x3b6c0000, 0x3d940000, 0x50c00000)
  eden space 32768K, 17% used [0x3b6c0000,0x3bc729e0,0x3d6c0000)
  from space 1280K, 99% used [0x3d800000,0x3d93e6e0,0x3d940000)
  to   space 1280K, 0% used [0x3d6c0000,0x3d6c0000,0x3d800000)
 ParOldGen       total 22016K, used 9249K [0x10c00000, 0x12180000, 0x3b6c0000)
  object space 22016K, 42% used [0x10c00000,0x115085f8,0x12180000)
 Metaspace       used 9686K, capacity 9957K, committed 9984K, reserved 10624K
GC Heap History (10 events):
Event: 2.761 GC heap before
{Heap before GC invocations=2 (full 0):
 PSYoungGen      total 9472K, used 9265K [0x3b6c0000, 0x3c940000, 0x50c00000)
  eden space 8192K, 100% used [0x3b6c0000,0x3bec0000,0x3bec0000)
  from space 1280K, 83% used [0x3bec0000,0x3bfcc5d8,0x3c000000)
  to   space 1280K, 0% used [0x3c800000,0x3c800000,0x3c940000)
 ParOldGen       total 22016K, used 0K [0x10c00000, 0x12180000, 0x3b6c0000)
  object space 22016K, 0% used [0x10c00000,0x10c00000,0x12180000)
 Metaspace       used 3914K, capacity 4010K, committed 4032K, reserved 4480K
Event: 2.768 GC heap after
Heap after GC invocations=2 (full 0):
 PSYoungGen      total 17664K, used 1268K [0x3b6c0000, 0x3c940000, 0x50c00000)
  eden space 16384K, 0% used [0x3b6c0000,0x3b6c0000,0x3c6c0000)
  from space 1280K, 99% used [0x3c800000,0x3c93d3f8,0x3c940000)
  to   space 1280K, 0% used [0x3c6c0000,0x3c6c0000,0x3c800000)
 ParOldGen       total 22016K, used 745K [0x10c00000, 0x12180000, 0x3b6c0000)
  object space 22016K, 3% used [0x10c00000,0x10cba638,0x12180000)
 Metaspace       used 3914K, capacity 4010K, committed 4032K, reserved 4480K
}
Event: 3.456 GC heap before
{Heap before GC invocations=3 (full 0):
 PSYoungGen      total 17664K, used 17652K [0x3b6c0000, 0x3c940000, 0x50c00000)
  eden space 16384K, 100% used [0x3b6c0000,0x3c6c0000,0x3c6c0000)
  from space 1280K, 99% used [0x3c800000,0x3c93d3f8,0x3c940000)
  to   space 1280K, 0% used [0x3c6c0000,0x3c6c0000,0x3c800000)
 ParOldGen       total 22016K, used 745K [0x10c00000, 0x12180000, 0x3b6c0000)
  object space 22016K, 3% used [0x10c00000,0x10cba638,0x12180000)
 Metaspace       used 4530K, capacity 4618K, committed 4736K, reserved 5504K
Event: 3.471 GC heap after
Heap after GC invocations=3 (full 0):
 PSYoungGen      total 17664K, used 1264K [0x3b6c0000, 0x3d940000, 0x50c00000)
  eden space 16384K, 0% used [0x3b6c0000,0x3b6c0000,0x3c6c0000)
  from space 1280K, 98% used [0x3c6c0000,0x3c7fc060,0x3c800000)
  to   space 1280K, 0% used [0x3d800000,0x3d800000,0x3d940000)
 ParOldGen       total 22016K, used 2145K [0x10c00000, 0x12180000, 0x3b6c0000)
  object space 22016K, 9% used [0x10c00000,0x10e18570,0x12180000)
 Metaspace       used 4530K, capacity 4618K, committed 4736K, reserved 5504K
}
Event: 3.753 GC heap before
{Heap before GC invocations=4 (full 0):
 PSYoungGen      total 17664K, used 17648K [0x3b6c0000, 0x3d940000, 0x50c00000)
  eden space 16384K, 100% used [0x3b6c0000,0x3c6c0000,0x3c6c0000)
  from space 1280K, 98% used [0x3c6c0000,0x3c7fc060,0x3c800000)
  to   space 1280K, 0% used [0x3d800000,0x3d800000,0x3d940000)
 ParOldGen       total 22016K, used 2145K [0x10c00000, 0x12180000, 0x3b6c0000)
  object space 22016K, 9% used [0x10c00000,0x10e18570,0x12180000)
 Metaspace       used 4599K, capacity 4714K, committed 4736K, reserved 5504K
Event: 3.760 GC heap after
Heap after GC invocations=4 (full 0):
 PSYoungGen      total 34048K, used 1272K [0x3b6c0000, 0x3d940000, 0x50c00000)
  eden space 32768K, 0% used [0x3b6c0000,0x3b6c0000,0x3d6c0000)
  from space 1280K, 99% used [0x3d800000,0x3d93e070,0x3d940000)
  to   space 1280K, 0% used [0x3d6c0000,0x3d6c0000,0x3d800000)
 ParOldGen       total 22016K, used 2612K [0x10c00000, 0x12180000, 0x3b6c0000)
  object space 22016K, 11% used [0x10c00000,0x10e8d390,0x12180000)
 Metaspace       used 4599K, capacity 4714K, committed 4736K, reserved 5504K
}
Event: 6.118 GC heap before
{Heap before GC invocations=5 (full 0):
 PSYoungGen      total 34048K, used 34040K [0x3b6c0000, 0x3d940000, 0x50c00000)
  eden space 32768K, 100% used [0x3b6c0000,0x3d6c0000,0x3d6c0000)
  from space 1280K, 99% used [0x3d800000,0x3d93e070,0x3d940000)
  to   space 1280K, 0% used [0x3d6c0000,0x3d6c0000,0x3d800000)
 ParOldGen       total 22016K, used 2612K [0x10c00000, 0x12180000, 0x3b6c0000)
  object space 22016K, 11% used [0x10c00000,0x10e8d390,0x12180000)
 Metaspace       used 6808K, capacity 7008K, committed 7040K, reserved 7552K
Event: 6.153 GC heap after
Heap after GC invocations=5 (full 0):
 PSYoungGen      total 34048K, used 1276K [0x3b6c0000, 0x3d940000, 0x50c00000)
  eden space 32768K, 0% used [0x3b6c0000,0x3b6c0000,0x3d6c0000)
  from space 1280K, 99% used [0x3d6c0000,0x3d7ff200,0x3d800000)
  to   space 1280K, 0% used [0x3d800000,0x3d800000,0x3d940000)
 ParOldGen       total 22016K, used 5698K [0x10c00000, 0x12180000, 0x3b6c0000)
  object space 22016K, 25% used [0x10c00000,0x111909c8,0x12180000)
 Metaspace       used 6808K, capacity 7008K, committed 7040K, reserved 7552K
}
Event: 10.845 GC heap before
{Heap before GC invocations=6 (full 0):
 PSYoungGen      total 34048K, used 34044K [0x3b6c0000, 0x3d940000, 0x50c00000)
  eden space 32768K, 100% used [0x3b6c0000,0x3d6c0000,0x3d6c0000)
  from space 1280K, 99% used [0x3d6c0000,0x3d7ff200,0x3d800000)
  to   space 1280K, 0% used [0x3d800000,0x3d800000,0x3d940000)
 ParOldGen       total 22016K, used 5698K [0x10c00000, 0x12180000, 0x3b6c0000)
  object space 22016K, 25% used [0x10c00000,0x111909c8,0x12180000)
 Metaspace       used 9419K, capacity 9731K, committed 9856K, reserved 10624K
Event: 10.861 GC heap after
Heap after GC invocations=6 (full 0):
 PSYoungGen      total 34048K, used 1273K [0x3b6c0000, 0x3d940000, 0x50c00000)
  eden space 32768K, 0% used [0x3b6c0000,0x3b6c0000,0x3d6c0000)
  from space 1280K, 99% used [0x3d800000,0x3d93e6e0,0x3d940000)
  to   space 1280K, 0% used [0x3d6c0000,0x3d6c0000,0x3d800000)
 ParOldGen       total 22016K, used 9249K [0x10c00000, 0x12180000, 0x3b6c0000)
  object space 22016K, 42% used [0x10c00000,0x115085f8,0x12180000)
 Metaspace       used 9419K, capacity 9731K, committed 9856K, reserved 10624K
}

