# JRE version: OpenJDK Runtime Environment (8.0_212-b04) (build 1.8.0_212-release-1586-b04)
# Java VM: OpenJDK Server VM (25.212-b04 mixed mode windows-x86 )
Heap:
 PSYoungGen      total 110080K, used 100107K [0x3c2c0000, 0x43700000, 0x51800000)
  eden space 102144K, 98% used [0x3c2c0000,0x42482de0,0x42680000)
  from space 7936K, 0% used [0x42f40000,0x42f40000,0x43700000)
  to   space 8448K, 0% used [0x42680000,0x42680000,0x42ec0000)
 ParOldGen       total 21504K, used 7783K [0x11800000, 0x12d00000, 0x3c2c0000)
  object space 21504K, 36% used [0x11800000,0x11f99f58,0x12d00000)
 Metaspace       used 21243K, capacity 21620K, committed 21760K, reserved 22912K
GC Heap History (10 events):
Event: 4.595 GC heap before
{Heap before GC invocations=7 (full 0):
 PSYoungGen      total 35328K, used 34834K [0x3c2c0000, 0x3e8c0000, 0x51800000)
  eden space 32512K, 100% used [0x3c2c0000,0x3e280000,0x3e280000)
  from space 2816K, 82% used [0x3e580000,0x3e7c4b88,0x3e840000)
  to   space 3072K, 0% used [0x3e280000,0x3e280000,0x3e580000)
 ParOldGen       total 22016K, used 2714K [0x11800000, 0x12d80000, 0x3c2c0000)
  object space 22016K, 12% used [0x11800000,0x11aa6a70,0x12d80000)
 Metaspace       used 8384K, capacity 8667K, committed 8704K, reserved 9600K
Event: 4.619 GC heap after
Heap after GC invocations=7 (full 0):
 PSYoungGen      total 35584K, used 3063K [0x3c2c0000, 0x40b40000, 0x51800000)
  eden space 32512K, 0% used [0x3c2c0000,0x3c2c0000,0x3e280000)
  from space 3072K, 99% used [0x3e280000,0x3e57df80,0x3e580000)
  to   space 4608K, 0% used [0x406c0000,0x406c0000,0x40b40000)
 ParOldGen       total 22016K, used 5201K [0x11800000, 0x12d80000, 0x3c2c0000)
  object space 22016K, 23% used [0x11800000,0x11d147c8,0x12d80000)
 Metaspace       used 8384K, capacity 8667K, committed 8704K, reserved 9600K
}
Event: 5.380 GC heap before
{Heap before GC invocations=8 (full 0):
 PSYoungGen      total 35584K, used 35575K [0x3c2c0000, 0x40b40000, 0x51800000)
  eden space 32512K, 100% used [0x3c2c0000,0x3e280000,0x3e280000)
  from space 3072K, 99% used [0x3e280000,0x3e57df80,0x3e580000)
  to   space 4608K, 0% used [0x406c0000,0x406c0000,0x40b40000)
 ParOldGen       total 22016K, used 5201K [0x11800000, 0x12d80000, 0x3c2c0000)
  object space 22016K, 23% used [0x11800000,0x11d147c8,0x12d80000)
 Metaspace       used 9962K, capacity 10218K, committed 10368K, reserved 10624K
Event: 5.414 GC heap after
Heap after GC invocations=8 (full 0):
 PSYoungGen      total 68352K, used 4593K [0x3c2c0000, 0x40dc0000, 0x51800000)
  eden space 63744K, 0% used [0x3c2c0000,0x3c2c0000,0x40100000)
  from space 4608K, 99% used [0x406c0000,0x40b3c700,0x40b40000)
  to   space 5888K, 0% used [0x40100000,0x40100000,0x406c0000)
 ParOldGen       total 22016K, used 6231K [0x11800000, 0x12d80000, 0x3c2c0000)
  object space 22016K, 28% used [0x11800000,0x11e15df0,0x12d80000)
 Metaspace       used 9962K, capacity 10218K, committed 10368K, reserved 10624K
}
Event: 10.075 GC heap before
{Heap before GC invocations=9 (full 0):
 PSYoungGen      total 68352K, used 68337K [0x3c2c0000, 0x40dc0000, 0x51800000)
  eden space 63744K, 100% used [0x3c2c0000,0x40100000,0x40100000)
  from space 4608K, 99% used [0x406c0000,0x40b3c700,0x40b40000)
  to   space 5888K, 0% used [0x40100000,0x40100000,0x406c0000)
 ParOldGen       total 22016K, used 6231K [0x11800000, 0x12d80000, 0x3c2c0000)
  object space 22016K, 28% used [0x11800000,0x11e15df0,0x12d80000)
 Metaspace       used 15848K, capacity 16144K, committed 16256K, reserved 16768K
Event: 10.122 GC heap after
Heap after GC invocations=9 (full 0):
 PSYoungGen      total 69632K, used 5874K [0x3c2c0000, 0x43800000, 0x51800000)
  eden space 63744K, 0% used [0x3c2c0000,0x3c2c0000,0x40100000)
  from space 5888K, 99% used [0x40100000,0x406bcb40,0x406c0000)
  to   space 8960K, 0% used [0x42f40000,0x42f40000,0x43800000)
 ParOldGen       total 22016K, used 11667K [0x11800000, 0x12d80000, 0x3c2c0000)
  object space 22016K, 52% used [0x11800000,0x12364d08,0x12d80000)
 Metaspace       used 15848K, capacity 16144K, committed 16256K, reserved 16768K
}
Event: 10.392 GC heap before
{Heap before GC invocations=10 (full 0):
 PSYoungGen      total 69632K, used 8978K [0x3c2c0000, 0x43800000, 0x51800000)
  eden space 63744K, 4% used [0x3c2c0000,0x3c5c7d28,0x40100000)
  from space 5888K, 99% used [0x40100000,0x406bcb40,0x406c0000)
  to   space 8960K, 0% used [0x42f40000,0x42f40000,0x43800000)
 ParOldGen       total 22016K, used 11667K [0x11800000, 0x12d80000, 0x3c2c0000)
  object space 22016K, 52% used [0x11800000,0x12364d08,0x12d80000)
 Metaspace       used 16072K, capacity 16368K, committed 16384K, reserved 16768K
Event: 10.434 GC heap after
Heap after GC invocations=10 (full 0):
 PSYoungGen      total 110080K, used 3587K [0x3c2c0000, 0x43700000, 0x51800000)
  eden space 102144K, 0% used [0x3c2c0000,0x3c2c0000,0x42680000)
  from space 7936K, 45% used [0x42f40000,0x432c0f70,0x43700000)
  to   space 8448K, 0% used [0x42680000,0x42680000,0x42ec0000)
 ParOldGen       total 22016K, used 13777K [0x11800000, 0x12d80000, 0x3c2c0000)
  object space 22016K, 62% used [0x11800000,0x12574490,0x12d80000)
 Metaspace       used 16072K, capacity 16368K, committed 16384K, reserved 16768K
}
Event: 10.434 GC heap before
{Heap before GC invocations=11 (full 1):
 PSYoungGen      total 110080K, used 3587K [0x3c2c0000, 0x43700000, 0x51800000)
  eden space 102144K, 0% used [0x3c2c0000,0x3c2c0000,0x42680000)
  from space 7936K, 45% used [0x42f40000,0x432c0f70,0x43700000)
  to   space 8448K, 0% used [0x42680000,0x42680000,0x42ec0000)
 ParOldGen       total 22016K, used 13777K [0x11800000, 0x12d80000, 0x3c2c0000)
  object space 22016K, 62% used [0x11800000,0x12574490,0x12d80000)
 Metaspace       used 16072K, capacity 16368K, committed 16384K, reserved 16768K
Event: 10.542 GC heap after
Heap after GC invocations=11 (full 1):
 PSYoungGen      total 110080K, used 0K [0x3c2c0000, 0x43700000, 0x51800000)
  eden space 102144K, 0% used [0x3c2c0000,0x3c2c0000,0x42680000)
  from space 7936K, 0% used [0x42f40000,0x42f40000,0x43700000)
  to   space 8448K, 0% used [0x42680000,0x42680000,0x42ec0000)
 ParOldGen       total 21504K, used 7783K [0x11800000, 0x12d00000, 0x3c2c0000)
  object space 21504K, 36% used [0x11800000,0x11f99f58,0x12d00000)
 Metaspace       used 16072K, capacity 16368K, committed 16384K, reserved 16768K
}

