# JRE version: OpenJDK Runtime Environment (8.0_212-b04) (build 1.8.0_212-release-1586-b04)
# Java VM: OpenJDK Server VM (25.212-b04 mixed mode windows-x86 )
Heap:
 PSYoungGen      total 111360K, used 83249K [0x3b8c0000, 0x42dc0000, 0x50e00000)
  eden space 102912K, 72% used [0x3b8c0000,0x401d05a8,0x41d40000)
  from space 8448K, 99% used [0x41d40000,0x4257c1d8,0x42580000)
  to   space 7936K, 0% used [0x42600000,0x42600000,0x42dc0000)
 ParOldGen       total 20992K, used 8157K [0x10e00000, 0x12280000, 0x3b8c0000)
  object space 20992K, 38% used [0x10e00000,0x115f7560,0x12280000)
 Metaspace       used 23679K, capacity 24162K, committed 24192K, reserved 24960K
GC Heap History (10 events):
Event: 6.028 GC heap before
{Heap before GC invocations=8 (full 0):
 PSYoungGen      total 35584K, used 35581K [0x3b8c0000, 0x401c0000, 0x50e00000)
  eden space 32768K, 100% used [0x3b8c0000,0x3d8c0000,0x3d8c0000)
  from space 2816K, 99% used [0x3d8c0000,0x3db7f6c8,0x3db80000)
  to   space 4608K, 0% used [0x3fd40000,0x3fd40000,0x401c0000)
 ParOldGen       total 22016K, used 5408K [0x10e00000, 0x12380000, 0x3b8c0000)
  object space 22016K, 24% used [0x10e00000,0x113481f0,0x12380000)
 Metaspace       used 9962K, capacity 10250K, committed 10368K, reserved 10624K
Event: 6.073 GC heap after
Heap after GC invocations=8 (full 0):
 PSYoungGen      total 68864K, used 4593K [0x3b8c0000, 0x40440000, 0x50e00000)
  eden space 64256K, 0% used [0x3b8c0000,0x3b8c0000,0x3f780000)
  from space 4608K, 99% used [0x3fd40000,0x401bc578,0x401c0000)
  to   space 5888K, 0% used [0x3f780000,0x3f780000,0x3fd40000)
 ParOldGen       total 22016K, used 6417K [0x10e00000, 0x12380000, 0x3b8c0000)
  object space 22016K, 29% used [0x10e00000,0x114445f0,0x12380000)
 Metaspace       used 9962K, capacity 10250K, committed 10368K, reserved 10624K
}
Event: 8.504 GC heap before
{Heap before GC invocations=9 (full 0):
 PSYoungGen      total 68864K, used 68849K [0x3b8c0000, 0x40440000, 0x50e00000)
  eden space 64256K, 100% used [0x3b8c0000,0x3f780000,0x3f780000)
  from space 4608K, 99% used [0x3fd40000,0x401bc578,0x401c0000)
  to   space 5888K, 0% used [0x3f780000,0x3f780000,0x3fd40000)
 ParOldGen       total 22016K, used 6417K [0x10e00000, 0x12380000, 0x3b8c0000)
  object space 22016K, 29% used [0x10e00000,0x114445f0,0x12380000)
 Metaspace       used 15906K, capacity 16208K, committed 16256K, reserved 16768K
Event: 8.545 GC heap after
Heap after GC invocations=9 (full 0):
 PSYoungGen      total 70144K, used 5887K [0x3b8c0000, 0x42ec0000, 0x50e00000)
  eden space 64256K, 0% used [0x3b8c0000,0x3b8c0000,0x3f780000)
  from space 5888K, 99% used [0x3f780000,0x3fd3ff10,0x3fd40000)
  to   space 8960K, 0% used [0x42600000,0x42600000,0x42ec0000)
 ParOldGen       total 22016K, used 12121K [0x10e00000, 0x12380000, 0x3b8c0000)
  object space 22016K, 55% used [0x10e00000,0x119d6590,0x12380000)
 Metaspace       used 15906K, capacity 16208K, committed 16256K, reserved 16768K
}
Event: 8.590 GC heap before
{Heap before GC invocations=10 (full 0):
 PSYoungGen      total 70144K, used 8070K [0x3b8c0000, 0x42ec0000, 0x50e00000)
  eden space 64256K, 3% used [0x3b8c0000,0x3bae1a80,0x3f780000)
  from space 5888K, 99% used [0x3f780000,0x3fd3ff10,0x3fd40000)
  to   space 8960K, 0% used [0x42600000,0x42600000,0x42ec0000)
 ParOldGen       total 22016K, used 12121K [0x10e00000, 0x12380000, 0x3b8c0000)
  object space 22016K, 55% used [0x10e00000,0x119d6590,0x12380000)
 Metaspace       used 16064K, capacity 16368K, committed 16384K, reserved 16768K
Event: 8.613 GC heap after
Heap after GC invocations=10 (full 0):
 PSYoungGen      total 110848K, used 3524K [0x3b8c0000, 0x42dc0000, 0x50e00000)
  eden space 102912K, 0% used [0x3b8c0000,0x3b8c0000,0x41d40000)
  from space 7936K, 44% used [0x42600000,0x429711c8,0x42dc0000)
  to   space 8448K, 0% used [0x41d40000,0x41d40000,0x42580000)
 ParOldGen       total 22016K, used 14201K [0x10e00000, 0x12380000, 0x3b8c0000)
  object space 22016K, 64% used [0x10e00000,0x11bde4b8,0x12380000)
 Metaspace       used 16064K, capacity 16368K, committed 16384K, reserved 16768K
}
Event: 8.613 GC heap before
{Heap before GC invocations=11 (full 1):
 PSYoungGen      total 110848K, used 3524K [0x3b8c0000, 0x42dc0000, 0x50e00000)
  eden space 102912K, 0% used [0x3b8c0000,0x3b8c0000,0x41d40000)
  from space 7936K, 44% used [0x42600000,0x429711c8,0x42dc0000)
  to   space 8448K, 0% used [0x41d40000,0x41d40000,0x42580000)
 ParOldGen       total 22016K, used 14201K [0x10e00000, 0x12380000, 0x3b8c0000)
  object space 22016K, 64% used [0x10e00000,0x11bde4b8,0x12380000)
 Metaspace       used 16064K, capacity 16368K, committed 16384K, reserved 16768K
Event: 8.719 GC heap after
Heap after GC invocations=11 (full 1):
 PSYoungGen      total 110848K, used 0K [0x3b8c0000, 0x42dc0000, 0x50e00000)
  eden space 102912K, 0% used [0x3b8c0000,0x3b8c0000,0x41d40000)
  from space 7936K, 0% used [0x42600000,0x42600000,0x42dc0000)
  to   space 8448K, 0% used [0x41d40000,0x41d40000,0x42580000)
 ParOldGen       total 20992K, used 7707K [0x10e00000, 0x12280000, 0x3b8c0000)
  object space 20992K, 36% used [0x10e00000,0x11586c08,0x12280000)
 Metaspace       used 16064K, capacity 16368K, committed 16384K, reserved 16768K
}
Event: 11.155 GC heap before
{Heap before GC invocations=12 (full 1):
 PSYoungGen      total 110848K, used 102912K [0x3b8c0000, 0x42dc0000, 0x50e00000)
  eden space 102912K, 100% used [0x3b8c0000,0x41d40000,0x41d40000)
  from space 7936K, 0% used [0x42600000,0x42600000,0x42dc0000)
  to   space 8448K, 0% used [0x41d40000,0x41d40000,0x42580000)
 ParOldGen       total 20992K, used 7707K [0x10e00000, 0x12280000, 0x3b8c0000)
  object space 20992K, 36% used [0x10e00000,0x11586c08,0x12280000)
 Metaspace       used 21386K, capacity 21748K, committed 21888K, reserved 21888K
Event: 11.209 GC heap after
Heap after GC invocations=12 (full 1):
 PSYoungGen      total 111360K, used 8432K [0x3b8c0000, 0x42dc0000, 0x50e00000)
  eden space 102912K, 0% used [0x3b8c0000,0x3b8c0000,0x41d40000)
  from space 8448K, 99% used [0x41d40000,0x4257c1d8,0x42580000)
  to   space 7936K, 0% used [0x42600000,0x42600000,0x42dc0000)
 ParOldGen       total 20992K, used 8157K [0x10e00000, 0x12280000, 0x3b8c0000)
  object space 20992K, 38% used [0x10e00000,0x115f7560,0x12280000)
 Metaspace       used 21386K, capacity 21748K, committed 21888K, reserved 21888K
}

