# JRE version: OpenJDK Runtime Environment (8.0_212-b04) (build 1.8.0_212-release-1586-b04)
# Java VM: OpenJDK Server VM (25.212-b04 mixed mode windows-x86 )
Heap:
 PSYoungGen      total 305920K, used 83641K [0x3c4c0000, 0x51740000, 0x51a00000)
  eden space 265728K, 27% used [0x3c4c0000,0x40b36628,0x4c840000)
  from space 40192K, 28% used [0x4f000000,0x4fb37e80,0x51740000)
  to   space 40448K, 0% used [0x4c840000,0x4c840000,0x4efc0000)
 ParOldGen       total 111360K, used 68687K [0x11a00000, 0x186c0000, 0x3c4c0000)
  object space 111360K, 61% used [0x11a00000,0x15d13db8,0x186c0000)
 Metaspace       used 60042K, capacity 61775K, committed 61824K, reserved 61824K
GC Heap History (10 events):
Event: 206.694 GC heap before
{Heap before GC invocations=23 (full 4):
 PSYoungGen      total 253696K, used 22781K [0x3c4c0000, 0x51a00000, 0x51a00000)
  eden space 230912K, 0% used [0x3c4c0000,0x3c4c0000,0x4a640000)
  from space 22784K, 99% used [0x4a640000,0x4bc7f678,0x4bc80000)
  to   space 44288K, 0% used [0x4eec0000,0x4eec0000,0x51a00000)
 ParOldGen       total 83456K, used 83392K [0x11a00000, 0x16b80000, 0x3c4c0000)
  object space 83456K, 99% used [0x11a00000,0x16b70100,0x16b80000)
 Metaspace       used 51279K, capacity 52578K, committed 52608K, reserved 52608K
Event: 209.550 GC heap after
Heap after GC invocations=23 (full 4):
 PSYoungGen      total 253696K, used 18201K [0x3c4c0000, 0x51a00000, 0x51a00000)
  eden space 230912K, 0% used [0x3c4c0000,0x3c4c0000,0x4a640000)
  from space 22784K, 79% used [0x4a640000,0x4b806438,0x4bc80000)
  to   space 44288K, 0% used [0x4eec0000,0x4eec0000,0x51a00000)
 ParOldGen       total 123904K, used 83320K [0x11a00000, 0x19300000, 0x3c4c0000)
  object space 123904K, 67% used [0x11a00000,0x16b5e0c0,0x19300000)
 Metaspace       used 51262K, capacity 52536K, committed 52608K, reserved 52608K
}
Event: 222.405 GC heap before
{Heap before GC invocations=24 (full 4):
 PSYoungGen      total 253696K, used 249113K [0x3c4c0000, 0x51a00000, 0x51a00000)
  eden space 230912K, 100% used [0x3c4c0000,0x4a640000,0x4a640000)
  from space 22784K, 79% used [0x4a640000,0x4b806438,0x4bc80000)
  to   space 44288K, 0% used [0x4eec0000,0x4eec0000,0x51a00000)
 ParOldGen       total 123904K, used 83320K [0x11a00000, 0x19300000, 0x3c4c0000)
  object space 123904K, 67% used [0x11a00000,0x16b5e0c0,0x19300000)
 Metaspace       used 53691K, capacity 55141K, committed 55168K, reserved 55680K
Event: 222.589 GC heap after
Heap after GC invocations=24 (full 4):
 PSYoungGen      total 308224K, used 14225K [0x3c4c0000, 0x51a00000, 0x51a00000)
  eden space 263936K, 0% used [0x3c4c0000,0x3c4c0000,0x4c680000)
  from space 44288K, 32% used [0x4eec0000,0x4fca47a0,0x51a00000)
  to   space 41216K, 0% used [0x4c680000,0x4c680000,0x4eec0000)
 ParOldGen       total 123904K, used 95118K [0x11a00000, 0x19300000, 0x3c4c0000)
  object space 123904K, 76% used [0x11a00000,0x176e3820,0x19300000)
 Metaspace       used 53691K, capacity 55141K, committed 55168K, reserved 55680K
}
Event: 917.071 GC heap before
{Heap before GC invocations=25 (full 4):
 PSYoungGen      total 308224K, used 278161K [0x3c4c0000, 0x51a00000, 0x51a00000)
  eden space 263936K, 100% used [0x3c4c0000,0x4c680000,0x4c680000)
  from space 44288K, 32% used [0x4eec0000,0x4fca47a0,0x51a00000)
  to   space 41216K, 0% used [0x4c680000,0x4c680000,0x4eec0000)
 ParOldGen       total 123904K, used 95118K [0x11a00000, 0x19300000, 0x3c4c0000)
  object space 123904K, 76% used [0x11a00000,0x176e3820,0x19300000)
 Metaspace       used 58566K, capacity 60221K, committed 60288K, reserved 60800K
Event: 931.111 GC heap after
Heap after GC invocations=25 (full 4):
 PSYoungGen      total 305152K, used 25268K [0x3c4c0000, 0x51980000, 0x51a00000)
  eden space 263936K, 0% used [0x3c4c0000,0x3c4c0000,0x4c680000)
  from space 41216K, 61% used [0x4c680000,0x4df2d278,0x4eec0000)
  to   space 42496K, 0% used [0x4f000000,0x4f000000,0x51980000)
 ParOldGen       total 123904K, used 103323K [0x11a00000, 0x19300000, 0x3c4c0000)
  object space 123904K, 83% used [0x11a00000,0x17ee6da0,0x19300000)
 Metaspace       used 58566K, capacity 60221K, committed 60288K, reserved 60800K
}
Event: 931.111 GC heap before
{Heap before GC invocations=26 (full 5):
 PSYoungGen      total 305152K, used 25268K [0x3c4c0000, 0x51980000, 0x51a00000)
  eden space 263936K, 0% used [0x3c4c0000,0x3c4c0000,0x4c680000)
  from space 41216K, 61% used [0x4c680000,0x4df2d278,0x4eec0000)
  to   space 42496K, 0% used [0x4f000000,0x4f000000,0x51980000)
 ParOldGen       total 123904K, used 103323K [0x11a00000, 0x19300000, 0x3c4c0000)
  object space 123904K, 83% used [0x11a00000,0x17ee6da0,0x19300000)
 Metaspace       used 58566K, capacity 60221K, committed 60288K, reserved 60800K
Event: 943.835 GC heap after
Heap after GC invocations=26 (full 5):
 PSYoungGen      total 305152K, used 0K [0x3c4c0000, 0x51980000, 0x51a00000)
  eden space 263936K, 0% used [0x3c4c0000,0x3c4c0000,0x4c680000)
  from space 41216K, 0% used [0x4c680000,0x4c680000,0x4eec0000)
  to   space 42496K, 0% used [0x4f000000,0x4f000000,0x51980000)
 ParOldGen       total 111360K, used 68683K [0x11a00000, 0x186c0000, 0x3c4c0000)
  object space 111360K, 61% used [0x11a00000,0x15d12db8,0x186c0000)
 Metaspace       used 58563K, capacity 60211K, committed 60288K, reserved 60800K
}
Event: 1958.716 GC heap before
{Heap before GC invocations=27 (full 5):
 PSYoungGen      total 305152K, used 263936K [0x3c4c0000, 0x51980000, 0x51a00000)
  eden space 263936K, 100% used [0x3c4c0000,0x4c680000,0x4c680000)
  from space 41216K, 0% used [0x4c680000,0x4c680000,0x4eec0000)
  to   space 42496K, 0% used [0x4f000000,0x4f000000,0x51980000)
 ParOldGen       total 111360K, used 68683K [0x11a00000, 0x186c0000, 0x3c4c0000)
  object space 111360K, 61% used [0x11a00000,0x15d12db8,0x186c0000)
 Metaspace       used 59958K, capacity 61669K, committed 61696K, reserved 61824K
Event: 1962.921 GC heap after
Heap after GC invocations=27 (full 5):
 PSYoungGen      total 305920K, used 11487K [0x3c4c0000, 0x51740000, 0x51a00000)
  eden space 265728K, 0% used [0x3c4c0000,0x3c4c0000,0x4c840000)
  from space 40192K, 28% used [0x4f000000,0x4fb37e80,0x51740000)
  to   space 40448K, 0% used [0x4c840000,0x4c840000,0x4efc0000)
 ParOldGen       total 111360K, used 68687K [0x11a00000, 0x186c0000, 0x3c4c0000)
  object space 111360K, 61% used [0x11a00000,0x15d13db8,0x186c0000)
 Metaspace       used 59958K, capacity 61669K, committed 61696K, reserved 61824K
}

