# JRE version: OpenJDK Runtime Environment (8.0_212-b04) (build 1.8.0_212-release-1586-b04)
# Java VM: OpenJDK Server VM (25.212-b04 mixed mode windows-x86 )
Heap:
 PSYoungGen      total 252928K, used 37761K [0x3bec0000, 0x51300000, 0x51400000)
  eden space 239616K, 10% used [0x3bec0000,0x3d6a0b48,0x4a8c0000)
  from space 13312K, 99% used [0x4c2c0000,0x4cfbf948,0x4cfc0000)
  to   space 26624K, 0% used [0x4a8c0000,0x4a8c0000,0x4c2c0000)
 ParOldGen       total 69376K, used 50470K [0x11400000, 0x157c0000, 0x3bec0000)
  object space 69376K, 72% used [0x11400000,0x14549b70,0x157c0000)
 Metaspace       used 57240K, capacity 58888K, committed 59008K, reserved 59776K
GC Heap History (10 events):
Event: 127.739 GC heap before
{Heap before GC invocations=17 (full 2):
 PSYoungGen      total 179712K, used 179710K [0x3bec0000, 0x48780000, 0x51400000)
  eden space 168448K, 100% used [0x3bec0000,0x46340000,0x46340000)
  from space 11264K, 99% used [0x47180000,0x47c7fb48,0x47c80000)
  to   space 14592K, 0% used [0x46340000,0x46340000,0x47180000)
 ParOldGen       total 39168K, used 20399K [0x11400000, 0x13a40000, 0x3bec0000)
  object space 39168K, 52% used [0x11400000,0x127ebfa8,0x13a40000)
 Metaspace       used 41386K, capacity 42556K, committed 42624K, reserved 43392K
Event: 131.934 GC heap after
Heap after GC invocations=17 (full 2):
 PSYoungGen      total 183040K, used 14586K [0x3bec0000, 0x4d680000, 0x51400000)
  eden space 168448K, 0% used [0x3bec0000,0x3bec0000,0x46340000)
  from space 14592K, 99% used [0x46340000,0x4717e878,0x47180000)
  to   space 20224K, 0% used [0x4c2c0000,0x4c2c0000,0x4d680000)
 ParOldGen       total 39168K, used 28439K [0x11400000, 0x13a40000, 0x3bec0000)
  object space 39168K, 72% used [0x11400000,0x12fc5d20,0x13a40000)
 Metaspace       used 41386K, capacity 42556K, committed 42624K, reserved 43392K
}
Event: 157.899 GC heap before
{Heap before GC invocations=18 (full 2):
 PSYoungGen      total 183040K, used 89903K [0x3bec0000, 0x4d680000, 0x51400000)
  eden space 168448K, 44% used [0x3bec0000,0x4084d3b8,0x46340000)
  from space 14592K, 99% used [0x46340000,0x4717e878,0x47180000)
  to   space 20224K, 0% used [0x4c2c0000,0x4c2c0000,0x4d680000)
 ParOldGen       total 39168K, used 28439K [0x11400000, 0x13a40000, 0x3bec0000)
  object space 39168K, 72% used [0x11400000,0x12fc5d20,0x13a40000)
 Metaspace       used 44282K, capacity 45488K, committed 45516K, reserved 46464K
Event: 158.079 GC heap after
Heap after GC invocations=18 (full 2):
 PSYoungGen      total 254976K, used 6835K [0x3bec0000, 0x4cfc0000, 0x51400000)
  eden space 241664K, 0% used [0x3bec0000,0x3bec0000,0x4aac0000)
  from space 13312K, 51% used [0x4c2c0000,0x4c96cf40,0x4cfc0000)
  to   space 18944K, 0% used [0x4aac0000,0x4aac0000,0x4bd40000)
 ParOldGen       total 39168K, used 37872K [0x11400000, 0x13a40000, 0x3bec0000)
  object space 39168K, 96% used [0x11400000,0x138fc270,0x13a40000)
 Metaspace       used 44282K, capacity 45488K, committed 45516K, reserved 46464K
}
Event: 158.099 GC heap before
{Heap before GC invocations=19 (full 3):
 PSYoungGen      total 254976K, used 6835K [0x3bec0000, 0x4cfc0000, 0x51400000)
  eden space 241664K, 0% used [0x3bec0000,0x3bec0000,0x4aac0000)
  from space 13312K, 51% used [0x4c2c0000,0x4c96cf40,0x4cfc0000)
  to   space 18944K, 0% used [0x4aac0000,0x4aac0000,0x4bd40000)
 ParOldGen       total 39168K, used 37872K [0x11400000, 0x13a40000, 0x3bec0000)
  object space 39168K, 96% used [0x11400000,0x138fc270,0x13a40000)
 Metaspace       used 44282K, capacity 45488K, committed 45516K, reserved 46464K
Event: 160.756 GC heap after
Heap after GC invocations=19 (full 3):
 PSYoungGen      total 254976K, used 0K [0x3bec0000, 0x4cfc0000, 0x51400000)
  eden space 241664K, 0% used [0x3bec0000,0x3bec0000,0x4aac0000)
  from space 13312K, 0% used [0x4c2c0000,0x4c2c0000,0x4cfc0000)
  to   space 18944K, 0% used [0x4aac0000,0x4aac0000,0x4bd40000)
 ParOldGen       total 69376K, used 38142K [0x11400000, 0x157c0000, 0x3bec0000)
  object space 69376K, 54% used [0x11400000,0x1393f9f0,0x157c0000)
 Metaspace       used 44254K, capacity 45408K, committed 45516K, reserved 46464K
}
Event: 210.858 GC heap before
{Heap before GC invocations=20 (full 3):
 PSYoungGen      total 254976K, used 241664K [0x3bec0000, 0x4cfc0000, 0x51400000)
  eden space 241664K, 100% used [0x3bec0000,0x4aac0000,0x4aac0000)
  from space 13312K, 0% used [0x4c2c0000,0x4c2c0000,0x4cfc0000)
  to   space 18944K, 0% used [0x4aac0000,0x4aac0000,0x4bd40000)
 ParOldGen       total 69376K, used 38142K [0x11400000, 0x157c0000, 0x3bec0000)
  object space 69376K, 54% used [0x11400000,0x1393f9f0,0x157c0000)
 Metaspace       used 51503K, capacity 52932K, committed 52992K, reserved 53632K
Event: 211.176 GC heap after
Heap after GC invocations=20 (full 3):
 PSYoungGen      total 260608K, used 16949K [0x3bec0000, 0x4cfc0000, 0x51400000)
  eden space 241664K, 0% used [0x3bec0000,0x3bec0000,0x4aac0000)
  from space 18944K, 89% used [0x4aac0000,0x4bb4d468,0x4bd40000)
  to   space 13312K, 0% used [0x4c2c0000,0x4c2c0000,0x4cfc0000)
 ParOldGen       total 69376K, used 38154K [0x11400000, 0x157c0000, 0x3bec0000)
  object space 69376K, 54% used [0x11400000,0x139429f0,0x157c0000)
 Metaspace       used 51503K, capacity 52932K, committed 52992K, reserved 53632K
}
Event: 4512.947 GC heap before
{Heap before GC invocations=21 (full 3):
 PSYoungGen      total 260608K, used 258613K [0x3bec0000, 0x4cfc0000, 0x51400000)
  eden space 241664K, 100% used [0x3bec0000,0x4aac0000,0x4aac0000)
  from space 18944K, 89% used [0x4aac0000,0x4bb4d468,0x4bd40000)
  to   space 13312K, 0% used [0x4c2c0000,0x4c2c0000,0x4cfc0000)
 ParOldGen       total 69376K, used 38154K [0x11400000, 0x157c0000, 0x3bec0000)
  object space 69376K, 54% used [0x11400000,0x139429f0,0x157c0000)
 Metaspace       used 56479K, capacity 58111K, committed 58240K, reserved 58752K
Event: 4576.856 GC heap after
Heap after GC invocations=21 (full 3):
 PSYoungGen      total 252928K, used 13310K [0x3bec0000, 0x51300000, 0x51400000)
  eden space 239616K, 0% used [0x3bec0000,0x3bec0000,0x4a8c0000)
  from space 13312K, 99% used [0x4c2c0000,0x4cfbf948,0x4cfc0000)
  to   space 26624K, 0% used [0x4a8c0000,0x4a8c0000,0x4c2c0000)
 ParOldGen       total 69376K, used 50470K [0x11400000, 0x157c0000, 0x3bec0000)
  object space 69376K, 72% used [0x11400000,0x14549b70,0x157c0000)
 Metaspace       used 56479K, capacity 58111K, committed 58240K, reserved 58752K
}

