# JRE version: OpenJDK Runtime Environment (8.0_212-b04) (build 1.8.0_212-release-1586-b04)
# Java VM: OpenJDK Server VM (25.212-b04 mixed mode windows-x86 )
Heap:
 PSYoungGen      total 240128K, used 150323K [0x3bac0000, 0x51000000, 0x51000000)
  eden space 224768K, 64% used [0x3bac0000,0x44754a98,0x49640000)
  from space 15360K, 41% used [0x49640000,0x49c781f0,0x4a540000)
  to   space 28160K, 0% used [0x4f480000,0x4f480000,0x51000000)
 ParOldGen       total 80128K, used 50476K [0x11000000, 0x15e40000, 0x3bac0000)
  object space 80128K, 62% used [0x11000000,0x1414b128,0x15e40000)
 Metaspace       used 44057K, capacity 45242K, committed 45312K, reserved 45440K
GC Heap History (10 events):
Event: 47.042 GC heap before
{Heap before GC invocations=14 (full 1):
 PSYoungGen      total 163584K, used 20342K [0x3bac0000, 0x46680000, 0x51000000)
  eden space 153856K, 7% used [0x3bac0000,0x3c5e0a00,0x45100000)
  from space 9728K, 91% used [0x45cc0000,0x4657d038,0x46640000)
  to   space 11008K, 0% used [0x45100000,0x45100000,0x45bc0000)
 ParOldGen       total 22016K, used 12008K [0x11000000, 0x12580000, 0x3bac0000)
  object space 22016K, 54% used [0x11000000,0x11bba088,0x12580000)
 Metaspace       used 26683K, capacity 27251K, committed 27308K, reserved 28032K
Event: 47.076 GC heap after
Heap after GC invocations=14 (full 1):
 PSYoungGen      total 164864K, used 1349K [0x3bac0000, 0x4b0c0000, 0x51000000)
  eden space 153856K, 0% used [0x3bac0000,0x3bac0000,0x45100000)
  from space 11008K, 12% used [0x45100000,0x452517a0,0x45bc0000)
  to   space 11008K, 0% used [0x4a600000,0x4a600000,0x4b0c0000)
 ParOldGen       total 22016K, used 16246K [0x11000000, 0x12580000, 0x3bac0000)
  object space 22016K, 73% used [0x11000000,0x11fddbd0,0x12580000)
 Metaspace       used 26683K, capacity 27251K, committed 27308K, reserved 28032K
}
Event: 47.076 GC heap before
{Heap before GC invocations=15 (full 2):
 PSYoungGen      total 164864K, used 1349K [0x3bac0000, 0x4b0c0000, 0x51000000)
  eden space 153856K, 0% used [0x3bac0000,0x3bac0000,0x45100000)
  from space 11008K, 12% used [0x45100000,0x452517a0,0x45bc0000)
  to   space 11008K, 0% used [0x4a600000,0x4a600000,0x4b0c0000)
 ParOldGen       total 22016K, used 16246K [0x11000000, 0x12580000, 0x3bac0000)
  object space 22016K, 73% used [0x11000000,0x11fddbd0,0x12580000)
 Metaspace       used 26683K, capacity 27251K, committed 27308K, reserved 28032K
Event: 47.287 GC heap after
Heap after GC invocations=15 (full 2):
 PSYoungGen      total 164864K, used 0K [0x3bac0000, 0x4b0c0000, 0x51000000)
  eden space 153856K, 0% used [0x3bac0000,0x3bac0000,0x45100000)
  from space 11008K, 0% used [0x45100000,0x45100000,0x45bc0000)
  to   space 11008K, 0% used [0x4a600000,0x4a600000,0x4b0c0000)
 ParOldGen       total 32256K, used 15826K [0x11000000, 0x12f80000, 0x3bac0000)
  object space 32256K, 49% used [0x11000000,0x11f74818,0x12f80000)
 Metaspace       used 26681K, capacity 27248K, committed 27308K, reserved 28032K
}
Event: 58.424 GC heap before
{Heap before GC invocations=16 (full 2):
 PSYoungGen      total 164864K, used 153856K [0x3bac0000, 0x4b0c0000, 0x51000000)
  eden space 153856K, 100% used [0x3bac0000,0x45100000,0x45100000)
  from space 11008K, 0% used [0x45100000,0x45100000,0x45bc0000)
  to   space 11008K, 0% used [0x4a600000,0x4a600000,0x4b0c0000)
 ParOldGen       total 32256K, used 15826K [0x11000000, 0x12f80000, 0x3bac0000)
  object space 32256K, 49% used [0x11000000,0x11f74818,0x12f80000)
 Metaspace       used 35259K, capacity 36167K, committed 36224K, reserved 36224K
Event: 58.491 GC heap after
Heap after GC invocations=16 (full 2):
 PSYoungGen      total 235776K, used 11004K [0x3bac0000, 0x4b440000, 0x51000000)
  eden space 224768K, 0% used [0x3bac0000,0x3bac0000,0x49640000)
  from space 11008K, 99% used [0x4a600000,0x4b0bf330,0x4b0c0000)
  to   space 15360K, 0% used [0x49640000,0x49640000,0x4a540000)
 ParOldGen       total 32256K, used 22820K [0x11000000, 0x12f80000, 0x3bac0000)
  object space 32256K, 70% used [0x11000000,0x126492a8,0x12f80000)
 Metaspace       used 35259K, capacity 36167K, committed 36224K, reserved 36224K
}
Event: 86.408 GC heap before
{Heap before GC invocations=17 (full 2):
 PSYoungGen      total 235776K, used 234276K [0x3bac0000, 0x4b440000, 0x51000000)
  eden space 224768K, 99% used [0x3bac0000,0x494c9e78,0x49640000)
  from space 11008K, 99% used [0x4a600000,0x4b0bf330,0x4b0c0000)
  to   space 15360K, 0% used [0x49640000,0x49640000,0x4a540000)
 ParOldGen       total 32256K, used 22820K [0x11000000, 0x12f80000, 0x3bac0000)
  object space 32256K, 70% used [0x11000000,0x126492a8,0x12f80000)
 Metaspace       used 40799K, capacity 41936K, committed 41984K, reserved 42368K
Event: 86.588 GC heap after
Heap after GC invocations=17 (full 2):
 PSYoungGen      total 240128K, used 15349K [0x3bac0000, 0x51000000, 0x51000000)
  eden space 224768K, 0% used [0x3bac0000,0x3bac0000,0x49640000)
  from space 15360K, 99% used [0x49640000,0x4a53d728,0x4a540000)
  to   space 28160K, 0% used [0x4f480000,0x4f480000,0x51000000)
 ParOldGen       total 50688K, used 50560K [0x11000000, 0x14180000, 0x3bac0000)
  object space 50688K, 99% used [0x11000000,0x141603a0,0x14180000)
 Metaspace       used 40799K, capacity 41936K, committed 41984K, reserved 42368K
}
Event: 86.588 GC heap before
{Heap before GC invocations=18 (full 3):
 PSYoungGen      total 240128K, used 15349K [0x3bac0000, 0x51000000, 0x51000000)
  eden space 224768K, 0% used [0x3bac0000,0x3bac0000,0x49640000)
  from space 15360K, 99% used [0x49640000,0x4a53d728,0x4a540000)
  to   space 28160K, 0% used [0x4f480000,0x4f480000,0x51000000)
 ParOldGen       total 50688K, used 50560K [0x11000000, 0x14180000, 0x3bac0000)
  object space 50688K, 99% used [0x11000000,0x141603a0,0x14180000)
 Metaspace       used 40799K, capacity 41936K, committed 41984K, reserved 42368K
Event: 87.224 GC heap after
Heap after GC invocations=18 (full 3):
 PSYoungGen      total 240128K, used 6368K [0x3bac0000, 0x51000000, 0x51000000)
  eden space 224768K, 0% used [0x3bac0000,0x3bac0000,0x49640000)
  from space 15360K, 41% used [0x49640000,0x49c781f0,0x4a540000)
  to   space 28160K, 0% used [0x4f480000,0x4f480000,0x51000000)
 ParOldGen       total 80128K, used 50476K [0x11000000, 0x15e40000, 0x3bac0000)
  object space 80128K, 62% used [0x11000000,0x1414b128,0x15e40000)
 Metaspace       used 40774K, capacity 41878K, committed 41984K, reserved 42368K
}

