# JRE version: OpenJDK Runtime Environment (8.0_212-b04) (build 1.8.0_212-release-1586-b04)
# Java VM: OpenJDK Server VM (25.212-b04 mixed mode windows-x86 )
Heap:
 PSYoungGen      total 247040K, used 165210K [0x3bcc0000, 0x4e500000, 0x51200000)
  eden space 215296K, 71% used [0x3bcc0000,0x453811c8,0x48f00000)
  from space 31744K, 34% used [0x48f00000,0x49995740,0x4ae00000)
  to   space 29952K, 0% used [0x4c7c0000,0x4c7c0000,0x4e500000)
 ParOldGen       total 80128K, used 49326K [0x11200000, 0x16040000, 0x3bcc0000)
  object space 80128K, 61% used [0x11200000,0x1422b8d8,0x16040000)
 Metaspace       used 59091K, capacity 60717K, committed 60800K, reserved 60800K
GC Heap History (10 events):
Event: 131.480 GC heap before
{Heap before GC invocations=22 (full 4):
 PSYoungGen      total 198144K, used 9457K [0x3bcc0000, 0x48f00000, 0x51200000)
  eden space 188672K, 0% used [0x3bcc0000,0x3bcc0000,0x47500000)
  from space 9472K, 99% used [0x48540000,0x48e7c580,0x48e80000)
  to   space 13312K, 0% used [0x47500000,0x47500000,0x48200000)
 ParOldGen       total 64768K, used 64576K [0x11200000, 0x15140000, 0x3bcc0000)
  object space 64768K, 99% used [0x11200000,0x151100f8,0x15140000)
 Metaspace       used 42461K, capacity 43599K, committed 43648K, reserved 44416K
Event: 133.606 GC heap after
Heap after GC invocations=22 (full 4):
 PSYoungGen      total 198144K, used 4039K [0x3bcc0000, 0x48f00000, 0x51200000)
  eden space 188672K, 0% used [0x3bcc0000,0x3bcc0000,0x47500000)
  from space 9472K, 42% used [0x48540000,0x48931ff0,0x48e80000)
  to   space 13312K, 0% used [0x47500000,0x47500000,0x48200000)
 ParOldGen       total 64768K, used 64524K [0x11200000, 0x15140000, 0x3bcc0000)
  object space 64768K, 99% used [0x11200000,0x15103160,0x15140000)
 Metaspace       used 42461K, capacity 43599K, committed 43648K, reserved 44416K
}
Event: 1196.923 GC heap before
{Heap before GC invocations=23 (full 5):
 PSYoungGen      total 198144K, used 192711K [0x3bcc0000, 0x48f00000, 0x51200000)
  eden space 188672K, 100% used [0x3bcc0000,0x47500000,0x47500000)
  from space 9472K, 42% used [0x48540000,0x48931ff0,0x48e80000)
  to   space 13312K, 0% used [0x47500000,0x47500000,0x48200000)
 ParOldGen       total 64768K, used 64524K [0x11200000, 0x15140000, 0x3bcc0000)
  object space 64768K, 99% used [0x11200000,0x15103160,0x15140000)
 Metaspace       used 47478K, capacity 48722K, committed 48768K, reserved 49536K
Event: 1253.293 GC heap after
Heap after GC invocations=23 (full 5):
 PSYoungGen      total 198144K, used 0K [0x3bcc0000, 0x48f00000, 0x51200000)
  eden space 188672K, 0% used [0x3bcc0000,0x3bcc0000,0x47500000)
  from space 9472K, 0% used [0x48540000,0x48540000,0x48e80000)
  to   space 13312K, 0% used [0x47500000,0x47500000,0x48200000)
 ParOldGen       total 80128K, used 42846K [0x11200000, 0x16040000, 0x3bcc0000)
  object space 80128K, 53% used [0x11200000,0x13bd7928,0x16040000)
 Metaspace       used 47478K, capacity 48722K, committed 48768K, reserved 49536K
}
Event: 1446.108 GC heap before
{Heap before GC invocations=24 (full 5):
 PSYoungGen      total 198144K, used 188672K [0x3bcc0000, 0x48f00000, 0x51200000)
  eden space 188672K, 100% used [0x3bcc0000,0x47500000,0x47500000)
  from space 9472K, 0% used [0x48540000,0x48540000,0x48e80000)
  to   space 13312K, 0% used [0x47500000,0x47500000,0x48200000)
 ParOldGen       total 80128K, used 42846K [0x11200000, 0x16040000, 0x3bcc0000)
  object space 80128K, 53% used [0x11200000,0x13bd7928,0x16040000)
 Metaspace       used 48155K, capacity 49384K, committed 49408K, reserved 49536K
Event: 1448.614 GC heap after
Heap after GC invocations=24 (full 5):
 PSYoungGen      total 201984K, used 13311K [0x3bcc0000, 0x4cb40000, 0x51200000)
  eden space 188672K, 0% used [0x3bcc0000,0x3bcc0000,0x47500000)
  from space 13312K, 99% used [0x47500000,0x481fff50,0x48200000)
  to   space 29440K, 0% used [0x4ae80000,0x4ae80000,0x4cb40000)
 ParOldGen       total 80128K, used 42970K [0x11200000, 0x16040000, 0x3bcc0000)
  object space 80128K, 53% used [0x11200000,0x13bf6808,0x16040000)
 Metaspace       used 48155K, capacity 49384K, committed 49408K, reserved 49536K
}
Event: 1499.384 GC heap before
{Heap before GC invocations=25 (full 5):
 PSYoungGen      total 201984K, used 201983K [0x3bcc0000, 0x4cb40000, 0x51200000)
  eden space 188672K, 100% used [0x3bcc0000,0x47500000,0x47500000)
  from space 13312K, 99% used [0x47500000,0x481fff50,0x48200000)
  to   space 29440K, 0% used [0x4ae80000,0x4ae80000,0x4cb40000)
 ParOldGen       total 80128K, used 42970K [0x11200000, 0x16040000, 0x3bcc0000)
  object space 80128K, 53% used [0x11200000,0x13bf6808,0x16040000)
 Metaspace       used 55967K, capacity 57362K, committed 57472K, reserved 57728K
Event: 1499.739 GC heap after
Heap after GC invocations=25 (full 5):
 PSYoungGen      total 244736K, used 22099K [0x3bcc0000, 0x4cd00000, 0x51200000)
  eden space 215296K, 0% used [0x3bcc0000,0x3bcc0000,0x48f00000)
  from space 29440K, 75% used [0x4ae80000,0x4c414f38,0x4cb40000)
  to   space 31744K, 0% used [0x48f00000,0x48f00000,0x4ae00000)
 ParOldGen       total 80128K, used 49322K [0x11200000, 0x16040000, 0x3bcc0000)
  object space 80128K, 61% used [0x11200000,0x1422a8d8,0x16040000)
 Metaspace       used 55967K, capacity 57362K, committed 57472K, reserved 57728K
}
Event: 1510.833 GC heap before
{Heap before GC invocations=26 (full 5):
 PSYoungGen      total 244736K, used 237395K [0x3bcc0000, 0x4cd00000, 0x51200000)
  eden space 215296K, 100% used [0x3bcc0000,0x48f00000,0x48f00000)
  from space 29440K, 75% used [0x4ae80000,0x4c414f38,0x4cb40000)
  to   space 31744K, 0% used [0x48f00000,0x48f00000,0x4ae00000)
 ParOldGen       total 80128K, used 49322K [0x11200000, 0x16040000, 0x3bcc0000)
  object space 80128K, 61% used [0x11200000,0x1422a8d8,0x16040000)
 Metaspace       used 58648K, capacity 60236K, committed 60288K, reserved 60800K
Event: 1510.929 GC heap after
Heap after GC invocations=26 (full 5):
 PSYoungGen      total 247040K, used 10837K [0x3bcc0000, 0x4e500000, 0x51200000)
  eden space 215296K, 0% used [0x3bcc0000,0x3bcc0000,0x48f00000)
  from space 31744K, 34% used [0x48f00000,0x49995740,0x4ae00000)
  to   space 29952K, 0% used [0x4c7c0000,0x4c7c0000,0x4e500000)
 ParOldGen       total 80128K, used 49326K [0x11200000, 0x16040000, 0x3bcc0000)
  object space 80128K, 61% used [0x11200000,0x1422b8d8,0x16040000)
 Metaspace       used 58648K, capacity 60236K, committed 60288K, reserved 60800K
}

