# JRE version: OpenJDK Runtime Environment (8.0_212-b04) (build 1.8.0_212-release-1586-b04)
# Java VM: OpenJDK Server VM (25.212-b04 mixed mode windows-x86 )
Heap:
 PSYoungGen      total 161536K, used 42083K [0x3c0c0000, 0x48f40000, 0x51600000)
  eden space 140800K, 29% used [0x3c0c0000,0x3e9d8ce8,0x44a40000)
  from space 20736K, 0% used [0x44a40000,0x44a40000,0x45e80000)
  to   space 22272K, 0% used [0x47980000,0x47980000,0x48f40000)
 ParOldGen       total 88832K, used 47316K [0x11600000, 0x16cc0000, 0x3c0c0000)
  object space 88832K, 53% used [0x11600000,0x14435120,0x16cc0000)
 Metaspace       used 46929K, capacity 48154K, committed 48256K, reserved 50560K
GC Heap History (10 events):
Event: 86.955 GC heap before
{Heap before GC invocations=22 (full 3):
 PSYoungGen      total 134144K, used 134138K [0x3c0c0000, 0x47080000, 0x51600000)
  eden space 122624K, 100% used [0x3c0c0000,0x43880000,0x43880000)
  from space 11520K, 99% used [0x44640000,0x4517ebb0,0x45180000)
  to   space 14080K, 0% used [0x43880000,0x43880000,0x44640000)
 ParOldGen       total 36352K, used 29800K [0x11600000, 0x13980000, 0x3c0c0000)
  object space 36352K, 81% used [0x11600000,0x1331a0e0,0x13980000)
 Metaspace       used 43218K, capacity 44359K, committed 44416K, reserved 44416K
Event: 87.023 GC heap after
Heap after GC invocations=22 (full 3):
 PSYoungGen      total 136704K, used 9040K [0x3c0c0000, 0x46cc0000, 0x51600000)
  eden space 122624K, 0% used [0x3c0c0000,0x3c0c0000,0x43880000)
  from space 14080K, 64% used [0x43880000,0x44154100,0x44640000)
  to   space 14592K, 0% used [0x45e80000,0x45e80000,0x46cc0000)
 ParOldGen       total 37376K, used 37297K [0x11600000, 0x13a80000, 0x3c0c0000)
  object space 37376K, 99% used [0x11600000,0x13a6c6c0,0x13a80000)
 Metaspace       used 43218K, capacity 44359K, committed 44416K, reserved 44416K
}
Event: 87.023 GC heap before
{Heap before GC invocations=23 (full 4):
 PSYoungGen      total 136704K, used 9040K [0x3c0c0000, 0x46cc0000, 0x51600000)
  eden space 122624K, 0% used [0x3c0c0000,0x3c0c0000,0x43880000)
  from space 14080K, 64% used [0x43880000,0x44154100,0x44640000)
  to   space 14592K, 0% used [0x45e80000,0x45e80000,0x46cc0000)
 ParOldGen       total 37376K, used 37297K [0x11600000, 0x13a80000, 0x3c0c0000)
  object space 37376K, 99% used [0x11600000,0x13a6c6c0,0x13a80000)
 Metaspace       used 43218K, capacity 44359K, committed 44416K, reserved 44416K
Event: 87.578 GC heap after
Heap after GC invocations=23 (full 4):
 PSYoungGen      total 136704K, used 1006K [0x3c0c0000, 0x46cc0000, 0x51600000)
  eden space 122624K, 0% used [0x3c0c0000,0x3c0c0000,0x43880000)
  from space 14080K, 7% used [0x43880000,0x4397bb88,0x44640000)
  to   space 14592K, 0% used [0x45e80000,0x45e80000,0x46cc0000)
 ParOldGen       total 66048K, used 37263K [0x11600000, 0x15680000, 0x3c0c0000)
  object space 66048K, 56% used [0x11600000,0x13a63f20,0x15680000)
 Metaspace       used 43202K, capacity 44319K, committed 44416K, reserved 44416K
}
Event: 94.423 GC heap before
{Heap before GC invocations=24 (full 4):
 PSYoungGen      total 136704K, used 121684K [0x3c0c0000, 0x46cc0000, 0x51600000)
  eden space 122624K, 98% used [0x3c0c0000,0x43699590,0x43880000)
  from space 14080K, 7% used [0x43880000,0x4397bb88,0x44640000)
  to   space 14592K, 0% used [0x45e80000,0x45e80000,0x46cc0000)
 ParOldGen       total 66048K, used 37263K [0x11600000, 0x15680000, 0x3c0c0000)
  object space 66048K, 56% used [0x11600000,0x13a63f20,0x15680000)
 Metaspace       used 43665K, capacity 44809K, committed 44928K, reserved 45440K
Event: 94.585 GC heap after
Heap after GC invocations=24 (full 4):
 PSYoungGen      total 155392K, used 14577K [0x3c0c0000, 0x47a40000, 0x51600000)
  eden space 140800K, 0% used [0x3c0c0000,0x3c0c0000,0x44a40000)
  from space 14592K, 99% used [0x45e80000,0x46cbc558,0x46cc0000)
  to   space 20736K, 0% used [0x44a40000,0x44a40000,0x45e80000)
 ParOldGen       total 66048K, used 47986K [0x11600000, 0x15680000, 0x3c0c0000)
  object space 66048K, 72% used [0x11600000,0x144dcaf8,0x15680000)
 Metaspace       used 43665K, capacity 44809K, committed 44928K, reserved 45440K
}
Event: 142.708 GC heap before
{Heap before GC invocations=25 (full 4):
 PSYoungGen      total 155392K, used 155377K [0x3c0c0000, 0x47a40000, 0x51600000)
  eden space 140800K, 100% used [0x3c0c0000,0x44a40000,0x44a40000)
  from space 14592K, 99% used [0x45e80000,0x46cbc558,0x46cc0000)
  to   space 20736K, 0% used [0x44a40000,0x44a40000,0x45e80000)
 ParOldGen       total 66048K, used 47986K [0x11600000, 0x15680000, 0x3c0c0000)
  object space 66048K, 72% used [0x11600000,0x144dcaf8,0x15680000)
 Metaspace       used 46452K, capacity 47634K, committed 47744K, reserved 48512K
Event: 142.799 GC heap after
Heap after GC invocations=25 (full 4):
 PSYoungGen      total 161536K, used 14937K [0x3c0c0000, 0x48f40000, 0x51600000)
  eden space 140800K, 0% used [0x3c0c0000,0x3c0c0000,0x44a40000)
  from space 20736K, 72% used [0x44a40000,0x458d65a8,0x45e80000)
  to   space 22272K, 0% used [0x47980000,0x47980000,0x48f40000)
 ParOldGen       total 66048K, used 62578K [0x11600000, 0x15680000, 0x3c0c0000)
  object space 66048K, 94% used [0x11600000,0x1531c8d0,0x15680000)
 Metaspace       used 46452K, capacity 47634K, committed 47744K, reserved 48512K
}
Event: 142.799 GC heap before
{Heap before GC invocations=26 (full 5):
 PSYoungGen      total 161536K, used 14937K [0x3c0c0000, 0x48f40000, 0x51600000)
  eden space 140800K, 0% used [0x3c0c0000,0x3c0c0000,0x44a40000)
  from space 20736K, 72% used [0x44a40000,0x458d65a8,0x45e80000)
  to   space 22272K, 0% used [0x47980000,0x47980000,0x48f40000)
 ParOldGen       total 66048K, used 62578K [0x11600000, 0x15680000, 0x3c0c0000)
  object space 66048K, 94% used [0x11600000,0x1531c8d0,0x15680000)
 Metaspace       used 46452K, capacity 47634K, committed 47744K, reserved 48512K
Event: 143.111 GC heap after
Heap after GC invocations=26 (full 5):
 PSYoungGen      total 161536K, used 0K [0x3c0c0000, 0x48f40000, 0x51600000)
  eden space 140800K, 0% used [0x3c0c0000,0x3c0c0000,0x44a40000)
  from space 20736K, 0% used [0x44a40000,0x44a40000,0x45e80000)
  to   space 22272K, 0% used [0x47980000,0x47980000,0x48f40000)
 ParOldGen       total 88832K, used 47316K [0x11600000, 0x16cc0000, 0x3c0c0000)
  object space 88832K, 53% used [0x11600000,0x14435120,0x16cc0000)
 Metaspace       used 46452K, capacity 47634K, committed 47744K, reserved 48512K
}

