# JRE version: OpenJDK Runtime Environment (8.0_212-b04) (build 1.8.0_212-release-1586-b04)
# Java VM: OpenJDK Server VM (25.212-b04 mixed mode windows-x86 )
Heap:
 PSYoungGen      total 34048K, used 15219K [0x3b6c0000, 0x3d940000, 0x50c00000)
  eden space 32768K, 46% used [0x3b6c0000,0x3c59cda0,0x3d6c0000)
  from space 1280K, 0% used [0x3d6c0000,0x3d6c0000,0x3d800000)
  to   space 1280K, 0% used [0x3d800000,0x3d800000,0x3d940000)
 ParOldGen       total 30464K, used 13267K [0x10c00000, 0x129c0000, 0x3b6c0000)
  object space 30464K, 43% used [0x10c00000,0x118f4ce0,0x129c0000)
 Metaspace       used 16756K, capacity 17073K, committed 17152K, reserved 17792K
GC Heap History (10 events):
Event: 6.063 GC heap before
{Heap before GC invocations=6 (full 0):
 PSYoungGen      total 34048K, used 34032K [0x3b6c0000, 0x3d940000, 0x50c00000)
  eden space 32768K, 100% used [0x3b6c0000,0x3d6c0000,0x3d6c0000)
  from space 1280K, 98% used [0x3d6c0000,0x3d7fc090,0x3d800000)
  to   space 1280K, 0% used [0x3d800000,0x3d800000,0x3d940000)
 ParOldGen       total 22016K, used 5665K [0x10c00000, 0x12180000, 0x3b6c0000)
  object space 22016K, 25% used [0x10c00000,0x11188528,0x12180000)
 Metaspace       used 9382K, capacity 9642K, committed 9728K, reserved 10624K
Event: 6.080 GC heap after
Heap after GC invocations=6 (full 0):
 PSYoungGen      total 34048K, used 1271K [0x3b6c0000, 0x3d940000, 0x50c00000)
  eden space 32768K, 0% used [0x3b6c0000,0x3b6c0000,0x3d6c0000)
  from space 1280K, 99% used [0x3d800000,0x3d93dd90,0x3d940000)
  to   space 1280K, 0% used [0x3d6c0000,0x3d6c0000,0x3d800000)
 ParOldGen       total 22016K, used 9170K [0x10c00000, 0x12180000, 0x3b6c0000)
  object space 22016K, 41% used [0x10c00000,0x114f4930,0x12180000)
 Metaspace       used 9382K, capacity 9642K, committed 9728K, reserved 10624K
}
Event: 7.693 GC heap before
{Heap before GC invocations=7 (full 0):
 PSYoungGen      total 34048K, used 34039K [0x3b6c0000, 0x3d940000, 0x50c00000)
  eden space 32768K, 100% used [0x3b6c0000,0x3d6c0000,0x3d6c0000)
  from space 1280K, 99% used [0x3d800000,0x3d93dd90,0x3d940000)
  to   space 1280K, 0% used [0x3d6c0000,0x3d6c0000,0x3d800000)
 ParOldGen       total 22016K, used 9170K [0x10c00000, 0x12180000, 0x3b6c0000)
  object space 22016K, 41% used [0x10c00000,0x114f4930,0x12180000)
 Metaspace       used 11186K, capacity 11468K, committed 11520K, reserved 11648K
Event: 7.711 GC heap after
Heap after GC invocations=7 (full 0):
 PSYoungGen      total 34048K, used 1276K [0x3b6c0000, 0x3d940000, 0x50c00000)
  eden space 32768K, 0% used [0x3b6c0000,0x3b6c0000,0x3d6c0000)
  from space 1280K, 99% used [0x3d6c0000,0x3d7ff0e8,0x3d800000)
  to   space 1280K, 0% used [0x3d800000,0x3d800000,0x3d940000)
 ParOldGen       total 22016K, used 12615K [0x10c00000, 0x12180000, 0x3b6c0000)
  object space 22016K, 57% used [0x10c00000,0x11851c10,0x12180000)
 Metaspace       used 11186K, capacity 11468K, committed 11520K, reserved 11648K
}
Event: 9.258 GC heap before
{Heap before GC invocations=8 (full 0):
 PSYoungGen      total 34048K, used 34044K [0x3b6c0000, 0x3d940000, 0x50c00000)
  eden space 32768K, 100% used [0x3b6c0000,0x3d6c0000,0x3d6c0000)
  from space 1280K, 99% used [0x3d6c0000,0x3d7ff0e8,0x3d800000)
  to   space 1280K, 0% used [0x3d800000,0x3d800000,0x3d940000)
 ParOldGen       total 22016K, used 12615K [0x10c00000, 0x12180000, 0x3b6c0000)
  object space 22016K, 57% used [0x10c00000,0x11851c10,0x12180000)
 Metaspace       used 13183K, capacity 13465K, committed 13568K, reserved 13696K
Event: 9.274 GC heap after
Heap after GC invocations=8 (full 0):
 PSYoungGen      total 34048K, used 1265K [0x3b6c0000, 0x3d940000, 0x50c00000)
  eden space 32768K, 0% used [0x3b6c0000,0x3b6c0000,0x3d6c0000)
  from space 1280K, 98% used [0x3d800000,0x3d93c778,0x3d940000)
  to   space 1280K, 0% used [0x3d6c0000,0x3d6c0000,0x3d800000)
 ParOldGen       total 22016K, used 16051K [0x10c00000, 0x12180000, 0x3b6c0000)
  object space 22016K, 72% used [0x10c00000,0x11bacff0,0x12180000)
 Metaspace       used 13183K, capacity 13465K, committed 13568K, reserved 13696K
}
Event: 11.943 GC heap before
{Heap before GC invocations=9 (full 0):
 PSYoungGen      total 34048K, used 16929K [0x3b6c0000, 0x3d940000, 0x50c00000)
  eden space 32768K, 47% used [0x3b6c0000,0x3c60bf00,0x3d6c0000)
  from space 1280K, 98% used [0x3d800000,0x3d93c778,0x3d940000)
  to   space 1280K, 0% used [0x3d6c0000,0x3d6c0000,0x3d800000)
 ParOldGen       total 22016K, used 16051K [0x10c00000, 0x12180000, 0x3b6c0000)
  object space 22016K, 72% used [0x10c00000,0x11bacff0,0x12180000)
 Metaspace       used 16089K, capacity 16347K, committed 16384K, reserved 16768K
Event: 11.965 GC heap after
Heap after GC invocations=9 (full 0):
 PSYoungGen      total 34048K, used 1266K [0x3b6c0000, 0x3d940000, 0x50c00000)
  eden space 32768K, 0% used [0x3b6c0000,0x3b6c0000,0x3d6c0000)
  from space 1280K, 98% used [0x3d6c0000,0x3d7fca08,0x3d800000)
  to   space 1280K, 0% used [0x3d800000,0x3d800000,0x3d940000)
 ParOldGen       total 22016K, used 19367K [0x10c00000, 0x12180000, 0x3b6c0000)
  object space 22016K, 87% used [0x10c00000,0x11ee9fb0,0x12180000)
 Metaspace       used 16089K, capacity 16347K, committed 16384K, reserved 16768K
}
Event: 11.965 GC heap before
{Heap before GC invocations=10 (full 1):
 PSYoungGen      total 34048K, used 1266K [0x3b6c0000, 0x3d940000, 0x50c00000)
  eden space 32768K, 0% used [0x3b6c0000,0x3b6c0000,0x3d6c0000)
  from space 1280K, 98% used [0x3d6c0000,0x3d7fca08,0x3d800000)
  to   space 1280K, 0% used [0x3d800000,0x3d800000,0x3d940000)
 ParOldGen       total 22016K, used 19367K [0x10c00000, 0x12180000, 0x3b6c0000)
  object space 22016K, 87% used [0x10c00000,0x11ee9fb0,0x12180000)
 Metaspace       used 16089K, capacity 16347K, committed 16384K, reserved 16768K
Event: 12.087 GC heap after
Heap after GC invocations=10 (full 1):
 PSYoungGen      total 34048K, used 0K [0x3b6c0000, 0x3d940000, 0x50c00000)
  eden space 32768K, 0% used [0x3b6c0000,0x3b6c0000,0x3d6c0000)
  from space 1280K, 0% used [0x3d6c0000,0x3d6c0000,0x3d800000)
  to   space 1280K, 0% used [0x3d800000,0x3d800000,0x3d940000)
 ParOldGen       total 30464K, used 13267K [0x10c00000, 0x129c0000, 0x3b6c0000)
  object space 30464K, 43% used [0x10c00000,0x118f4ce0,0x129c0000)
 Metaspace       used 16089K, capacity 16347K, committed 16384K, reserved 16768K
}

