# JRE version: OpenJDK Runtime Environment (8.0_212-b04) (build 1.8.0_212-release-1586-b04)
# Java VM: OpenJDK Server VM (25.212-b04 mixed mode windows-x86 )
Heap:
 PSYoungGen      total 165120K, used 40516K [0x3c2c0000, 0x4b9c0000, 0x51800000)
  eden space 154112K, 26% used [0x3c2c0000,0x3ea51268,0x45940000)
  from space 11008K, 0% used [0x45940000,0x45940000,0x46400000)
  to   space 11008K, 0% used [0x4af00000,0x4af00000,0x4b9c0000)
 ParOldGen       total 32256K, used 15906K [0x11800000, 0x13780000, 0x3c2c0000)
  object space 32256K, 49% used [0x11800000,0x127889f0,0x13780000)
 Metaspace       used 28972K, capacity 29575K, committed 29696K, reserved 30080K
GC Heap History (10 events):
Event: 16.200 GC heap before
{Heap before GC invocations=11 (full 1):
 PSYoungGen      total 110080K, used 3451K [0x3c2c0000, 0x43700000, 0x51800000)
  eden space 102144K, 0% used [0x3c2c0000,0x3c2c0000,0x42680000)
  from space 7936K, 43% used [0x42f40000,0x4329eea8,0x43700000)
  to   space 8448K, 0% used [0x42680000,0x42680000,0x42ec0000)
 ParOldGen       total 22016K, used 13822K [0x11800000, 0x12d80000, 0x3c2c0000)
  object space 22016K, 62% used [0x11800000,0x1257fa40,0x12d80000)
 Metaspace       used 16094K, capacity 16347K, committed 16384K, reserved 16768K
Event: 16.311 GC heap after
Heap after GC invocations=11 (full 1):
 PSYoungGen      total 110080K, used 0K [0x3c2c0000, 0x43700000, 0x51800000)
  eden space 102144K, 0% used [0x3c2c0000,0x3c2c0000,0x42680000)
  from space 7936K, 0% used [0x42f40000,0x42f40000,0x43700000)
  to   space 8448K, 0% used [0x42680000,0x42680000,0x42ec0000)
 ParOldGen       total 21248K, used 7990K [0x11800000, 0x12cc0000, 0x3c2c0000)
  object space 21248K, 37% used [0x11800000,0x11fcdaa0,0x12cc0000)
 Metaspace       used 16094K, capacity 16347K, committed 16384K, reserved 16768K
}
Event: 20.743 GC heap before
{Heap before GC invocations=12 (full 1):
 PSYoungGen      total 110080K, used 102144K [0x3c2c0000, 0x43700000, 0x51800000)
  eden space 102144K, 100% used [0x3c2c0000,0x42680000,0x42680000)
  from space 7936K, 0% used [0x42f40000,0x42f40000,0x43700000)
  to   space 8448K, 0% used [0x42680000,0x42680000,0x42ec0000)
 ParOldGen       total 21248K, used 7990K [0x11800000, 0x12cc0000, 0x3c2c0000)
  object space 21248K, 37% used [0x11800000,0x11fcdaa0,0x12cc0000)
 Metaspace       used 21187K, capacity 21501K, committed 21632K, reserved 21888K
Event: 20.794 GC heap after
Heap after GC invocations=12 (full 1):
 PSYoungGen      total 110592K, used 8432K [0x3c2c0000, 0x46e40000, 0x51800000)
  eden space 102144K, 0% used [0x3c2c0000,0x3c2c0000,0x42680000)
  from space 8448K, 99% used [0x42680000,0x42ebc0e0,0x42ec0000)
  to   space 9728K, 0% used [0x464c0000,0x464c0000,0x46e40000)
 ParOldGen       total 21248K, used 8029K [0x11800000, 0x12cc0000, 0x3c2c0000)
  object space 21248K, 37% used [0x11800000,0x11fd7608,0x12cc0000)
 Metaspace       used 21187K, capacity 21501K, committed 21632K, reserved 21888K
}
Event: 37.577 GC heap before
{Heap before GC invocations=13 (full 1):
 PSYoungGen      total 110592K, used 110576K [0x3c2c0000, 0x46e40000, 0x51800000)
  eden space 102144K, 100% used [0x3c2c0000,0x42680000,0x42680000)
  from space 8448K, 99% used [0x42680000,0x42ebc0e0,0x42ec0000)
  to   space 9728K, 0% used [0x464c0000,0x464c0000,0x46e40000)
 ParOldGen       total 21248K, used 8029K [0x11800000, 0x12cc0000, 0x3c2c0000)
  object space 21248K, 37% used [0x11800000,0x11fd7608,0x12cc0000)
 Metaspace       used 25665K, capacity 26208K, committed 26240K, reserved 27008K
Event: 37.626 GC heap after
Heap after GC invocations=13 (full 1):
 PSYoungGen      total 163840K, used 9150K [0x3c2c0000, 0x46ec0000, 0x51800000)
  eden space 154112K, 0% used [0x3c2c0000,0x3c2c0000,0x45940000)
  from space 9728K, 94% used [0x464c0000,0x46dafa08,0x46e40000)
  to   space 11008K, 0% used [0x45940000,0x45940000,0x46400000)
 ParOldGen       total 21248K, used 10923K [0x11800000, 0x12cc0000, 0x3c2c0000)
  object space 21248K, 51% used [0x11800000,0x122aac58,0x12cc0000)
 Metaspace       used 25665K, capacity 26208K, committed 26240K, reserved 27008K
}
Event: 38.794 GC heap before
{Heap before GC invocations=14 (full 1):
 PSYoungGen      total 163840K, used 23301K [0x3c2c0000, 0x46ec0000, 0x51800000)
  eden space 154112K, 9% used [0x3c2c0000,0x3d091c80,0x45940000)
  from space 9728K, 94% used [0x464c0000,0x46dafa08,0x46e40000)
  to   space 11008K, 0% used [0x45940000,0x45940000,0x46400000)
 ParOldGen       total 21248K, used 10923K [0x11800000, 0x12cc0000, 0x3c2c0000)
  object space 21248K, 51% used [0x11800000,0x122aac58,0x12cc0000)
 Metaspace       used 26721K, capacity 27282K, committed 27308K, reserved 28032K
Event: 38.815 GC heap after
Heap after GC invocations=14 (full 1):
 PSYoungGen      total 165120K, used 1600K [0x3c2c0000, 0x4b9c0000, 0x51800000)
  eden space 154112K, 0% used [0x3c2c0000,0x3c2c0000,0x45940000)
  from space 11008K, 14% used [0x45940000,0x45ad01a0,0x46400000)
  to   space 11008K, 0% used [0x4af00000,0x4af00000,0x4b9c0000)
 ParOldGen       total 21248K, used 15254K [0x11800000, 0x12cc0000, 0x3c2c0000)
  object space 21248K, 71% used [0x11800000,0x126e5b80,0x12cc0000)
 Metaspace       used 26721K, capacity 27282K, committed 27308K, reserved 28032K
}
Event: 38.816 GC heap before
{Heap before GC invocations=15 (full 2):
 PSYoungGen      total 165120K, used 1600K [0x3c2c0000, 0x4b9c0000, 0x51800000)
  eden space 154112K, 0% used [0x3c2c0000,0x3c2c0000,0x45940000)
  from space 11008K, 14% used [0x45940000,0x45ad01a0,0x46400000)
  to   space 11008K, 0% used [0x4af00000,0x4af00000,0x4b9c0000)
 ParOldGen       total 21248K, used 15254K [0x11800000, 0x12cc0000, 0x3c2c0000)
  object space 21248K, 71% used [0x11800000,0x126e5b80,0x12cc0000)
 Metaspace       used 26721K, capacity 27282K, committed 27308K, reserved 28032K
Event: 39.023 GC heap after
Heap after GC invocations=15 (full 2):
 PSYoungGen      total 165120K, used 0K [0x3c2c0000, 0x4b9c0000, 0x51800000)
  eden space 154112K, 0% used [0x3c2c0000,0x3c2c0000,0x45940000)
  from space 11008K, 0% used [0x45940000,0x45940000,0x46400000)
  to   space 11008K, 0% used [0x4af00000,0x4af00000,0x4b9c0000)
 ParOldGen       total 32256K, used 15906K [0x11800000, 0x13780000, 0x3c2c0000)
  object space 32256K, 49% used [0x11800000,0x127889f0,0x13780000)
 Metaspace       used 26718K, capacity 27274K, committed 27308K, reserved 28032K
}

