# JRE version: OpenJDK Runtime Environment (8.0_212-b04) (build 1.8.0_212-release-1586-b04)
# Java VM: OpenJDK Server VM (25.212-b04 mixed mode windows-x86 )
Heap:
 PSYoungGen      total 110592K, used 85581K [0x3b6c0000, 0x42f80000, 0x50c00000)
  eden space 97536K, 86% used [0x3b6c0000,0x409917a8,0x41600000)
  from space 13056K, 5% used [0x41600000,0x416c2020,0x422c0000)
  to   space 13056K, 0% used [0x422c0000,0x422c0000,0x42f80000)
 ParOldGen       total 69632K, used 43149K [0x10c00000, 0x15000000, 0x3b6c0000)
  object space 69632K, 61% used [0x10c00000,0x13623778,0x15000000)
 Metaspace       used 54840K, capacity 56333K, committed 56448K, reserved 56704K
GC Heap History (10 events):
Event: 178.971 GC heap before
{Heap before GC invocations=61 (full 3):
 PSYoungGen      total 86528K, used 80576K [0x3b6c0000, 0x422c0000, 0x50c00000)
  eden space 72960K, 100% used [0x3b6c0000,0x3fe00000,0x3fe00000)
  from space 13568K, 56% used [0x3fe00000,0x405702e8,0x40b40000)
  to   space 13312K, 0% used [0x415c0000,0x415c0000,0x422c0000)
 ParOldGen       total 54016K, used 47904K [0x10c00000, 0x140c0000, 0x3b6c0000)
  object space 54016K, 88% used [0x10c00000,0x13ac8150,0x140c0000)
 Metaspace       used 54589K, capacity 56150K, committed 56192K, reserved 56704K
Event: 179.027 GC heap after
Heap after GC invocations=61 (full 3):
 PSYoungGen      total 97280K, used 3212K [0x3b6c0000, 0x42380000, 0x50c00000)
  eden space 83968K, 0% used [0x3b6c0000,0x3b6c0000,0x408c0000)
  from space 13312K, 24% used [0x415c0000,0x418e3080,0x422c0000)
  to   space 13312K, 0% used [0x408c0000,0x408c0000,0x415c0000)
 ParOldGen       total 54016K, used 50779K [0x10c00000, 0x140c0000, 0x3b6c0000)
  object space 54016K, 94% used [0x10c00000,0x13d96d80,0x140c0000)
 Metaspace       used 54589K, capacity 56150K, committed 56192K, reserved 56704K
}
Event: 179.027 GC heap before
{Heap before GC invocations=62 (full 4):
 PSYoungGen      total 97280K, used 3212K [0x3b6c0000, 0x42380000, 0x50c00000)
  eden space 83968K, 0% used [0x3b6c0000,0x3b6c0000,0x408c0000)
  from space 13312K, 24% used [0x415c0000,0x418e3080,0x422c0000)
  to   space 13312K, 0% used [0x408c0000,0x408c0000,0x415c0000)
 ParOldGen       total 54016K, used 50779K [0x10c00000, 0x140c0000, 0x3b6c0000)
  object space 54016K, 94% used [0x10c00000,0x13d96d80,0x140c0000)
 Metaspace       used 54589K, capacity 56150K, committed 56192K, reserved 56704K
Event: 179.487 GC heap after
Heap after GC invocations=62 (full 4):
 PSYoungGen      total 97280K, used 0K [0x3b6c0000, 0x42380000, 0x50c00000)
  eden space 83968K, 0% used [0x3b6c0000,0x3b6c0000,0x408c0000)
  from space 13312K, 0% used [0x415c0000,0x415c0000,0x422c0000)
  to   space 13312K, 0% used [0x408c0000,0x408c0000,0x415c0000)
 ParOldGen       total 69632K, used 42538K [0x10c00000, 0x15000000, 0x3b6c0000)
  object space 69632K, 61% used [0x10c00000,0x1358aa30,0x15000000)
 Metaspace       used 54587K, capacity 56145K, committed 56192K, reserved 56704K
}
Event: 180.401 GC heap before
{Heap before GC invocations=63 (full 4):
 PSYoungGen      total 97280K, used 83968K [0x3b6c0000, 0x42380000, 0x50c00000)
  eden space 83968K, 100% used [0x3b6c0000,0x408c0000,0x408c0000)
  from space 13312K, 0% used [0x415c0000,0x415c0000,0x422c0000)
  to   space 13312K, 0% used [0x408c0000,0x408c0000,0x415c0000)
 ParOldGen       total 69632K, used 42538K [0x10c00000, 0x15000000, 0x3b6c0000)
  object space 69632K, 61% used [0x10c00000,0x1358aa30,0x15000000)
 Metaspace       used 54613K, capacity 56190K, committed 56192K, reserved 56704K
Event: 180.413 GC heap after
Heap after GC invocations=63 (full 4):
 PSYoungGen      total 97280K, used 688K [0x3b6c0000, 0x42fc0000, 0x50c00000)
  eden space 83968K, 0% used [0x3b6c0000,0x3b6c0000,0x408c0000)
  from space 13312K, 5% used [0x408c0000,0x4096c010,0x415c0000)
  to   space 13312K, 0% used [0x422c0000,0x422c0000,0x42fc0000)
 ParOldGen       total 69632K, used 42538K [0x10c00000, 0x15000000, 0x3b6c0000)
  object space 69632K, 61% used [0x10c00000,0x1358aa30,0x15000000)
 Metaspace       used 54613K, capacity 56190K, committed 56192K, reserved 56704K
}
Event: 181.234 GC heap before
{Heap before GC invocations=64 (full 4):
 PSYoungGen      total 97280K, used 84656K [0x3b6c0000, 0x42fc0000, 0x50c00000)
  eden space 83968K, 100% used [0x3b6c0000,0x408c0000,0x408c0000)
  from space 13312K, 5% used [0x408c0000,0x4096c010,0x415c0000)
  to   space 13312K, 0% used [0x422c0000,0x422c0000,0x42fc0000)
 ParOldGen       total 69632K, used 42538K [0x10c00000, 0x15000000, 0x3b6c0000)
  object space 69632K, 61% used [0x10c00000,0x1358aa30,0x15000000)
 Metaspace       used 54635K, capacity 56192K, committed 56320K, reserved 56704K
Event: 181.262 GC heap after
Heap after GC invocations=64 (full 4):
 PSYoungGen      total 110592K, used 2600K [0x3b6c0000, 0x42f80000, 0x50c00000)
  eden space 97536K, 0% used [0x3b6c0000,0x3b6c0000,0x41600000)
  from space 13056K, 19% used [0x422c0000,0x4254a018,0x42f80000)
  to   space 13056K, 0% used [0x41600000,0x41600000,0x422c0000)
 ParOldGen       total 69632K, used 42538K [0x10c00000, 0x15000000, 0x3b6c0000)
  object space 69632K, 61% used [0x10c00000,0x1358aa30,0x15000000)
 Metaspace       used 54635K, capacity 56192K, committed 56320K, reserved 56704K
}
Event: 182.682 GC heap before
{Heap before GC invocations=65 (full 4):
 PSYoungGen      total 110592K, used 100136K [0x3b6c0000, 0x42f80000, 0x50c00000)
  eden space 97536K, 100% used [0x3b6c0000,0x41600000,0x41600000)
  from space 13056K, 19% used [0x422c0000,0x4254a018,0x42f80000)
  to   space 13056K, 0% used [0x41600000,0x41600000,0x422c0000)
 ParOldGen       total 69632K, used 42538K [0x10c00000, 0x15000000, 0x3b6c0000)
  object space 69632K, 61% used [0x10c00000,0x1358aa30,0x15000000)
 Metaspace       used 54750K, capacity 56296K, committed 56320K, reserved 56704K
Event: 182.699 GC heap after
Heap after GC invocations=65 (full 4):
 PSYoungGen      total 110592K, used 776K [0x3b6c0000, 0x42f80000, 0x50c00000)
  eden space 97536K, 0% used [0x3b6c0000,0x3b6c0000,0x41600000)
  from space 13056K, 5% used [0x41600000,0x416c2020,0x422c0000)
  to   space 13056K, 0% used [0x422c0000,0x422c0000,0x42f80000)
 ParOldGen       total 69632K, used 43149K [0x10c00000, 0x15000000, 0x3b6c0000)
  object space 69632K, 61% used [0x10c00000,0x13623778,0x15000000)
 Metaspace       used 54750K, capacity 56296K, committed 56320K, reserved 56704K
}

