# JRE version: OpenJDK Runtime Environment (8.0_212-b04) (build 1.8.0_212-release-1586-b04)
# Java VM: OpenJDK Server VM (25.212-b04 mixed mode windows-x86 )
Heap:
 PSYoungGen      total 319488K, used 17121K [0x3c4c0000, 0x51740000, 0x51a00000)
  eden space 292352K, 0% used [0x3c4c0000,0x3c4c0000,0x4e240000)
  from space 27136K, 63% used [0x4e240000,0x4f2f8598,0x4fcc0000)
  to   space 21504K, 0% used [0x50240000,0x50240000,0x51740000)
 ParOldGen       total 66560K, used 62200K [0x11a00000, 0x15b00000, 0x3c4c0000)
  object space 66560K, 93% used [0x11a00000,0x156be370,0x15b00000)
 Metaspace       used 47574K, capacity 48737K, committed 48768K, reserved 51584K
GC Heap History (10 events):
Event: 36.407 GC heap before
{Heap before GC invocations=15 (full 2):
 PSYoungGen      total 165632K, used 1375K [0x3c4c0000, 0x4bd00000, 0x51a00000)
  eden space 154624K, 0% used [0x3c4c0000,0x3c4c0000,0x45bc0000)
  from space 11008K, 12% used [0x45bc0000,0x45d17ed0,0x46680000)
  to   space 11008K, 0% used [0x4b240000,0x4b240000,0x4bd00000)
 ParOldGen       total 20992K, used 15330K [0x11a00000, 0x12e80000, 0x3c4c0000)
  object space 20992K, 73% used [0x11a00000,0x128f8bd0,0x12e80000)
 Metaspace       used 26694K, capacity 27248K, committed 27308K, reserved 28032K
Event: 36.559 GC heap after
Heap after GC invocations=15 (full 2):
 PSYoungGen      total 165632K, used 0K [0x3c4c0000, 0x4bd00000, 0x51a00000)
  eden space 154624K, 0% used [0x3c4c0000,0x3c4c0000,0x45bc0000)
  from space 11008K, 0% used [0x45bc0000,0x45bc0000,0x46680000)
  to   space 11008K, 0% used [0x4b240000,0x4b240000,0x4bd00000)
 ParOldGen       total 32256K, used 15960K [0x11a00000, 0x13980000, 0x3c4c0000)
  object space 32256K, 49% used [0x11a00000,0x12996280,0x13980000)
 Metaspace       used 26694K, capacity 27248K, committed 27308K, reserved 28032K
}
Event: 46.853 GC heap before
{Heap before GC invocations=16 (full 2):
 PSYoungGen      total 165632K, used 154624K [0x3c4c0000, 0x4bd00000, 0x51a00000)
  eden space 154624K, 100% used [0x3c4c0000,0x45bc0000,0x45bc0000)
  from space 11008K, 0% used [0x45bc0000,0x45bc0000,0x46680000)
  to   space 11008K, 0% used [0x4b240000,0x4b240000,0x4bd00000)
 ParOldGen       total 32256K, used 15960K [0x11a00000, 0x13980000, 0x3c4c0000)
  object space 32256K, 49% used [0x11a00000,0x12996280,0x13980000)
 Metaspace       used 35289K, capacity 36231K, committed 36352K, reserved 37248K
Event: 46.929 GC heap after
Heap after GC invocations=16 (full 2):
 PSYoungGen      total 235776K, used 11005K [0x3c4c0000, 0x4be40000, 0x51a00000)
  eden space 224768K, 0% used [0x3c4c0000,0x3c4c0000,0x4a040000)
  from space 11008K, 99% used [0x4b240000,0x4bcff430,0x4bd00000)
  to   space 15360K, 0% used [0x4a040000,0x4a040000,0x4af40000)
 ParOldGen       total 32256K, used 23020K [0x11a00000, 0x13980000, 0x3c4c0000)
  object space 32256K, 71% used [0x11a00000,0x1307b240,0x13980000)
 Metaspace       used 35289K, capacity 36231K, committed 36352K, reserved 37248K
}
Event: 68.404 GC heap before
{Heap before GC invocations=17 (full 2):
 PSYoungGen      total 235776K, used 235773K [0x3c4c0000, 0x4be40000, 0x51a00000)
  eden space 224768K, 100% used [0x3c4c0000,0x4a040000,0x4a040000)
  from space 11008K, 99% used [0x4b240000,0x4bcff430,0x4bd00000)
  to   space 15360K, 0% used [0x4a040000,0x4a040000,0x4af40000)
 ParOldGen       total 32256K, used 23020K [0x11a00000, 0x13980000, 0x3c4c0000)
  object space 32256K, 71% used [0x11a00000,0x1307b240,0x13980000)
 Metaspace       used 40609K, capacity 41738K, committed 41856K, reserved 42368K
Event: 68.663 GC heap after
Heap after GC invocations=17 (full 2):
 PSYoungGen      total 240128K, used 15350K [0x3c4c0000, 0x51a00000, 0x51a00000)
  eden space 224768K, 0% used [0x3c4c0000,0x3c4c0000,0x4a040000)
  from space 15360K, 99% used [0x4a040000,0x4af3d878,0x4af40000)
  to   space 24320K, 0% used [0x50240000,0x50240000,0x51a00000)
 ParOldGen       total 40448K, used 40239K [0x11a00000, 0x14180000, 0x3c4c0000)
  object space 40448K, 99% used [0x11a00000,0x1414bc40,0x14180000)
 Metaspace       used 40609K, capacity 41738K, committed 41856K, reserved 42368K
}
Event: 68.663 GC heap before
{Heap before GC invocations=18 (full 3):
 PSYoungGen      total 240128K, used 15350K [0x3c4c0000, 0x51a00000, 0x51a00000)
  eden space 224768K, 0% used [0x3c4c0000,0x3c4c0000,0x4a040000)
  from space 15360K, 99% used [0x4a040000,0x4af3d878,0x4af40000)
  to   space 24320K, 0% used [0x50240000,0x50240000,0x51a00000)
 ParOldGen       total 40448K, used 40239K [0x11a00000, 0x14180000, 0x3c4c0000)
  object space 40448K, 99% used [0x11a00000,0x1414bc40,0x14180000)
 Metaspace       used 40609K, capacity 41738K, committed 41856K, reserved 42368K
Event: 69.705 GC heap after
Heap after GC invocations=18 (full 3):
 PSYoungGen      total 240128K, used 6024K [0x3c4c0000, 0x51a00000, 0x51a00000)
  eden space 224768K, 0% used [0x3c4c0000,0x3c4c0000,0x4a040000)
  from space 15360K, 39% used [0x4a040000,0x4a622330,0x4af40000)
  to   space 24320K, 0% used [0x50240000,0x50240000,0x51a00000)
 ParOldGen       total 66560K, used 40353K [0x11a00000, 0x15b00000, 0x3c4c0000)
  object space 66560K, 60% used [0x11a00000,0x141686c8,0x15b00000)
 Metaspace       used 40596K, capacity 41706K, committed 41856K, reserved 42368K
}
Event: 156.792 GC heap before
{Heap before GC invocations=19 (full 3):
 PSYoungGen      total 240128K, used 230792K [0x3c4c0000, 0x51a00000, 0x51a00000)
  eden space 224768K, 100% used [0x3c4c0000,0x4a040000,0x4a040000)
  from space 15360K, 39% used [0x4a040000,0x4a622330,0x4af40000)
  to   space 24320K, 0% used [0x50240000,0x50240000,0x51a00000)
 ParOldGen       total 66560K, used 40353K [0x11a00000, 0x15b00000, 0x3c4c0000)
  object space 66560K, 60% used [0x11a00000,0x141686c8,0x15b00000)
 Metaspace       used 43859K, capacity 45037K, committed 45056K, reserved 45440K
Event: 156.912 GC heap after
Heap after GC invocations=19 (full 3):
 PSYoungGen      total 313856K, used 20357K [0x3c4c0000, 0x51740000, 0x51a00000)
  eden space 292352K, 0% used [0x3c4c0000,0x3c4c0000,0x4e240000)
  from space 21504K, 94% used [0x50240000,0x516216a8,0x51740000)
  to   space 27136K, 0% used [0x4e240000,0x4e240000,0x4fcc0000)
 ParOldGen       total 66560K, used 46412K [0x11a00000, 0x15b00000, 0x3c4c0000)
  object space 66560K, 69% used [0x11a00000,0x14753218,0x15b00000)
 Metaspace       used 43859K, capacity 45037K, committed 45056K, reserved 45440K
}

