# JRE version: OpenJDK Runtime Environment (8.0_212-b04) (build 1.8.0_212-release-1586-b04)
# Java VM: OpenJDK Server VM (25.212-b04 mixed mode windows-x86 )
Heap:
 PSYoungGen      total 73984K, used 12447K [0x3c4c0000, 0x42ac0000, 0x51a00000)
  eden space 64512K, 9% used [0x3c4c0000,0x3ca71428,0x403c0000)
  from space 9472K, 69% used [0x42180000,0x427f68e0,0x42ac0000)
  to   space 5632K, 0% used [0x403c0000,0x403c0000,0x40940000)
 ParOldGen       total 26880K, used 11208K [0x11a00000, 0x13440000, 0x3c4c0000)
  object space 26880K, 41% used [0x11a00000,0x124f21a0,0x13440000)
 Metaspace       used 22370K, capacity 22745K, committed 22784K, reserved 22912K
GC Heap History (10 events):
Event: 14.747 GC heap before
{Heap before GC invocations=7 (full 0):
 PSYoungGen      total 69120K, used 69119K [0x3c4c0000, 0x40fc0000, 0x51a00000)
  eden space 64512K, 100% used [0x3c4c0000,0x403c0000,0x403c0000)
  from space 4608K, 99% used [0x40940000,0x40dbfec8,0x40dc0000)
  to   space 5632K, 0% used [0x403c0000,0x403c0000,0x40940000)
 ParOldGen       total 22016K, used 5898K [0x11a00000, 0x12f80000, 0x3c4c0000)
  object space 22016K, 26% used [0x11a00000,0x11fc2b20,0x12f80000)
 Metaspace       used 12921K, capacity 13209K, committed 13312K, reserved 13696K
Event: 14.798 GC heap after
Heap after GC invocations=7 (full 0):
 PSYoungGen      total 70144K, used 5626K [0x3c4c0000, 0x40fc0000, 0x51a00000)
  eden space 64512K, 0% used [0x3c4c0000,0x3c4c0000,0x403c0000)
  from space 5632K, 99% used [0x403c0000,0x4093ebf0,0x40940000)
  to   space 4608K, 0% used [0x40940000,0x40940000,0x40dc0000)
 ParOldGen       total 22016K, used 9034K [0x11a00000, 0x12f80000, 0x3c4c0000)
  object space 22016K, 41% used [0x11a00000,0x122d29a8,0x12f80000)
 Metaspace       used 12921K, capacity 13209K, committed 13312K, reserved 13696K
}
Event: 17.572 GC heap before
{Heap before GC invocations=8 (full 0):
 PSYoungGen      total 70144K, used 24306K [0x3c4c0000, 0x40fc0000, 0x51a00000)
  eden space 64512K, 28% used [0x3c4c0000,0x3d6fde80,0x403c0000)
  from space 5632K, 99% used [0x403c0000,0x4093ebf0,0x40940000)
  to   space 4608K, 0% used [0x40940000,0x40940000,0x40dc0000)
 ParOldGen       total 22016K, used 9034K [0x11a00000, 0x12f80000, 0x3c4c0000)
  object space 22016K, 41% used [0x11a00000,0x122d29a8,0x12f80000)
 Metaspace       used 16090K, capacity 16347K, committed 16384K, reserved 16768K
Event: 17.593 GC heap after
Heap after GC invocations=8 (full 0):
 PSYoungGen      total 69120K, used 4605K [0x3c4c0000, 0x40fc0000, 0x51a00000)
  eden space 64512K, 0% used [0x3c4c0000,0x3c4c0000,0x403c0000)
  from space 4608K, 99% used [0x40940000,0x40dbf7a8,0x40dc0000)
  to   space 5632K, 0% used [0x403c0000,0x403c0000,0x40940000)
 ParOldGen       total 22016K, used 11617K [0x11a00000, 0x12f80000, 0x3c4c0000)
  object space 22016K, 52% used [0x11a00000,0x12558690,0x12f80000)
 Metaspace       used 16090K, capacity 16347K, committed 16384K, reserved 16768K
}
Event: 17.593 GC heap before
{Heap before GC invocations=9 (full 1):
 PSYoungGen      total 69120K, used 4605K [0x3c4c0000, 0x40fc0000, 0x51a00000)
  eden space 64512K, 0% used [0x3c4c0000,0x3c4c0000,0x403c0000)
  from space 4608K, 99% used [0x40940000,0x40dbf7a8,0x40dc0000)
  to   space 5632K, 0% used [0x403c0000,0x403c0000,0x40940000)
 ParOldGen       total 22016K, used 11617K [0x11a00000, 0x12f80000, 0x3c4c0000)
  object space 22016K, 52% used [0x11a00000,0x12558690,0x12f80000)
 Metaspace       used 16090K, capacity 16347K, committed 16384K, reserved 16768K
Event: 17.733 GC heap after
Heap after GC invocations=9 (full 1):
 PSYoungGen      total 69120K, used 0K [0x3c4c0000, 0x40fc0000, 0x51a00000)
  eden space 64512K, 0% used [0x3c4c0000,0x3c4c0000,0x403c0000)
  from space 4608K, 0% used [0x40940000,0x40940000,0x40dc0000)
  to   space 5632K, 0% used [0x403c0000,0x403c0000,0x40940000)
 ParOldGen       total 26880K, used 10870K [0x11a00000, 0x13440000, 0x3c4c0000)
  object space 26880K, 40% used [0x11a00000,0x1249daf0,0x13440000)
 Metaspace       used 16090K, capacity 16347K, committed 16384K, reserved 16768K
}
Event: 20.505 GC heap before
{Heap before GC invocations=10 (full 1):
 PSYoungGen      total 69120K, used 64512K [0x3c4c0000, 0x40fc0000, 0x51a00000)
  eden space 64512K, 100% used [0x3c4c0000,0x403c0000,0x403c0000)
  from space 4608K, 0% used [0x40940000,0x40940000,0x40dc0000)
  to   space 5632K, 0% used [0x403c0000,0x403c0000,0x40940000)
 ParOldGen       total 26880K, used 10870K [0x11a00000, 0x13440000, 0x3c4c0000)
  object space 26880K, 40% used [0x11a00000,0x1249daf0,0x13440000)
 Metaspace       used 20090K, capacity 20413K, committed 20480K, reserved 20864K
Event: 20.521 GC heap after
Heap after GC invocations=10 (full 1):
 PSYoungGen      total 70144K, used 5625K [0x3c4c0000, 0x42ac0000, 0x51a00000)
  eden space 64512K, 0% used [0x3c4c0000,0x3c4c0000,0x403c0000)
  from space 5632K, 99% used [0x403c0000,0x4093e570,0x40940000)
  to   space 9472K, 0% used [0x42180000,0x42180000,0x42ac0000)
 ParOldGen       total 26880K, used 11208K [0x11a00000, 0x13440000, 0x3c4c0000)
  object space 26880K, 41% used [0x11a00000,0x124f21a0,0x13440000)
 Metaspace       used 20090K, capacity 20413K, committed 20480K, reserved 20864K
}
Event: 22.471 GC heap before
{Heap before GC invocations=11 (full 1):
 PSYoungGen      total 70144K, used 70137K [0x3c4c0000, 0x42ac0000, 0x51a00000)
  eden space 64512K, 100% used [0x3c4c0000,0x403c0000,0x403c0000)
  from space 5632K, 99% used [0x403c0000,0x4093e570,0x40940000)
  to   space 9472K, 0% used [0x42180000,0x42180000,0x42ac0000)
 ParOldGen       total 26880K, used 11208K [0x11a00000, 0x13440000, 0x3c4c0000)
  object space 26880K, 41% used [0x11a00000,0x124f21a0,0x13440000)
 Metaspace       used 22116K, capacity 22479K, committed 22528K, reserved 22912K
Event: 22.515 GC heap after
Heap after GC invocations=11 (full 1):
 PSYoungGen      total 73984K, used 6618K [0x3c4c0000, 0x42ac0000, 0x51a00000)
  eden space 64512K, 0% used [0x3c4c0000,0x3c4c0000,0x403c0000)
  from space 9472K, 69% used [0x42180000,0x427f68e0,0x42ac0000)
  to   space 5632K, 0% used [0x403c0000,0x403c0000,0x40940000)
 ParOldGen       total 26880K, used 11208K [0x11a00000, 0x13440000, 0x3c4c0000)
  object space 26880K, 41% used [0x11a00000,0x124f21a0,0x13440000)
 Metaspace       used 22116K, capacity 22479K, committed 22528K, reserved 22912K
}

