# JRE version: OpenJDK Runtime Environment (8.0_212-b04) (build 1.8.0_212-release-1586-b04)
# Java VM: OpenJDK Server VM (25.212-b04 mixed mode windows-x86 )
Heap:
 PSYoungGen      total 326912K, used 59222K [0x3b6c0000, 0x50780000, 0x50c00000)
  eden space 311552K, 15% used [0x3b6c0000,0x3e597200,0x4e700000)
  from space 15360K, 73% used [0x4f7c0000,0x502be940,0x506c0000)
  to   space 16640K, 0% used [0x4e700000,0x4e700000,0x4f740000)
 ParOldGen       total 93696K, used 84347K [0x10c00000, 0x16780000, 0x3b6c0000)
  object space 93696K, 90% used [0x10c00000,0x15e5eef8,0x16780000)
 Metaspace       used 55963K, capacity 57483K, committed 57600K, reserved 57728K
GC Heap History (10 events):
Event: 235.372 GC heap before
{Heap before GC invocations=93 (full 5):
 PSYoungGen      total 246016K, used 233235K [0x3b6c0000, 0x4cf40000, 0x50c00000)
  eden space 230144K, 100% used [0x3b6c0000,0x49780000,0x49780000)
  from space 15872K, 19% used [0x49780000,0x49a84f58,0x4a700000)
  to   space 15104K, 0% used [0x4c080000,0x4c080000,0x4cf40000)
 ParOldGen       total 93696K, used 68388K [0x10c00000, 0x16780000, 0x3b6c0000)
  object space 93696K, 72% used [0x10c00000,0x14ec93c8,0x16780000)
 Metaspace       used 55661K, capacity 57152K, committed 57216K, reserved 57728K
Event: 235.473 GC heap after
Heap after GC invocations=93 (full 5):
 PSYoungGen      total 270080K, used 13044K [0x3b6c0000, 0x4d180000, 0x50c00000)
  eden space 254976K, 0% used [0x3b6c0000,0x3b6c0000,0x4afc0000)
  from space 15104K, 86% used [0x4c080000,0x4cd3d198,0x4cf40000)
  to   space 17152K, 0% used [0x4afc0000,0x4afc0000,0x4c080000)
 ParOldGen       total 93696K, used 68818K [0x10c00000, 0x16780000, 0x3b6c0000)
  object space 93696K, 73% used [0x10c00000,0x14f34950,0x16780000)
 Metaspace       used 55661K, capacity 57152K, committed 57216K, reserved 57728K
}
Event: 238.598 GC heap before
{Heap before GC invocations=94 (full 5):
 PSYoungGen      total 270080K, used 268020K [0x3b6c0000, 0x4d180000, 0x50c00000)
  eden space 254976K, 100% used [0x3b6c0000,0x4afc0000,0x4afc0000)
  from space 15104K, 86% used [0x4c080000,0x4cd3d198,0x4cf40000)
  to   space 17152K, 0% used [0x4afc0000,0x4afc0000,0x4c080000)
 ParOldGen       total 93696K, used 68818K [0x10c00000, 0x16780000, 0x3b6c0000)
  object space 93696K, 73% used [0x10c00000,0x14f34950,0x16780000)
 Metaspace       used 55669K, capacity 57184K, committed 57216K, reserved 57728K
Event: 238.658 GC heap after
Heap after GC invocations=94 (full 5):
 PSYoungGen      total 272128K, used 1176K [0x3b6c0000, 0x4eac0000, 0x50c00000)
  eden space 254976K, 0% used [0x3b6c0000,0x3b6c0000,0x4afc0000)
  from space 17152K, 6% used [0x4afc0000,0x4b0e6010,0x4c080000)
  to   space 16640K, 0% used [0x4da80000,0x4da80000,0x4eac0000)
 ParOldGen       total 93696K, used 76614K [0x10c00000, 0x16780000, 0x3b6c0000)
  object space 93696K, 81% used [0x10c00000,0x156d1b10,0x16780000)
 Metaspace       used 55669K, capacity 57184K, committed 57216K, reserved 57728K
}
Event: 241.386 GC heap before
{Heap before GC invocations=95 (full 5):
 PSYoungGen      total 272128K, used 256152K [0x3b6c0000, 0x4eac0000, 0x50c00000)
  eden space 254976K, 100% used [0x3b6c0000,0x4afc0000,0x4afc0000)
  from space 17152K, 6% used [0x4afc0000,0x4b0e6010,0x4c080000)
  to   space 16640K, 0% used [0x4da80000,0x4da80000,0x4eac0000)
 ParOldGen       total 93696K, used 76614K [0x10c00000, 0x16780000, 0x3b6c0000)
  object space 93696K, 81% used [0x10c00000,0x156d1b10,0x16780000)
 Metaspace       used 55671K, capacity 57184K, committed 57216K, reserved 57728K
Event: 241.463 GC heap after
Heap after GC invocations=95 (full 5):
 PSYoungGen      total 299008K, used 6519K [0x3b6c0000, 0x4ea80000, 0x50c00000)
  eden space 282624K, 0% used [0x3b6c0000,0x3b6c0000,0x4cac0000)
  from space 16384K, 39% used [0x4da80000,0x4e0ddc98,0x4ea80000)
  to   space 16128K, 0% used [0x4cac0000,0x4cac0000,0x4da80000)
 ParOldGen       total 93696K, used 77503K [0x10c00000, 0x16780000, 0x3b6c0000)
  object space 93696K, 82% used [0x10c00000,0x157affc0,0x16780000)
 Metaspace       used 55671K, capacity 57184K, committed 57216K, reserved 57728K
}
Event: 243.893 GC heap before
{Heap before GC invocations=96 (full 5):
 PSYoungGen      total 299008K, used 289143K [0x3b6c0000, 0x4ea80000, 0x50c00000)
  eden space 282624K, 100% used [0x3b6c0000,0x4cac0000,0x4cac0000)
  from space 16384K, 39% used [0x4da80000,0x4e0ddc98,0x4ea80000)
  to   space 16128K, 0% used [0x4cac0000,0x4cac0000,0x4da80000)
 ParOldGen       total 93696K, used 77503K [0x10c00000, 0x16780000, 0x3b6c0000)
  object space 93696K, 82% used [0x10c00000,0x157affc0,0x16780000)
 Metaspace       used 55676K, capacity 57184K, committed 57216K, reserved 57728K
Event: 243.951 GC heap after
Heap after GC invocations=96 (full 5):
 PSYoungGen      total 298752K, used 2800K [0x3b6c0000, 0x506c0000, 0x50c00000)
  eden space 282624K, 0% used [0x3b6c0000,0x3b6c0000,0x4cac0000)
  from space 16128K, 17% used [0x4cac0000,0x4cd7c000,0x4da80000)
  to   space 15360K, 0% used [0x4f7c0000,0x4f7c0000,0x506c0000)
 ParOldGen       total 93696K, used 83017K [0x10c00000, 0x16780000, 0x3b6c0000)
  object space 93696K, 88% used [0x10c00000,0x15d12568,0x16780000)
 Metaspace       used 55676K, capacity 57184K, committed 57216K, reserved 57728K
}
Event: 251.107 GC heap before
{Heap before GC invocations=97 (full 5):
 PSYoungGen      total 298752K, used 285424K [0x3b6c0000, 0x506c0000, 0x50c00000)
  eden space 282624K, 100% used [0x3b6c0000,0x4cac0000,0x4cac0000)
  from space 16128K, 17% used [0x4cac0000,0x4cd7c000,0x4da80000)
  to   space 15360K, 0% used [0x4f7c0000,0x4f7c0000,0x506c0000)
 ParOldGen       total 93696K, used 83017K [0x10c00000, 0x16780000, 0x3b6c0000)
  object space 93696K, 88% used [0x10c00000,0x15d12568,0x16780000)
 Metaspace       used 55893K, capacity 57409K, committed 57472K, reserved 57728K
Event: 251.200 GC heap after
Heap after GC invocations=97 (full 5):
 PSYoungGen      total 326912K, used 11258K [0x3b6c0000, 0x50780000, 0x50c00000)
  eden space 311552K, 0% used [0x3b6c0000,0x3b6c0000,0x4e700000)
  from space 15360K, 73% used [0x4f7c0000,0x502be940,0x506c0000)
  to   space 16640K, 0% used [0x4e700000,0x4e700000,0x4f740000)
 ParOldGen       total 93696K, used 84347K [0x10c00000, 0x16780000, 0x3b6c0000)
  object space 93696K, 90% used [0x10c00000,0x15e5eef8,0x16780000)
 Metaspace       used 55893K, capacity 57409K, committed 57472K, reserved 57728K
}

