# JRE version: OpenJDK Runtime Environment (8.0_212-b04) (build 1.8.0_212-release-1586-b04)
# Java VM: OpenJDK Server VM (25.212-b04 mixed mode windows-x86 )
Heap:
 PSYoungGen      total 207104K, used 134769K [0x3bec0000, 0x4d1c0000, 0x51400000)
  eden space 186112K, 72% used [0x3bec0000,0x4425c5a0,0x47480000)
  from space 20992K, 0% used [0x47480000,0x47480000,0x48900000)
  to   space 30208K, 0% used [0x4b440000,0x4b440000,0x4d1c0000)
 ParOldGen       total 104448K, used 64958K [0x11400000, 0x17a00000, 0x3bec0000)
  object space 104448K, 62% used [0x11400000,0x1536f968,0x17a00000)
 Metaspace       used 54272K, capacity 55708K, committed 55808K, reserved 56704K
GC Heap History (10 events):
Event: 179.420 GC heap before
{Heap before GC invocations=18 (full 3):
 PSYoungGen      total 158208K, used 15098K [0x3bec0000, 0x49e00000, 0x51400000)
  eden space 143104K, 0% used [0x3bec0000,0x3bec0000,0x44a80000)
  from space 15104K, 99% used [0x44a80000,0x4593e9c0,0x45940000)
  to   space 19712K, 0% used [0x48ac0000,0x48ac0000,0x49e00000)
 ParOldGen       total 38656K, used 34287K [0x11400000, 0x139c0000, 0x3bec0000)
  object space 38656K, 88% used [0x11400000,0x1357bdd0,0x139c0000)
 Metaspace       used 40680K, capacity 41824K, committed 41856K, reserved 42368K
Event: 179.939 GC heap after
Heap after GC invocations=18 (full 3):
 PSYoungGen      total 158208K, used 3046K [0x3bec0000, 0x49e00000, 0x51400000)
  eden space 143104K, 0% used [0x3bec0000,0x3bec0000,0x44a80000)
  from space 15104K, 20% used [0x44a80000,0x44d79aa0,0x45940000)
  to   space 19712K, 0% used [0x48ac0000,0x48ac0000,0x49e00000)
 ParOldGen       total 67328K, used 38515K [0x11400000, 0x155c0000, 0x3bec0000)
  object space 67328K, 57% used [0x11400000,0x1399cf00,0x155c0000)
 Metaspace       used 40657K, capacity 41771K, committed 41856K, reserved 42368K
}
Event: 208.024 GC heap before
{Heap before GC invocations=19 (full 3):
 PSYoungGen      total 158208K, used 146150K [0x3bec0000, 0x49e00000, 0x51400000)
  eden space 143104K, 100% used [0x3bec0000,0x44a80000,0x44a80000)
  from space 15104K, 20% used [0x44a80000,0x44d79aa0,0x45940000)
  to   space 19712K, 0% used [0x48ac0000,0x48ac0000,0x49e00000)
 ParOldGen       total 67328K, used 38515K [0x11400000, 0x155c0000, 0x3bec0000)
  object space 67328K, 57% used [0x11400000,0x1399cf00,0x155c0000)
 Metaspace       used 41348K, capacity 42471K, committed 42624K, reserved 43392K
Event: 208.110 GC heap after
Heap after GC invocations=19 (full 3):
 PSYoungGen      total 205312K, used 14712K [0x3bec0000, 0x49d80000, 0x51400000)
  eden space 186112K, 0% used [0x3bec0000,0x3bec0000,0x47480000)
  from space 19200K, 76% used [0x48ac0000,0x4991e340,0x49d80000)
  to   space 20992K, 0% used [0x47480000,0x47480000,0x48900000)
 ParOldGen       total 67328K, used 41572K [0x11400000, 0x155c0000, 0x3bec0000)
  object space 67328K, 61% used [0x11400000,0x13c99060,0x155c0000)
 Metaspace       used 41348K, capacity 42471K, committed 42624K, reserved 43392K
}
Event: 276.536 GC heap before
{Heap before GC invocations=20 (full 3):
 PSYoungGen      total 205312K, used 200824K [0x3bec0000, 0x49d80000, 0x51400000)
  eden space 186112K, 100% used [0x3bec0000,0x47480000,0x47480000)
  from space 19200K, 76% used [0x48ac0000,0x4991e340,0x49d80000)
  to   space 20992K, 0% used [0x47480000,0x47480000,0x48900000)
 ParOldGen       total 67328K, used 41572K [0x11400000, 0x155c0000, 0x3bec0000)
  object space 67328K, 61% used [0x11400000,0x13c99060,0x155c0000)
 Metaspace       used 47848K, capacity 49041K, committed 49152K, reserved 49536K
Event: 276.757 GC heap after
Heap after GC invocations=20 (full 3):
 PSYoungGen      total 207104K, used 20987K [0x3bec0000, 0x4d1c0000, 0x51400000)
  eden space 186112K, 0% used [0x3bec0000,0x3bec0000,0x47480000)
  from space 20992K, 99% used [0x47480000,0x488fed68,0x48900000)
  to   space 30208K, 0% used [0x4b440000,0x4b440000,0x4d1c0000)
 ParOldGen       total 67328K, used 57317K [0x11400000, 0x155c0000, 0x3bec0000)
  object space 67328K, 85% used [0x11400000,0x14bf94d0,0x155c0000)
 Metaspace       used 47848K, capacity 49041K, committed 49152K, reserved 49536K
}
Event: 276.757 GC heap before
{Heap before GC invocations=21 (full 4):
 PSYoungGen      total 207104K, used 20987K [0x3bec0000, 0x4d1c0000, 0x51400000)
  eden space 186112K, 0% used [0x3bec0000,0x3bec0000,0x47480000)
  from space 20992K, 99% used [0x47480000,0x488fed68,0x48900000)
  to   space 30208K, 0% used [0x4b440000,0x4b440000,0x4d1c0000)
 ParOldGen       total 67328K, used 57317K [0x11400000, 0x155c0000, 0x3bec0000)
  object space 67328K, 85% used [0x11400000,0x14bf94d0,0x155c0000)
 Metaspace       used 47848K, capacity 49041K, committed 49152K, reserved 49536K
Event: 277.140 GC heap after
Heap after GC invocations=21 (full 4):
 PSYoungGen      total 207104K, used 0K [0x3bec0000, 0x4d1c0000, 0x51400000)
  eden space 186112K, 0% used [0x3bec0000,0x3bec0000,0x47480000)
  from space 20992K, 0% used [0x47480000,0x47480000,0x48900000)
  to   space 30208K, 0% used [0x4b440000,0x4b440000,0x4d1c0000)
 ParOldGen       total 67328K, used 57145K [0x11400000, 0x155c0000, 0x3bec0000)
  object space 67328K, 84% used [0x11400000,0x14bce520,0x155c0000)
 Metaspace       used 47848K, capacity 49041K, committed 49152K, reserved 49536K
}
Event: 295.996 GC heap before
{Heap before GC invocations=22 (full 5):
 PSYoungGen      total 207104K, used 186112K [0x3bec0000, 0x4d1c0000, 0x51400000)
  eden space 186112K, 100% used [0x3bec0000,0x47480000,0x47480000)
  from space 20992K, 0% used [0x47480000,0x47480000,0x48900000)
  to   space 30208K, 0% used [0x4b440000,0x4b440000,0x4d1c0000)
 ParOldGen       total 67328K, used 57145K [0x11400000, 0x155c0000, 0x3bec0000)
  object space 67328K, 84% used [0x11400000,0x14bce520,0x155c0000)
 Metaspace       used 51031K, capacity 52381K, committed 52480K, reserved 52608K
Event: 296.648 GC heap after
Heap after GC invocations=22 (full 5):
 PSYoungGen      total 207104K, used 0K [0x3bec0000, 0x4d1c0000, 0x51400000)
  eden space 186112K, 0% used [0x3bec0000,0x3bec0000,0x47480000)
  from space 20992K, 0% used [0x47480000,0x47480000,0x48900000)
  to   space 30208K, 0% used [0x4b440000,0x4b440000,0x4d1c0000)
 ParOldGen       total 104448K, used 64958K [0x11400000, 0x17a00000, 0x3bec0000)
  object space 104448K, 62% used [0x11400000,0x1536f968,0x17a00000)
 Metaspace       used 51031K, capacity 52381K, committed 52480K, reserved 52608K
}

