# JRE version: OpenJDK Runtime Environment (8.0_212-b04) (build 1.8.0_212-release-1586-b04)
# Java VM: OpenJDK Server VM (25.212-b04 mixed mode windows-x86 )
Heap:
 PSYoungGen      total 156160K, used 96636K [0x3bac0000, 0x45e00000, 0x51000000)
  eden space 145152K, 65% used [0x3bac0000,0x417c7600,0x44880000)
  from space 11008K, 12% used [0x44880000,0x449d7b30,0x45340000)
  to   space 9728K, 0% used [0x453c0000,0x453c0000,0x45d40000)
 ParOldGen       total 34560K, used 34488K [0x11000000, 0x131c0000, 0x3bac0000)
  object space 34560K, 99% used [0x11000000,0x131ae060,0x131c0000)
 Metaspace       used 40400K, capacity 41536K, committed 41600K, reserved 42368K
GC Heap History (10 events):
Event: 23.977 GC heap before
{Heap before GC invocations=14 (full 1):
 PSYoungGen      total 154880K, used 19564K [0x3bac0000, 0x45e00000, 0x51000000)
  eden space 145152K, 7% used [0x3bac0000,0x3c54fc80,0x44880000)
  from space 9728K, 89% used [0x453c0000,0x45c4b6d8,0x45d40000)
  to   space 11008K, 0% used [0x44880000,0x44880000,0x45340000)
 ParOldGen       total 22016K, used 10914K [0x11000000, 0x12580000, 0x3bac0000)
  object space 22016K, 49% used [0x11000000,0x11aa8bf8,0x12580000)
 Metaspace       used 26655K, capacity 27244K, committed 27308K, reserved 28032K
Event: 24.002 GC heap after
Heap after GC invocations=14 (full 1):
 PSYoungGen      total 156160K, used 1191K [0x3bac0000, 0x45e00000, 0x51000000)
  eden space 145152K, 0% used [0x3bac0000,0x3bac0000,0x44880000)
  from space 11008K, 10% used [0x44880000,0x449a9c10,0x45340000)
  to   space 9728K, 0% used [0x453c0000,0x453c0000,0x45d40000)
 ParOldGen       total 22016K, used 14725K [0x11000000, 0x12580000, 0x3bac0000)
  object space 22016K, 66% used [0x11000000,0x11e615f0,0x12580000)
 Metaspace       used 26655K, capacity 27244K, committed 27308K, reserved 28032K
}
Event: 24.002 GC heap before
{Heap before GC invocations=15 (full 2):
 PSYoungGen      total 156160K, used 1191K [0x3bac0000, 0x45e00000, 0x51000000)
  eden space 145152K, 0% used [0x3bac0000,0x3bac0000,0x44880000)
  from space 11008K, 10% used [0x44880000,0x449a9c10,0x45340000)
  to   space 9728K, 0% used [0x453c0000,0x453c0000,0x45d40000)
 ParOldGen       total 22016K, used 14725K [0x11000000, 0x12580000, 0x3bac0000)
  object space 22016K, 66% used [0x11000000,0x11e615f0,0x12580000)
 Metaspace       used 26655K, capacity 27244K, committed 27308K, reserved 28032K
Event: 24.196 GC heap after
Heap after GC invocations=15 (full 2):
 PSYoungGen      total 156160K, used 0K [0x3bac0000, 0x45e00000, 0x51000000)
  eden space 145152K, 0% used [0x3bac0000,0x3bac0000,0x44880000)
  from space 11008K, 0% used [0x44880000,0x44880000,0x45340000)
  to   space 9728K, 0% used [0x453c0000,0x453c0000,0x45d40000)
 ParOldGen       total 34560K, used 15255K [0x11000000, 0x131c0000, 0x3bac0000)
  object space 34560K, 44% used [0x11000000,0x11ee5df8,0x131c0000)
 Metaspace       used 26655K, capacity 27244K, committed 27308K, reserved 28032K
}
Event: 31.725 GC heap before
{Heap before GC invocations=16 (full 2):
 PSYoungGen      total 156160K, used 145152K [0x3bac0000, 0x45e00000, 0x51000000)
  eden space 145152K, 100% used [0x3bac0000,0x44880000,0x44880000)
  from space 11008K, 0% used [0x44880000,0x44880000,0x45340000)
  to   space 9728K, 0% used [0x453c0000,0x453c0000,0x45d40000)
 ParOldGen       total 34560K, used 15255K [0x11000000, 0x131c0000, 0x3bac0000)
  object space 34560K, 44% used [0x11000000,0x11ee5df8,0x131c0000)
 Metaspace       used 35254K, capacity 36188K, committed 36224K, reserved 36224K
Event: 31.780 GC heap after
Heap after GC invocations=16 (full 2):
 PSYoungGen      total 154880K, used 9720K [0x3bac0000, 0x45e00000, 0x51000000)
  eden space 145152K, 0% used [0x3bac0000,0x3bac0000,0x44880000)
  from space 9728K, 99% used [0x453c0000,0x45d3e1b8,0x45d40000)
  to   space 11008K, 0% used [0x44880000,0x44880000,0x45340000)
 ParOldGen       total 34560K, used 22815K [0x11000000, 0x131c0000, 0x3bac0000)
  object space 34560K, 66% used [0x11000000,0x12647ed8,0x131c0000)
 Metaspace       used 35254K, capacity 36188K, committed 36224K, reserved 36224K
}
Event: 37.329 GC heap before
{Heap before GC invocations=17 (full 2):
 PSYoungGen      total 154880K, used 154872K [0x3bac0000, 0x45e00000, 0x51000000)
  eden space 145152K, 100% used [0x3bac0000,0x44880000,0x44880000)
  from space 9728K, 99% used [0x453c0000,0x45d3e1b8,0x45d40000)
  to   space 11008K, 0% used [0x44880000,0x44880000,0x45340000)
 ParOldGen       total 34560K, used 22815K [0x11000000, 0x131c0000, 0x3bac0000)
  object space 34560K, 66% used [0x11000000,0x12647ed8,0x131c0000)
 Metaspace       used 39623K, capacity 40693K, committed 40704K, reserved 41344K
Event: 37.417 GC heap after
Heap after GC invocations=17 (full 2):
 PSYoungGen      total 156160K, used 10995K [0x3bac0000, 0x45e00000, 0x51000000)
  eden space 145152K, 0% used [0x3bac0000,0x3bac0000,0x44880000)
  from space 11008K, 99% used [0x44880000,0x4533cfc8,0x45340000)
  to   space 9728K, 0% used [0x453c0000,0x453c0000,0x45d40000)
 ParOldGen       total 34560K, used 34120K [0x11000000, 0x131c0000, 0x3bac0000)
  object space 34560K, 98% used [0x11000000,0x13152388,0x131c0000)
 Metaspace       used 39623K, capacity 40693K, committed 40704K, reserved 41344K
}
Event: 37.417 GC heap before
{Heap before GC invocations=18 (full 3):
 PSYoungGen      total 156160K, used 10995K [0x3bac0000, 0x45e00000, 0x51000000)
  eden space 145152K, 0% used [0x3bac0000,0x3bac0000,0x44880000)
  from space 11008K, 99% used [0x44880000,0x4533cfc8,0x45340000)
  to   space 9728K, 0% used [0x453c0000,0x453c0000,0x45d40000)
 ParOldGen       total 34560K, used 34120K [0x11000000, 0x131c0000, 0x3bac0000)
  object space 34560K, 98% used [0x11000000,0x13152388,0x131c0000)
 Metaspace       used 39623K, capacity 40693K, committed 40704K, reserved 41344K
Event: 37.834 GC heap after
Heap after GC invocations=18 (full 3):
 PSYoungGen      total 156160K, used 1374K [0x3bac0000, 0x45e00000, 0x51000000)
  eden space 145152K, 0% used [0x3bac0000,0x3bac0000,0x44880000)
  from space 11008K, 12% used [0x44880000,0x449d7b30,0x45340000)
  to   space 9728K, 0% used [0x453c0000,0x453c0000,0x45d40000)
 ParOldGen       total 34560K, used 34488K [0x11000000, 0x131c0000, 0x3bac0000)
  object space 34560K, 99% used [0x11000000,0x131ae060,0x131c0000)
 Metaspace       used 39622K, capacity 40691K, committed 40704K, reserved 41344K
}

