# JRE version: OpenJDK Runtime Environment (8.0_212-b04) (build 1.8.0_212-release-1586-b04)
# Java VM: OpenJDK Server VM (25.212-b04 mixed mode windows-x86 )
Heap:
 PSYoungGen      total 137216K, used 85484K [0x3c4c0000, 0x46a00000, 0x51a00000)
  eden space 118528K, 68% used [0x3c4c0000,0x414913d8,0x43880000)
  from space 18688K, 20% used [0x457c0000,0x45b69cb8,0x46a00000)
  to   space 25344K, 0% used [0x43880000,0x43880000,0x45140000)
 ParOldGen       total 93184K, used 69355K [0x11a00000, 0x17500000, 0x3c4c0000)
  object space 93184K, 74% used [0x11a00000,0x15dbac00,0x17500000)
 Metaspace       used 47596K, capacity 48789K, committed 48896K, reserved 49536K
GC Heap History (10 events):
Event: 79.858 GC heap before
{Heap before GC invocations=28 (full 3):
 PSYoungGen      total 107520K, used 98041K [0x3c4c0000, 0x439c0000, 0x51a00000)
  eden space 96768K, 100% used [0x3c4c0000,0x42340000,0x42340000)
  from space 10752K, 11% used [0x42f40000,0x4307e7b0,0x439c0000)
  to   space 11520K, 0% used [0x42340000,0x42340000,0x42e80000)
 ParOldGen       total 54528K, used 31638K [0x11a00000, 0x14f40000, 0x3c4c0000)
  object space 54528K, 58% used [0x11a00000,0x138e5a40,0x14f40000)
 Metaspace       used 42753K, capacity 43863K, committed 43904K, reserved 44416K
Event: 79.900 GC heap after
Heap after GC invocations=28 (full 3):
 PSYoungGen      total 108288K, used 7302K [0x3c4c0000, 0x449c0000, 0x51a00000)
  eden space 96768K, 0% used [0x3c4c0000,0x3c4c0000,0x42340000)
  from space 11520K, 63% used [0x42340000,0x42a618e8,0x42e80000)
  to   space 11776K, 0% used [0x43e40000,0x43e40000,0x449c0000)
 ParOldGen       total 54528K, used 31929K [0x11a00000, 0x14f40000, 0x3c4c0000)
  object space 54528K, 58% used [0x11a00000,0x1392e410,0x14f40000)
 Metaspace       used 42753K, capacity 43863K, committed 43904K, reserved 44416K
}
Event: 94.528 GC heap before
{Heap before GC invocations=29 (full 3):
 PSYoungGen      total 108288K, used 104070K [0x3c4c0000, 0x449c0000, 0x51a00000)
  eden space 96768K, 100% used [0x3c4c0000,0x42340000,0x42340000)
  from space 11520K, 63% used [0x42340000,0x42a618e8,0x42e80000)
  to   space 11776K, 0% used [0x43e40000,0x43e40000,0x449c0000)
 ParOldGen       total 54528K, used 31929K [0x11a00000, 0x14f40000, 0x3c4c0000)
  object space 54528K, 58% used [0x11a00000,0x1392e410,0x14f40000)
 Metaspace       used 44437K, capacity 45631K, committed 45696K, reserved 46464K
Event: 94.664 GC heap after
Heap after GC invocations=29 (full 3):
 PSYoungGen      total 118016K, used 11765K [0x3c4c0000, 0x45600000, 0x51a00000)
  eden space 106240K, 0% used [0x3c4c0000,0x3c4c0000,0x42c80000)
  from space 11776K, 99% used [0x43e40000,0x449bd638,0x449c0000)
  to   space 18176K, 0% used [0x42c80000,0x42c80000,0x43e40000)
 ParOldGen       total 54528K, used 43877K [0x11a00000, 0x14f40000, 0x3c4c0000)
  object space 54528K, 80% used [0x11a00000,0x144d95e0,0x14f40000)
 Metaspace       used 44437K, capacity 45631K, committed 45696K, reserved 46464K
}
Event: 104.129 GC heap before
{Heap before GC invocations=30 (full 3):
 PSYoungGen      total 118016K, used 118005K [0x3c4c0000, 0x45600000, 0x51a00000)
  eden space 106240K, 100% used [0x3c4c0000,0x42c80000,0x42c80000)
  from space 11776K, 99% used [0x43e40000,0x449bd638,0x449c0000)
  to   space 18176K, 0% used [0x42c80000,0x42c80000,0x43e40000)
 ParOldGen       total 54528K, used 43877K [0x11a00000, 0x14f40000, 0x3c4c0000)
  object space 54528K, 80% used [0x11a00000,0x144d95e0,0x14f40000)
 Metaspace       used 44865K, capacity 46054K, committed 46080K, reserved 46464K
Event: 104.293 GC heap after
Heap after GC invocations=30 (full 3):
 PSYoungGen      total 124416K, used 18165K [0x3c4c0000, 0x47140000, 0x51a00000)
  eden space 106240K, 0% used [0x3c4c0000,0x3c4c0000,0x42c80000)
  from space 18176K, 99% used [0x42c80000,0x43e3d558,0x43e40000)
  to   space 26112K, 0% used [0x457c0000,0x457c0000,0x47140000)
 ParOldGen       total 57344K, used 57275K [0x11a00000, 0x15200000, 0x3c4c0000)
  object space 57344K, 99% used [0x11a00000,0x151eee00,0x15200000)
 Metaspace       used 44865K, capacity 46054K, committed 46080K, reserved 46464K
}
Event: 104.293 GC heap before
{Heap before GC invocations=31 (full 4):
 PSYoungGen      total 124416K, used 18165K [0x3c4c0000, 0x47140000, 0x51a00000)
  eden space 106240K, 0% used [0x3c4c0000,0x3c4c0000,0x42c80000)
  from space 18176K, 99% used [0x42c80000,0x43e3d558,0x43e40000)
  to   space 26112K, 0% used [0x457c0000,0x457c0000,0x47140000)
 ParOldGen       total 57344K, used 57275K [0x11a00000, 0x15200000, 0x3c4c0000)
  object space 57344K, 99% used [0x11a00000,0x151eee00,0x15200000)
 Metaspace       used 44865K, capacity 46054K, committed 46080K, reserved 46464K
Event: 105.634 GC heap after
Heap after GC invocations=31 (full 4):
 PSYoungGen      total 124416K, used 12140K [0x3c4c0000, 0x47140000, 0x51a00000)
  eden space 106240K, 0% used [0x3c4c0000,0x3c4c0000,0x42c80000)
  from space 18176K, 66% used [0x42c80000,0x4385b1f8,0x43e40000)
  to   space 26112K, 0% used [0x457c0000,0x457c0000,0x47140000)
 ParOldGen       total 93184K, used 57114K [0x11a00000, 0x17500000, 0x3c4c0000)
  object space 93184K, 61% used [0x11a00000,0x151c6b98,0x17500000)
 Metaspace       used 44865K, capacity 46054K, committed 46080K, reserved 46464K
}
Event: 136.440 GC heap before
{Heap before GC invocations=32 (full 4):
 PSYoungGen      total 124416K, used 118380K [0x3c4c0000, 0x47140000, 0x51a00000)
  eden space 106240K, 100% used [0x3c4c0000,0x42c80000,0x42c80000)
  from space 18176K, 66% used [0x42c80000,0x4385b1f8,0x43e40000)
  to   space 26112K, 0% used [0x457c0000,0x457c0000,0x47140000)
 ParOldGen       total 93184K, used 57114K [0x11a00000, 0x17500000, 0x3c4c0000)
  object space 93184K, 61% used [0x11a00000,0x151c6b98,0x17500000)
 Metaspace       used 46336K, capacity 47513K, committed 47616K, reserved 48512K
Event: 136.575 GC heap after
Heap after GC invocations=32 (full 4):
 PSYoungGen      total 137216K, used 3751K [0x3c4c0000, 0x46a00000, 0x51a00000)
  eden space 118528K, 0% used [0x3c4c0000,0x3c4c0000,0x43880000)
  from space 18688K, 20% used [0x457c0000,0x45b69cb8,0x46a00000)
  to   space 25344K, 0% used [0x43880000,0x43880000,0x45140000)
 ParOldGen       total 93184K, used 69355K [0x11a00000, 0x17500000, 0x3c4c0000)
  object space 93184K, 74% used [0x11a00000,0x15dbac00,0x17500000)
 Metaspace       used 46336K, capacity 47513K, committed 47616K, reserved 48512K
}

