# JRE version: OpenJDK Runtime Environment (8.0_212-b04) (build 1.8.0_212-release-1586-b04)
# Java VM: OpenJDK Server VM (25.212-b04 mixed mode windows-x86 )
Heap:
 PSYoungGen      total 321024K, used 88189K [0x3b8c0000, 0x50240000, 0x50e00000)
  eden space 305152K, 28% used [0x3b8c0000,0x40c9b788,0x4e2c0000)
  from space 15872K, 14% used [0x4e2c0000,0x4e504010,0x4f240000)
  to   space 15872K, 0% used [0x4f240000,0x4f240000,0x501c0000)
 ParOldGen       total 78848K, used 58607K [0x10e00000, 0x15b00000, 0x3b8c0000)
  object space 78848K, 74% used [0x10e00000,0x1473bfc8,0x15b00000)
 Metaspace       used 69665K, capacity 71417K, committed 72192K, reserved 73088K
GC Heap History (10 events):
Event: 1815.022 GC heap before
{Heap before GC invocations=47 (full 6):
 PSYoungGen      total 278272K, used 1872K [0x3b8c0000, 0x4dd40000, 0x50e00000)
  eden space 261632K, 0% used [0x3b8c0000,0x3b8c0000,0x4b840000)
  from space 16640K, 11% used [0x4b840000,0x4ba14388,0x4c880000)
  to   space 17152K, 0% used [0x4c880000,0x4c880000,0x4d940000)
 ParOldGen       total 85504K, used 80266K [0x10e00000, 0x16180000, 0x3b8c0000)
  object space 85504K, 93% used [0x10e00000,0x15c62880,0x16180000)
 Metaspace       used 69894K, capacity 71865K, committed 71936K, reserved 72064K
Event: 1823.993 GC heap after
Heap after GC invocations=47 (full 6):
 PSYoungGen      total 278272K, used 0K [0x3b8c0000, 0x4dd40000, 0x50e00000)
  eden space 261632K, 0% used [0x3b8c0000,0x3b8c0000,0x4b840000)
  from space 16640K, 0% used [0x4b840000,0x4b840000,0x4c880000)
  to   space 17152K, 0% used [0x4c880000,0x4c880000,0x4d940000)
 ParOldGen       total 78848K, used 50211K [0x10e00000, 0x15b00000, 0x3b8c0000)
  object space 78848K, 63% used [0x10e00000,0x13f08e08,0x15b00000)
 Metaspace       used 69326K, capacity 71034K, committed 71936K, reserved 72064K
}
Event: 1828.978 GC heap before
{Heap before GC invocations=48 (full 6):
 PSYoungGen      total 278272K, used 261632K [0x3b8c0000, 0x4dd40000, 0x50e00000)
  eden space 261632K, 100% used [0x3b8c0000,0x4b840000,0x4b840000)
  from space 16640K, 0% used [0x4b840000,0x4b840000,0x4c880000)
  to   space 17152K, 0% used [0x4c880000,0x4c880000,0x4d940000)
 ParOldGen       total 78848K, used 50211K [0x10e00000, 0x15b00000, 0x3b8c0000)
  object space 78848K, 63% used [0x10e00000,0x13f08e08,0x15b00000)
 Metaspace       used 69372K, capacity 71066K, committed 71936K, reserved 72064K
Event: 1829.016 GC heap after
Heap after GC invocations=48 (full 6):
 PSYoungGen      total 278784K, used 2079K [0x3b8c0000, 0x50280000, 0x50e00000)
  eden space 261632K, 0% used [0x3b8c0000,0x3b8c0000,0x4b840000)
  from space 17152K, 12% used [0x4c880000,0x4ca87db8,0x4d940000)
  to   space 16640K, 0% used [0x4b840000,0x4b840000,0x4c880000)
 ParOldGen       total 78848K, used 50211K [0x10e00000, 0x15b00000, 0x3b8c0000)
  object space 78848K, 63% used [0x10e00000,0x13f08e08,0x15b00000)
 Metaspace       used 69372K, capacity 71066K, committed 71936K, reserved 72064K
}
Event: 1832.227 GC heap before
{Heap before GC invocations=49 (full 6):
 PSYoungGen      total 278784K, used 263711K [0x3b8c0000, 0x50280000, 0x50e00000)
  eden space 261632K, 100% used [0x3b8c0000,0x4b840000,0x4b840000)
  from space 17152K, 12% used [0x4c880000,0x4ca87db8,0x4d940000)
  to   space 16640K, 0% used [0x4b840000,0x4b840000,0x4c880000)
 ParOldGen       total 78848K, used 50211K [0x10e00000, 0x15b00000, 0x3b8c0000)
  object space 78848K, 63% used [0x10e00000,0x13f08e08,0x15b00000)
 Metaspace       used 69382K, capacity 71066K, committed 71936K, reserved 72064K
Event: 1832.304 GC heap after
Heap after GC invocations=49 (full 6):
 PSYoungGen      total 278272K, used 4022K [0x3b8c0000, 0x501c0000, 0x50e00000)
  eden space 261632K, 0% used [0x3b8c0000,0x3b8c0000,0x4b840000)
  from space 16640K, 24% used [0x4b840000,0x4bc2db68,0x4c880000)
  to   space 15872K, 0% used [0x4f240000,0x4f240000,0x501c0000)
 ParOldGen       total 78848K, used 51674K [0x10e00000, 0x15b00000, 0x3b8c0000)
  object space 78848K, 65% used [0x10e00000,0x14076800,0x15b00000)
 Metaspace       used 69382K, capacity 71066K, committed 71936K, reserved 72064K
}
Event: 1834.937 GC heap before
{Heap before GC invocations=50 (full 6):
 PSYoungGen      total 278272K, used 265654K [0x3b8c0000, 0x501c0000, 0x50e00000)
  eden space 261632K, 100% used [0x3b8c0000,0x4b840000,0x4b840000)
  from space 16640K, 24% used [0x4b840000,0x4bc2db68,0x4c880000)
  to   space 15872K, 0% used [0x4f240000,0x4f240000,0x501c0000)
 ParOldGen       total 78848K, used 51674K [0x10e00000, 0x15b00000, 0x3b8c0000)
  object space 78848K, 65% used [0x10e00000,0x14076800,0x15b00000)
 Metaspace       used 69392K, capacity 71066K, committed 71936K, reserved 72064K
Event: 1835.004 GC heap after
Heap after GC invocations=50 (full 6):
 PSYoungGen      total 321024K, used 8472K [0x3b8c0000, 0x50240000, 0x50e00000)
  eden space 305152K, 0% used [0x3b8c0000,0x3b8c0000,0x4e2c0000)
  from space 15872K, 53% used [0x4f240000,0x4fa860e8,0x501c0000)
  to   space 15872K, 0% used [0x4e2c0000,0x4e2c0000,0x4f240000)
 ParOldGen       total 78848K, used 52142K [0x10e00000, 0x15b00000, 0x3b8c0000)
  object space 78848K, 66% used [0x10e00000,0x140ebb50,0x15b00000)
 Metaspace       used 69392K, capacity 71066K, committed 71936K, reserved 72064K
}
Event: 1839.768 GC heap before
{Heap before GC invocations=51 (full 6):
 PSYoungGen      total 321024K, used 313624K [0x3b8c0000, 0x50240000, 0x50e00000)
  eden space 305152K, 100% used [0x3b8c0000,0x4e2c0000,0x4e2c0000)
  from space 15872K, 53% used [0x4f240000,0x4fa860e8,0x501c0000)
  to   space 15872K, 0% used [0x4e2c0000,0x4e2c0000,0x4f240000)
 ParOldGen       total 78848K, used 52142K [0x10e00000, 0x15b00000, 0x3b8c0000)
  object space 78848K, 66% used [0x10e00000,0x140ebb50,0x15b00000)
 Metaspace       used 69420K, capacity 71106K, committed 71936K, reserved 72064K
Event: 1840.475 GC heap after
Heap after GC invocations=51 (full 6):
 PSYoungGen      total 321024K, used 2320K [0x3b8c0000, 0x50240000, 0x50e00000)
  eden space 305152K, 0% used [0x3b8c0000,0x3b8c0000,0x4e2c0000)
  from space 15872K, 14% used [0x4e2c0000,0x4e504010,0x4f240000)
  to   space 15872K, 0% used [0x4f240000,0x4f240000,0x501c0000)
 ParOldGen       total 78848K, used 58607K [0x10e00000, 0x15b00000, 0x3b8c0000)
  object space 78848K, 74% used [0x10e00000,0x1473bfc8,0x15b00000)
 Metaspace       used 69420K, capacity 71106K, committed 71936K, reserved 72064K
}

